#
# A fatal error has been detected by the Java Runtime Environment:
#
#  EXCEPTION_ACCESS_VIOLATION (0xc0000005) at pc=0x00007ffcc247c2b3, pid=6564, tid=10848
#
# JRE version: OpenJDK Runtime Environment (11.0.10) (build 11.0.10+0-b96-7249189)
# Java VM: OpenJDK 64-Bit Server VM (11.0.10+0-b96-7249189, mixed mode, tiered, compressed oops, g1 gc, windows-amd64)
# Problematic frame:
# C  [libzdtp64.dll+0x1c2b3]
#
# No core dump will be written. Minidumps are not enabled by default on client versions of Windows
#
# If you would like to submit a bug report, please visit:
#   https://bugreport.java.com/bugreport/crash.jsp
# The crash happened outside the Java Virtual Machine in native code.
# See problematic frame for where to report the bug.
#

---------------  S U M M A R Y ------------

Command Line: --add-opens=java.base/java.util=ALL-UNNAMED --add-opens=java.base/java.lang=ALL-UNNAMED --add-opens=java.base/java.lang.invoke=ALL-UNNAMED --add-opens=java.base/java.util=ALL-UNNAMED --add-opens=java.prefs/java.util.prefs=ALL-UNNAMED --add-opens=java.prefs/java.util.prefs=ALL-UNNAMED --add-opens=java.base/java.nio.charset=ALL-UNNAMED --add-opens=java.base/java.net=ALL-UNNAMED --add-opens=java.base/java.util.concurrent.atomic=ALL-UNNAMED -Xmx2048m -Dfile.encoding=UTF-8 -Duser.country=CN -Duser.language=zh -Duser.variant org.gradle.launcher.daemon.bootstrap.GradleDaemon 7.0.2

Host: Intel(R) Core(TM) i7-10510U CPU @ 1.80GHz, 8 cores, 15G,  Windows 10 , 64 bit Build 19041 (10.0.19041.1348)
Time: Mon Dec 27 11:16:57 2021 中国标准时间 elapsed time: 14.602554 seconds (0d 0h 0m 14s)

---------------  T H R E A D  ---------------

Current thread (0x0000023b94062000):  JavaThread "WorkerExecutor Queue" [_thread_in_native, id=10848, stack(0x000000ae6d300000,0x000000ae6d400000)]

Stack: [0x000000ae6d300000,0x000000ae6d400000],  sp=0x000000ae6d3fd200,  free space=1012k
Native frames: (J=compiled Java code, j=interpreted, Vv=VM code, C=native code)
C  [libzdtp64.dll+0x1c2b3]
C  [libzdtp64.dll+0x1cf8d]
C  0x0000023b8000ff48

Java frames: (J=compiled Java code, j=interpreted, Vv=VM code)
j  java.lang.ProcessImpl.create(Ljava/lang/String;Ljava/lang/String;Ljava/lang/String;[JZ)J+0 java.base@11.0.10
j  java.lang.ProcessImpl.<init>([Ljava/lang/String;Ljava/lang/String;Ljava/lang/String;[JZ)V+264 java.base@11.0.10
j  java.lang.ProcessImpl.start([Ljava/lang/String;Ljava/util/Map;Ljava/lang/String;[Ljava/lang/ProcessBuilder$Redirect;Z)Ljava/lang/Process;+399 java.base@11.0.10
j  java.lang.ProcessBuilder.start([Ljava/lang/ProcessBuilder$Redirect;)Ljava/lang/Process;+163 java.base@11.0.10
j  java.lang.ProcessBuilder.start()Ljava/lang/Process;+5 java.base@11.0.10
j  com.android.builder.internal.aapt.v2.Aapt2DaemonImpl.startProcess()V+41
j  com.android.builder.internal.aapt.v2.Aapt2Daemon.checkStarted()V+66
j  com.android.builder.internal.aapt.v2.Aapt2Daemon.link(Lcom/android/builder/internal/aapt/AaptPackageConfig;Lcom/android/utils/ILogger;)V+13
j  com.android.builder.internal.aapt.v2.Aapt2DaemonManager$LeasedAaptDaemon.link(Lcom/android/builder/internal/aapt/AaptPackageConfig;Lcom/android/utils/ILogger;)V+34
j  com.android.builder.internal.aapt.v2.Aapt2DaemonManager$leasingAapt2Daemon$1.link(Lcom/android/builder/internal/aapt/AaptPackageConfig;Lcom/android/utils/ILogger;)V+49
j  com.android.build.gradle.internal.services.PartialInProcessResourceProcessor.link(Lcom/android/builder/internal/aapt/AaptPackageConfig;Lcom/android/utils/ILogger;)V+18
j  com.android.build.gradle.internal.res.Aapt2ProcessResourcesRunnableKt.processResources(Lcom/android/builder/internal/aapt/v2/Aapt2;Lcom/android/builder/internal/aapt/AaptPackageConfig;Ljava/io/File;Lorg/gradle/api/logging/Logger;Lcom/android/build/gradle/options/SyncOptions$ErrorFormatMode;Lkotlin/jvm/functions/Function1;)V+46
j  com.android.build.gradle.internal.res.LinkApplicationAndroidResourcesTask$Companion.invokeAaptForSplit(Lcom/android/build/api/variant/impl/VariantOutputImpl$SerializedForm;Lcom/android/build/api/variant/impl/BuiltArtifactImpl;ZLcom/android/builder/internal/aapt/v2/Aapt2;Ljava/io/File;Lcom/android/build/gradle/internal/res/LinkApplicationAndroidResourcesTask$TaskWorkActionParameters;)V+1428
j  com.android.build.gradle.internal.res.LinkApplicationAndroidResourcesTask$Companion.access$invokeAaptForSplit(Lcom/android/build/gradle/internal/res/LinkApplicationAndroidResourcesTask$Companion;Lcom/android/build/api/variant/impl/VariantOutputImpl$SerializedForm;Lcom/android/build/api/variant/impl/BuiltArtifactImpl;ZLcom/android/builder/internal/aapt/v2/Aapt2;Ljava/io/File;Lcom/android/build/gradle/internal/res/LinkApplicationAndroidResourcesTask$TaskWorkActionParameters;)V+10
j  com.android.build.gradle.internal.res.LinkApplicationAndroidResourcesTask$TaskAction.run()V+224
j  com.android.build.gradle.internal.profile.ProfileAwareWorkAction.execute()V+74
j  org.gradle.workers.internal.DefaultWorkerServer.execute(Lorg/gradle/workers/internal/SimpleActionExecutionSpec;)Lorg/gradle/workers/internal/DefaultWorkResult;+128
j  org.gradle.workers.internal.NoIsolationWorkerFactory$1$1.create()Lorg/gradle/workers/internal/DefaultWorkResult;+29
j  org.gradle.workers.internal.NoIsolationWorkerFactory$1$1.create()Ljava/lang/Object;+1
j  org.gradle.internal.classloader.ClassLoaderUtils.executeInClassloader(Ljava/lang/ClassLoader;Lorg/gradle/internal/Factory;)Ljava/lang/Object;+15
j  org.gradle.workers.internal.NoIsolationWorkerFactory$1.lambda$execute$0(Ljava/lang/ClassLoader;Lorg/gradle/workers/WorkerExecutor;Lorg/gradle/workers/internal/IsolatedParametersActionExecutionSpec;)Lorg/gradle/workers/internal/DefaultWorkResult;+10
j  org.gradle.workers.internal.NoIsolationWorkerFactory$1$$Lambda$1110.execute(Lorg/gradle/workers/internal/IsolatedParametersActionExecutionSpec;)Lorg/gradle/workers/internal/DefaultWorkResult;+13
j  org.gradle.workers.internal.AbstractWorker$1.call(Lorg/gradle/internal/operations/BuildOperationContext;)Lorg/gradle/workers/internal/DefaultWorkResult;+8
j  org.gradle.workers.internal.AbstractWorker$1.call(Lorg/gradle/internal/operations/BuildOperationContext;)Ljava/lang/Object;+2
J 8706 c1 org.gradle.internal.operations.DefaultBuildOperationRunner$CallableBuildOperationWorker.execute(Lorg/gradle/internal/operations/BuildOperation;Lorg/gradle/internal/operations/BuildOperationContext;)V (10 bytes) @ 0x0000023b817a4034 [0x0000023b817a3de0+0x0000000000000254]
J 6500 c1 org.gradle.internal.operations.DefaultBuildOperationRunner$3.execute(Lorg/gradle/internal/operations/BuildOperationDescriptor;Lorg/gradle/internal/operations/BuildOperationState;Lorg/gradle/internal/operations/BuildOperationState;Lorg/gradle/internal/operations/DefaultBuildOperationRunner$ReadableBuildOperationContext;Lorg/gradle/internal/operations/DefaultBuildOperationRunner$BuildOperationExecutionListener;)Lorg/gradle/internal/operations/BuildOperation; (110 bytes) @ 0x0000023b812f4ca4 [0x0000023b812f4ac0+0x00000000000001e4]
J 6417 c1 org.gradle.internal.operations.DefaultBuildOperationRunner.execute(Lorg/gradle/internal/operations/BuildOperationDescriptor$Builder;Lorg/gradle/internal/operations/BuildOperationState;Lorg/gradle/internal/operations/DefaultBuildOperationRunner$BuildOperationExecution;)Ljava/lang/Object; (140 bytes) @ 0x0000023b812cbb34 [0x0000023b812cae20+0x0000000000000d14]
J 8708 c1 org.gradle.internal.operations.DefaultBuildOperationRunner.call(Lorg/gradle/internal/operations/CallableBuildOperation;)Ljava/lang/Object; (24 bytes) @ 0x0000023b817a58dc [0x0000023b817a51e0+0x00000000000006fc]
J 6523 c1 org.gradle.internal.operations.DefaultBuildOperationExecutor.call(Lorg/gradle/internal/operations/CallableBuildOperation;)Ljava/lang/Object; (19 bytes) @ 0x0000023b81305a4c [0x0000023b813051a0+0x00000000000008ac]
j  org.gradle.workers.internal.AbstractWorker.executeWrappedInBuildOperation(Lorg/gradle/workers/internal/IsolatedParametersActionExecutionSpec;Lorg/gradle/internal/operations/BuildOperationRef;Lorg/gradle/workers/internal/AbstractWorker$Work;)Lorg/gradle/workers/internal/DefaultWorkResult;+15
j  org.gradle.workers.internal.NoIsolationWorkerFactory$1.execute(Lorg/gradle/workers/internal/IsolatedParametersActionExecutionSpec;Lorg/gradle/internal/operations/BuildOperationRef;)Lorg/gradle/workers/internal/DefaultWorkResult;+17
j  org.gradle.workers.internal.DefaultWorkerExecutor.lambda$submitWork$2(Lorg/gradle/workers/internal/WorkerFactory;Lorg/gradle/workers/internal/WorkerRequirement;Lorg/gradle/workers/internal/IsolatedParametersActionExecutionSpec;Lorg/gradle/internal/operations/BuildOperationRef;)Lorg/gradle/workers/internal/DefaultWorkResult;+13
j  org.gradle.workers.internal.DefaultWorkerExecutor$$Lambda$1108.call()Ljava/lang/Object;+16
J 7601 c1 java.util.concurrent.FutureTask.run()V java.base@11.0.10 (123 bytes) @ 0x0000023b8158a044 [0x0000023b815899a0+0x00000000000006a4]
j  org.gradle.internal.work.DefaultConditionalExecutionQueue$ExecutionRunner.runExecution(Lorg/gradle/internal/work/ConditionalExecution;)V+6
j  org.gradle.internal.work.DefaultConditionalExecutionQueue$ExecutionRunner.runBatch(Lorg/gradle/internal/work/ConditionalExecution;)V+8
j  org.gradle.internal.work.DefaultConditionalExecutionQueue$ExecutionRunner.run()V+11
j  java.util.concurrent.Executors$RunnableAdapter.call()Ljava/lang/Object;+4 java.base@11.0.10
J 7601 c1 java.util.concurrent.FutureTask.run()V java.base@11.0.10 (123 bytes) @ 0x0000023b8158a044 [0x0000023b815899a0+0x00000000000006a4]
J 9324 c1 org.gradle.internal.concurrent.ManagedExecutorImpl$1.run()V (57 bytes) @ 0x0000023b8190e14c [0x0000023b8190dee0+0x000000000000026c]
j  java.util.concurrent.ThreadPoolExecutor.runWorker(Ljava/util/concurrent/ThreadPoolExecutor$Worker;)V+92 java.base@11.0.10
j  java.util.concurrent.ThreadPoolExecutor$Worker.run()V+5 java.base@11.0.10
j  org.gradle.internal.concurrent.ThreadFactoryImpl$ManagedThreadRunnable.run()V+7
j  java.lang.Thread.run()V+11 java.base@11.0.10
v  ~StubRoutines::call_stub

siginfo: EXCEPTION_ACCESS_VIOLATION (0xc0000005), reading address 0x0000000000000018


Register to memory mapping:

RIP=0x00007ffcc247c2b3 libzdtp64.dll
RAX=0x0 is NULL
RBX=0x0 is NULL
RCX=0x000000ae6d3fd3e0 is pointing into the stack for thread: 0x0000023b94062000
RDX=0x0 is NULL
RSP=0x000000ae6d3fd200 is pointing into the stack for thread: 0x0000023b94062000
RBP=0x000000ae6d3fd300 is pointing into the stack for thread: 0x0000023b94062000
RSI=0x0 is NULL
RDI=0x000000ae6d3fd3e0 is pointing into the stack for thread: 0x0000023b94062000
R8 =0x0000000000000004 is an unknown value
R9 =0x0000000000000001 is an unknown value
R10=0x0000000000008000 is an unknown value
R11=0x000000ae6d3fd2e0 is pointing into the stack for thread: 0x0000023b94062000
R12=0x0 is NULL
R13=0x0000023b98a91838 points into unknown readable memory: 0x0000000000000000 | 00 00 00 00 00 00 00 00
R14=0x0 is NULL
R15=0x0000000000000001 is an unknown value


Registers:
RAX=0x0000000000000000, RBX=0x0000000000000000, RCX=0x000000ae6d3fd3e0, RDX=0x0000000000000000
RSP=0x000000ae6d3fd200, RBP=0x000000ae6d3fd300, RSI=0x0000000000000000, RDI=0x000000ae6d3fd3e0
R8 =0x0000000000000004, R9 =0x0000000000000001, R10=0x0000000000008000, R11=0x000000ae6d3fd2e0
R12=0x0000000000000000, R13=0x0000023b98a91838, R14=0x0000000000000000, R15=0x0000000000000001
RIP=0x00007ffcc247c2b3, EFLAGS=0x0000000000010293

Top of Stack: (sp=0x000000ae6d3fd200)
0x000000ae6d3fd200:   00007ffcda2fe670 000000ae6d3fd1b8
0x000000ae6d3fd210:   0000023b98a91848 0000000000000007
0x000000ae6d3fd220:   0000023b98a91838 0000000000000000
0x000000ae6d3fd230:   0000000000000004 0000000000000000
0x000000ae6d3fd240:   000000ae6d3fd340 00007ffcdc455ba1
0x000000ae6d3fd250:   0000000000000000 0000000000000004
0x000000ae6d3fd260:   0000023b94062348 fffffffffffffffe
0x000000ae6d3fd270:   0000000000000004 00007ffc7fdc047b
0x000000ae6d3fd280:   0000023b9c9e1030 0000023b000004f0
0x000000ae6d3fd290:   0000023b94062000 0000023b99ed9ad0
0x000000ae6d3fd2a0:   0000023b99ee3a20 0000023b98a91838
0x000000ae6d3fd2b0:   0000023bf4430000 000000ae6d3fd350
0x000000ae6d3fd2c0:   000000000000006c 000000ae6d3fd360
0x000000ae6d3fd2d0:   0000000000000000 00007ffcda07b430
0x000000ae6d3fd2e0:   0000000000000000 000000000000000f
0x000000ae6d3fd2f0:   0000023b98a91838 0000000000000000 

Instructions: (pc=0x00007ffcc247c2b3)
0x00007ffcc247c1b3:   48 8b 0f 48 8b 47 08 48 2b c1 48 c1 f8 05 49 63
0x00007ffcc247c1c3:   f6 48 83 c0 f6 48 3b f0 74 16 4d 8b c7 48 8d 15
0x00007ffcc247c1d3:   ad 87 04 00 48 8d 4d d0 e8 e0 99 fe ff 48 8b 0f
0x00007ffcc247c1e3:   41 ff c6 48 83 c3 20 48 8b 47 08 48 2b c1 48 c1
0x00007ffcc247c1f3:   f8 05 48 3b f0 72 8a 48 83 7d e0 00 0f 84 3a 06
0x00007ffcc247c203:   00 00 66 44 89 7c 24 40 0f 57 c0 f3 0f 7f 44 24
0x00007ffcc247c213:   48 4c 89 64 24 58 66 0f 6f 05 6f 59 05 00 f3 0f
0x00007ffcc247c223:   7f 45 a0 c6 45 90 00 41 b8 04 00 00 00 48 8d 15
0x00007ffcc247c233:   59 0a 05 00 48 8d 4d 90 e8 20 50 fe ff 90 66 0f
0x00007ffcc247c243:   6f 05 47 59 05 00 f3 0f 7f 45 80 c6 44 24 70 00
0x00007ffcc247c253:   41 b8 06 00 00 00 48 8d 15 34 81 04 00 48 8d 4c
0x00007ffcc247c263:   24 70 e8 f6 4f fe ff 90 48 8d 54 24 70 48 8d 4d
0x00007ffcc247c273:   f0 e8 97 e5 fe ff 90 48 8d 55 90 48 8d 4d 10 e8
0x00007ffcc247c283:   89 e5 fe ff c7 45 30 65 00 00 00 48 8b 44 24 50
0x00007ffcc247c293:   48 39 44 24 58 74 60 48 8d 55 f0 48 8b c8 e8 aa
0x00007ffcc247c2a3:   d0 ff ff 48 83 44 24 50 48 eb 5e 66 90 48 8b d3
0x00007ffcc247c2b3:   48 83 7b 18 10 72 03 48 8b 13 49 c7 c0 ff ff ff
0x00007ffcc247c2c3:   ff 49 ff c0 42 80 3c 02 00 75 f6 48 8d 4d d0 e8
0x00007ffcc247c2d3:   e9 98 fe ff 48 83 c3 20 48 3b 5f 08 0f 84 15 ff
0x00007ffcc247c2e3:   ff ff 4d 8b c7 48 8d 15 a5 86 04 00 48 8d 4d d0
0x00007ffcc247c2f3:   e8 c8 98 fe ff eb b6 4c 8d 45 f0 48 8b d0 48 8d
0x00007ffcc247c303:   4c 24 48 e8 45 23 00 00 90 48 8d 4d f0 e8 7b 93
0x00007ffcc247c313:   ff ff 90 48 8b 55 88 48 83 fa 10 72 33 48 ff c2
0x00007ffcc247c323:   48 8b 4c 24 70 48 8b c1 48 81 fa 00 10 00 00 72
0x00007ffcc247c333:   19 48 83 c2 27 48 8b 49 f8 48 2b c1 48 83 c0 f8
0x00007ffcc247c343:   48 83 f8 1f 0f 87 5d 05 00 00 e8 1e a9 00 00 90
0x00007ffcc247c353:   48 8b 55 a8 48 83 fa 10 72 31 48 ff c2 48 8b 4d
0x00007ffcc247c363:   90 48 8b c1 48 81 fa 00 10 00 00 72 19 48 83 c2
0x00007ffcc247c373:   27 48 8b 49 f8 48 2b c1 48 83 c0 f8 48 83 f8 1f
0x00007ffcc247c383:   0f 87 27 05 00 00 e8 e2 a8 00 00 66 0f 6f 05 fa
0x00007ffcc247c393:   57 05 00 f3 0f 7f 45 80 c6 44 24 70 00 41 b8 03
0x00007ffcc247c3a3:   00 00 00 48 8d 15 b7 85 04 00 48 8d 4c 24 70 e8 


Stack slot to memory mapping:
stack at sp + 0 slots: 0x00007ffcda2fe670 KERNELBASE.dll
stack at sp + 1 slots: 0x000000ae6d3fd1b8 is pointing into the stack for thread: 0x0000023b94062000
stack at sp + 2 slots: 0x0000023b98a91848 points into unknown readable memory: 0x0000000000000000 | 00 00 00 00 00 00 00 00
stack at sp + 3 slots: 0x0000000000000007 is an unknown value
stack at sp + 4 slots: 0x0000023b98a91838 points into unknown readable memory: 0x0000000000000000 | 00 00 00 00 00 00 00 00
stack at sp + 5 slots: 0x0 is NULL
stack at sp + 6 slots: 0x0000000000000004 is an unknown value
stack at sp + 7 slots: 0x0 is NULL


---------------  P R O C E S S  ---------------

Threads class SMR info:
_java_thread_list=0x0000023b992cb970, length=68, elements={
0x0000023bf5e75000, 0x0000023b91851000, 0x0000023b9185a000, 0x0000023b918c9000,
0x0000023b918ca000, 0x0000023b918cb000, 0x0000023b918d0000, 0x0000023b918d1000,
0x0000023b918d7800, 0x0000023b91a55000, 0x0000023b9338e800, 0x0000023b93c2c800,
0x0000023b932d4000, 0x0000023b93823000, 0x0000023b926c1800, 0x0000023b937b5800,
0x0000023b93910000, 0x0000023b93cd9800, 0x0000023b93cd9000, 0x0000023b93cd7000,
0x0000023b94af4000, 0x0000023b93cd8000, 0x0000023b950df000, 0x0000023b950da000,
0x0000023b950df800, 0x0000023b950de000, 0x0000023b950dc800, 0x0000023b950dd000,
0x0000023b950e0800, 0x0000023b950db800, 0x0000023b950db000, 0x0000023b953f8000,
0x0000023b950e3000, 0x0000023b950e5800, 0x0000023b950e4000, 0x0000023b950e1800,
0x0000023b950e8000, 0x0000023b950e2000, 0x0000023b950e8800, 0x0000023b97387000,
0x0000023b97386800, 0x0000023b97385800, 0x0000023b97382000, 0x0000023b97381800,
0x0000023b97388000, 0x0000023b97383000, 0x0000023b97384000, 0x0000023b97384800,
0x0000023b94daf800, 0x0000023b94db0800, 0x0000023b94dae800, 0x0000023b94db1000,
0x0000023b94db3000, 0x0000023b94dad000, 0x0000023b9405c800, 0x0000023b9405f800,
0x0000023b9405d000, 0x0000023b9405e000, 0x0000023b9405f000, 0x0000023b94060800,
0x0000023b9405b800, 0x0000023b94063800, 0x0000023b94066000, 0x0000023b94062000,
0x0000023b94064800, 0x0000023b94065800, 0x0000023b94067000, 0x0000023b94063000
}

Java Threads: ( => current thread )
  0x0000023bf5e75000 JavaThread "main" [_thread_blocked, id=5220, stack(0x000000ae68400000,0x000000ae68500000)]
  0x0000023b91851000 JavaThread "Reference Handler" daemon [_thread_blocked, id=16404, stack(0x000000ae68b00000,0x000000ae68c00000)]
  0x0000023b9185a000 JavaThread "Finalizer" daemon [_thread_blocked, id=17096, stack(0x000000ae68c00000,0x000000ae68d00000)]
  0x0000023b918c9000 JavaThread "Signal Dispatcher" daemon [_thread_blocked, id=12148, stack(0x000000ae68d00000,0x000000ae68e00000)]
  0x0000023b918ca000 JavaThread "Attach Listener" daemon [_thread_blocked, id=17640, stack(0x000000ae68e00000,0x000000ae68f00000)]
  0x0000023b918cb000 JavaThread "Service Thread" daemon [_thread_blocked, id=8344, stack(0x000000ae68f00000,0x000000ae69000000)]
  0x0000023b918d0000 JavaThread "C2 CompilerThread0" daemon [_thread_in_native, id=4328, stack(0x000000ae69000000,0x000000ae69100000)]
  0x0000023b918d1000 JavaThread "C1 CompilerThread0" daemon [_thread_blocked, id=10412, stack(0x000000ae69100000,0x000000ae69200000)]
  0x0000023b918d7800 JavaThread "Sweeper thread" daemon [_thread_blocked, id=4468, stack(0x000000ae69200000,0x000000ae69300000)]
  0x0000023b91a55000 JavaThread "Common-Cleaner" daemon [_thread_blocked, id=10300, stack(0x000000ae69300000,0x000000ae69400000)]
  0x0000023b9338e800 JavaThread "Daemon health stats" [_thread_blocked, id=16672, stack(0x000000ae69b00000,0x000000ae69c00000)]
  0x0000023b93c2c800 JavaThread "Incoming local TCP Connector on port 59673" [_thread_in_native, id=12860, stack(0x000000ae69500000,0x000000ae69600000)]
  0x0000023b932d4000 JavaThread "Daemon periodic checks" [_thread_blocked, id=1652, stack(0x000000ae69c00000,0x000000ae69d00000)]
  0x0000023b93823000 JavaThread "Daemon" [_thread_blocked, id=9212, stack(0x000000ae69d00000,0x000000ae69e00000)]
  0x0000023b926c1800 JavaThread "Handler for socket connection from /127.0.0.1:59673 to /127.0.0.1:59674" [_thread_in_native, id=13292, stack(0x000000ae69e00000,0x000000ae69f00000)]
  0x0000023b937b5800 JavaThread "Cancel handler" [_thread_blocked, id=17896, stack(0x000000ae69f00000,0x000000ae6a000000)]
  0x0000023b93910000 JavaThread "Daemon worker" [_thread_blocked, id=12908, stack(0x000000ae6a000000,0x000000ae6a100000)]
  0x0000023b93cd9800 JavaThread "Asynchronous log dispatcher for DefaultDaemonConnection: socket connection from /127.0.0.1:59673 to /127.0.0.1:59674" [_thread_blocked, id=9004, stack(0x000000ae6a100000,0x000000ae6a200000)]
  0x0000023b93cd9000 JavaThread "Stdin handler" [_thread_blocked, id=15048, stack(0x000000ae6a200000,0x000000ae6a300000)]
  0x0000023b93cd7000 JavaThread "Daemon client event forwarder" [_thread_blocked, id=7536, stack(0x000000ae6a300000,0x000000ae6a400000)]
  0x0000023b94af4000 JavaThread "C2 CompilerThread1" daemon [_thread_in_native, id=10912, stack(0x000000ae6a400000,0x000000ae6a500000)]
  0x0000023b93cd8000 JavaThread "Cache worker for file hash cache (C:\Users\14185\.gradle\caches\7.0.2\fileHashes)" [_thread_blocked, id=2252, stack(0x000000ae6a500000,0x000000ae6a600000)]
  0x0000023b950df000 JavaThread "File lock request listener" [_thread_in_native, id=8272, stack(0x000000ae6a600000,0x000000ae6a700000)]
  0x0000023b950da000 JavaThread "Cache worker for journal cache (C:\Users\14185\.gradle\caches\journal-1)" [_thread_blocked, id=10188, stack(0x000000ae6aa00000,0x000000ae6ab00000)]
  0x0000023b950df800 JavaThread "Cache worker for file hash cache (D:\Android\LukeDict\.gradle\7.0.2\fileHashes)" [_thread_blocked, id=5772, stack(0x000000ae6ab00000,0x000000ae6ac00000)]
  0x0000023b950de000 JavaThread "File watcher server" daemon [_thread_in_native, id=6100, stack(0x000000ae6ac00000,0x000000ae6ad00000)]
  0x0000023b950dc800 JavaThread "File watcher consumer" daemon [_thread_blocked, id=7604, stack(0x000000ae6ad00000,0x000000ae6ae00000)]
  0x0000023b950dd000 JavaThread "Cache worker for checksums cache (D:\Android\LukeDict\.gradle\checksums)" [_thread_blocked, id=17524, stack(0x000000ae6ae00000,0x000000ae6af00000)]
  0x0000023b950e0800 JavaThread "Cache worker for cache directory md-supplier (C:\Users\14185\.gradle\caches\7.0.2\md-supplier)" [_thread_blocked, id=10488, stack(0x000000ae6af00000,0x000000ae6b000000)]
  0x0000023b950db800 JavaThread "Cache worker for cache directory md-rule (C:\Users\14185\.gradle\caches\7.0.2\md-rule)" [_thread_blocked, id=12112, stack(0x000000ae6b000000,0x000000ae6b100000)]
  0x0000023b950db000 JavaThread "Cache worker for execution history cache (C:\Users\14185\.gradle\caches\7.0.2\executionHistory)" [_thread_blocked, id=10896, stack(0x000000ae6b100000,0x000000ae6b200000)]
  0x0000023b953f8000 JavaThread "C2 CompilerThread2" daemon [_thread_in_native, id=14604, stack(0x000000ae6b200000,0x000000ae6b300000)]
  0x0000023b950e3000 JavaThread "jar transforms" [_thread_blocked, id=5712, stack(0x000000ae6b300000,0x000000ae6b400000)]
  0x0000023b950e5800 JavaThread "jar transforms Thread 2" [_thread_blocked, id=17724, stack(0x000000ae6b400000,0x000000ae6b500000)]
  0x0000023b950e4000 JavaThread "Cache worker for file content cache (C:\Users\14185\.gradle\caches\7.0.2\fileContent)" [_thread_blocked, id=1644, stack(0x000000ae6b500000,0x000000ae6b600000)]
  0x0000023b950e1800 JavaThread "Cache worker for dependencies-accessors (D:\Android\LukeDict\.gradle\7.0.2\dependencies-accessors)" [_thread_blocked, id=10696, stack(0x000000ae6b600000,0x000000ae6b700000)]
  0x0000023b950e8000 JavaThread "jar transforms Thread 3" [_thread_blocked, id=9236, stack(0x000000ae6b700000,0x000000ae6b800000)]
  0x0000023b950e2000 JavaThread "Cache worker for Build Output Cleanup Cache (D:\Android\LukeDict\.gradle\buildOutputCleanup)" [_thread_blocked, id=14584, stack(0x000000ae6b800000,0x000000ae6b900000)]
  0x0000023b950e8800 JavaThread "Build operations" [_thread_blocked, id=4904, stack(0x000000ae6b900000,0x000000ae6ba00000)]
  0x0000023b97387000 JavaThread "Build operations Thread 2" [_thread_blocked, id=17584, stack(0x000000ae6ba00000,0x000000ae6bb00000)]
  0x0000023b97386800 JavaThread "Build operations Thread 3" [_thread_blocked, id=10664, stack(0x000000ae6bb00000,0x000000ae6bc00000)]
  0x0000023b97385800 JavaThread "Build operations Thread 4" [_thread_blocked, id=16720, stack(0x000000ae6bc00000,0x000000ae6bd00000)]
  0x0000023b97382000 JavaThread "Build operations Thread 5" [_thread_blocked, id=16648, stack(0x000000ae6bd00000,0x000000ae6be00000)]
  0x0000023b97381800 JavaThread "Build operations Thread 6" [_thread_blocked, id=3500, stack(0x000000ae6be00000,0x000000ae6bf00000)]
  0x0000023b97388000 JavaThread "Build operations Thread 7" [_thread_blocked, id=16628, stack(0x000000ae6bf00000,0x000000ae6c000000)]
  0x0000023b97383000 JavaThread "Build operations Thread 8" [_thread_blocked, id=13908, stack(0x000000ae6c000000,0x000000ae6c100000)]
  0x0000023b97384000 JavaThread "jar transforms Thread 4" [_thread_blocked, id=3124, stack(0x000000ae6c100000,0x000000ae6c200000)]
  0x0000023b97384800 JavaThread "jar transforms Thread 5" [_thread_blocked, id=13228, stack(0x000000ae6c200000,0x000000ae6c300000)]
  0x0000023b94daf800 JavaThread "jar transforms Thread 6" [_thread_blocked, id=11212, stack(0x000000ae6c300000,0x000000ae6c400000)]
  0x0000023b94db0800 JavaThread "jar transforms Thread 7" [_thread_blocked, id=14328, stack(0x000000ae6c400000,0x000000ae6c500000)]
  0x0000023b94dae800 JavaThread "jar transforms Thread 8" [_thread_blocked, id=8188, stack(0x000000ae6c500000,0x000000ae6c600000)]
  0x0000023b94db1000 JavaThread "Memory manager" [_thread_blocked, id=4548, stack(0x000000ae6c700000,0x000000ae6c800000)]
  0x0000023b94db3000 JavaThread "build event listener" [_thread_blocked, id=15840, stack(0x000000ae6c800000,0x000000ae6c900000)]
  0x0000023b94dad000 JavaThread "pool-3-thread-1" [_thread_blocked, id=11764, stack(0x000000ae6c900000,0x000000ae6ca00000)]
  0x0000023b9405c800 JavaThread "build event listener" [_thread_blocked, id=8392, stack(0x000000ae6ca00000,0x000000ae6cb00000)]
  0x0000023b9405f800 JavaThread "Execution worker for ':'" [_thread_blocked, id=7228, stack(0x000000ae6cb00000,0x000000ae6cc00000)]
  0x0000023b9405d000 JavaThread "Execution worker for ':' Thread 2" [_thread_blocked, id=5420, stack(0x000000ae6cc00000,0x000000ae6cd00000)]
  0x0000023b9405e000 JavaThread "Execution worker for ':' Thread 3" [_thread_blocked, id=3788, stack(0x000000ae6cd00000,0x000000ae6ce00000)]
  0x0000023b9405f000 JavaThread "Execution worker for ':' Thread 4" [_thread_blocked, id=17488, stack(0x000000ae6ce00000,0x000000ae6cf00000)]
  0x0000023b94060800 JavaThread "Execution worker for ':' Thread 5" [_thread_blocked, id=11044, stack(0x000000ae6cf00000,0x000000ae6d000000)]
  0x0000023b9405b800 JavaThread "Execution worker for ':' Thread 6" [_thread_blocked, id=14376, stack(0x000000ae6d000000,0x000000ae6d100000)]
  0x0000023b94063800 JavaThread "Execution worker for ':' Thread 7" [_thread_blocked, id=10460, stack(0x000000ae6d100000,0x000000ae6d200000)]
  0x0000023b94066000 JavaThread "Cache worker for execution history cache (D:\Android\LukeDict\.gradle\7.0.2\executionHistory)" [_thread_blocked, id=12896, stack(0x000000ae6d200000,0x000000ae6d300000)]
=>0x0000023b94062000 JavaThread "WorkerExecutor Queue" [_thread_in_native, id=10848, stack(0x000000ae6d300000,0x000000ae6d400000)]
  0x0000023b94064800 JavaThread "WorkerExecutor Queue Thread 2" [_thread_blocked, id=9564, stack(0x000000ae6d400000,0x000000ae6d500000)]
  0x0000023b94065800 JavaThread "WorkerExecutor Queue Thread 3" [_thread_blocked, id=488, stack(0x000000ae6d500000,0x000000ae6d600000)]
  0x0000023b94067000 JavaThread "WorkerExecutor Queue Thread 4" [_thread_in_vm, id=16916, stack(0x000000ae6d600000,0x000000ae6d700000)]
  0x0000023b94063000 JavaThread "pool-4-thread-1" [_thread_blocked, id=12800, stack(0x000000ae6d700000,0x000000ae6d800000)]

Other Threads:
  0x0000023b9184d000 VMThread "VM Thread" [stack: 0x000000ae68a00000,0x000000ae68b00000] [id=9492]
  0x0000023b91a74000 WatcherThread [stack: 0x000000ae69400000,0x000000ae69500000] [id=396]
  0x0000023bf5e8d800 GCTaskThread "GC Thread#0" [stack: 0x000000ae68500000,0x000000ae68600000] [id=12600]
  0x0000023b92526800 GCTaskThread "GC Thread#1" [stack: 0x000000ae69600000,0x000000ae69700000] [id=16428]
  0x0000023b92709800 GCTaskThread "GC Thread#2" [stack: 0x000000ae69700000,0x000000ae69800000] [id=2256]
  0x0000023b92120000 GCTaskThread "GC Thread#3" [stack: 0x000000ae69800000,0x000000ae69900000] [id=240]
  0x0000023b92645000 GCTaskThread "GC Thread#4" [stack: 0x000000ae69900000,0x000000ae69a00000] [id=8416]
  0x0000023b921f0800 GCTaskThread "GC Thread#5" [stack: 0x000000ae69a00000,0x000000ae69b00000] [id=15788]
  0x0000023b949d0800 GCTaskThread "GC Thread#6" [stack: 0x000000ae6a700000,0x000000ae6a800000] [id=17008]
  0x0000023b92cbf000 GCTaskThread "GC Thread#7" [stack: 0x000000ae6a800000,0x000000ae6a900000] [id=4084]
  0x0000023bf5ec0000 ConcurrentGCThread "G1 Main Marker" [stack: 0x000000ae68600000,0x000000ae68700000] [id=5692]
  0x0000023bf5ec1800 ConcurrentGCThread "G1 Conc#0" [stack: 0x000000ae68700000,0x000000ae68800000] [id=15692]
  0x0000023b92522800 ConcurrentGCThread "G1 Conc#1" [stack: 0x000000ae6a900000,0x000000ae6aa00000] [id=10628]
  0x0000023bf5f3e000 ConcurrentGCThread "G1 Refine#0" [stack: 0x000000ae68800000,0x000000ae68900000] [id=7312]
  0x0000023b96874000 ConcurrentGCThread "G1 Refine#1" [stack: 0x000000ae6c600000,0x000000ae6c700000] [id=15344]
  0x0000023bffcc2800 ConcurrentGCThread "G1 Young RemSet Sampling" [stack: 0x000000ae68900000,0x000000ae68a00000] [id=2988]

Threads with active compile tasks:
C2 CompilerThread0  14686 10251       4       java.lang.reflect.AccessibleObject::checkAccess (40 bytes)
C2 CompilerThread1  14686 10226       4       sun.reflect.generics.visitor.Reifier::visitClassTypeSignature (381 bytes)
C2 CompilerThread2  14686 10129       4       java.lang.reflect.Method::invoke (65 bytes)

VM state:not at safepoint (normal execution)

VM Mutex/Monitor currently owned by a thread: None

Heap address: 0x0000000080000000, size: 2048 MB, Compressed Oops mode: 32-bit
Narrow klass base: 0x0000000000000000, Narrow klass shift: 3
Compressed class space size: 1073741824 Address: 0x0000000100000000

Heap:
 garbage-first heap   total 260096K, used 105420K [0x0000000080000000, 0x0000000100000000)
  region size 1024K, 35 young (35840K), 11 survivors (11264K)
 Metaspace       used 89967K, capacity 92355K, committed 92492K, reserved 1128448K
  class space    used 11645K, capacity 12518K, committed 12620K, reserved 1048576K
Heap Regions: E=young(eden), S=young(survivor), O=old, HS=humongous(starts), HC=humongous(continues), CS=collection set, F=free, A=archive, TAMS=top-at-mark-start (previous, next)
|   0|0x0000000080000000, 0x0000000080100000, 0x0000000080100000|100%| O|  |TAMS 0x0000000080100000, 0x0000000080000000| Untracked 
|   1|0x0000000080100000, 0x0000000080200000, 0x0000000080200000|100%| O|  |TAMS 0x0000000080200000, 0x0000000080100000| Untracked 
|   2|0x0000000080200000, 0x0000000080300000, 0x0000000080300000|100%| O|  |TAMS 0x0000000080300000, 0x0000000080200000| Untracked 
|   3|0x0000000080300000, 0x0000000080400000, 0x0000000080400000|100%|HS|  |TAMS 0x0000000080400000, 0x0000000080300000| Complete 
|   4|0x0000000080400000, 0x0000000080500000, 0x0000000080500000|100%|HC|  |TAMS 0x0000000080500000, 0x0000000080400000| Complete 
|   5|0x0000000080500000, 0x0000000080600000, 0x0000000080600000|100%|HC|  |TAMS 0x0000000080600000, 0x0000000080500000| Complete 
|   6|0x0000000080600000, 0x0000000080700000, 0x0000000080700000|100%| O|  |TAMS 0x0000000080700000, 0x0000000080600000| Untracked 
|   7|0x0000000080700000, 0x0000000080800000, 0x0000000080800000|100%| O|  |TAMS 0x0000000080800000, 0x0000000080700000| Untracked 
|   8|0x0000000080800000, 0x0000000080900000, 0x0000000080900000|100%| O|  |TAMS 0x0000000080900000, 0x0000000080800000| Untracked 
|   9|0x0000000080900000, 0x0000000080a00000, 0x0000000080a00000|100%| O|  |TAMS 0x0000000080a00000, 0x0000000080900000| Untracked 
|  10|0x0000000080a00000, 0x0000000080b00000, 0x0000000080b00000|100%| O|  |TAMS 0x0000000080b00000, 0x0000000080a00000| Untracked 
|  11|0x0000000080b00000, 0x0000000080c00000, 0x0000000080c00000|100%| O|  |TAMS 0x0000000080c00000, 0x0000000080b00000| Untracked 
|  12|0x0000000080c00000, 0x0000000080d00000, 0x0000000080d00000|100%| O|  |TAMS 0x0000000080d00000, 0x0000000080c00000| Untracked 
|  13|0x0000000080d00000, 0x0000000080e00000, 0x0000000080e00000|100%| O|  |TAMS 0x0000000080e00000, 0x0000000080d00000| Untracked 
|  14|0x0000000080e00000, 0x0000000080f00000, 0x0000000080f00000|100%| O|  |TAMS 0x0000000080f00000, 0x0000000080e00000| Untracked 
|  15|0x0000000080f00000, 0x0000000081000000, 0x0000000081000000|100%| O|  |TAMS 0x0000000081000000, 0x0000000080f00000| Untracked 
|  16|0x0000000081000000, 0x0000000081100000, 0x0000000081100000|100%|HS|  |TAMS 0x0000000081100000, 0x0000000081000000| Complete 
|  17|0x0000000081100000, 0x0000000081200000, 0x0000000081200000|100%|HS|  |TAMS 0x0000000081200000, 0x0000000081100000| Complete 
|  18|0x0000000081200000, 0x0000000081300000, 0x0000000081300000|100%|HS|  |TAMS 0x0000000081300000, 0x0000000081200000| Complete 
|  19|0x0000000081300000, 0x0000000081400000, 0x0000000081400000|100%|HC|  |TAMS 0x0000000081400000, 0x0000000081300000| Complete 
|  20|0x0000000081400000, 0x0000000081500000, 0x0000000081500000|100%| O|  |TAMS 0x0000000081500000, 0x0000000081400000| Untracked 
|  21|0x0000000081500000, 0x0000000081600000, 0x0000000081600000|100%| O|  |TAMS 0x0000000081600000, 0x0000000081500000| Untracked 
|  22|0x0000000081600000, 0x0000000081700000, 0x0000000081700000|100%| O|  |TAMS 0x0000000081700000, 0x0000000081600000| Untracked 
|  23|0x0000000081700000, 0x0000000081800000, 0x0000000081800000|100%| O|  |TAMS 0x0000000081800000, 0x0000000081700000| Untracked 
|  24|0x0000000081800000, 0x0000000081900000, 0x0000000081900000|100%| O|  |TAMS 0x0000000081900000, 0x0000000081800000| Untracked 
|  25|0x0000000081900000, 0x0000000081a00000, 0x0000000081a00000|100%| O|  |TAMS 0x0000000081a00000, 0x0000000081900000| Untracked 
|  26|0x0000000081a00000, 0x0000000081b00000, 0x0000000081b00000|100%| O|  |TAMS 0x0000000081b00000, 0x0000000081a00000| Untracked 
|  27|0x0000000081b00000, 0x0000000081c00000, 0x0000000081c00000|100%| O|  |TAMS 0x0000000081c00000, 0x0000000081b00000| Untracked 
|  28|0x0000000081c00000, 0x0000000081d00000, 0x0000000081d00000|100%| O|  |TAMS 0x0000000081d00000, 0x0000000081c00000| Untracked 
|  29|0x0000000081d00000, 0x0000000081e00000, 0x0000000081e00000|100%| O|  |TAMS 0x0000000081e00000, 0x0000000081d00000| Untracked 
|  30|0x0000000081e00000, 0x0000000081f00000, 0x0000000081f00000|100%| O|  |TAMS 0x0000000081f00000, 0x0000000081e00000| Untracked 
|  31|0x0000000081f00000, 0x0000000082000000, 0x0000000082000000|100%| O|  |TAMS 0x0000000082000000, 0x0000000081f00000| Untracked 
|  32|0x0000000082000000, 0x0000000082100000, 0x0000000082100000|100%| O|  |TAMS 0x0000000082100000, 0x0000000082000000| Untracked 
|  33|0x0000000082100000, 0x0000000082200000, 0x0000000082200000|100%| O|  |TAMS 0x0000000082200000, 0x0000000082100000| Untracked 
|  34|0x0000000082200000, 0x0000000082300000, 0x0000000082300000|100%| O|  |TAMS 0x0000000082300000, 0x0000000082200000| Untracked 
|  35|0x0000000082300000, 0x0000000082400000, 0x0000000082400000|100%| O|  |TAMS 0x0000000082400000, 0x0000000082300000| Untracked 
|  36|0x0000000082400000, 0x0000000082500000, 0x0000000082500000|100%| O|  |TAMS 0x0000000082500000, 0x0000000082400000| Untracked 
|  37|0x0000000082500000, 0x0000000082600000, 0x0000000082600000|100%| O|  |TAMS 0x0000000082600000, 0x0000000082500000| Untracked 
|  38|0x0000000082600000, 0x0000000082700000, 0x0000000082700000|100%| O|  |TAMS 0x0000000082700000, 0x0000000082600000| Untracked 
|  39|0x0000000082700000, 0x0000000082800000, 0x0000000082800000|100%| O|  |TAMS 0x0000000082800000, 0x0000000082700000| Untracked 
|  40|0x0000000082800000, 0x0000000082900000, 0x0000000082900000|100%| O|  |TAMS 0x0000000082900000, 0x0000000082800000| Untracked 
|  41|0x0000000082900000, 0x0000000082a00000, 0x0000000082a00000|100%| O|  |TAMS 0x0000000082954400, 0x0000000082900000| Untracked 
|  42|0x0000000082a00000, 0x0000000082b00000, 0x0000000082b00000|100%| O|  |TAMS 0x0000000082a00000, 0x0000000082a00000| Untracked 
|  43|0x0000000082b00000, 0x0000000082c00000, 0x0000000082c00000|100%| O|  |TAMS 0x0000000082b00000, 0x0000000082b00000| Untracked 
|  44|0x0000000082c00000, 0x0000000082d00000, 0x0000000082d00000|100%| O|  |TAMS 0x0000000082c00000, 0x0000000082c00000| Untracked 
|  45|0x0000000082d00000, 0x0000000082e00000, 0x0000000082e00000|100%| O|  |TAMS 0x0000000082d00000, 0x0000000082d00000| Untracked 
|  46|0x0000000082e00000, 0x0000000082f00000, 0x0000000082f00000|100%| O|  |TAMS 0x0000000082e00000, 0x0000000082e00000| Untracked 
|  47|0x0000000082f00000, 0x0000000083000000, 0x0000000083000000|100%| O|  |TAMS 0x0000000082f00000, 0x0000000082f00000| Untracked 
|  48|0x0000000083000000, 0x0000000083100000, 0x0000000083100000|100%| O|  |TAMS 0x0000000083000000, 0x0000000083000000| Untracked 
|  49|0x0000000083100000, 0x0000000083200000, 0x0000000083200000|100%| O|  |TAMS 0x0000000083100000, 0x0000000083100000| Untracked 
|  50|0x0000000083200000, 0x0000000083300000, 0x0000000083300000|100%| O|  |TAMS 0x0000000083200000, 0x0000000083200000| Untracked 
|  51|0x0000000083300000, 0x0000000083400000, 0x0000000083400000|100%| O|  |TAMS 0x0000000083300000, 0x0000000083300000| Untracked 
|  52|0x0000000083400000, 0x0000000083500000, 0x0000000083500000|100%| O|  |TAMS 0x0000000083400000, 0x0000000083400000| Untracked 
|  53|0x0000000083500000, 0x0000000083600000, 0x0000000083600000|100%| O|  |TAMS 0x0000000083500000, 0x0000000083500000| Untracked 
|  54|0x0000000083600000, 0x0000000083700000, 0x0000000083700000|100%| O|  |TAMS 0x0000000083600000, 0x0000000083600000| Untracked 
|  55|0x0000000083700000, 0x0000000083800000, 0x0000000083800000|100%| O|  |TAMS 0x0000000083700000, 0x0000000083700000| Untracked 
|  56|0x0000000083800000, 0x0000000083900000, 0x0000000083900000|100%| O|  |TAMS 0x0000000083800000, 0x0000000083800000| Untracked 
|  57|0x0000000083900000, 0x0000000083a00000, 0x0000000083a00000|100%| O|  |TAMS 0x0000000083900000, 0x0000000083900000| Untracked 
|  58|0x0000000083a00000, 0x0000000083b00000, 0x0000000083b00000|100%| O|  |TAMS 0x0000000083a00000, 0x0000000083a00000| Untracked 
|  59|0x0000000083b00000, 0x0000000083c00000, 0x0000000083c00000|100%| O|  |TAMS 0x0000000083b00000, 0x0000000083b00000| Untracked 
|  60|0x0000000083c00000, 0x0000000083d00000, 0x0000000083d00000|100%| O|  |TAMS 0x0000000083c00000, 0x0000000083c00000| Untracked 
|  61|0x0000000083d00000, 0x0000000083e00000, 0x0000000083e00000|100%| O|  |TAMS 0x0000000083d00000, 0x0000000083d00000| Untracked 
|  62|0x0000000083e00000, 0x0000000083e3e200, 0x0000000083f00000| 24%| O|  |TAMS 0x0000000083e00000, 0x0000000083e00000| Untracked 
|  63|0x0000000083f00000, 0x0000000084000000, 0x0000000084000000|100%|HS|  |TAMS 0x0000000083f00000, 0x0000000083f00000| Complete 
|  64|0x0000000084000000, 0x0000000084100000, 0x0000000084100000|100%|HC|  |TAMS 0x0000000084000000, 0x0000000084000000| Complete 
|  65|0x0000000084100000, 0x0000000084200000, 0x0000000084200000|100%|HS|  |TAMS 0x0000000084100000, 0x0000000084100000| Complete 
|  66|0x0000000084200000, 0x0000000084300000, 0x0000000084300000|100%|HS|  |TAMS 0x0000000084200000, 0x0000000084200000| Complete 
|  67|0x0000000084300000, 0x0000000084400000, 0x0000000084400000|100%|HS|  |TAMS 0x0000000084300000, 0x0000000084300000| Complete 
|  68|0x0000000084400000, 0x0000000084500000, 0x0000000084500000|100%|HC|  |TAMS 0x0000000084400000, 0x0000000084400000| Complete 
|  69|0x0000000084500000, 0x0000000084600000, 0x0000000084600000|100%|HS|  |TAMS 0x0000000084500000, 0x0000000084500000| Complete 
|  70|0x0000000084600000, 0x0000000084700000, 0x0000000084700000|100%|HC|  |TAMS 0x0000000084600000, 0x0000000084600000| Complete 
|  71|0x0000000084700000, 0x0000000084800000, 0x0000000084800000|100%|HS|  |TAMS 0x0000000084700000, 0x0000000084700000| Complete 
|  72|0x0000000084800000, 0x0000000084900000, 0x0000000084900000|100%|HC|  |TAMS 0x0000000084800000, 0x0000000084800000| Complete 
|  73|0x0000000084900000, 0x0000000084a00000, 0x0000000084a00000|100%|HS|  |TAMS 0x0000000084900000, 0x0000000084900000| Complete 
|  74|0x0000000084a00000, 0x0000000084b00000, 0x0000000084b00000|100%|HC|  |TAMS 0x0000000084a00000, 0x0000000084a00000| Complete 
|  75|0x0000000084b00000, 0x0000000084b00000, 0x0000000084c00000|  0%| F|  |TAMS 0x0000000084b00000, 0x0000000084b00000| Untracked 
|  76|0x0000000084c00000, 0x0000000084c00000, 0x0000000084d00000|  0%| F|  |TAMS 0x0000000084c00000, 0x0000000084c00000| Untracked 
|  77|0x0000000084d00000, 0x0000000084d00000, 0x0000000084e00000|  0%| F|  |TAMS 0x0000000084d00000, 0x0000000084d00000| Untracked 
|  78|0x0000000084e00000, 0x0000000084e00000, 0x0000000084f00000|  0%| F|  |TAMS 0x0000000084e00000, 0x0000000084e00000| Untracked 
|  79|0x0000000084f00000, 0x0000000084f00000, 0x0000000085000000|  0%| F|  |TAMS 0x0000000084f00000, 0x0000000084f00000| Untracked 
|  80|0x0000000085000000, 0x0000000085000000, 0x0000000085100000|  0%| F|  |TAMS 0x0000000085000000, 0x0000000085000000| Untracked 
|  81|0x0000000085100000, 0x0000000085100000, 0x0000000085200000|  0%| F|  |TAMS 0x0000000085100000, 0x0000000085100000| Untracked 
|  82|0x0000000085200000, 0x0000000085200000, 0x0000000085300000|  0%| F|  |TAMS 0x0000000085200000, 0x0000000085200000| Untracked 
|  83|0x0000000085300000, 0x0000000085300000, 0x0000000085400000|  0%| F|  |TAMS 0x0000000085300000, 0x0000000085300000| Untracked 
|  84|0x0000000085400000, 0x0000000085400000, 0x0000000085500000|  0%| F|  |TAMS 0x0000000085400000, 0x0000000085400000| Untracked 
|  85|0x0000000085500000, 0x0000000085500000, 0x0000000085600000|  0%| F|  |TAMS 0x0000000085500000, 0x0000000085500000| Untracked 
|  86|0x0000000085600000, 0x0000000085600000, 0x0000000085700000|  0%| F|  |TAMS 0x0000000085600000, 0x0000000085600000| Untracked 
|  87|0x0000000085700000, 0x0000000085700000, 0x0000000085800000|  0%| F|  |TAMS 0x0000000085700000, 0x0000000085700000| Untracked 
|  88|0x0000000085800000, 0x0000000085800000, 0x0000000085900000|  0%| F|  |TAMS 0x0000000085800000, 0x0000000085800000| Untracked 
|  89|0x0000000085900000, 0x0000000085900000, 0x0000000085a00000|  0%| F|  |TAMS 0x0000000085900000, 0x0000000085900000| Untracked 
|  90|0x0000000085a00000, 0x0000000085a00000, 0x0000000085b00000|  0%| F|  |TAMS 0x0000000085a00000, 0x0000000085a00000| Untracked 
|  91|0x0000000085b00000, 0x0000000085b00000, 0x0000000085c00000|  0%| F|  |TAMS 0x0000000085b00000, 0x0000000085b00000| Untracked 
|  92|0x0000000085c00000, 0x0000000085c00000, 0x0000000085d00000|  0%| F|  |TAMS 0x0000000085c00000, 0x0000000085c00000| Untracked 
|  93|0x0000000085d00000, 0x0000000085d00000, 0x0000000085e00000|  0%| F|  |TAMS 0x0000000085d00000, 0x0000000085d00000| Untracked 
|  94|0x0000000085e00000, 0x0000000085e00000, 0x0000000085f00000|  0%| F|  |TAMS 0x0000000085e00000, 0x0000000085e00000| Untracked 
|  95|0x0000000085f00000, 0x0000000085f00000, 0x0000000086000000|  0%| F|  |TAMS 0x0000000085f00000, 0x0000000085f00000| Untracked 
|  96|0x0000000086000000, 0x0000000086000000, 0x0000000086100000|  0%| F|  |TAMS 0x0000000086000000, 0x0000000086000000| Untracked 
|  97|0x0000000086100000, 0x0000000086100000, 0x0000000086200000|  0%| F|  |TAMS 0x0000000086100000, 0x0000000086100000| Untracked 
|  98|0x0000000086200000, 0x0000000086200000, 0x0000000086300000|  0%| F|  |TAMS 0x0000000086200000, 0x0000000086200000| Untracked 
|  99|0x0000000086300000, 0x0000000086300000, 0x0000000086400000|  0%| F|  |TAMS 0x0000000086300000, 0x0000000086300000| Untracked 
| 100|0x0000000086400000, 0x0000000086400000, 0x0000000086500000|  0%| F|  |TAMS 0x0000000086400000, 0x0000000086400000| Untracked 
| 101|0x0000000086500000, 0x0000000086500000, 0x0000000086600000|  0%| F|  |TAMS 0x0000000086500000, 0x0000000086500000| Untracked 
| 102|0x0000000086600000, 0x0000000086600000, 0x0000000086700000|  0%| F|  |TAMS 0x0000000086600000, 0x0000000086600000| Untracked 
| 103|0x0000000086700000, 0x0000000086700000, 0x0000000086800000|  0%| F|  |TAMS 0x0000000086700000, 0x0000000086700000| Untracked 
| 104|0x0000000086800000, 0x0000000086800000, 0x0000000086900000|  0%| F|  |TAMS 0x0000000086800000, 0x0000000086800000| Untracked 
| 105|0x0000000086900000, 0x0000000086900000, 0x0000000086a00000|  0%| F|  |TAMS 0x0000000086900000, 0x0000000086900000| Untracked 
| 106|0x0000000086a00000, 0x0000000086a00000, 0x0000000086b00000|  0%| F|  |TAMS 0x0000000086a00000, 0x0000000086a00000| Untracked 
| 107|0x0000000086b00000, 0x0000000086b00000, 0x0000000086c00000|  0%| F|  |TAMS 0x0000000086b00000, 0x0000000086b00000| Untracked 
| 108|0x0000000086c00000, 0x0000000086c00000, 0x0000000086d00000|  0%| F|  |TAMS 0x0000000086c00000, 0x0000000086c00000| Untracked 
| 109|0x0000000086d00000, 0x0000000086d00000, 0x0000000086e00000|  0%| F|  |TAMS 0x0000000086d00000, 0x0000000086d00000| Untracked 
| 110|0x0000000086e00000, 0x0000000086e00000, 0x0000000086f00000|  0%| F|  |TAMS 0x0000000086e00000, 0x0000000086e00000| Untracked 
| 111|0x0000000086f00000, 0x0000000086f00000, 0x0000000087000000|  0%| F|  |TAMS 0x0000000086f00000, 0x0000000086f00000| Untracked 
| 112|0x0000000087000000, 0x0000000087000000, 0x0000000087100000|  0%| F|  |TAMS 0x0000000087000000, 0x0000000087000000| Untracked 
| 113|0x0000000087100000, 0x0000000087100000, 0x0000000087200000|  0%| F|  |TAMS 0x0000000087100000, 0x0000000087100000| Untracked 
| 114|0x0000000087200000, 0x0000000087200000, 0x0000000087300000|  0%| F|  |TAMS 0x0000000087200000, 0x0000000087200000| Untracked 
| 115|0x0000000087300000, 0x0000000087300000, 0x0000000087400000|  0%| F|  |TAMS 0x0000000087300000, 0x0000000087300000| Untracked 
| 116|0x0000000087400000, 0x0000000087400000, 0x0000000087500000|  0%| F|  |TAMS 0x0000000087400000, 0x0000000087400000| Untracked 
| 117|0x0000000087500000, 0x0000000087500000, 0x0000000087600000|  0%| F|  |TAMS 0x0000000087500000, 0x0000000087500000| Untracked 
| 118|0x0000000087600000, 0x0000000087600000, 0x0000000087700000|  0%| F|  |TAMS 0x0000000087600000, 0x0000000087600000| Untracked 
| 119|0x0000000087700000, 0x0000000087700000, 0x0000000087800000|  0%| F|  |TAMS 0x0000000087700000, 0x0000000087700000| Untracked 
| 120|0x0000000087800000, 0x0000000087800000, 0x0000000087900000|  0%| F|  |TAMS 0x0000000087800000, 0x0000000087800000| Untracked 
| 121|0x0000000087900000, 0x0000000087900000, 0x0000000087a00000|  0%| F|  |TAMS 0x0000000087900000, 0x0000000087900000| Untracked 
| 122|0x0000000087a00000, 0x0000000087a00000, 0x0000000087b00000|  0%| F|  |TAMS 0x0000000087a00000, 0x0000000087a00000| Untracked 
| 123|0x0000000087b00000, 0x0000000087b00000, 0x0000000087c00000|  0%| F|  |TAMS 0x0000000087b00000, 0x0000000087b00000| Untracked 
| 124|0x0000000087c00000, 0x0000000087c00000, 0x0000000087d00000|  0%| F|  |TAMS 0x0000000087c00000, 0x0000000087c00000| Untracked 
| 125|0x0000000087d00000, 0x0000000087d00000, 0x0000000087e00000|  0%| F|  |TAMS 0x0000000087d00000, 0x0000000087d00000| Untracked 
| 126|0x0000000087e00000, 0x0000000087e00000, 0x0000000087f00000|  0%| F|  |TAMS 0x0000000087e00000, 0x0000000087e00000| Untracked 
| 127|0x0000000087f00000, 0x0000000087f00000, 0x0000000088000000|  0%| F|  |TAMS 0x0000000087f00000, 0x0000000087f00000| Untracked 
| 128|0x0000000088000000, 0x0000000088000000, 0x0000000088100000|  0%| F|  |TAMS 0x0000000088000000, 0x0000000088000000| Untracked 
| 129|0x0000000088100000, 0x0000000088100000, 0x0000000088200000|  0%| F|  |TAMS 0x0000000088100000, 0x0000000088100000| Untracked 
| 130|0x0000000088200000, 0x0000000088200000, 0x0000000088300000|  0%| F|  |TAMS 0x0000000088200000, 0x0000000088200000| Untracked 
| 131|0x0000000088300000, 0x0000000088300000, 0x0000000088400000|  0%| F|  |TAMS 0x0000000088300000, 0x0000000088300000| Untracked 
| 132|0x0000000088400000, 0x0000000088400000, 0x0000000088500000|  0%| F|  |TAMS 0x0000000088400000, 0x0000000088400000| Untracked 
| 133|0x0000000088500000, 0x0000000088500000, 0x0000000088600000|  0%| F|  |TAMS 0x0000000088500000, 0x0000000088500000| Untracked 
| 134|0x0000000088600000, 0x0000000088600000, 0x0000000088700000|  0%| F|  |TAMS 0x0000000088600000, 0x0000000088600000| Untracked 
| 135|0x0000000088700000, 0x0000000088700000, 0x0000000088800000|  0%| F|  |TAMS 0x0000000088700000, 0x0000000088700000| Untracked 
| 136|0x0000000088800000, 0x0000000088800000, 0x0000000088900000|  0%| F|  |TAMS 0x0000000088800000, 0x0000000088800000| Untracked 
| 137|0x0000000088900000, 0x0000000088900000, 0x0000000088a00000|  0%| F|  |TAMS 0x0000000088900000, 0x0000000088900000| Untracked 
| 138|0x0000000088a00000, 0x0000000088a00000, 0x0000000088b00000|  0%| F|  |TAMS 0x0000000088a00000, 0x0000000088a00000| Untracked 
| 139|0x0000000088b00000, 0x0000000088b00000, 0x0000000088c00000|  0%| F|  |TAMS 0x0000000088b00000, 0x0000000088b00000| Untracked 
| 140|0x0000000088c00000, 0x0000000088c00000, 0x0000000088d00000|  0%| F|  |TAMS 0x0000000088c00000, 0x0000000088c00000| Untracked 
| 141|0x0000000088d00000, 0x0000000088db4ee0, 0x0000000088e00000| 70%| S|CS|TAMS 0x0000000088d00000, 0x0000000088d00000| Complete 
| 142|0x0000000088e00000, 0x0000000088f00000, 0x0000000088f00000|100%| S|CS|TAMS 0x0000000088e00000, 0x0000000088e00000| Complete 
| 143|0x0000000088f00000, 0x0000000089000000, 0x0000000089000000|100%| S|CS|TAMS 0x0000000088f00000, 0x0000000088f00000| Complete 
| 144|0x0000000089000000, 0x0000000089100000, 0x0000000089100000|100%| S|CS|TAMS 0x0000000089000000, 0x0000000089000000| Complete 
| 145|0x0000000089100000, 0x0000000089200000, 0x0000000089200000|100%| S|CS|TAMS 0x0000000089100000, 0x0000000089100000| Complete 
| 146|0x0000000089200000, 0x0000000089300000, 0x0000000089300000|100%| S|CS|TAMS 0x0000000089200000, 0x0000000089200000| Complete 
| 147|0x0000000089300000, 0x0000000089400000, 0x0000000089400000|100%| S|CS|TAMS 0x0000000089300000, 0x0000000089300000| Complete 
| 148|0x0000000089400000, 0x0000000089500000, 0x0000000089500000|100%| S|CS|TAMS 0x0000000089400000, 0x0000000089400000| Complete 
| 149|0x0000000089500000, 0x0000000089600000, 0x0000000089600000|100%| S|CS|TAMS 0x0000000089500000, 0x0000000089500000| Complete 
| 150|0x0000000089600000, 0x0000000089600000, 0x0000000089700000|  0%| F|  |TAMS 0x0000000089600000, 0x0000000089600000| Untracked 
| 151|0x0000000089700000, 0x0000000089700000, 0x0000000089800000|  0%| F|  |TAMS 0x0000000089700000, 0x0000000089700000| Untracked 
| 152|0x0000000089800000, 0x0000000089800000, 0x0000000089900000|  0%| F|  |TAMS 0x0000000089800000, 0x0000000089800000| Untracked 
| 153|0x0000000089900000, 0x0000000089a00000, 0x0000000089a00000|100%| S|CS|TAMS 0x0000000089900000, 0x0000000089900000| Complete 
| 154|0x0000000089a00000, 0x0000000089b00000, 0x0000000089b00000|100%| S|CS|TAMS 0x0000000089a00000, 0x0000000089a00000| Complete 
| 155|0x0000000089b00000, 0x0000000089b00000, 0x0000000089c00000|  0%| F|  |TAMS 0x0000000089b00000, 0x0000000089b00000| Untracked 
| 156|0x0000000089c00000, 0x0000000089c00000, 0x0000000089d00000|  0%| F|  |TAMS 0x0000000089c00000, 0x0000000089c00000| Untracked 
| 157|0x0000000089d00000, 0x0000000089d00000, 0x0000000089e00000|  0%| F|  |TAMS 0x0000000089d00000, 0x0000000089d00000| Untracked 
| 158|0x0000000089e00000, 0x0000000089e00000, 0x0000000089f00000|  0%| F|  |TAMS 0x0000000089e00000, 0x0000000089e00000| Untracked 
| 159|0x0000000089f00000, 0x0000000089f00000, 0x000000008a000000|  0%| F|  |TAMS 0x0000000089f00000, 0x0000000089f00000| Untracked 
| 160|0x000000008a000000, 0x000000008a000000, 0x000000008a100000|  0%| F|  |TAMS 0x000000008a000000, 0x000000008a000000| Untracked 
| 161|0x000000008a100000, 0x000000008a100000, 0x000000008a200000|  0%| F|  |TAMS 0x000000008a100000, 0x000000008a100000| Untracked 
| 162|0x000000008a200000, 0x000000008a200000, 0x000000008a300000|  0%| F|  |TAMS 0x000000008a200000, 0x000000008a200000| Untracked 
| 163|0x000000008a300000, 0x000000008a300000, 0x000000008a400000|  0%| F|  |TAMS 0x000000008a300000, 0x000000008a300000| Untracked 
| 164|0x000000008a400000, 0x000000008a400000, 0x000000008a500000|  0%| F|  |TAMS 0x000000008a400000, 0x000000008a400000| Untracked 
| 165|0x000000008a500000, 0x000000008a500000, 0x000000008a600000|  0%| F|  |TAMS 0x000000008a500000, 0x000000008a500000| Untracked 
| 166|0x000000008a600000, 0x000000008a600000, 0x000000008a700000|  0%| F|  |TAMS 0x000000008a600000, 0x000000008a600000| Untracked 
| 167|0x000000008a700000, 0x000000008a700000, 0x000000008a800000|  0%| F|  |TAMS 0x000000008a700000, 0x000000008a700000| Untracked 
| 168|0x000000008a800000, 0x000000008a800000, 0x000000008a900000|  0%| F|  |TAMS 0x000000008a800000, 0x000000008a800000| Untracked 
| 169|0x000000008a900000, 0x000000008a900000, 0x000000008aa00000|  0%| F|  |TAMS 0x000000008a900000, 0x000000008a900000| Untracked 
| 170|0x000000008aa00000, 0x000000008aa00000, 0x000000008ab00000|  0%| F|  |TAMS 0x000000008aa00000, 0x000000008aa00000| Untracked 
| 171|0x000000008ab00000, 0x000000008ab00000, 0x000000008ac00000|  0%| F|  |TAMS 0x000000008ab00000, 0x000000008ab00000| Untracked 
| 172|0x000000008ac00000, 0x000000008ac00000, 0x000000008ad00000|  0%| F|  |TAMS 0x000000008ac00000, 0x000000008ac00000| Untracked 
| 173|0x000000008ad00000, 0x000000008ad00000, 0x000000008ae00000|  0%| F|  |TAMS 0x000000008ad00000, 0x000000008ad00000| Untracked 
| 174|0x000000008ae00000, 0x000000008ae00000, 0x000000008af00000|  0%| F|  |TAMS 0x000000008ae00000, 0x000000008ae00000| Untracked 
| 175|0x000000008af00000, 0x000000008af00000, 0x000000008b000000|  0%| F|  |TAMS 0x000000008af00000, 0x000000008af00000| Untracked 
| 176|0x000000008b000000, 0x000000008b000000, 0x000000008b100000|  0%| F|  |TAMS 0x000000008b000000, 0x000000008b000000| Untracked 
| 177|0x000000008b100000, 0x000000008b100000, 0x000000008b200000|  0%| F|  |TAMS 0x000000008b100000, 0x000000008b100000| Untracked 
| 178|0x000000008b200000, 0x000000008b200000, 0x000000008b300000|  0%| F|  |TAMS 0x000000008b200000, 0x000000008b200000| Untracked 
| 179|0x000000008b300000, 0x000000008b300000, 0x000000008b400000|  0%| F|  |TAMS 0x000000008b300000, 0x000000008b300000| Untracked 
| 180|0x000000008b400000, 0x000000008b400000, 0x000000008b500000|  0%| F|  |TAMS 0x000000008b400000, 0x000000008b400000| Untracked 
| 181|0x000000008b500000, 0x000000008b500000, 0x000000008b600000|  0%| F|  |TAMS 0x000000008b500000, 0x000000008b500000| Untracked 
| 182|0x000000008b600000, 0x000000008b600000, 0x000000008b700000|  0%| F|  |TAMS 0x000000008b600000, 0x000000008b600000| Untracked 
| 183|0x000000008b700000, 0x000000008b700000, 0x000000008b800000|  0%| F|  |TAMS 0x000000008b700000, 0x000000008b700000| Untracked 
| 184|0x000000008b800000, 0x000000008b800000, 0x000000008b900000|  0%| F|  |TAMS 0x000000008b800000, 0x000000008b800000| Untracked 
| 185|0x000000008b900000, 0x000000008b900000, 0x000000008ba00000|  0%| F|  |TAMS 0x000000008b900000, 0x000000008b900000| Untracked 
| 186|0x000000008ba00000, 0x000000008ba00000, 0x000000008bb00000|  0%| F|  |TAMS 0x000000008ba00000, 0x000000008ba00000| Untracked 
| 187|0x000000008bb00000, 0x000000008bb00000, 0x000000008bc00000|  0%| F|  |TAMS 0x000000008bb00000, 0x000000008bb00000| Untracked 
| 188|0x000000008bc00000, 0x000000008bc00000, 0x000000008bd00000|  0%| F|  |TAMS 0x000000008bc00000, 0x000000008bc00000| Untracked 
| 189|0x000000008bd00000, 0x000000008bd00000, 0x000000008be00000|  0%| F|  |TAMS 0x000000008bd00000, 0x000000008bd00000| Untracked 
| 190|0x000000008be00000, 0x000000008be00000, 0x000000008bf00000|  0%| F|  |TAMS 0x000000008be00000, 0x000000008be00000| Untracked 
| 191|0x000000008bf00000, 0x000000008bf00000, 0x000000008c000000|  0%| F|  |TAMS 0x000000008bf00000, 0x000000008bf00000| Untracked 
| 192|0x000000008c000000, 0x000000008c000000, 0x000000008c100000|  0%| F|  |TAMS 0x000000008c000000, 0x000000008c000000| Untracked 
| 193|0x000000008c100000, 0x000000008c100000, 0x000000008c200000|  0%| F|  |TAMS 0x000000008c100000, 0x000000008c100000| Untracked 
| 194|0x000000008c200000, 0x000000008c200000, 0x000000008c300000|  0%| F|  |TAMS 0x000000008c200000, 0x000000008c200000| Untracked 
| 195|0x000000008c300000, 0x000000008c300000, 0x000000008c400000|  0%| F|  |TAMS 0x000000008c300000, 0x000000008c300000| Untracked 
| 196|0x000000008c400000, 0x000000008c400000, 0x000000008c500000|  0%| F|  |TAMS 0x000000008c400000, 0x000000008c400000| Untracked 
| 197|0x000000008c500000, 0x000000008c500000, 0x000000008c600000|  0%| F|  |TAMS 0x000000008c500000, 0x000000008c500000| Untracked 
| 198|0x000000008c600000, 0x000000008c600000, 0x000000008c700000|  0%| F|  |TAMS 0x000000008c600000, 0x000000008c600000| Untracked 
| 199|0x000000008c700000, 0x000000008c700000, 0x000000008c800000|  0%| F|  |TAMS 0x000000008c700000, 0x000000008c700000| Untracked 
| 200|0x000000008c800000, 0x000000008c800000, 0x000000008c900000|  0%| F|  |TAMS 0x000000008c800000, 0x000000008c800000| Untracked 
| 201|0x000000008c900000, 0x000000008c900000, 0x000000008ca00000|  0%| F|  |TAMS 0x000000008c900000, 0x000000008c900000| Untracked 
| 202|0x000000008ca00000, 0x000000008ca00000, 0x000000008cb00000|  0%| F|  |TAMS 0x000000008ca00000, 0x000000008ca00000| Untracked 
| 203|0x000000008cb00000, 0x000000008cb00000, 0x000000008cc00000|  0%| F|  |TAMS 0x000000008cb00000, 0x000000008cb00000| Untracked 
| 204|0x000000008cc00000, 0x000000008cc00000, 0x000000008cd00000|  0%| F|  |TAMS 0x000000008cc00000, 0x000000008cc00000| Untracked 
| 205|0x000000008cd00000, 0x000000008cd00000, 0x000000008ce00000|  0%| F|  |TAMS 0x000000008cd00000, 0x000000008cd00000| Untracked 
| 206|0x000000008ce00000, 0x000000008ce00000, 0x000000008cf00000|  0%| F|  |TAMS 0x000000008ce00000, 0x000000008ce00000| Untracked 
| 207|0x000000008cf00000, 0x000000008cf00000, 0x000000008d000000|  0%| F|  |TAMS 0x000000008cf00000, 0x000000008cf00000| Untracked 
| 208|0x000000008d000000, 0x000000008d000000, 0x000000008d100000|  0%| F|  |TAMS 0x000000008d000000, 0x000000008d000000| Untracked 
| 209|0x000000008d100000, 0x000000008d100000, 0x000000008d200000|  0%| F|  |TAMS 0x000000008d100000, 0x000000008d100000| Untracked 
| 210|0x000000008d200000, 0x000000008d200000, 0x000000008d300000|  0%| F|  |TAMS 0x000000008d200000, 0x000000008d200000| Untracked 
| 211|0x000000008d300000, 0x000000008d300000, 0x000000008d400000|  0%| F|  |TAMS 0x000000008d300000, 0x000000008d300000| Untracked 
| 212|0x000000008d400000, 0x000000008d400000, 0x000000008d500000|  0%| F|  |TAMS 0x000000008d400000, 0x000000008d400000| Untracked 
| 213|0x000000008d500000, 0x000000008d500000, 0x000000008d600000|  0%| F|  |TAMS 0x000000008d500000, 0x000000008d500000| Untracked 
| 214|0x000000008d600000, 0x000000008d600000, 0x000000008d700000|  0%| F|  |TAMS 0x000000008d600000, 0x000000008d600000| Untracked 
| 215|0x000000008d700000, 0x000000008d700000, 0x000000008d800000|  0%| F|  |TAMS 0x000000008d700000, 0x000000008d700000| Untracked 
| 216|0x000000008d800000, 0x000000008d800000, 0x000000008d900000|  0%| F|  |TAMS 0x000000008d800000, 0x000000008d800000| Untracked 
| 217|0x000000008d900000, 0x000000008d900000, 0x000000008da00000|  0%| F|  |TAMS 0x000000008d900000, 0x000000008d900000| Untracked 
| 218|0x000000008da00000, 0x000000008da00000, 0x000000008db00000|  0%| F|  |TAMS 0x000000008da00000, 0x000000008da00000| Untracked 
| 219|0x000000008db00000, 0x000000008db00000, 0x000000008dc00000|  0%| F|  |TAMS 0x000000008db00000, 0x000000008db00000| Untracked 
| 220|0x000000008dc00000, 0x000000008dc00000, 0x000000008dd00000|  0%| F|  |TAMS 0x000000008dc00000, 0x000000008dc00000| Untracked 
| 221|0x000000008dd00000, 0x000000008dd00000, 0x000000008de00000|  0%| F|  |TAMS 0x000000008dd00000, 0x000000008dd00000| Untracked 
| 222|0x000000008de00000, 0x000000008de00000, 0x000000008df00000|  0%| F|  |TAMS 0x000000008de00000, 0x000000008de00000| Untracked 
| 223|0x000000008df00000, 0x000000008df00000, 0x000000008e000000|  0%| F|  |TAMS 0x000000008df00000, 0x000000008df00000| Untracked 
| 224|0x000000008e000000, 0x000000008e000000, 0x000000008e100000|  0%| F|  |TAMS 0x000000008e000000, 0x000000008e000000| Untracked 
| 225|0x000000008e100000, 0x000000008e100000, 0x000000008e200000|  0%| F|  |TAMS 0x000000008e100000, 0x000000008e100000| Untracked 
| 226|0x000000008e200000, 0x000000008e200000, 0x000000008e300000|  0%| F|  |TAMS 0x000000008e200000, 0x000000008e200000| Untracked 
| 227|0x000000008e300000, 0x000000008e35d518, 0x000000008e400000| 36%| E|  |TAMS 0x000000008e300000, 0x000000008e300000| Complete 
| 228|0x000000008e400000, 0x000000008e4ba700, 0x000000008e500000| 72%| E|  |TAMS 0x000000008e400000, 0x000000008e400000| Complete 
| 229|0x000000008e500000, 0x000000008e600000, 0x000000008e600000|100%| E|CS|TAMS 0x000000008e500000, 0x000000008e500000| Complete 
| 230|0x000000008e600000, 0x000000008e700000, 0x000000008e700000|100%| E|CS|TAMS 0x000000008e600000, 0x000000008e600000| Complete 
| 231|0x000000008e700000, 0x000000008e800000, 0x000000008e800000|100%| E|CS|TAMS 0x000000008e700000, 0x000000008e700000| Complete 
| 232|0x000000008e800000, 0x000000008e900000, 0x000000008e900000|100%| E|CS|TAMS 0x000000008e800000, 0x000000008e800000| Complete 
| 233|0x000000008e900000, 0x000000008ea00000, 0x000000008ea00000|100%| E|CS|TAMS 0x000000008e900000, 0x000000008e900000| Complete 
| 234|0x000000008ea00000, 0x000000008eb00000, 0x000000008eb00000|100%| E|CS|TAMS 0x000000008ea00000, 0x000000008ea00000| Complete 
| 235|0x000000008eb00000, 0x000000008ec00000, 0x000000008ec00000|100%| E|CS|TAMS 0x000000008eb00000, 0x000000008eb00000| Complete 
| 236|0x000000008ec00000, 0x000000008ed00000, 0x000000008ed00000|100%| E|CS|TAMS 0x000000008ec00000, 0x000000008ec00000| Complete 
| 237|0x000000008ed00000, 0x000000008ee00000, 0x000000008ee00000|100%| E|CS|TAMS 0x000000008ed00000, 0x000000008ed00000| Complete 
| 238|0x000000008ee00000, 0x000000008ef00000, 0x000000008ef00000|100%| E|CS|TAMS 0x000000008ee00000, 0x000000008ee00000| Complete 
| 239|0x000000008ef00000, 0x000000008f000000, 0x000000008f000000|100%| E|CS|TAMS 0x000000008ef00000, 0x000000008ef00000| Complete 
| 240|0x000000008f000000, 0x000000008f100000, 0x000000008f100000|100%| E|CS|TAMS 0x000000008f000000, 0x000000008f000000| Complete 
| 241|0x000000008f100000, 0x000000008f200000, 0x000000008f200000|100%| E|CS|TAMS 0x000000008f100000, 0x000000008f100000| Complete 
| 242|0x000000008f200000, 0x000000008f300000, 0x000000008f300000|100%| E|CS|TAMS 0x000000008f200000, 0x000000008f200000| Complete 
| 243|0x000000008f300000, 0x000000008f400000, 0x000000008f400000|100%| E|CS|TAMS 0x000000008f300000, 0x000000008f300000| Complete 
| 244|0x000000008f400000, 0x000000008f500000, 0x000000008f500000|100%| E|CS|TAMS 0x000000008f400000, 0x000000008f400000| Complete 
| 245|0x000000008f500000, 0x000000008f600000, 0x000000008f600000|100%| E|CS|TAMS 0x000000008f500000, 0x000000008f500000| Complete 
| 246|0x000000008f600000, 0x000000008f700000, 0x000000008f700000|100%| E|CS|TAMS 0x000000008f600000, 0x000000008f600000| Complete 
| 247|0x000000008f700000, 0x000000008f800000, 0x000000008f800000|100%| E|CS|TAMS 0x000000008f700000, 0x000000008f700000| Complete 
| 248|0x000000008f800000, 0x000000008f900000, 0x000000008f900000|100%| E|CS|TAMS 0x000000008f800000, 0x000000008f800000| Complete 
| 249|0x000000008f900000, 0x000000008fa00000, 0x000000008fa00000|100%| E|CS|TAMS 0x000000008f900000, 0x000000008f900000| Complete 
| 250|0x000000008fa00000, 0x000000008fb00000, 0x000000008fb00000|100%| E|CS|TAMS 0x000000008fa00000, 0x000000008fa00000| Complete 
| 251|0x000000008fb00000, 0x000000008fc00000, 0x000000008fc00000|100%| E|CS|TAMS 0x000000008fb00000, 0x000000008fb00000| Complete 
| 252|0x000000008fc00000, 0x000000008fd00000, 0x000000008fd00000|100%| E|CS|TAMS 0x000000008fc00000, 0x000000008fc00000| Complete 
| 253|0x000000008fd00000, 0x000000008fe00000, 0x000000008fe00000|100%| E|CS|TAMS 0x000000008fd00000, 0x000000008fd00000| Complete 

Card table byte_map: [0x0000023bfaba0000,0x0000023bfafa0000] _byte_map_base: 0x0000023bfa7a0000

Marking Bits (Prev, Next): (CMBitMap*) 0x0000023bf5eb73c0, (CMBitMap*) 0x0000023bf5eb7388
 Prev Bits: [0x0000023bfd3a0000, 0x0000023bff3a0000)
 Next Bits: [0x0000023bfb3a0000, 0x0000023bfd3a0000)

Polling page: 0x0000023bf4600000

Metaspace:

Usage:
  Non-class:     77.97 MB capacity,    76.50 MB ( 98%) used,     1.20 MB (  2%) free+waste,   268.56 KB ( <1%) overhead. 
      Class:     12.22 MB capacity,    11.38 MB ( 93%) used,   748.06 KB (  6%) free+waste,   121.94 KB ( <1%) overhead. 
       Both:     90.19 MB capacity,    87.88 MB ( 97%) used,     1.93 MB (  2%) free+waste,   390.50 KB ( <1%) overhead. 

Virtual space:
  Non-class space:       78.00 MB reserved,      78.00 MB (100%) committed 
      Class space:        1.00 GB reserved,      12.32 MB (  1%) committed 
             Both:        1.08 GB reserved,      90.32 MB (  8%) committed 

Chunk freelists:
   Non-Class:  35.00 KB
       Class:  0 bytes
        Both:  35.00 KB

MaxMetaspaceSize: 17179869184.00 GB
CompressedClassSpaceSize: 1.00 GB

CodeHeap 'non-profiled nmethods': size=120000Kb used=5938Kb max_used=5938Kb free=114061Kb
 bounds [0x0000023b87ad0000, 0x0000023b880a0000, 0x0000023b8f000000]
CodeHeap 'profiled nmethods': size=120000Kb used=22127Kb max_used=22127Kb free=97873Kb
 bounds [0x0000023b805a0000, 0x0000023b81b40000, 0x0000023b87ad0000]
CodeHeap 'non-nmethods': size=5760Kb used=2331Kb max_used=2342Kb free=3428Kb
 bounds [0x0000023b80000000, 0x0000023b80270000, 0x0000023b805a0000]
 total_blobs=11193 nmethods=10285 adapters=817
 compilation: enabled
              stopped_count=0, restarted_count=0
 full_count=0

Compilation events (20 events):
Event: 14.567 Thread 0x0000023b918d1000 10311       3       com.android.tools.r8.graph.T::a (54 bytes)
Event: 14.568 Thread 0x0000023b918d1000 nmethod 10311 0x0000023b81b33610 code [0x0000023b81b337e0, 0x0000023b81b33ae8]
Event: 14.568 Thread 0x0000023b918d1000 10312       3       com.android.tools.r8.graph.c0::F (16 bytes)
Event: 14.568 Thread 0x0000023b918d1000 nmethod 10312 0x0000023b81b33c10 code [0x0000023b81b33dc0, 0x0000023b81b33f08]
Event: 14.569 Thread 0x0000023b918d1000 10313       3       com.android.tools.r8.graph.c0::<init> (21 bytes)
Event: 14.569 Thread 0x0000023b918d1000 nmethod 10313 0x0000023b81b33f90 code [0x0000023b81b34180, 0x0000023b81b345a8]
Event: 14.569 Thread 0x0000023b918d1000 10314       3       com.android.tools.r8.graph.T::c (23 bytes)
Event: 14.570 Thread 0x0000023b918d1000 nmethod 10314 0x0000023b81b34790 code [0x0000023b81b349a0, 0x0000023b81b34f98]
Event: 14.570 Thread 0x0000023b918d1000 10315       3       com.android.tools.r8.internal.Ye::c (23 bytes)
Event: 14.570 Thread 0x0000023b918d1000 nmethod 10315 0x0000023b81b35210 code [0x0000023b81b353e0, 0x0000023b81b355d8]
Event: 14.570 Thread 0x0000023b918d1000 10316       3       com.android.tools.r8.internal.Ye::d (140 bytes)
Event: 14.571 Thread 0x0000023b918d1000 nmethod 10316 0x0000023b81b35690 code [0x0000023b81b35860, 0x0000023b81b35e38]
Event: 14.574 Thread 0x0000023b918d1000 10317       3       com.android.tools.r8.graph.h::equals (22 bytes)
Event: 14.574 Thread 0x0000023b918d1000 nmethod 10317 0x0000023b81b35f10 code [0x0000023b81b360e0, 0x0000023b81b36328]
Event: 14.576 Thread 0x0000023b918d1000 10318       3       com.android.tools.r8.graph.b0::<init> (5 bytes)
Event: 14.576 Thread 0x0000023b918d1000 nmethod 10318 0x0000023b81b36410 code [0x0000023b81b365e0, 0x0000023b81b36858]
Event: 14.576 Thread 0x0000023b918d1000 10319       3       com.android.tools.r8.graph.T::d (134 bytes)
Event: 14.577 Thread 0x0000023b918d1000 nmethod 10319 0x0000023b81b36990 code [0x0000023b81b36b80, 0x0000023b81b37008]
Event: 14.579 Thread 0x0000023b918d1000 10320       3       com.android.tools.r8.graph.d0::r0 (22 bytes)
Event: 14.579 Thread 0x0000023b918d1000 nmethod 10320 0x0000023b81b37190 code [0x0000023b81b37340, 0x0000023b81b374b8]

GC Heap History (20 events):
Event: 5.113 GC heap before
{Heap before GC invocations=4 (full 0):
 garbage-first heap   total 260096K, used 88873K [0x0000000080000000, 0x0000000100000000)
  region size 1024K, 71 young (72704K), 1 survivors (1024K)
 Metaspace       used 29997K, capacity 30755K, committed 30976K, reserved 1075200K
  class space    used 4021K, capacity 4274K, committed 4352K, reserved 1048576K
}
Event: 5.117 GC heap after
{Heap after GC invocations=5 (full 0):
 garbage-first heap   total 260096K, used 19394K [0x0000000080000000, 0x0000000100000000)
  region size 1024K, 4 young (4096K), 4 survivors (4096K)
 Metaspace       used 29997K, capacity 30755K, committed 30976K, reserved 1075200K
  class space    used 4021K, capacity 4274K, committed 4352K, reserved 1048576K
}
Event: 5.615 GC heap before
{Heap before GC invocations=5 (full 0):
 garbage-first heap   total 260096K, used 34754K [0x0000000080000000, 0x0000000100000000)
  region size 1024K, 21 young (21504K), 4 survivors (4096K)
 Metaspace       used 35069K, capacity 35838K, committed 35840K, reserved 1081344K
  class space    used 4546K, capacity 4864K, committed 4864K, reserved 1048576K
}
Event: 5.626 GC heap after
{Heap after GC invocations=6 (full 0):
 garbage-first heap   total 260096K, used 21797K [0x0000000080000000, 0x0000000100000000)
  region size 1024K, 6 young (6144K), 6 survivors (6144K)
 Metaspace       used 35069K, capacity 35838K, committed 35840K, reserved 1081344K
  class space    used 4546K, capacity 4864K, committed 4864K, reserved 1048576K
}
Event: 6.944 GC heap before
{Heap before GC invocations=7 (full 0):
 garbage-first heap   total 260096K, used 142629K [0x0000000080000000, 0x0000000100000000)
  region size 1024K, 121 young (123904K), 6 survivors (6144K)
 Metaspace       used 44501K, capacity 45571K, committed 45900K, reserved 1089536K
  class space    used 5710K, capacity 6114K, committed 6220K, reserved 1048576K
}
Event: 6.956 GC heap after
{Heap after GC invocations=8 (full 0):
 garbage-first heap   total 260096K, used 28924K [0x0000000080000000, 0x0000000100000000)
  region size 1024K, 13 young (13312K), 13 survivors (13312K)
 Metaspace       used 44501K, capacity 45571K, committed 45900K, reserved 1089536K
  class space    used 5710K, capacity 6114K, committed 6220K, reserved 1048576K
}
Event: 8.902 GC heap before
{Heap before GC invocations=8 (full 0):
 garbage-first heap   total 260096K, used 163068K [0x0000000080000000, 0x0000000100000000)
  region size 1024K, 140 young (143360K), 13 survivors (13312K)
 Metaspace       used 57334K, capacity 58785K, committed 58956K, reserved 1099776K
  class space    used 7238K, capacity 7749K, committed 7756K, reserved 1048576K
}
Event: 8.920 GC heap after
{Heap after GC invocations=9 (full 0):
 garbage-first heap   total 260096K, used 42614K [0x0000000080000000, 0x0000000100000000)
  region size 1024K, 18 young (18432K), 18 survivors (18432K)
 Metaspace       used 57334K, capacity 58785K, committed 58956K, reserved 1099776K
  class space    used 7238K, capacity 7749K, committed 7756K, reserved 1048576K
}
Event: 9.049 GC heap before
{Heap before GC invocations=9 (full 0):
 garbage-first heap   total 260096K, used 47734K [0x0000000080000000, 0x0000000100000000)
  region size 1024K, 24 young (24576K), 18 survivors (18432K)
 Metaspace       used 58712K, capacity 60183K, committed 60236K, reserved 1101824K
  class space    used 7426K, capacity 7980K, committed 8012K, reserved 1048576K
}
Event: 9.076 GC heap after
{Heap after GC invocations=10 (full 0):
 garbage-first heap   total 260096K, used 45069K [0x0000000080000000, 0x0000000100000000)
  region size 1024K, 3 young (3072K), 3 survivors (3072K)
 Metaspace       used 58712K, capacity 60183K, committed 60236K, reserved 1101824K
  class space    used 7426K, capacity 7980K, committed 8012K, reserved 1048576K
}
Event: 9.962 GC heap before
{Heap before GC invocations=11 (full 0):
 garbage-first heap   total 260096K, used 130061K [0x0000000080000000, 0x0000000100000000)
  region size 1024K, 86 young (88064K), 3 survivors (3072K)
 Metaspace       used 64410K, capacity 66039K, committed 66124K, reserved 1105920K
  class space    used 8162K, capacity 8766K, committed 8780K, reserved 1048576K
}
Event: 9.970 GC heap after
{Heap after GC invocations=12 (full 0):
 garbage-first heap   total 260096K, used 50457K [0x0000000080000000, 0x0000000100000000)
  region size 1024K, 8 young (8192K), 8 survivors (8192K)
 Metaspace       used 64410K, capacity 66039K, committed 66124K, reserved 1105920K
  class space    used 8162K, capacity 8766K, committed 8780K, reserved 1048576K
}
Event: 11.211 GC heap before
{Heap before GC invocations=12 (full 0):
 garbage-first heap   total 260096K, used 142617K [0x0000000080000000, 0x0000000100000000)
  region size 1024K, 98 young (100352K), 8 survivors (8192K)
 Metaspace       used 74154K, capacity 75856K, committed 76236K, reserved 1116160K
  class space    used 9664K, capacity 10307K, committed 10444K, reserved 1048576K
}
Event: 11.220 GC heap after
{Heap after GC invocations=13 (full 0):
 garbage-first heap   total 260096K, used 55780K [0x0000000080000000, 0x0000000100000000)
  region size 1024K, 6 young (6144K), 6 survivors (6144K)
 Metaspace       used 74154K, capacity 75856K, committed 76236K, reserved 1116160K
  class space    used 9664K, capacity 10307K, committed 10444K, reserved 1048576K
}
Event: 12.590 GC heap before
{Heap before GC invocations=13 (full 0):
 garbage-first heap   total 260096K, used 152036K [0x0000000080000000, 0x0000000100000000)
  region size 1024K, 101 young (103424K), 6 survivors (6144K)
 Metaspace       used 81779K, capacity 84010K, committed 84300K, reserved 1122304K
  class space    used 10632K, capacity 11478K, committed 11596K, reserved 1048576K
}
Event: 12.604 GC heap after
{Heap after GC invocations=14 (full 0):
 garbage-first heap   total 260096K, used 63956K [0x0000000080000000, 0x0000000100000000)
  region size 1024K, 13 young (13312K), 13 survivors (13312K)
 Metaspace       used 81779K, capacity 84010K, committed 84300K, reserved 1122304K
  class space    used 10632K, capacity 11478K, committed 11596K, reserved 1048576K
}
Event: 13.654 GC heap before
{Heap before GC invocations=14 (full 0):
 garbage-first heap   total 260096K, used 163284K [0x0000000080000000, 0x0000000100000000)
  region size 1024K, 111 young (113664K), 13 survivors (13312K)
 Metaspace       used 83420K, capacity 85806K, committed 85964K, reserved 1124352K
  class space    used 10778K, capacity 11642K, committed 11724K, reserved 1048576K
}
Event: 13.676 GC heap after
{Heap after GC invocations=15 (full 0):
 garbage-first heap   total 260096K, used 70708K [0x0000000080000000, 0x0000000100000000)
  region size 1024K, 7 young (7168K), 7 survivors (7168K)
 Metaspace       used 83420K, capacity 85806K, committed 85964K, reserved 1124352K
  class space    used 10778K, capacity 11642K, committed 11724K, reserved 1048576K
}
Event: 14.339 GC heap before
{Heap before GC invocations=15 (full 0):
 garbage-first heap   total 260096K, used 174132K [0x0000000080000000, 0x0000000100000000)
  region size 1024K, 106 young (108544K), 7 survivors (7168K)
 Metaspace       used 86800K, capacity 89170K, committed 89420K, reserved 1126400K
  class space    used 11218K, capacity 12072K, committed 12108K, reserved 1048576K
}
Event: 14.352 GC heap after
{Heap after GC invocations=16 (full 0):
 garbage-first heap   total 260096K, used 77772K [0x0000000080000000, 0x0000000100000000)
  region size 1024K, 11 young (11264K), 11 survivors (11264K)
 Metaspace       used 86800K, capacity 89170K, committed 89420K, reserved 1126400K
  class space    used 11218K, capacity 12072K, committed 12108K, reserved 1048576K
}

Deoptimization events (20 events):
Event: 14.265 Thread 0x0000023b950e8800 DEOPT PACKING pc=0x0000023b817eca55 sp=0x000000ae6b9fdc50
Event: 14.265 Thread 0x0000023b950e8800 DEOPT UNPACKING pc=0x0000023b800276ce sp=0x000000ae6b9fd170 mode 0
Event: 14.298 Thread 0x0000023b94064800 Uncommon trap: trap_request=0xffffff4d fr.pc=0x0000023b87bb3798 relative=0x0000000000000078
Event: 14.298 Thread 0x0000023b94064800 Uncommon trap: reason=unstable_if action=reinterpret pc=0x0000023b87bb3798 method=java.lang.Integer.stringSize(I)I @ 19 c2
Event: 14.298 Thread 0x0000023b94064800 DEOPT PACKING pc=0x0000023b87bb3798 sp=0x000000ae6d4fdb90
Event: 14.298 Thread 0x0000023b94064800 DEOPT UNPACKING pc=0x0000023b800278af sp=0x000000ae6d4fdb10 mode 2
Event: 14.452 Thread 0x0000023b94067000 Uncommon trap: trap_request=0xffffff4d fr.pc=0x0000023b87b04040 relative=0x00000000000007e0
Event: 14.452 Thread 0x0000023b94067000 Uncommon trap: reason=unstable_if action=reinterpret pc=0x0000023b87b04040 method=java.util.zip.ZipFile$Source.getEntryPos([BZ)I @ 105 c2
Event: 14.452 Thread 0x0000023b94067000 DEOPT PACKING pc=0x0000023b87b04040 sp=0x000000ae6d6fa360
Event: 14.452 Thread 0x0000023b94067000 DEOPT UNPACKING pc=0x0000023b800278af sp=0x000000ae6d6fa300 mode 2
Event: 14.528 Thread 0x0000023b94067000 Uncommon trap: trap_request=0xffffff4d fr.pc=0x0000023b87f9dc14 relative=0x00000000000001b4
Event: 14.528 Thread 0x0000023b94067000 Uncommon trap: reason=unstable_if action=reinterpret pc=0x0000023b87f9dc14 method=com.google.common.collect.MapMakerInternalMap$Segment.getEntry(Ljava/lang/Object;I)Lcom/google/common/collect/MapMakerInternalMap$InternalEntry; @ 63 c2
Event: 14.528 Thread 0x0000023b94067000 DEOPT PACKING pc=0x0000023b87f9dc14 sp=0x000000ae6d6f8e00
Event: 14.528 Thread 0x0000023b94067000 DEOPT UNPACKING pc=0x0000023b800278af sp=0x000000ae6d6f8db8 mode 2
Event: 14.541 Thread 0x0000023b94062000 DEOPT PACKING pc=0x0000023b817eca76 sp=0x000000ae6d3fcd80
Event: 14.541 Thread 0x0000023b94062000 DEOPT UNPACKING pc=0x0000023b800276ce sp=0x000000ae6d3fc2a0 mode 0
Event: 14.542 Thread 0x0000023b94062000 Uncommon trap: trap_request=0xffffff4d fr.pc=0x0000023b87b7a984 relative=0x0000000000001224
Event: 14.542 Thread 0x0000023b94062000 Uncommon trap: reason=unstable_if action=reinterpret pc=0x0000023b87b7a984 method=java.util.concurrent.ConcurrentHashMap.transfer([Ljava/util/concurrent/ConcurrentHashMap$Node;[Ljava/util/concurrent/ConcurrentHashMap$Node;)V @ 273 c2
Event: 14.542 Thread 0x0000023b94062000 DEOPT PACKING pc=0x0000023b87b7a984 sp=0x000000ae6d3fce20
Event: 14.542 Thread 0x0000023b94062000 DEOPT UNPACKING pc=0x0000023b800278af sp=0x000000ae6d3fcda0 mode 2

Classes redefined (0 events):
No events

Internal exceptions (20 events):
Event: 13.524 Thread 0x0000023b9405e000 Exception <a 'java/lang/NoSuchMethodError'{0x000000008a5d4998}: <clinit>> (0x000000008a5d4998) thrown at [./src/hotspot/share/prims/jni.cpp, line 1362]
Event: 13.524 Thread 0x0000023b9405e000 Exception <a 'java/lang/NoSuchMethodError'{0x000000008a5d5cd0}: <clinit>> (0x000000008a5d5cd0) thrown at [./src/hotspot/share/prims/jni.cpp, line 1362]
Event: 13.524 Thread 0x0000023b9405e000 Exception <a 'java/lang/NoSuchMethodError'{0x000000008a5d8430}: <clinit>> (0x000000008a5d8430) thrown at [./src/hotspot/share/prims/jni.cpp, line 1362]
Event: 13.525 Thread 0x0000023b9405e000 Exception <a 'java/lang/NoSuchMethodError'{0x000000008a5f1ae0}: <clinit>> (0x000000008a5f1ae0) thrown at [./src/hotspot/share/prims/jni.cpp, line 1362]
Event: 13.525 Thread 0x0000023b9405e000 Exception <a 'java/lang/NoSuchMethodError'{0x000000008a5f2fc0}: <clinit>> (0x000000008a5f2fc0) thrown at [./src/hotspot/share/prims/jni.cpp, line 1362]
Event: 13.554 Thread 0x0000023b9405e000 Exception <a 'sun/nio/fs/WindowsException'{0x000000008a3825e0}> (0x000000008a3825e0) thrown at [./src/hotspot/share/prims/jni.cpp, line 615]
Event: 13.554 Thread 0x0000023b9405e000 Exception <a 'sun/nio/fs/WindowsException'{0x000000008a383468}> (0x000000008a383468) thrown at [./src/hotspot/share/prims/jni.cpp, line 615]
Event: 13.555 Thread 0x0000023b9405e000 Exception <a 'sun/nio/fs/WindowsException'{0x000000008a383830}> (0x000000008a383830) thrown at [./src/hotspot/share/prims/jni.cpp, line 615]
Event: 13.555 Thread 0x0000023b9405e000 Exception <a 'sun/nio/fs/WindowsException'{0x000000008a384698}> (0x000000008a384698) thrown at [./src/hotspot/share/prims/jni.cpp, line 615]
Event: 13.555 Thread 0x0000023b9405e000 Exception <a 'sun/nio/fs/WindowsException'{0x000000008a384978}> (0x000000008a384978) thrown at [./src/hotspot/share/prims/jni.cpp, line 615]
Event: 13.555 Thread 0x0000023b9405e000 Exception <a 'sun/nio/fs/WindowsException'{0x000000008a3857f8}> (0x000000008a3857f8) thrown at [./src/hotspot/share/prims/jni.cpp, line 615]
Event: 13.556 Thread 0x0000023b9405e000 Exception <a 'sun/nio/fs/WindowsException'{0x000000008a385a78}> (0x000000008a385a78) thrown at [./src/hotspot/share/prims/jni.cpp, line 615]
Event: 13.556 Thread 0x0000023b9405e000 Exception <a 'sun/nio/fs/WindowsException'{0x000000008a3868c8}> (0x000000008a3868c8) thrown at [./src/hotspot/share/prims/jni.cpp, line 615]
Event: 13.573 Thread 0x0000023b9405e000 Exception <a 'java/lang/NoSuchMethodError'{0x000000008a10ba28}: <clinit>> (0x000000008a10ba28) thrown at [./src/hotspot/share/prims/jni.cpp, line 1362]
Event: 13.575 Thread 0x0000023b9405e000 Exception <a 'java/lang/NoSuchMethodError'{0x000000008a141bb8}: <clinit>> (0x000000008a141bb8) thrown at [./src/hotspot/share/prims/jni.cpp, line 1362]
Event: 13.577 Thread 0x0000023b9405e000 Exception <a 'java/lang/NoSuchMethodError'{0x000000008a173fe0}: <clinit>> (0x000000008a173fe0) thrown at [./src/hotspot/share/prims/jni.cpp, line 1362]
Event: 13.578 Thread 0x0000023b9405e000 Exception <a 'java/lang/NoSuchMethodError'{0x000000008a186b38}: <clinit>> (0x000000008a186b38) thrown at [./src/hotspot/share/prims/jni.cpp, line 1362]
Event: 13.862 Thread 0x0000023b9405f800 Exception <a 'java/lang/NoSuchMethodError'{0x000000008e129270}: 'int java.lang.invoke.DirectMethodHandle$Holder.invokeSpecial(java.lang.Object, java.lang.Object, java.lang.Object, java.lang.Object, java.lang.Object)'> (0x000000008e129270) thrown at [./src/hotspot/share/interpreter/linkResolver.cpp, line 773]
Event: 13.942 Thread 0x0000023b97385800 Implicit null exception at 0x0000023b88051eb9 to 0x0000023b88052720
Event: 14.514 Thread 0x0000023b94067000 Exception <a 'sun/nio/fs/WindowsException'{0x000000008ef05388}> (0x000000008ef05388) thrown at [./src/hotspot/share/prims/jni.cpp, line 615]

Events (20 events):
Event: 14.581 loading class com/android/tools/r8/graph/T$d done
Event: 14.581 loading class com/android/tools/r8/graph/T$e
Event: 14.581 loading class com/android/tools/r8/graph/T$e done
Event: 14.581 loading class com/android/tools/r8/graph/T$g
Event: 14.581 loading class com/android/tools/r8/graph/T$g done
Event: 14.581 loading class com/android/tools/r8/graph/T$f
Event: 14.581 loading class com/android/tools/r8/graph/T$f done
Event: 14.581 loading class java/lang/ProcessImpl done
Event: 14.582 loading class com/android/tools/r8/graph/T$u
Event: 14.582 loading class com/android/tools/r8/graph/T$u done
Event: 14.582 loading class com/android/tools/r8/graph/T$x
Event: 14.582 loading class com/android/tools/r8/graph/T$x done
Event: 14.582 loading class com/android/tools/r8/graph/T$y
Event: 14.582 loading class com/android/tools/r8/graph/T$y done
Event: 14.582 loading class com/android/tools/r8/graph/T$z
Event: 14.582 loading class com/android/tools/r8/graph/T$z done
Event: 14.582 loading class com/android/tools/r8/graph/T$A
Event: 14.582 loading class com/android/tools/r8/graph/T$A done
Event: 14.583 loading class com/android/tools/r8/graph/T$B
Event: 14.583 loading class com/android/tools/r8/graph/T$B done


Dynamic libraries:
0x00007ff7b0220000 - 0x00007ff7b022a000 	D:\Android\AndroidStudio\jre\bin\java.exe
0x00007ffcdc430000 - 0x00007ffcdc625000 	C:\WINDOWS\SYSTEM32\ntdll.dll
0x00007ffcdc290000 - 0x00007ffcdc34e000 	C:\WINDOWS\System32\KERNEL32.DLL
0x00007ffcda060000 - 0x00007ffcda328000 	C:\WINDOWS\System32\KERNELBASE.dll
0x00007ffcd9ea0000 - 0x00007ffcd9fa0000 	C:\WINDOWS\System32\ucrtbase.dll
0x00007ffcc9db0000 - 0x00007ffcc9dc9000 	D:\Android\AndroidStudio\jre\bin\jli.dll
0x00007ffcc9d90000 - 0x00007ffcc9da7000 	D:\Android\AndroidStudio\jre\bin\VCRUNTIME140.dll
0x00007ffcdac20000 - 0x00007ffcdadc1000 	C:\WINDOWS\System32\USER32.dll
0x00007ffcda330000 - 0x00007ffcda352000 	C:\WINDOWS\System32\win32u.dll
0x00007ffcdbb80000 - 0x00007ffcdbbab000 	C:\WINDOWS\System32\GDI32.dll
0x00007ffcda360000 - 0x00007ffcda46d000 	C:\WINDOWS\System32\gdi32full.dll
0x00007ffcd9ba0000 - 0x00007ffcd9c3d000 	C:\WINDOWS\System32\msvcp_win.dll
0x00007ffcc2ac0000 - 0x00007ffcc2d5a000 	C:\WINDOWS\WinSxS\amd64_microsoft.windows.common-controls_6595b64144ccf1df_6.0.19041.1110_none_60b5254171f9507e\COMCTL32.dll
0x00007ffcdc350000 - 0x00007ffcdc3ee000 	C:\WINDOWS\System32\msvcrt.dll
0x00007ffcdb250000 - 0x00007ffcdb280000 	C:\WINDOWS\System32\IMM32.DLL
0x0000000072460000 - 0x000000007246a000 	D:\360\360Safe\safemon\SafeWrapper.dll
0x00007ffcdc1e0000 - 0x00007ffcdc28c000 	C:\WINDOWS\System32\ADVAPI32.dll
0x00007ffcdbbb0000 - 0x00007ffcdbc4b000 	C:\WINDOWS\System32\sechost.dll
0x00007ffcdbe50000 - 0x00007ffcdbf7a000 	C:\WINDOWS\System32\RPCRT4.dll
0x00007ffcc2460000 - 0x00007ffcc24f2000 	D:\360\360Safe\safemon\libzdtp64.dll
0x00007ffcdbac0000 - 0x00007ffcdbb15000 	C:\WINDOWS\System32\SHLWAPI.dll
0x00007ffcd96c0000 - 0x00007ffcd96ca000 	C:\WINDOWS\SYSTEM32\VERSION.dll
0x00007ffcc9900000 - 0x00007ffcc999d000 	D:\Android\AndroidStudio\jre\bin\msvcp140.dll
0x00007ffc7f7e0000 - 0x00007ffc802af000 	D:\Android\AndroidStudio\jre\bin\server\jvm.dll
0x00007ffcdb9d0000 - 0x00007ffcdb9d8000 	C:\WINDOWS\System32\PSAPI.DLL
0x00007ffcd2930000 - 0x00007ffcd2939000 	C:\WINDOWS\SYSTEM32\WSOCK32.dll
0x00007ffcdb9e0000 - 0x00007ffcdba4b000 	C:\WINDOWS\System32\WS2_32.dll
0x00007ffcc2d60000 - 0x00007ffcc2d87000 	C:\WINDOWS\SYSTEM32\WINMM.dll
0x00007ffcd79c0000 - 0x00007ffcd79d2000 	C:\WINDOWS\SYSTEM32\kernel.appcore.dll
0x00007ffcd1290000 - 0x00007ffcd12a1000 	D:\Android\AndroidStudio\jre\bin\verify.dll
0x00007ffcc6f20000 - 0x00007ffcc7104000 	C:\WINDOWS\SYSTEM32\DBGHELP.DLL
0x00007ffcbcb90000 - 0x00007ffcbcbbc000 	C:\WINDOWS\SYSTEM32\dbgcore.DLL
0x00007ffcd9fd0000 - 0x00007ffcda052000 	C:\WINDOWS\System32\bcryptPrimitives.dll
0x00007ffcd1200000 - 0x00007ffcd1229000 	D:\Android\AndroidStudio\jre\bin\java.dll
0x00007ffcd13c0000 - 0x00007ffcd13cb000 	D:\Android\AndroidStudio\jre\bin\jimage.dll
0x00007ffcd0f40000 - 0x00007ffcd0f58000 	D:\Android\AndroidStudio\jre\bin\zip.dll
0x00007ffcdb280000 - 0x00007ffcdb9c4000 	C:\WINDOWS\System32\SHELL32.dll
0x00007ffcd7bc0000 - 0x00007ffcd8354000 	C:\WINDOWS\SYSTEM32\windows.storage.dll
0x00007ffcda470000 - 0x00007ffcda7c5000 	C:\WINDOWS\System32\combase.dll
0x00007ffcd9520000 - 0x00007ffcd954e000 	C:\WINDOWS\SYSTEM32\Wldp.dll
0x00007ffcda970000 - 0x00007ffcdaa1d000 	C:\WINDOWS\System32\SHCORE.dll
0x00007ffcd9a80000 - 0x00007ffcd9a9f000 	C:\WINDOWS\SYSTEM32\profapi.dll
0x00007ffcd0ec0000 - 0x00007ffcd0eda000 	D:\Android\AndroidStudio\jre\bin\net.dll
0x00007ffcc5f40000 - 0x00007ffcc604c000 	C:\WINDOWS\SYSTEM32\WINHTTP.dll
0x00007ffcd9280000 - 0x00007ffcd92ea000 	C:\WINDOWS\system32\mswsock.dll
0x00007ffcd05e0000 - 0x00007ffcd05f4000 	D:\Android\AndroidStudio\jre\bin\nio.dll
0x00007ffcc9cb0000 - 0x00007ffcc9cd7000 	C:\Users\14185\.gradle\native\8bec1ad78214c89d9ad589b4d07fe93259594b29d510b10fafb7a158f7737e5d\windows-amd64\native-platform.dll
0x00007ffc939d0000 - 0x00007ffc93b0d000 	C:\Users\14185\.gradle\native\53dbd7edfb1c66fb8903c78663c9afc45aea4f116125fa6feffd364cf09443e8\windows-amd64\native-platform-file-events.dll
0x00007ffcd0f30000 - 0x00007ffcd0f3a000 	D:\Android\AndroidStudio\jre\bin\management.dll
0x00007ffcd0eb0000 - 0x00007ffcd0ebc000 	D:\Android\AndroidStudio\jre\bin\management_ext.dll
0x00007ffcd9470000 - 0x00007ffcd9488000 	C:\WINDOWS\SYSTEM32\CRYPTSP.dll
0x00007ffcd8b90000 - 0x00007ffcd8bc4000 	C:\WINDOWS\system32\rsaenh.dll
0x00007ffcd9fa0000 - 0x00007ffcd9fc7000 	C:\WINDOWS\System32\bcrypt.dll
0x00007ffcd9a00000 - 0x00007ffcd9a2e000 	C:\WINDOWS\SYSTEM32\USERENV.dll
0x00007ffcd9490000 - 0x00007ffcd949c000 	C:\WINDOWS\SYSTEM32\CRYPTBASE.dll
0x00007ffcd8f20000 - 0x00007ffcd8f5b000 	C:\WINDOWS\SYSTEM32\IPHLPAPI.DLL
0x00007ffcdaa40000 - 0x00007ffcdaa48000 	C:\WINDOWS\System32\NSI.dll
0x00007ffccf950000 - 0x00007ffccf967000 	C:\WINDOWS\SYSTEM32\dhcpcsvc6.DLL
0x00007ffccfe30000 - 0x00007ffccfe4d000 	C:\WINDOWS\SYSTEM32\dhcpcsvc.DLL
0x00007ffcd8f60000 - 0x00007ffcd902b000 	C:\WINDOWS\SYSTEM32\DNSAPI.dll

dbghelp: loaded successfully - version: 4.0.5 - missing functions: none
symbol engine: initialized successfully - sym options: 0x614 - pdb path: .;D:\Android\AndroidStudio\jre\bin;C:\WINDOWS\SYSTEM32;C:\WINDOWS\WinSxS\amd64_microsoft.windows.common-controls_6595b64144ccf1df_6.0.19041.1110_none_60b5254171f9507e;D:\360\360Safe\safemon;D:\Android\AndroidStudio\jre\bin\server;C:\Users\14185\.gradle\native\8bec1ad78214c89d9ad589b4d07fe93259594b29d510b10fafb7a158f7737e5d\windows-amd64;C:\Users\14185\.gradle\native\53dbd7edfb1c66fb8903c78663c9afc45aea4f116125fa6feffd364cf09443e8\windows-amd64

VM Arguments:
jvm_args: --add-opens=java.base/java.util=ALL-UNNAMED --add-opens=java.base/java.lang=ALL-UNNAMED --add-opens=java.base/java.lang.invoke=ALL-UNNAMED --add-opens=java.base/java.util=ALL-UNNAMED --add-opens=java.prefs/java.util.prefs=ALL-UNNAMED --add-opens=java.prefs/java.util.prefs=ALL-UNNAMED --add-opens=java.base/java.nio.charset=ALL-UNNAMED --add-opens=java.base/java.net=ALL-UNNAMED --add-opens=java.base/java.util.concurrent.atomic=ALL-UNNAMED -Xmx2048m -Dfile.encoding=UTF-8 -Duser.country=CN -Duser.language=zh -Duser.variant 
java_command: org.gradle.launcher.daemon.bootstrap.GradleDaemon 7.0.2
java_class_path (initial): C:\Users\14185\.gradle\wrapper\dists\gradle-7.0.2-bin\857tjihv64xamwrf0h14cai3r\gradle-7.0.2\lib\gradle-launcher-7.0.2.jar
Launcher Type: SUN_STANDARD

[Global flags]
     intx CICompilerCount                          = 4                                         {product} {ergonomic}
     uint ConcGCThreads                            = 2                                         {product} {ergonomic}
     uint G1ConcRefinementThreads                  = 8                                         {product} {ergonomic}
   size_t G1HeapRegionSize                         = 1048576                                   {product} {ergonomic}
    uintx GCDrainStackTargetSize                   = 64                                        {product} {ergonomic}
   size_t InitialHeapSize                          = 266338304                                 {product} {ergonomic}
   size_t MarkStackSize                            = 4194304                                   {product} {ergonomic}
   size_t MaxHeapSize                              = 2147483648                                {product} {command line}
   size_t MaxNewSize                               = 1287651328                                {product} {ergonomic}
   size_t MinHeapDeltaBytes                        = 1048576                                   {product} {ergonomic}
    uintx NonNMethodCodeHeapSize                   = 5836300                                {pd product} {ergonomic}
    uintx NonProfiledCodeHeapSize                  = 122910970                              {pd product} {ergonomic}
    uintx ProfiledCodeHeapSize                     = 122910970                              {pd product} {ergonomic}
    uintx ReservedCodeCacheSize                    = 251658240                              {pd product} {ergonomic}
     bool SegmentedCodeCache                       = true                                      {product} {ergonomic}
     bool UseCompressedClassPointers               = true                                 {lp64_product} {ergonomic}
     bool UseCompressedOops                        = true                                 {lp64_product} {ergonomic}
     bool UseG1GC                                  = true                                      {product} {ergonomic}
     bool UseLargePagesIndividualAllocation        = false                                  {pd product} {ergonomic}

Logging:
Log output configuration:
 #0: stdout all=warning uptime,level,tags
 #1: stderr all=off uptime,level,tags

Environment Variables:
JAVA_HOME=D:\JDK
PATH=C:\Program Files\PlasticSCM5\server;C:\Program Files\PlasticSCM5\client;C:\Program Files\Common Files\Oracle\Java\javapath;C:\windows\system32;C:\windows;C:\windows\System32\Wbem;C:\windows\System32\WindowsPowerShell\v1.0\;C:\windows\System32\OpenSSH\;C:\Program Files (x86)\NVIDIA Corporation\PhysX\Common;C:\WINDOWS\system32;C:\WINDOWS;C:\WINDOWS\System32\Wbem;C:\WINDOWS\System32\WindowsPowerShell\v1.0\;C:\WINDOWS\System32\OpenSSH\;"D:\JDK\bin;";C:\Program Files\Microsoft SQL Server\Client SDK\ODBC\130\Tools\Binn\;C:\Program Files (x86)\Microsoft SQL Server\130\Tools\Binn\;C:\Program Files\Microsoft SQL Server\130\Tools\Binn\;C:\Program Files\Microsoft SQL Server\130\DTS\Binn\;C:\Program Files (x86)\Microsoft SQL Server\150\DTS\Binn\;D:\Microsoft VS Code\bin;C:\Users\14185\AppData\Local\Programs\Python\Python39\;D:\Dev-Cpp\devcpp.exe
USERNAME=14185
OS=Windows_NT
PROCESSOR_IDENTIFIER=Intel64 Family 6 Model 142 Stepping 12, GenuineIntel



---------------  S Y S T E M  ---------------

OS: Windows 10 , 64 bit Build 19041 (10.0.19041.1348)
OS uptime: 0 days 22:05 hours

CPU:total 8 (initial active 8) (4 cores per cpu, 2 threads per core) family 6 model 142 stepping 12 microcode 0xca, cmov, cx8, fxsr, mmx, sse, sse2, sse3, ssse3, sse4.1, sse4.2, popcnt, avx, avx2, aes, clmul, erms, 3dnowpref, lzcnt, ht, tsc, tscinvbit, bmi1, bmi2, adx, fma

Memory: 4k page, system-wide physical 16221M (5911M free)
TotalPageFile size 24925M (AvailPageFile size 12798M)
current process WorkingSet (physical memory assigned to process): 509M, peak: 509M
current process commit charge ("private bytes"): 562M, peak: 563M

vm_info: OpenJDK 64-Bit Server VM (11.0.10+0-b96-7249189) for windows-amd64 JRE (11.0.10+0-b96-7249189), built on Mar 31 2021 21:44:00 by "builder" with MS VC++ 14.0 (VS2015)

END.
