#
# A fatal error has been detected by the Java Runtime Environment:
#
#  EXCEPTION_ACCESS_VIOLATION (0xc0000005) at pc=0x00007ffb2a1ac2b3, pid=27280, tid=10208
#
# JRE version: OpenJDK Runtime Environment (11.0.10) (build 11.0.10+0-b96-7249189)
# Java VM: OpenJDK 64-Bit Server VM (11.0.10+0-b96-7249189, mixed mode, tiered, compressed oops, g1 gc, windows-amd64)
# Problematic frame:
# C  [libzdtp64.dll+0x1c2b3]
#
# No core dump will be written. Minidumps are not enabled by default on client versions of Windows
#
# If you would like to submit a bug report, please visit:
#   https://bugreport.java.com/bugreport/crash.jsp
# The crash happened outside the Java Virtual Machine in native code.
# See problematic frame for where to report the bug.
#

---------------  S U M M A R Y ------------

Command Line: --add-opens=java.base/java.util=ALL-UNNAMED --add-opens=java.base/java.lang=ALL-UNNAMED --add-opens=java.base/java.lang.invoke=ALL-UNNAMED --add-opens=java.base/java.util=ALL-UNNAMED --add-opens=java.prefs/java.util.prefs=ALL-UNNAMED --add-opens=java.prefs/java.util.prefs=ALL-UNNAMED --add-opens=java.base/java.nio.charset=ALL-UNNAMED --add-opens=java.base/java.net=ALL-UNNAMED --add-opens=java.base/java.util.concurrent.atomic=ALL-UNNAMED -Xmx2048m -Dfile.encoding=UTF-8 -Duser.country=CN -Duser.language=zh -Duser.variant org.gradle.launcher.daemon.bootstrap.GradleDaemon 7.0.2

Host: Intel(R) Core(TM) i7-10510U CPU @ 1.80GHz, 8 cores, 15G,  Windows 10 , 64 bit Build 19041 (10.0.19041.1348)
Time: Mon Dec 27 18:22:34 2021 中国标准时间 elapsed time: 19.845205 seconds (0d 0h 0m 19s)

---------------  T H R E A D  ---------------

Current thread (0x0000015d2094f800):  JavaThread "WorkerExecutor Queue" [_thread_in_native, id=10208, stack(0x0000001c88700000,0x0000001c88800000)]

Stack: [0x0000001c88700000,0x0000001c88800000],  sp=0x0000001c887fd810,  free space=1014k
Native frames: (J=compiled Java code, j=interpreted, Vv=VM code, C=native code)
C  [libzdtp64.dll+0x1c2b3]
C  [libzdtp64.dll+0x1cf8d]
C  0x0000015d05a7ff48

Java frames: (J=compiled Java code, j=interpreted, Vv=VM code)
j  java.lang.ProcessImpl.create(Ljava/lang/String;Ljava/lang/String;Ljava/lang/String;[JZ)J+0 java.base@11.0.10
j  java.lang.ProcessImpl.<init>([Ljava/lang/String;Ljava/lang/String;Ljava/lang/String;[JZ)V+264 java.base@11.0.10
j  java.lang.ProcessImpl.start([Ljava/lang/String;Ljava/util/Map;Ljava/lang/String;[Ljava/lang/ProcessBuilder$Redirect;Z)Ljava/lang/Process;+399 java.base@11.0.10
j  java.lang.ProcessBuilder.start([Ljava/lang/ProcessBuilder$Redirect;)Ljava/lang/Process;+163 java.base@11.0.10
j  java.lang.ProcessBuilder.start()Ljava/lang/Process;+5 java.base@11.0.10
j  com.android.builder.internal.aapt.v2.Aapt2DaemonImpl.startProcess()V+41
j  com.android.builder.internal.aapt.v2.Aapt2Daemon.checkStarted()V+66
j  com.android.builder.internal.aapt.v2.Aapt2Daemon.link(Lcom/android/builder/internal/aapt/AaptPackageConfig;Lcom/android/utils/ILogger;)V+13
j  com.android.builder.internal.aapt.v2.Aapt2DaemonManager$LeasedAaptDaemon.link(Lcom/android/builder/internal/aapt/AaptPackageConfig;Lcom/android/utils/ILogger;)V+34
j  com.android.builder.internal.aapt.v2.Aapt2DaemonManager$leasingAapt2Daemon$1.link(Lcom/android/builder/internal/aapt/AaptPackageConfig;Lcom/android/utils/ILogger;)V+49
j  com.android.build.gradle.internal.services.PartialInProcessResourceProcessor.link(Lcom/android/builder/internal/aapt/AaptPackageConfig;Lcom/android/utils/ILogger;)V+18
j  com.android.build.gradle.internal.res.Aapt2ProcessResourcesRunnableKt.processResources(Lcom/android/builder/internal/aapt/v2/Aapt2;Lcom/android/builder/internal/aapt/AaptPackageConfig;Ljava/io/File;Lorg/gradle/api/logging/Logger;Lcom/android/build/gradle/options/SyncOptions$ErrorFormatMode;Lkotlin/jvm/functions/Function1;)V+46
j  com.android.build.gradle.internal.res.LinkApplicationAndroidResourcesTask$Companion.invokeAaptForSplit(Lcom/android/build/api/variant/impl/VariantOutputImpl$SerializedForm;Lcom/android/build/api/variant/impl/BuiltArtifactImpl;ZLcom/android/builder/internal/aapt/v2/Aapt2;Ljava/io/File;Lcom/android/build/gradle/internal/res/LinkApplicationAndroidResourcesTask$TaskWorkActionParameters;)V+1428
j  com.android.build.gradle.internal.res.LinkApplicationAndroidResourcesTask$Companion.access$invokeAaptForSplit(Lcom/android/build/gradle/internal/res/LinkApplicationAndroidResourcesTask$Companion;Lcom/android/build/api/variant/impl/VariantOutputImpl$SerializedForm;Lcom/android/build/api/variant/impl/BuiltArtifactImpl;ZLcom/android/builder/internal/aapt/v2/Aapt2;Ljava/io/File;Lcom/android/build/gradle/internal/res/LinkApplicationAndroidResourcesTask$TaskWorkActionParameters;)V+10
j  com.android.build.gradle.internal.res.LinkApplicationAndroidResourcesTask$TaskAction.run()V+224
j  com.android.build.gradle.internal.profile.ProfileAwareWorkAction.execute()V+74
j  org.gradle.workers.internal.DefaultWorkerServer.execute(Lorg/gradle/workers/internal/SimpleActionExecutionSpec;)Lorg/gradle/workers/internal/DefaultWorkResult;+128
j  org.gradle.workers.internal.NoIsolationWorkerFactory$1$1.create()Lorg/gradle/workers/internal/DefaultWorkResult;+29
j  org.gradle.workers.internal.NoIsolationWorkerFactory$1$1.create()Ljava/lang/Object;+1
j  org.gradle.internal.classloader.ClassLoaderUtils.executeInClassloader(Ljava/lang/ClassLoader;Lorg/gradle/internal/Factory;)Ljava/lang/Object;+15
j  org.gradle.workers.internal.NoIsolationWorkerFactory$1.lambda$execute$0(Ljava/lang/ClassLoader;Lorg/gradle/workers/WorkerExecutor;Lorg/gradle/workers/internal/IsolatedParametersActionExecutionSpec;)Lorg/gradle/workers/internal/DefaultWorkResult;+10
j  org.gradle.workers.internal.NoIsolationWorkerFactory$1$$Lambda$1085.execute(Lorg/gradle/workers/internal/IsolatedParametersActionExecutionSpec;)Lorg/gradle/workers/internal/DefaultWorkResult;+13
j  org.gradle.workers.internal.AbstractWorker$1.call(Lorg/gradle/internal/operations/BuildOperationContext;)Lorg/gradle/workers/internal/DefaultWorkResult;+8
j  org.gradle.workers.internal.AbstractWorker$1.call(Lorg/gradle/internal/operations/BuildOperationContext;)Ljava/lang/Object;+2
J 8789 c1 org.gradle.internal.operations.DefaultBuildOperationRunner$CallableBuildOperationWorker.execute(Lorg/gradle/internal/operations/BuildOperation;Lorg/gradle/internal/operations/BuildOperationContext;)V (10 bytes) @ 0x0000015d0723feb4 [0x0000015d0723fc60+0x0000000000000254]
J 6620 c1 org.gradle.internal.operations.DefaultBuildOperationRunner$3.execute(Lorg/gradle/internal/operations/BuildOperationDescriptor;Lorg/gradle/internal/operations/BuildOperationState;Lorg/gradle/internal/operations/BuildOperationState;Lorg/gradle/internal/operations/DefaultBuildOperationRunner$ReadableBuildOperationContext;Lorg/gradle/internal/operations/DefaultBuildOperationRunner$BuildOperationExecutionListener;)Lorg/gradle/internal/operations/BuildOperation; (110 bytes) @ 0x0000015d06da49a4 [0x0000015d06da47c0+0x00000000000001e4]
J 6469 c1 org.gradle.internal.operations.DefaultBuildOperationRunner.execute(Lorg/gradle/internal/operations/BuildOperationDescriptor$Builder;Lorg/gradle/internal/operations/BuildOperationState;Lorg/gradle/internal/operations/DefaultBuildOperationRunner$BuildOperationExecution;)Ljava/lang/Object; (140 bytes) @ 0x0000015d06d53cb4 [0x0000015d06d52fa0+0x0000000000000d14]
J 9198 c1 org.gradle.internal.operations.DefaultBuildOperationRunner.call(Lorg/gradle/internal/operations/CallableBuildOperation;)Ljava/lang/Object; (24 bytes) @ 0x0000015d0732244c [0x0000015d07321d60+0x00000000000006ec]
J 6594 c1 org.gradle.internal.operations.DefaultBuildOperationExecutor.call(Lorg/gradle/internal/operations/CallableBuildOperation;)Ljava/lang/Object; (19 bytes) @ 0x0000015d06d97ecc [0x0000015d06d97620+0x00000000000008ac]
j  org.gradle.workers.internal.AbstractWorker.executeWrappedInBuildOperation(Lorg/gradle/workers/internal/IsolatedParametersActionExecutionSpec;Lorg/gradle/internal/operations/BuildOperationRef;Lorg/gradle/workers/internal/AbstractWorker$Work;)Lorg/gradle/workers/internal/DefaultWorkResult;+15
j  org.gradle.workers.internal.NoIsolationWorkerFactory$1.execute(Lorg/gradle/workers/internal/IsolatedParametersActionExecutionSpec;Lorg/gradle/internal/operations/BuildOperationRef;)Lorg/gradle/workers/internal/DefaultWorkResult;+17
j  org.gradle.workers.internal.DefaultWorkerExecutor.lambda$submitWork$2(Lorg/gradle/workers/internal/WorkerFactory;Lorg/gradle/workers/internal/WorkerRequirement;Lorg/gradle/workers/internal/IsolatedParametersActionExecutionSpec;Lorg/gradle/internal/operations/BuildOperationRef;)Lorg/gradle/workers/internal/DefaultWorkResult;+13
j  org.gradle.workers.internal.DefaultWorkerExecutor$$Lambda$1083.call()Ljava/lang/Object;+16
J 7662 c1 java.util.concurrent.FutureTask.run()V java.base@11.0.10 (123 bytes) @ 0x0000015d070122c4 [0x0000015d07011c20+0x00000000000006a4]
j  org.gradle.internal.work.DefaultConditionalExecutionQueue$ExecutionRunner.runExecution(Lorg/gradle/internal/work/ConditionalExecution;)V+6
j  org.gradle.internal.work.DefaultConditionalExecutionQueue$ExecutionRunner.runBatch(Lorg/gradle/internal/work/ConditionalExecution;)V+8
j  org.gradle.internal.work.DefaultConditionalExecutionQueue$ExecutionRunner.run()V+11
j  java.util.concurrent.Executors$RunnableAdapter.call()Ljava/lang/Object;+4 java.base@11.0.10
J 7662 c1 java.util.concurrent.FutureTask.run()V java.base@11.0.10 (123 bytes) @ 0x0000015d070122c4 [0x0000015d07011c20+0x00000000000006a4]
J 8919 c1 org.gradle.internal.concurrent.ManagedExecutorImpl$1.run()V (57 bytes) @ 0x0000015d0727975c [0x0000015d072794e0+0x000000000000027c]
j  java.util.concurrent.ThreadPoolExecutor.runWorker(Ljava/util/concurrent/ThreadPoolExecutor$Worker;)V+92 java.base@11.0.10
j  java.util.concurrent.ThreadPoolExecutor$Worker.run()V+5 java.base@11.0.10
j  org.gradle.internal.concurrent.ThreadFactoryImpl$ManagedThreadRunnable.run()V+7
j  java.lang.Thread.run()V+11 java.base@11.0.10
v  ~StubRoutines::call_stub

siginfo: EXCEPTION_ACCESS_VIOLATION (0xc0000005), reading address 0x0000000000000018


Register to memory mapping:

RIP=0x00007ffb2a1ac2b3 libzdtp64.dll
RAX=0x0 is NULL
RBX=0x0 is NULL
RCX=0x0000001c887fd9f0 is pointing into the stack for thread: 0x0000015d2094f800
RDX=0x0 is NULL
RSP=0x0000001c887fd810 is pointing into the stack for thread: 0x0000015d2094f800
RBP=0x0000001c887fd910 is pointing into the stack for thread: 0x0000015d2094f800
RSI=0x0 is NULL
RDI=0x0000001c887fd9f0 is pointing into the stack for thread: 0x0000015d2094f800
R8 =0x0000000000000004 is an unknown value
R9 =0x0000000000000001 is an unknown value
R10=0x0000000000008000 is an unknown value
R11=0x0000001c887fd8f0 is pointing into the stack for thread: 0x0000015d2094f800
R12=0x0 is NULL
R13=0x0000015d1d1439e8 points into unknown readable memory: 0x0000000000000000 | 00 00 00 00 00 00 00 00
R14=0x0 is NULL
R15=0x0000000000000001 is an unknown value


Registers:
RAX=0x0000000000000000, RBX=0x0000000000000000, RCX=0x0000001c887fd9f0, RDX=0x0000000000000000
RSP=0x0000001c887fd810, RBP=0x0000001c887fd910, RSI=0x0000000000000000, RDI=0x0000001c887fd9f0
R8 =0x0000000000000004, R9 =0x0000000000000001, R10=0x0000000000008000, R11=0x0000001c887fd8f0
R12=0x0000000000000000, R13=0x0000015d1d1439e8, R14=0x0000000000000000, R15=0x0000000000000001
RIP=0x00007ffb2a1ac2b3, EFLAGS=0x0000000000010293

Top of Stack: (sp=0x0000001c887fd810)
0x0000001c887fd810:   00007ffb4149e670 0000001c887fd7c8
0x0000001c887fd820:   0000015d1d1439f8 0000000000000007
0x0000001c887fd830:   0000015d1d1439e8 0000000000000000
0x0000001c887fd840:   0000000000000004 0000000000000000
0x0000001c887fd850:   0000001c887fd950 00007ffb437f5ba1
0x0000001c887fd860:   0000000000000000 0000000000000004
0x0000001c887fd870:   0000015d2094fb48 fffffffffffffffe
0x0000001c887fd880:   0000000000000004 00007ffafc13047b
0x0000001c887fd890:   0000015d2434f490 0000015d0000009c
0x0000001c887fd8a0:   0000015d2094f800 0000015d2639f8f0
0x0000001c887fd8b0:   0000015d263a0d40 0000015d1d1439e8
0x0000001c887fd8c0:   0000015d7f8c0000 0000001c887fd960
0x0000001c887fd8d0:   000000000000006c 0000001c887fd970
0x0000001c887fd8e0:   0000000000000000 00007ffb4121b430
0x0000001c887fd8f0:   0000000000000000 000000000000000f
0x0000001c887fd900:   0000015d1d1439e8 0000000000000000 

Instructions: (pc=0x00007ffb2a1ac2b3)
0x00007ffb2a1ac1b3:   48 8b 0f 48 8b 47 08 48 2b c1 48 c1 f8 05 49 63
0x00007ffb2a1ac1c3:   f6 48 83 c0 f6 48 3b f0 74 16 4d 8b c7 48 8d 15
0x00007ffb2a1ac1d3:   ad 87 04 00 48 8d 4d d0 e8 e0 99 fe ff 48 8b 0f
0x00007ffb2a1ac1e3:   41 ff c6 48 83 c3 20 48 8b 47 08 48 2b c1 48 c1
0x00007ffb2a1ac1f3:   f8 05 48 3b f0 72 8a 48 83 7d e0 00 0f 84 3a 06
0x00007ffb2a1ac203:   00 00 66 44 89 7c 24 40 0f 57 c0 f3 0f 7f 44 24
0x00007ffb2a1ac213:   48 4c 89 64 24 58 66 0f 6f 05 6f 59 05 00 f3 0f
0x00007ffb2a1ac223:   7f 45 a0 c6 45 90 00 41 b8 04 00 00 00 48 8d 15
0x00007ffb2a1ac233:   59 0a 05 00 48 8d 4d 90 e8 20 50 fe ff 90 66 0f
0x00007ffb2a1ac243:   6f 05 47 59 05 00 f3 0f 7f 45 80 c6 44 24 70 00
0x00007ffb2a1ac253:   41 b8 06 00 00 00 48 8d 15 34 81 04 00 48 8d 4c
0x00007ffb2a1ac263:   24 70 e8 f6 4f fe ff 90 48 8d 54 24 70 48 8d 4d
0x00007ffb2a1ac273:   f0 e8 97 e5 fe ff 90 48 8d 55 90 48 8d 4d 10 e8
0x00007ffb2a1ac283:   89 e5 fe ff c7 45 30 65 00 00 00 48 8b 44 24 50
0x00007ffb2a1ac293:   48 39 44 24 58 74 60 48 8d 55 f0 48 8b c8 e8 aa
0x00007ffb2a1ac2a3:   d0 ff ff 48 83 44 24 50 48 eb 5e 66 90 48 8b d3
0x00007ffb2a1ac2b3:   48 83 7b 18 10 72 03 48 8b 13 49 c7 c0 ff ff ff
0x00007ffb2a1ac2c3:   ff 49 ff c0 42 80 3c 02 00 75 f6 48 8d 4d d0 e8
0x00007ffb2a1ac2d3:   e9 98 fe ff 48 83 c3 20 48 3b 5f 08 0f 84 15 ff
0x00007ffb2a1ac2e3:   ff ff 4d 8b c7 48 8d 15 a5 86 04 00 48 8d 4d d0
0x00007ffb2a1ac2f3:   e8 c8 98 fe ff eb b6 4c 8d 45 f0 48 8b d0 48 8d
0x00007ffb2a1ac303:   4c 24 48 e8 45 23 00 00 90 48 8d 4d f0 e8 7b 93
0x00007ffb2a1ac313:   ff ff 90 48 8b 55 88 48 83 fa 10 72 33 48 ff c2
0x00007ffb2a1ac323:   48 8b 4c 24 70 48 8b c1 48 81 fa 00 10 00 00 72
0x00007ffb2a1ac333:   19 48 83 c2 27 48 8b 49 f8 48 2b c1 48 83 c0 f8
0x00007ffb2a1ac343:   48 83 f8 1f 0f 87 5d 05 00 00 e8 1e a9 00 00 90
0x00007ffb2a1ac353:   48 8b 55 a8 48 83 fa 10 72 31 48 ff c2 48 8b 4d
0x00007ffb2a1ac363:   90 48 8b c1 48 81 fa 00 10 00 00 72 19 48 83 c2
0x00007ffb2a1ac373:   27 48 8b 49 f8 48 2b c1 48 83 c0 f8 48 83 f8 1f
0x00007ffb2a1ac383:   0f 87 27 05 00 00 e8 e2 a8 00 00 66 0f 6f 05 fa
0x00007ffb2a1ac393:   57 05 00 f3 0f 7f 45 80 c6 44 24 70 00 41 b8 03
0x00007ffb2a1ac3a3:   00 00 00 48 8d 15 b7 85 04 00 48 8d 4c 24 70 e8 


Stack slot to memory mapping:
stack at sp + 0 slots: 0x00007ffb4149e670 KERNELBASE.dll
stack at sp + 1 slots: 0x0000001c887fd7c8 is pointing into the stack for thread: 0x0000015d2094f800
stack at sp + 2 slots: 0x0000015d1d1439f8 points into unknown readable memory: 0x0000000000000000 | 00 00 00 00 00 00 00 00
stack at sp + 3 slots: 0x0000000000000007 is an unknown value
stack at sp + 4 slots: 0x0000015d1d1439e8 points into unknown readable memory: 0x0000000000000000 | 00 00 00 00 00 00 00 00
stack at sp + 5 slots: 0x0 is NULL
stack at sp + 6 slots: 0x0000000000000004 is an unknown value
stack at sp + 7 slots: 0x0 is NULL


---------------  P R O C E S S  ---------------

Threads class SMR info:
_java_thread_list=0x0000015d2396f290, length=68, elements={
0x0000015d01f94000, 0x0000015d1cc6f800, 0x0000015d1cc71000, 0x0000015d1cc96000,
0x0000015d1cc97000, 0x0000015d1ccea000, 0x0000015d1cced800, 0x0000015d1ccff800,
0x0000015d1cd06800, 0x0000015d1ce62800, 0x0000015d1efce800, 0x0000015d1cf1b800,
0x0000015d1ecec000, 0x0000015d1eea3800, 0x0000015d1f5de800, 0x0000015d1dabe000,
0x0000015d1e2c9000, 0x0000015d1ecd7000, 0x0000015d1e648800, 0x0000015d1f27c800,
0x0000015d1f138000, 0x0000015d1f138800, 0x0000015d1f134800, 0x0000015d1f139800,
0x0000015d1f137000, 0x0000015d1f135800, 0x0000015d1f13a800, 0x0000015d1f13b000,
0x0000015d1f136000, 0x0000015d1f423000, 0x0000015d1f420800, 0x0000015d1f424800,
0x0000015d1f425800, 0x0000015d1f427000, 0x0000015d1f422000, 0x0000015d1f42d800,
0x0000015d1f42b000, 0x0000015d1f42c000, 0x0000015d1f428800, 0x0000015d1f42e800,
0x0000015d1f42f000, 0x0000015d1f42a800, 0x0000015d1f429800, 0x0000015d20d7a800,
0x0000015d20d79800, 0x0000015d20d79000, 0x0000015d20d78000, 0x0000015d20d7b800,
0x0000015d20d7d000, 0x0000015d20d7c000, 0x0000015d21cb0000, 0x0000015d20d7e000,
0x0000015d20d82800, 0x0000015d20d7e800, 0x0000015d20d85000, 0x0000015d20d7f800,
0x0000015d20d84800, 0x0000015d20d83800, 0x0000015d20d86000, 0x0000015d20d82000,
0x0000015d20d80800, 0x0000015d20954800, 0x0000015d20952800, 0x0000015d2094f800,
0x0000015d20955000, 0x0000015d20953800, 0x0000015d20956000, 0x0000015d20950800
}

Java Threads: ( => current thread )
  0x0000015d01f94000 JavaThread "main" [_thread_blocked, id=31656, stack(0x0000001c83900000,0x0000001c83a00000)]
  0x0000015d1cc6f800 JavaThread "Reference Handler" daemon [_thread_blocked, id=24132, stack(0x0000001c84000000,0x0000001c84100000)]
  0x0000015d1cc71000 JavaThread "Finalizer" daemon [_thread_blocked, id=27304, stack(0x0000001c84100000,0x0000001c84200000)]
  0x0000015d1cc96000 JavaThread "Signal Dispatcher" daemon [_thread_blocked, id=28896, stack(0x0000001c84200000,0x0000001c84300000)]
  0x0000015d1cc97000 JavaThread "Attach Listener" daemon [_thread_blocked, id=1192, stack(0x0000001c84300000,0x0000001c84400000)]
  0x0000015d1ccea000 JavaThread "Service Thread" daemon [_thread_blocked, id=26344, stack(0x0000001c84400000,0x0000001c84500000)]
  0x0000015d1cced800 JavaThread "C2 CompilerThread0" daemon [_thread_in_native, id=30624, stack(0x0000001c84500000,0x0000001c84600000)]
  0x0000015d1ccff800 JavaThread "C1 CompilerThread0" daemon [_thread_blocked, id=23520, stack(0x0000001c84600000,0x0000001c84700000)]
  0x0000015d1cd06800 JavaThread "Sweeper thread" daemon [_thread_blocked, id=30616, stack(0x0000001c84700000,0x0000001c84800000)]
  0x0000015d1ce62800 JavaThread "Common-Cleaner" daemon [_thread_blocked, id=30552, stack(0x0000001c84800000,0x0000001c84900000)]
  0x0000015d1efce800 JavaThread "Daemon health stats" [_thread_blocked, id=26536, stack(0x0000001c85100000,0x0000001c85200000)]
  0x0000015d1cf1b800 JavaThread "Incoming local TCP Connector on port 49555" [_thread_in_native, id=26784, stack(0x0000001c84a00000,0x0000001c84b00000)]
  0x0000015d1ecec000 JavaThread "Daemon periodic checks" [_thread_blocked, id=31420, stack(0x0000001c85000000,0x0000001c85100000)]
  0x0000015d1eea3800 JavaThread "Daemon" [_thread_blocked, id=30880, stack(0x0000001c85200000,0x0000001c85300000)]
  0x0000015d1f5de800 JavaThread "Handler for socket connection from /127.0.0.1:49555 to /127.0.0.1:49556" [_thread_in_native, id=22204, stack(0x0000001c85300000,0x0000001c85400000)]
  0x0000015d1dabe000 JavaThread "Cancel handler" [_thread_blocked, id=30456, stack(0x0000001c85400000,0x0000001c85500000)]
  0x0000015d1e2c9000 JavaThread "C2 CompilerThread1" daemon [_thread_in_native, id=28700, stack(0x0000001c85500000,0x0000001c85600000)]
  0x0000015d1ecd7000 JavaThread "Daemon worker" [_thread_blocked, id=4600, stack(0x0000001c85600000,0x0000001c85700000)]
  0x0000015d1e648800 JavaThread "Asynchronous log dispatcher for DefaultDaemonConnection: socket connection from /127.0.0.1:49555 to /127.0.0.1:49556" [_thread_blocked, id=26460, stack(0x0000001c85700000,0x0000001c85800000)]
  0x0000015d1f27c800 JavaThread "Stdin handler" [_thread_blocked, id=22320, stack(0x0000001c85800000,0x0000001c85900000)]
  0x0000015d1f138000 JavaThread "Daemon client event forwarder" [_thread_blocked, id=3892, stack(0x0000001c85900000,0x0000001c85a00000)]
  0x0000015d1f138800 JavaThread "Cache worker for file hash cache (C:\Users\14185\.gradle\caches\7.0.2\fileHashes)" [_thread_blocked, id=30012, stack(0x0000001c85c00000,0x0000001c85d00000)]
  0x0000015d1f134800 JavaThread "File lock request listener" [_thread_in_native, id=28188, stack(0x0000001c85d00000,0x0000001c85e00000)]
  0x0000015d1f139800 JavaThread "Cache worker for journal cache (C:\Users\14185\.gradle\caches\journal-1)" [_thread_blocked, id=20908, stack(0x0000001c85f00000,0x0000001c86000000)]
  0x0000015d1f137000 JavaThread "Cache worker for file hash cache (D:\Android\LukeDict\.gradle\7.0.2\fileHashes)" [_thread_blocked, id=5340, stack(0x0000001c86000000,0x0000001c86100000)]
  0x0000015d1f135800 JavaThread "File watcher server" daemon [_thread_in_native, id=27216, stack(0x0000001c86100000,0x0000001c86200000)]
  0x0000015d1f13a800 JavaThread "File watcher consumer" daemon [_thread_blocked, id=9912, stack(0x0000001c86200000,0x0000001c86300000)]
  0x0000015d1f13b000 JavaThread "Cache worker for checksums cache (D:\Android\LukeDict\.gradle\checksums)" [_thread_blocked, id=27556, stack(0x0000001c86300000,0x0000001c86400000)]
  0x0000015d1f136000 JavaThread "Cache worker for cache directory md-supplier (C:\Users\14185\.gradle\caches\7.0.2\md-supplier)" [_thread_blocked, id=11424, stack(0x0000001c86400000,0x0000001c86500000)]
  0x0000015d1f423000 JavaThread "Cache worker for cache directory md-rule (C:\Users\14185\.gradle\caches\7.0.2\md-rule)" [_thread_blocked, id=25292, stack(0x0000001c86500000,0x0000001c86600000)]
  0x0000015d1f420800 JavaThread "Cache worker for execution history cache (C:\Users\14185\.gradle\caches\7.0.2\executionHistory)" [_thread_blocked, id=24836, stack(0x0000001c86600000,0x0000001c86700000)]
  0x0000015d1f424800 JavaThread "jar transforms" [_thread_blocked, id=31708, stack(0x0000001c86800000,0x0000001c86900000)]
  0x0000015d1f425800 JavaThread "jar transforms Thread 2" [_thread_blocked, id=26380, stack(0x0000001c86900000,0x0000001c86a00000)]
  0x0000015d1f427000 JavaThread "Cache worker for file content cache (C:\Users\14185\.gradle\caches\7.0.2\fileContent)" [_thread_blocked, id=31476, stack(0x0000001c86a00000,0x0000001c86b00000)]
  0x0000015d1f422000 JavaThread "Cache worker for dependencies-accessors (D:\Android\LukeDict\.gradle\7.0.2\dependencies-accessors)" [_thread_blocked, id=2884, stack(0x0000001c86b00000,0x0000001c86c00000)]
  0x0000015d1f42d800 JavaThread "jar transforms Thread 3" [_thread_blocked, id=30228, stack(0x0000001c86c00000,0x0000001c86d00000)]
  0x0000015d1f42b000 JavaThread "Cache worker for Build Output Cleanup Cache (D:\Android\LukeDict\.gradle\buildOutputCleanup)" [_thread_blocked, id=26292, stack(0x0000001c86d00000,0x0000001c86e00000)]
  0x0000015d1f42c000 JavaThread "Build operations" [_thread_blocked, id=24592, stack(0x0000001c86e00000,0x0000001c86f00000)]
  0x0000015d1f428800 JavaThread "Build operations Thread 2" [_thread_blocked, id=27156, stack(0x0000001c86f00000,0x0000001c87000000)]
  0x0000015d1f42e800 JavaThread "Build operations Thread 3" [_thread_blocked, id=30384, stack(0x0000001c87000000,0x0000001c87100000)]
  0x0000015d1f42f000 JavaThread "Build operations Thread 4" [_thread_blocked, id=24424, stack(0x0000001c87100000,0x0000001c87200000)]
  0x0000015d1f42a800 JavaThread "Build operations Thread 5" [_thread_blocked, id=30408, stack(0x0000001c87200000,0x0000001c87300000)]
  0x0000015d1f429800 JavaThread "Build operations Thread 6" [_thread_blocked, id=29544, stack(0x0000001c87300000,0x0000001c87400000)]
  0x0000015d20d7a800 JavaThread "Build operations Thread 7" [_thread_blocked, id=28676, stack(0x0000001c87400000,0x0000001c87500000)]
  0x0000015d20d79800 JavaThread "Build operations Thread 8" [_thread_blocked, id=29432, stack(0x0000001c87500000,0x0000001c87600000)]
  0x0000015d20d79000 JavaThread "jar transforms Thread 4" [_thread_blocked, id=22232, stack(0x0000001c87600000,0x0000001c87700000)]
  0x0000015d20d78000 JavaThread "jar transforms Thread 5" [_thread_blocked, id=30976, stack(0x0000001c87700000,0x0000001c87800000)]
  0x0000015d20d7b800 JavaThread "jar transforms Thread 6" [_thread_blocked, id=29048, stack(0x0000001c87800000,0x0000001c87900000)]
  0x0000015d20d7d000 JavaThread "jar transforms Thread 7" [_thread_blocked, id=29580, stack(0x0000001c87900000,0x0000001c87a00000)]
  0x0000015d20d7c000 JavaThread "jar transforms Thread 8" [_thread_blocked, id=29292, stack(0x0000001c87a00000,0x0000001c87b00000)]
  0x0000015d21cb0000 JavaThread "C2 CompilerThread2" daemon [_thread_in_native, id=27784, stack(0x0000001c86700000,0x0000001c86800000)]
  0x0000015d20d7e000 JavaThread "Memory manager" [_thread_blocked, id=24744, stack(0x0000001c87b00000,0x0000001c87c00000)]
  0x0000015d20d82800 JavaThread "build event listener" [_thread_blocked, id=26376, stack(0x0000001c87c00000,0x0000001c87d00000)]
  0x0000015d20d7e800 JavaThread "pool-3-thread-1" [_thread_blocked, id=28696, stack(0x0000001c87d00000,0x0000001c87e00000)]
  0x0000015d20d85000 JavaThread "build event listener" [_thread_blocked, id=27616, stack(0x0000001c87e00000,0x0000001c87f00000)]
  0x0000015d20d7f800 JavaThread "Execution worker for ':'" [_thread_blocked, id=25516, stack(0x0000001c87f00000,0x0000001c88000000)]
  0x0000015d20d84800 JavaThread "Execution worker for ':' Thread 2" [_thread_blocked, id=29636, stack(0x0000001c88000000,0x0000001c88100000)]
  0x0000015d20d83800 JavaThread "Execution worker for ':' Thread 3" [_thread_blocked, id=26528, stack(0x0000001c88100000,0x0000001c88200000)]
  0x0000015d20d86000 JavaThread "Execution worker for ':' Thread 4" [_thread_blocked, id=31276, stack(0x0000001c88200000,0x0000001c88300000)]
  0x0000015d20d82000 JavaThread "Execution worker for ':' Thread 5" [_thread_blocked, id=24120, stack(0x0000001c88300000,0x0000001c88400000)]
  0x0000015d20d80800 JavaThread "Execution worker for ':' Thread 6" [_thread_blocked, id=25668, stack(0x0000001c88400000,0x0000001c88500000)]
  0x0000015d20954800 JavaThread "Execution worker for ':' Thread 7" [_thread_blocked, id=31636, stack(0x0000001c88500000,0x0000001c88600000)]
  0x0000015d20952800 JavaThread "Cache worker for execution history cache (D:\Android\LukeDict\.gradle\7.0.2\executionHistory)" [_thread_blocked, id=26876, stack(0x0000001c88600000,0x0000001c88700000)]
=>0x0000015d2094f800 JavaThread "WorkerExecutor Queue" [_thread_in_native, id=10208, stack(0x0000001c88700000,0x0000001c88800000)]
  0x0000015d20955000 JavaThread "WorkerExecutor Queue Thread 2" [_thread_blocked, id=24508, stack(0x0000001c88800000,0x0000001c88900000)]
  0x0000015d20953800 JavaThread "WorkerExecutor Queue Thread 3" [_thread_in_vm, id=26468, stack(0x0000001c88900000,0x0000001c88a00000)]
  0x0000015d20956000 JavaThread "WorkerExecutor Queue Thread 4" [_thread_blocked, id=25044, stack(0x0000001c88a00000,0x0000001c88b00000)]
  0x0000015d20950800 JavaThread "pool-4-thread-1" [_thread_blocked, id=27476, stack(0x0000001c88b00000,0x0000001c88c00000)]

Other Threads:
  0x0000015d1cc6b800 VMThread "VM Thread" [stack: 0x0000001c83f00000,0x0000001c84000000] [id=23836]
  0x0000015d1ce91800 WatcherThread [stack: 0x0000001c84900000,0x0000001c84a00000] [id=23916]
  0x0000015d01fac800 GCTaskThread "GC Thread#0" [stack: 0x0000001c83a00000,0x0000001c83b00000] [id=30948]
  0x0000015d1d338800 GCTaskThread "GC Thread#1" [stack: 0x0000001c84b00000,0x0000001c84c00000] [id=25268]
  0x0000015d1d9fd800 GCTaskThread "GC Thread#2" [stack: 0x0000001c84c00000,0x0000001c84d00000] [id=16592]
  0x0000015d1db1d800 GCTaskThread "GC Thread#3" [stack: 0x0000001c84d00000,0x0000001c84e00000] [id=1548]
  0x0000015d1dbd9000 GCTaskThread "GC Thread#4" [stack: 0x0000001c84e00000,0x0000001c84f00000] [id=30636]
  0x0000015d1d8ee800 GCTaskThread "GC Thread#5" [stack: 0x0000001c84f00000,0x0000001c85000000] [id=29848]
  0x0000015d1f4c1000 GCTaskThread "GC Thread#6" [stack: 0x0000001c85a00000,0x0000001c85b00000] [id=6316]
  0x0000015d1fa65000 GCTaskThread "GC Thread#7" [stack: 0x0000001c85b00000,0x0000001c85c00000] [id=11328]
  0x0000015d01fdf000 ConcurrentGCThread "G1 Main Marker" [stack: 0x0000001c83b00000,0x0000001c83c00000] [id=30960]
  0x0000015d01fe0800 ConcurrentGCThread "G1 Conc#0" [stack: 0x0000001c83c00000,0x0000001c83d00000] [id=22596]
  0x0000015d1efcb800 ConcurrentGCThread "G1 Conc#1" [stack: 0x0000001c85e00000,0x0000001c85f00000] [id=29000]
  0x0000015d0205e800 ConcurrentGCThread "G1 Refine#0" [stack: 0x0000001c83d00000,0x0000001c83e00000] [id=30000]
  0x0000015d1c2b5000 ConcurrentGCThread "G1 Young RemSet Sampling" [stack: 0x0000001c83e00000,0x0000001c83f00000] [id=30532]

Threads with active compile tasks:
C2 CompilerThread0  19947 9989       4       org.gradle.api.internal.artifacts.transform.ConsumerProvidedVariantFinder::matchAttributes (68 bytes)
C1 CompilerThread0  19948 10371       3       com.google.common.collect.MapMakerInternalMap$Segment::getEntry (80 bytes)
C2 CompilerThread1  19948 10346   !   4       java.util.concurrent.ConcurrentHashMap::transfer (828 bytes)
C2 CompilerThread2  19948 10052       4       java.lang.Class::annotationData (44 bytes)

VM state:not at safepoint (normal execution)

VM Mutex/Monitor currently owned by a thread: None

Heap address: 0x0000000080000000, size: 2048 MB, Compressed Oops mode: 32-bit
Narrow klass base: 0x0000000000000000, Narrow klass shift: 3
Compressed class space size: 1073741824 Address: 0x0000000100000000

Heap:
 garbage-first heap   total 260096K, used 176392K [0x0000000080000000, 0x0000000100000000)
  region size 1024K, 103 young (105472K), 9 survivors (9216K)
 Metaspace       used 88802K, capacity 91108K, committed 91212K, reserved 1128448K
  class space    used 11456K, capacity 12312K, committed 12364K, reserved 1048576K
Heap Regions: E=young(eden), S=young(survivor), O=old, HS=humongous(starts), HC=humongous(continues), CS=collection set, F=free, A=archive, TAMS=top-at-mark-start (previous, next)
|   0|0x0000000080000000, 0x0000000080100000, 0x0000000080100000|100%| O|  |TAMS 0x0000000080100000, 0x0000000080000000| Untracked 
|   1|0x0000000080100000, 0x0000000080200000, 0x0000000080200000|100%| O|  |TAMS 0x0000000080200000, 0x0000000080100000| Untracked 
|   2|0x0000000080200000, 0x0000000080300000, 0x0000000080300000|100%| O|  |TAMS 0x0000000080300000, 0x0000000080200000| Untracked 
|   3|0x0000000080300000, 0x0000000080400000, 0x0000000080400000|100%|HS|  |TAMS 0x0000000080400000, 0x0000000080300000| Complete 
|   4|0x0000000080400000, 0x0000000080500000, 0x0000000080500000|100%|HC|  |TAMS 0x0000000080500000, 0x0000000080400000| Complete 
|   5|0x0000000080500000, 0x0000000080600000, 0x0000000080600000|100%|HC|  |TAMS 0x0000000080600000, 0x0000000080500000| Complete 
|   6|0x0000000080600000, 0x0000000080700000, 0x0000000080700000|100%| O|  |TAMS 0x0000000080700000, 0x0000000080600000| Untracked 
|   7|0x0000000080700000, 0x0000000080800000, 0x0000000080800000|100%| O|  |TAMS 0x0000000080800000, 0x0000000080700000| Untracked 
|   8|0x0000000080800000, 0x0000000080900000, 0x0000000080900000|100%| O|  |TAMS 0x0000000080900000, 0x0000000080800000| Untracked 
|   9|0x0000000080900000, 0x0000000080a00000, 0x0000000080a00000|100%| O|  |TAMS 0x0000000080a00000, 0x0000000080900000| Untracked 
|  10|0x0000000080a00000, 0x0000000080b00000, 0x0000000080b00000|100%| O|  |TAMS 0x0000000080b00000, 0x0000000080a00000| Untracked 
|  11|0x0000000080b00000, 0x0000000080c00000, 0x0000000080c00000|100%| O|  |TAMS 0x0000000080c00000, 0x0000000080b00000| Untracked 
|  12|0x0000000080c00000, 0x0000000080d00000, 0x0000000080d00000|100%| O|  |TAMS 0x0000000080d00000, 0x0000000080c00000| Untracked 
|  13|0x0000000080d00000, 0x0000000080e00000, 0x0000000080e00000|100%| O|  |TAMS 0x0000000080e00000, 0x0000000080d00000| Untracked 
|  14|0x0000000080e00000, 0x0000000080f00000, 0x0000000080f00000|100%| O|  |TAMS 0x0000000080f00000, 0x0000000080e00000| Untracked 
|  15|0x0000000080f00000, 0x0000000081000000, 0x0000000081000000|100%| O|  |TAMS 0x0000000081000000, 0x0000000080f00000| Untracked 
|  16|0x0000000081000000, 0x0000000081100000, 0x0000000081100000|100%|HS|  |TAMS 0x0000000081100000, 0x0000000081000000| Complete 
|  17|0x0000000081100000, 0x0000000081200000, 0x0000000081200000|100%|HS|  |TAMS 0x0000000081200000, 0x0000000081100000| Complete 
|  18|0x0000000081200000, 0x0000000081300000, 0x0000000081300000|100%|HS|  |TAMS 0x0000000081300000, 0x0000000081200000| Complete 
|  19|0x0000000081300000, 0x0000000081400000, 0x0000000081400000|100%|HC|  |TAMS 0x0000000081400000, 0x0000000081300000| Complete 
|  20|0x0000000081400000, 0x0000000081500000, 0x0000000081500000|100%| O|  |TAMS 0x0000000081500000, 0x0000000081400000| Untracked 
|  21|0x0000000081500000, 0x0000000081600000, 0x0000000081600000|100%| O|  |TAMS 0x0000000081600000, 0x0000000081500000| Untracked 
|  22|0x0000000081600000, 0x0000000081700000, 0x0000000081700000|100%| O|  |TAMS 0x0000000081700000, 0x0000000081600000| Untracked 
|  23|0x0000000081700000, 0x0000000081800000, 0x0000000081800000|100%| O|  |TAMS 0x0000000081774e00, 0x0000000081700000| Untracked 
|  24|0x0000000081800000, 0x0000000081900000, 0x0000000081900000|100%| O|  |TAMS 0x0000000081800000, 0x0000000081800000| Untracked 
|  25|0x0000000081900000, 0x0000000081a00000, 0x0000000081a00000|100%| O|  |TAMS 0x0000000081900000, 0x0000000081900000| Untracked 
|  26|0x0000000081a00000, 0x0000000081b00000, 0x0000000081b00000|100%| O|  |TAMS 0x0000000081a00000, 0x0000000081a00000| Untracked 
|  27|0x0000000081b00000, 0x0000000081c00000, 0x0000000081c00000|100%| O|  |TAMS 0x0000000081b00000, 0x0000000081b00000| Untracked 
|  28|0x0000000081c00000, 0x0000000081d00000, 0x0000000081d00000|100%| O|  |TAMS 0x0000000081c00000, 0x0000000081c00000| Untracked 
|  29|0x0000000081d00000, 0x0000000081e00000, 0x0000000081e00000|100%| O|  |TAMS 0x0000000081d00000, 0x0000000081d00000| Untracked 
|  30|0x0000000081e00000, 0x0000000081f00000, 0x0000000081f00000|100%| O|  |TAMS 0x0000000081e00000, 0x0000000081e00000| Untracked 
|  31|0x0000000081f00000, 0x0000000082000000, 0x0000000082000000|100%| O|  |TAMS 0x0000000081f00000, 0x0000000081f00000| Untracked 
|  32|0x0000000082000000, 0x0000000082100000, 0x0000000082100000|100%| O|  |TAMS 0x0000000082000000, 0x0000000082000000| Untracked 
|  33|0x0000000082100000, 0x0000000082200000, 0x0000000082200000|100%| O|  |TAMS 0x0000000082100000, 0x0000000082100000| Untracked 
|  34|0x0000000082200000, 0x0000000082300000, 0x0000000082300000|100%| O|  |TAMS 0x0000000082200000, 0x0000000082200000| Untracked 
|  35|0x0000000082300000, 0x0000000082400000, 0x0000000082400000|100%| O|  |TAMS 0x0000000082300000, 0x0000000082300000| Untracked 
|  36|0x0000000082400000, 0x0000000082500000, 0x0000000082500000|100%| O|  |TAMS 0x0000000082400000, 0x0000000082400000| Untracked 
|  37|0x0000000082500000, 0x0000000082600000, 0x0000000082600000|100%| O|  |TAMS 0x0000000082500000, 0x0000000082500000| Untracked 
|  38|0x0000000082600000, 0x0000000082700000, 0x0000000082700000|100%| O|  |TAMS 0x0000000082600000, 0x0000000082600000| Untracked 
|  39|0x0000000082700000, 0x0000000082800000, 0x0000000082800000|100%| O|  |TAMS 0x0000000082700000, 0x0000000082700000| Untracked 
|  40|0x0000000082800000, 0x0000000082900000, 0x0000000082900000|100%| O|  |TAMS 0x0000000082800000, 0x0000000082800000| Untracked 
|  41|0x0000000082900000, 0x0000000082a00000, 0x0000000082a00000|100%| O|  |TAMS 0x0000000082900000, 0x0000000082900000| Untracked 
|  42|0x0000000082a00000, 0x0000000082b00000, 0x0000000082b00000|100%| O|  |TAMS 0x0000000082a00000, 0x0000000082a00000| Untracked 
|  43|0x0000000082b00000, 0x0000000082c00000, 0x0000000082c00000|100%| O|  |TAMS 0x0000000082b00000, 0x0000000082b00000| Untracked 
|  44|0x0000000082c00000, 0x0000000082d00000, 0x0000000082d00000|100%| O|  |TAMS 0x0000000082c00000, 0x0000000082c00000| Untracked 
|  45|0x0000000082d00000, 0x0000000082e00000, 0x0000000082e00000|100%| O|  |TAMS 0x0000000082d00000, 0x0000000082d00000| Untracked 
|  46|0x0000000082e00000, 0x0000000082f00000, 0x0000000082f00000|100%| O|  |TAMS 0x0000000082e00000, 0x0000000082e00000| Untracked 
|  47|0x0000000082f00000, 0x0000000083000000, 0x0000000083000000|100%| O|  |TAMS 0x0000000082f00000, 0x0000000082f00000| Untracked 
|  48|0x0000000083000000, 0x0000000083100000, 0x0000000083100000|100%| O|  |TAMS 0x0000000083000000, 0x0000000083000000| Untracked 
|  49|0x0000000083100000, 0x0000000083200000, 0x0000000083200000|100%| O|  |TAMS 0x0000000083100000, 0x0000000083100000| Untracked 
|  50|0x0000000083200000, 0x0000000083300000, 0x0000000083300000|100%| O|  |TAMS 0x0000000083200000, 0x0000000083200000| Untracked 
|  51|0x0000000083300000, 0x0000000083400000, 0x0000000083400000|100%| O|  |TAMS 0x0000000083300000, 0x0000000083300000| Untracked 
|  52|0x0000000083400000, 0x0000000083500000, 0x0000000083500000|100%| O|  |TAMS 0x0000000083400000, 0x0000000083400000| Untracked 
|  53|0x0000000083500000, 0x0000000083600000, 0x0000000083600000|100%| O|  |TAMS 0x0000000083500000, 0x0000000083500000| Untracked 
|  54|0x0000000083600000, 0x0000000083700000, 0x0000000083700000|100%| O|  |TAMS 0x0000000083600000, 0x0000000083600000| Untracked 
|  55|0x0000000083700000, 0x0000000083800000, 0x0000000083800000|100%| O|  |TAMS 0x0000000083700000, 0x0000000083700000| Untracked 
|  56|0x0000000083800000, 0x0000000083900000, 0x0000000083900000|100%| O|  |TAMS 0x0000000083800000, 0x0000000083800000| Untracked 
|  57|0x0000000083900000, 0x0000000083a00000, 0x0000000083a00000|100%| O|  |TAMS 0x0000000083900000, 0x0000000083900000| Untracked 
|  58|0x0000000083a00000, 0x0000000083b00000, 0x0000000083b00000|100%| O|  |TAMS 0x0000000083a00000, 0x0000000083a00000| Untracked 
|  59|0x0000000083b00000, 0x0000000083c00000, 0x0000000083c00000|100%| O|  |TAMS 0x0000000083b00000, 0x0000000083b00000| Untracked 
|  60|0x0000000083c00000, 0x0000000083d00000, 0x0000000083d00000|100%| O|  |TAMS 0x0000000083c00000, 0x0000000083c00000| Untracked 
|  61|0x0000000083d00000, 0x0000000083e00000, 0x0000000083e00000|100%| O|  |TAMS 0x0000000083d00000, 0x0000000083d00000| Untracked 
|  62|0x0000000083e00000, 0x0000000083f00000, 0x0000000083f00000|100%| O|  |TAMS 0x0000000083e00000, 0x0000000083e00000| Untracked 
|  63|0x0000000083f00000, 0x0000000084000000, 0x0000000084000000|100%| O|  |TAMS 0x0000000083f00000, 0x0000000083f00000| Untracked 
|  64|0x0000000084000000, 0x0000000084100000, 0x0000000084100000|100%|HS|  |TAMS 0x0000000084000000, 0x0000000084000000| Complete 
|  65|0x0000000084100000, 0x0000000084200000, 0x0000000084200000|100%|HC|  |TAMS 0x0000000084100000, 0x0000000084100000| Complete 
|  66|0x0000000084200000, 0x0000000084300000, 0x0000000084300000|100%|HS|  |TAMS 0x0000000084200000, 0x0000000084200000| Complete 
|  67|0x0000000084300000, 0x0000000084400000, 0x0000000084400000|100%|HS|  |TAMS 0x0000000084300000, 0x0000000084300000| Complete 
|  68|0x0000000084400000, 0x0000000084500000, 0x0000000084500000|100%|HS|  |TAMS 0x0000000084400000, 0x0000000084400000| Complete 
|  69|0x0000000084500000, 0x0000000084600000, 0x0000000084600000|100%|HC|  |TAMS 0x0000000084500000, 0x0000000084500000| Complete 
|  70|0x0000000084600000, 0x0000000084700000, 0x0000000084700000|100%|HS|  |TAMS 0x0000000084600000, 0x0000000084600000| Complete 
|  71|0x0000000084700000, 0x0000000084800000, 0x0000000084800000|100%|HC|  |TAMS 0x0000000084700000, 0x0000000084700000| Complete 
|  72|0x0000000084800000, 0x0000000084800000, 0x0000000084900000|  0%| F|  |TAMS 0x0000000084800000, 0x0000000084800000| Untracked 
|  73|0x0000000084900000, 0x0000000084900000, 0x0000000084a00000|  0%| F|  |TAMS 0x0000000084900000, 0x0000000084900000| Untracked 
|  74|0x0000000084a00000, 0x0000000084a00000, 0x0000000084b00000|  0%| F|  |TAMS 0x0000000084a00000, 0x0000000084a00000| Untracked 
|  75|0x0000000084b00000, 0x0000000084b00000, 0x0000000084c00000|  0%| F|  |TAMS 0x0000000084b00000, 0x0000000084b00000| Untracked 
|  76|0x0000000084c00000, 0x0000000084c00000, 0x0000000084d00000|  0%| F|  |TAMS 0x0000000084c00000, 0x0000000084c00000| Untracked 
|  77|0x0000000084d00000, 0x0000000084d00000, 0x0000000084e00000|  0%| F|  |TAMS 0x0000000084d00000, 0x0000000084d00000| Untracked 
|  78|0x0000000084e00000, 0x0000000084e00000, 0x0000000084f00000|  0%| F|  |TAMS 0x0000000084e00000, 0x0000000084e00000| Untracked 
|  79|0x0000000084f00000, 0x0000000084f00000, 0x0000000085000000|  0%| F|  |TAMS 0x0000000084f00000, 0x0000000084f00000| Untracked 
|  80|0x0000000085000000, 0x0000000085000000, 0x0000000085100000|  0%| F|  |TAMS 0x0000000085000000, 0x0000000085000000| Untracked 
|  81|0x0000000085100000, 0x0000000085100000, 0x0000000085200000|  0%| F|  |TAMS 0x0000000085100000, 0x0000000085100000| Untracked 
|  82|0x0000000085200000, 0x0000000085200000, 0x0000000085300000|  0%| F|  |TAMS 0x0000000085200000, 0x0000000085200000| Untracked 
|  83|0x0000000085300000, 0x0000000085300000, 0x0000000085400000|  0%| F|  |TAMS 0x0000000085300000, 0x0000000085300000| Untracked 
|  84|0x0000000085400000, 0x0000000085400000, 0x0000000085500000|  0%| F|  |TAMS 0x0000000085400000, 0x0000000085400000| Untracked 
|  85|0x0000000085500000, 0x0000000085500000, 0x0000000085600000|  0%| F|  |TAMS 0x0000000085500000, 0x0000000085500000| Untracked 
|  86|0x0000000085600000, 0x0000000085600000, 0x0000000085700000|  0%| F|  |TAMS 0x0000000085600000, 0x0000000085600000| Untracked 
|  87|0x0000000085700000, 0x0000000085700000, 0x0000000085800000|  0%| F|  |TAMS 0x0000000085700000, 0x0000000085700000| Untracked 
|  88|0x0000000085800000, 0x0000000085800000, 0x0000000085900000|  0%| F|  |TAMS 0x0000000085800000, 0x0000000085800000| Untracked 
|  89|0x0000000085900000, 0x0000000085900000, 0x0000000085a00000|  0%| F|  |TAMS 0x0000000085900000, 0x0000000085900000| Untracked 
|  90|0x0000000085a00000, 0x0000000085a00000, 0x0000000085b00000|  0%| F|  |TAMS 0x0000000085a00000, 0x0000000085a00000| Untracked 
|  91|0x0000000085b00000, 0x0000000085b00000, 0x0000000085c00000|  0%| F|  |TAMS 0x0000000085b00000, 0x0000000085b00000| Untracked 
|  92|0x0000000085c00000, 0x0000000085c00000, 0x0000000085d00000|  0%| F|  |TAMS 0x0000000085c00000, 0x0000000085c00000| Untracked 
|  93|0x0000000085d00000, 0x0000000085d00000, 0x0000000085e00000|  0%| F|  |TAMS 0x0000000085d00000, 0x0000000085d00000| Untracked 
|  94|0x0000000085e00000, 0x0000000085e00000, 0x0000000085f00000|  0%| F|  |TAMS 0x0000000085e00000, 0x0000000085e00000| Untracked 
|  95|0x0000000085f00000, 0x0000000085f00000, 0x0000000086000000|  0%| F|  |TAMS 0x0000000085f00000, 0x0000000085f00000| Untracked 
|  96|0x0000000086000000, 0x0000000086000000, 0x0000000086100000|  0%| F|  |TAMS 0x0000000086000000, 0x0000000086000000| Untracked 
|  97|0x0000000086100000, 0x0000000086100000, 0x0000000086200000|  0%| F|  |TAMS 0x0000000086100000, 0x0000000086100000| Untracked 
|  98|0x0000000086200000, 0x0000000086200000, 0x0000000086300000|  0%| F|  |TAMS 0x0000000086200000, 0x0000000086200000| Untracked 
|  99|0x0000000086300000, 0x0000000086300000, 0x0000000086400000|  0%| F|  |TAMS 0x0000000086300000, 0x0000000086300000| Untracked 
| 100|0x0000000086400000, 0x0000000086400000, 0x0000000086500000|  0%| F|  |TAMS 0x0000000086400000, 0x0000000086400000| Untracked 
| 101|0x0000000086500000, 0x0000000086500000, 0x0000000086600000|  0%| F|  |TAMS 0x0000000086500000, 0x0000000086500000| Untracked 
| 102|0x0000000086600000, 0x0000000086600000, 0x0000000086700000|  0%| F|  |TAMS 0x0000000086600000, 0x0000000086600000| Untracked 
| 103|0x0000000086700000, 0x0000000086700000, 0x0000000086800000|  0%| F|  |TAMS 0x0000000086700000, 0x0000000086700000| Untracked 
| 104|0x0000000086800000, 0x0000000086800000, 0x0000000086900000|  0%| F|  |TAMS 0x0000000086800000, 0x0000000086800000| Untracked 
| 105|0x0000000086900000, 0x0000000086900000, 0x0000000086a00000|  0%| F|  |TAMS 0x0000000086900000, 0x0000000086900000| Untracked 
| 106|0x0000000086a00000, 0x0000000086a00000, 0x0000000086b00000|  0%| F|  |TAMS 0x0000000086a00000, 0x0000000086a00000| Untracked 
| 107|0x0000000086b00000, 0x0000000086b00000, 0x0000000086c00000|  0%| F|  |TAMS 0x0000000086b00000, 0x0000000086b00000| Untracked 
| 108|0x0000000086c00000, 0x0000000086c00000, 0x0000000086d00000|  0%| F|  |TAMS 0x0000000086c00000, 0x0000000086c00000| Untracked 
| 109|0x0000000086d00000, 0x0000000086d00000, 0x0000000086e00000|  0%| F|  |TAMS 0x0000000086d00000, 0x0000000086d00000| Untracked 
| 110|0x0000000086e00000, 0x0000000086e00000, 0x0000000086f00000|  0%| F|  |TAMS 0x0000000086e00000, 0x0000000086e00000| Untracked 
| 111|0x0000000086f00000, 0x0000000086f00000, 0x0000000087000000|  0%| F|  |TAMS 0x0000000086f00000, 0x0000000086f00000| Untracked 
| 112|0x0000000087000000, 0x0000000087000000, 0x0000000087100000|  0%| F|  |TAMS 0x0000000087000000, 0x0000000087000000| Untracked 
| 113|0x0000000087100000, 0x0000000087100000, 0x0000000087200000|  0%| F|  |TAMS 0x0000000087100000, 0x0000000087100000| Untracked 
| 114|0x0000000087200000, 0x0000000087200000, 0x0000000087300000|  0%| F|  |TAMS 0x0000000087200000, 0x0000000087200000| Untracked 
| 115|0x0000000087300000, 0x0000000087300000, 0x0000000087400000|  0%| F|  |TAMS 0x0000000087300000, 0x0000000087300000| Untracked 
| 116|0x0000000087400000, 0x0000000087400000, 0x0000000087500000|  0%| F|  |TAMS 0x0000000087400000, 0x0000000087400000| Untracked 
| 117|0x0000000087500000, 0x00000000875422b0, 0x0000000087600000| 25%| S|CS|TAMS 0x0000000087500000, 0x0000000087500000| Complete 
| 118|0x0000000087600000, 0x0000000087700000, 0x0000000087700000|100%| S|CS|TAMS 0x0000000087600000, 0x0000000087600000| Complete 
| 119|0x0000000087700000, 0x0000000087800000, 0x0000000087800000|100%| S|CS|TAMS 0x0000000087700000, 0x0000000087700000| Complete 
| 120|0x0000000087800000, 0x0000000087900000, 0x0000000087900000|100%| S|CS|TAMS 0x0000000087800000, 0x0000000087800000| Complete 
| 121|0x0000000087900000, 0x0000000087900000, 0x0000000087a00000|  0%| F|  |TAMS 0x0000000087900000, 0x0000000087900000| Untracked 
| 122|0x0000000087a00000, 0x0000000087a00000, 0x0000000087b00000|  0%| F|  |TAMS 0x0000000087a00000, 0x0000000087a00000| Untracked 
| 123|0x0000000087b00000, 0x0000000087c00000, 0x0000000087c00000|100%| S|CS|TAMS 0x0000000087b00000, 0x0000000087b00000| Complete 
| 124|0x0000000087c00000, 0x0000000087d00000, 0x0000000087d00000|100%| S|CS|TAMS 0x0000000087c00000, 0x0000000087c00000| Complete 
| 125|0x0000000087d00000, 0x0000000087e00000, 0x0000000087e00000|100%| S|CS|TAMS 0x0000000087d00000, 0x0000000087d00000| Complete 
| 126|0x0000000087e00000, 0x0000000087f00000, 0x0000000087f00000|100%| S|CS|TAMS 0x0000000087e00000, 0x0000000087e00000| Complete 
| 127|0x0000000087f00000, 0x0000000088000000, 0x0000000088000000|100%| S|CS|TAMS 0x0000000087f00000, 0x0000000087f00000| Complete 
| 128|0x0000000088000000, 0x0000000088000000, 0x0000000088100000|  0%| F|  |TAMS 0x0000000088000000, 0x0000000088000000| Untracked 
| 129|0x0000000088100000, 0x0000000088100000, 0x0000000088200000|  0%| F|  |TAMS 0x0000000088100000, 0x0000000088100000| Untracked 
| 130|0x0000000088200000, 0x0000000088200000, 0x0000000088300000|  0%| F|  |TAMS 0x0000000088200000, 0x0000000088200000| Untracked 
| 131|0x0000000088300000, 0x0000000088300000, 0x0000000088400000|  0%| F|  |TAMS 0x0000000088300000, 0x0000000088300000| Untracked 
| 132|0x0000000088400000, 0x0000000088400000, 0x0000000088500000|  0%| F|  |TAMS 0x0000000088400000, 0x0000000088400000| Untracked 
| 133|0x0000000088500000, 0x0000000088500000, 0x0000000088600000|  0%| F|  |TAMS 0x0000000088500000, 0x0000000088500000| Untracked 
| 134|0x0000000088600000, 0x0000000088600000, 0x0000000088700000|  0%| F|  |TAMS 0x0000000088600000, 0x0000000088600000| Untracked 
| 135|0x0000000088700000, 0x0000000088700000, 0x0000000088800000|  0%| F|  |TAMS 0x0000000088700000, 0x0000000088700000| Untracked 
| 136|0x0000000088800000, 0x0000000088800000, 0x0000000088900000|  0%| F|  |TAMS 0x0000000088800000, 0x0000000088800000| Untracked 
| 137|0x0000000088900000, 0x0000000088900000, 0x0000000088a00000|  0%| F|  |TAMS 0x0000000088900000, 0x0000000088900000| Untracked 
| 138|0x0000000088a00000, 0x0000000088a00000, 0x0000000088b00000|  0%| F|  |TAMS 0x0000000088a00000, 0x0000000088a00000| Untracked 
| 139|0x0000000088b00000, 0x0000000088b00000, 0x0000000088c00000|  0%| F|  |TAMS 0x0000000088b00000, 0x0000000088b00000| Untracked 
| 140|0x0000000088c00000, 0x0000000088c00000, 0x0000000088d00000|  0%| F|  |TAMS 0x0000000088c00000, 0x0000000088c00000| Untracked 
| 141|0x0000000088d00000, 0x0000000088d00000, 0x0000000088e00000|  0%| F|  |TAMS 0x0000000088d00000, 0x0000000088d00000| Untracked 
| 142|0x0000000088e00000, 0x0000000088e00000, 0x0000000088f00000|  0%| F|  |TAMS 0x0000000088e00000, 0x0000000088e00000| Untracked 
| 143|0x0000000088f00000, 0x0000000088f00000, 0x0000000089000000|  0%| F|  |TAMS 0x0000000088f00000, 0x0000000088f00000| Untracked 
| 144|0x0000000089000000, 0x0000000089000000, 0x0000000089100000|  0%| F|  |TAMS 0x0000000089000000, 0x0000000089000000| Untracked 
| 145|0x0000000089100000, 0x0000000089100000, 0x0000000089200000|  0%| F|  |TAMS 0x0000000089100000, 0x0000000089100000| Untracked 
| 146|0x0000000089200000, 0x0000000089200000, 0x0000000089300000|  0%| F|  |TAMS 0x0000000089200000, 0x0000000089200000| Untracked 
| 147|0x0000000089300000, 0x0000000089300000, 0x0000000089400000|  0%| F|  |TAMS 0x0000000089300000, 0x0000000089300000| Untracked 
| 148|0x0000000089400000, 0x0000000089400000, 0x0000000089500000|  0%| F|  |TAMS 0x0000000089400000, 0x0000000089400000| Untracked 
| 149|0x0000000089500000, 0x0000000089500000, 0x0000000089600000|  0%| F|  |TAMS 0x0000000089500000, 0x0000000089500000| Untracked 
| 150|0x0000000089600000, 0x0000000089600000, 0x0000000089700000|  0%| F|  |TAMS 0x0000000089600000, 0x0000000089600000| Untracked 
| 151|0x0000000089700000, 0x0000000089700000, 0x0000000089800000|  0%| F|  |TAMS 0x0000000089700000, 0x0000000089700000| Untracked 
| 152|0x0000000089800000, 0x0000000089800000, 0x0000000089900000|  0%| F|  |TAMS 0x0000000089800000, 0x0000000089800000| Untracked 
| 153|0x0000000089900000, 0x0000000089900000, 0x0000000089a00000|  0%| F|  |TAMS 0x0000000089900000, 0x0000000089900000| Untracked 
| 154|0x0000000089a00000, 0x0000000089a00000, 0x0000000089b00000|  0%| F|  |TAMS 0x0000000089a00000, 0x0000000089a00000| Untracked 
| 155|0x0000000089b00000, 0x0000000089b00000, 0x0000000089c00000|  0%| F|  |TAMS 0x0000000089b00000, 0x0000000089b00000| Untracked 
| 156|0x0000000089c00000, 0x0000000089c00000, 0x0000000089d00000|  0%| F|  |TAMS 0x0000000089c00000, 0x0000000089c00000| Untracked 
| 157|0x0000000089d00000, 0x0000000089d00000, 0x0000000089e00000|  0%| F|  |TAMS 0x0000000089d00000, 0x0000000089d00000| Untracked 
| 158|0x0000000089e00000, 0x0000000089e00000, 0x0000000089f00000|  0%| F|  |TAMS 0x0000000089e00000, 0x0000000089e00000| Untracked 
| 159|0x0000000089f00000, 0x0000000089f00000, 0x000000008a000000|  0%| F|  |TAMS 0x0000000089f00000, 0x0000000089f00000| Untracked 
| 160|0x000000008a000000, 0x000000008a0c1280, 0x000000008a100000| 75%| E|  |TAMS 0x000000008a000000, 0x000000008a000000| Complete 
| 161|0x000000008a100000, 0x000000008a200000, 0x000000008a200000|100%| E|CS|TAMS 0x000000008a100000, 0x000000008a100000| Complete 
| 162|0x000000008a200000, 0x000000008a300000, 0x000000008a300000|100%| E|CS|TAMS 0x000000008a200000, 0x000000008a200000| Complete 
| 163|0x000000008a300000, 0x000000008a400000, 0x000000008a400000|100%| E|CS|TAMS 0x000000008a300000, 0x000000008a300000| Complete 
| 164|0x000000008a400000, 0x000000008a500000, 0x000000008a500000|100%| E|CS|TAMS 0x000000008a400000, 0x000000008a400000| Complete 
| 165|0x000000008a500000, 0x000000008a600000, 0x000000008a600000|100%| E|  |TAMS 0x000000008a500000, 0x000000008a500000| Complete 
| 166|0x000000008a600000, 0x000000008a700000, 0x000000008a700000|100%| E|CS|TAMS 0x000000008a600000, 0x000000008a600000| Complete 
| 167|0x000000008a700000, 0x000000008a800000, 0x000000008a800000|100%| E|CS|TAMS 0x000000008a700000, 0x000000008a700000| Complete 
| 168|0x000000008a800000, 0x000000008a900000, 0x000000008a900000|100%| E|CS|TAMS 0x000000008a800000, 0x000000008a800000| Complete 
| 169|0x000000008a900000, 0x000000008aa00000, 0x000000008aa00000|100%| E|CS|TAMS 0x000000008a900000, 0x000000008a900000| Complete 
| 170|0x000000008aa00000, 0x000000008ab00000, 0x000000008ab00000|100%| E|CS|TAMS 0x000000008aa00000, 0x000000008aa00000| Complete 
| 171|0x000000008ab00000, 0x000000008ac00000, 0x000000008ac00000|100%| E|CS|TAMS 0x000000008ab00000, 0x000000008ab00000| Complete 
| 172|0x000000008ac00000, 0x000000008ad00000, 0x000000008ad00000|100%| E|CS|TAMS 0x000000008ac00000, 0x000000008ac00000| Complete 
| 173|0x000000008ad00000, 0x000000008ae00000, 0x000000008ae00000|100%| E|CS|TAMS 0x000000008ad00000, 0x000000008ad00000| Complete 
| 174|0x000000008ae00000, 0x000000008af00000, 0x000000008af00000|100%| E|CS|TAMS 0x000000008ae00000, 0x000000008ae00000| Complete 
| 175|0x000000008af00000, 0x000000008b000000, 0x000000008b000000|100%| E|CS|TAMS 0x000000008af00000, 0x000000008af00000| Complete 
| 176|0x000000008b000000, 0x000000008b100000, 0x000000008b100000|100%| E|CS|TAMS 0x000000008b000000, 0x000000008b000000| Complete 
| 177|0x000000008b100000, 0x000000008b200000, 0x000000008b200000|100%| E|CS|TAMS 0x000000008b100000, 0x000000008b100000| Complete 
| 178|0x000000008b200000, 0x000000008b300000, 0x000000008b300000|100%| E|CS|TAMS 0x000000008b200000, 0x000000008b200000| Complete 
| 179|0x000000008b300000, 0x000000008b400000, 0x000000008b400000|100%| E|CS|TAMS 0x000000008b300000, 0x000000008b300000| Complete 
| 180|0x000000008b400000, 0x000000008b500000, 0x000000008b500000|100%| E|CS|TAMS 0x000000008b400000, 0x000000008b400000| Complete 
| 181|0x000000008b500000, 0x000000008b600000, 0x000000008b600000|100%| E|CS|TAMS 0x000000008b500000, 0x000000008b500000| Complete 
| 182|0x000000008b600000, 0x000000008b700000, 0x000000008b700000|100%| E|CS|TAMS 0x000000008b600000, 0x000000008b600000| Complete 
| 183|0x000000008b700000, 0x000000008b800000, 0x000000008b800000|100%| E|CS|TAMS 0x000000008b700000, 0x000000008b700000| Complete 
| 184|0x000000008b800000, 0x000000008b900000, 0x000000008b900000|100%| E|CS|TAMS 0x000000008b800000, 0x000000008b800000| Complete 
| 185|0x000000008b900000, 0x000000008ba00000, 0x000000008ba00000|100%| E|CS|TAMS 0x000000008b900000, 0x000000008b900000| Complete 
| 186|0x000000008ba00000, 0x000000008bb00000, 0x000000008bb00000|100%| E|CS|TAMS 0x000000008ba00000, 0x000000008ba00000| Complete 
| 187|0x000000008bb00000, 0x000000008bc00000, 0x000000008bc00000|100%| E|CS|TAMS 0x000000008bb00000, 0x000000008bb00000| Complete 
| 188|0x000000008bc00000, 0x000000008bd00000, 0x000000008bd00000|100%| E|CS|TAMS 0x000000008bc00000, 0x000000008bc00000| Complete 
| 189|0x000000008bd00000, 0x000000008be00000, 0x000000008be00000|100%| E|CS|TAMS 0x000000008bd00000, 0x000000008bd00000| Complete 
| 190|0x000000008be00000, 0x000000008bf00000, 0x000000008bf00000|100%| E|CS|TAMS 0x000000008be00000, 0x000000008be00000| Complete 
| 191|0x000000008bf00000, 0x000000008c000000, 0x000000008c000000|100%| E|CS|TAMS 0x000000008bf00000, 0x000000008bf00000| Complete 
| 192|0x000000008c000000, 0x000000008c100000, 0x000000008c100000|100%| E|CS|TAMS 0x000000008c000000, 0x000000008c000000| Complete 
| 193|0x000000008c100000, 0x000000008c200000, 0x000000008c200000|100%| E|CS|TAMS 0x000000008c100000, 0x000000008c100000| Complete 
| 194|0x000000008c200000, 0x000000008c300000, 0x000000008c300000|100%| E|CS|TAMS 0x000000008c200000, 0x000000008c200000| Complete 
| 195|0x000000008c300000, 0x000000008c400000, 0x000000008c400000|100%| E|CS|TAMS 0x000000008c300000, 0x000000008c300000| Complete 
| 196|0x000000008c400000, 0x000000008c500000, 0x000000008c500000|100%| E|CS|TAMS 0x000000008c400000, 0x000000008c400000| Complete 
| 197|0x000000008c500000, 0x000000008c600000, 0x000000008c600000|100%| E|CS|TAMS 0x000000008c500000, 0x000000008c500000| Complete 
| 198|0x000000008c600000, 0x000000008c700000, 0x000000008c700000|100%| E|CS|TAMS 0x000000008c600000, 0x000000008c600000| Complete 
| 199|0x000000008c700000, 0x000000008c800000, 0x000000008c800000|100%| E|CS|TAMS 0x000000008c700000, 0x000000008c700000| Complete 
| 200|0x000000008c800000, 0x000000008c900000, 0x000000008c900000|100%| E|CS|TAMS 0x000000008c800000, 0x000000008c800000| Complete 
| 201|0x000000008c900000, 0x000000008ca00000, 0x000000008ca00000|100%| E|CS|TAMS 0x000000008c900000, 0x000000008c900000| Complete 
| 202|0x000000008ca00000, 0x000000008cb00000, 0x000000008cb00000|100%| E|CS|TAMS 0x000000008ca00000, 0x000000008ca00000| Complete 
| 203|0x000000008cb00000, 0x000000008cc00000, 0x000000008cc00000|100%| E|CS|TAMS 0x000000008cb00000, 0x000000008cb00000| Complete 
| 204|0x000000008cc00000, 0x000000008cd00000, 0x000000008cd00000|100%| E|CS|TAMS 0x000000008cc00000, 0x000000008cc00000| Complete 
| 205|0x000000008cd00000, 0x000000008ce00000, 0x000000008ce00000|100%| E|CS|TAMS 0x000000008cd00000, 0x000000008cd00000| Complete 
| 206|0x000000008ce00000, 0x000000008cf00000, 0x000000008cf00000|100%| E|CS|TAMS 0x000000008ce00000, 0x000000008ce00000| Complete 
| 207|0x000000008cf00000, 0x000000008d000000, 0x000000008d000000|100%| E|CS|TAMS 0x000000008cf00000, 0x000000008cf00000| Complete 
| 208|0x000000008d000000, 0x000000008d100000, 0x000000008d100000|100%| E|CS|TAMS 0x000000008d000000, 0x000000008d000000| Complete 
| 209|0x000000008d100000, 0x000000008d200000, 0x000000008d200000|100%| E|CS|TAMS 0x000000008d100000, 0x000000008d100000| Complete 
| 210|0x000000008d200000, 0x000000008d300000, 0x000000008d300000|100%| E|CS|TAMS 0x000000008d200000, 0x000000008d200000| Complete 
| 211|0x000000008d300000, 0x000000008d400000, 0x000000008d400000|100%| E|CS|TAMS 0x000000008d300000, 0x000000008d300000| Complete 
| 212|0x000000008d400000, 0x000000008d500000, 0x000000008d500000|100%| E|CS|TAMS 0x000000008d400000, 0x000000008d400000| Complete 
| 213|0x000000008d500000, 0x000000008d600000, 0x000000008d600000|100%| E|CS|TAMS 0x000000008d500000, 0x000000008d500000| Complete 
| 214|0x000000008d600000, 0x000000008d700000, 0x000000008d700000|100%| E|CS|TAMS 0x000000008d600000, 0x000000008d600000| Complete 
| 215|0x000000008d700000, 0x000000008d800000, 0x000000008d800000|100%| E|CS|TAMS 0x000000008d700000, 0x000000008d700000| Complete 
| 216|0x000000008d800000, 0x000000008d900000, 0x000000008d900000|100%| E|CS|TAMS 0x000000008d800000, 0x000000008d800000| Complete 
| 217|0x000000008d900000, 0x000000008da00000, 0x000000008da00000|100%| E|CS|TAMS 0x000000008d900000, 0x000000008d900000| Complete 
| 218|0x000000008da00000, 0x000000008db00000, 0x000000008db00000|100%| E|CS|TAMS 0x000000008da00000, 0x000000008da00000| Complete 
| 219|0x000000008db00000, 0x000000008dc00000, 0x000000008dc00000|100%| E|CS|TAMS 0x000000008db00000, 0x000000008db00000| Complete 
| 220|0x000000008dc00000, 0x000000008dd00000, 0x000000008dd00000|100%| E|CS|TAMS 0x000000008dc00000, 0x000000008dc00000| Complete 
| 221|0x000000008dd00000, 0x000000008de00000, 0x000000008de00000|100%| E|CS|TAMS 0x000000008dd00000, 0x000000008dd00000| Complete 
| 222|0x000000008de00000, 0x000000008df00000, 0x000000008df00000|100%| E|CS|TAMS 0x000000008de00000, 0x000000008de00000| Complete 
| 223|0x000000008df00000, 0x000000008e000000, 0x000000008e000000|100%| E|CS|TAMS 0x000000008df00000, 0x000000008df00000| Complete 
| 224|0x000000008e000000, 0x000000008e100000, 0x000000008e100000|100%| E|CS|TAMS 0x000000008e000000, 0x000000008e000000| Complete 
| 225|0x000000008e100000, 0x000000008e200000, 0x000000008e200000|100%| E|CS|TAMS 0x000000008e100000, 0x000000008e100000| Complete 
| 226|0x000000008e200000, 0x000000008e300000, 0x000000008e300000|100%| E|CS|TAMS 0x000000008e200000, 0x000000008e200000| Complete 
| 227|0x000000008e300000, 0x000000008e400000, 0x000000008e400000|100%| E|CS|TAMS 0x000000008e300000, 0x000000008e300000| Complete 
| 228|0x000000008e400000, 0x000000008e500000, 0x000000008e500000|100%| E|CS|TAMS 0x000000008e400000, 0x000000008e400000| Complete 
| 229|0x000000008e500000, 0x000000008e600000, 0x000000008e600000|100%| E|CS|TAMS 0x000000008e500000, 0x000000008e500000| Complete 
| 230|0x000000008e600000, 0x000000008e700000, 0x000000008e700000|100%| E|CS|TAMS 0x000000008e600000, 0x000000008e600000| Complete 
| 231|0x000000008e700000, 0x000000008e800000, 0x000000008e800000|100%| E|CS|TAMS 0x000000008e700000, 0x000000008e700000| Complete 
| 232|0x000000008e800000, 0x000000008e900000, 0x000000008e900000|100%| E|CS|TAMS 0x000000008e800000, 0x000000008e800000| Complete 
| 233|0x000000008e900000, 0x000000008ea00000, 0x000000008ea00000|100%| E|CS|TAMS 0x000000008e900000, 0x000000008e900000| Complete 
| 234|0x000000008ea00000, 0x000000008eb00000, 0x000000008eb00000|100%| E|CS|TAMS 0x000000008ea00000, 0x000000008ea00000| Complete 
| 235|0x000000008eb00000, 0x000000008ec00000, 0x000000008ec00000|100%| E|CS|TAMS 0x000000008eb00000, 0x000000008eb00000| Complete 
| 236|0x000000008ec00000, 0x000000008ed00000, 0x000000008ed00000|100%| E|CS|TAMS 0x000000008ec00000, 0x000000008ec00000| Complete 
| 237|0x000000008ed00000, 0x000000008ee00000, 0x000000008ee00000|100%| E|CS|TAMS 0x000000008ed00000, 0x000000008ed00000| Complete 
| 238|0x000000008ee00000, 0x000000008ef00000, 0x000000008ef00000|100%| E|CS|TAMS 0x000000008ee00000, 0x000000008ee00000| Complete 
| 239|0x000000008ef00000, 0x000000008f000000, 0x000000008f000000|100%| E|CS|TAMS 0x000000008ef00000, 0x000000008ef00000| Complete 
| 240|0x000000008f000000, 0x000000008f100000, 0x000000008f100000|100%| E|CS|TAMS 0x000000008f000000, 0x000000008f000000| Complete 
| 241|0x000000008f100000, 0x000000008f200000, 0x000000008f200000|100%| E|CS|TAMS 0x000000008f100000, 0x000000008f100000| Complete 
| 242|0x000000008f200000, 0x000000008f300000, 0x000000008f300000|100%| E|CS|TAMS 0x000000008f200000, 0x000000008f200000| Complete 
| 243|0x000000008f300000, 0x000000008f400000, 0x000000008f400000|100%| E|CS|TAMS 0x000000008f300000, 0x000000008f300000| Complete 
| 244|0x000000008f400000, 0x000000008f500000, 0x000000008f500000|100%| E|CS|TAMS 0x000000008f400000, 0x000000008f400000| Complete 
| 245|0x000000008f500000, 0x000000008f600000, 0x000000008f600000|100%| E|CS|TAMS 0x000000008f500000, 0x000000008f500000| Complete 
| 246|0x000000008f600000, 0x000000008f700000, 0x000000008f700000|100%| E|CS|TAMS 0x000000008f600000, 0x000000008f600000| Complete 
| 247|0x000000008f700000, 0x000000008f800000, 0x000000008f800000|100%| E|CS|TAMS 0x000000008f700000, 0x000000008f700000| Complete 
| 248|0x000000008f800000, 0x000000008f900000, 0x000000008f900000|100%| E|CS|TAMS 0x000000008f800000, 0x000000008f800000| Complete 
| 249|0x000000008f900000, 0x000000008fa00000, 0x000000008fa00000|100%| E|CS|TAMS 0x000000008f900000, 0x000000008f900000| Complete 
| 250|0x000000008fa00000, 0x000000008fb00000, 0x000000008fb00000|100%| E|CS|TAMS 0x000000008fa00000, 0x000000008fa00000| Complete 
| 251|0x000000008fb00000, 0x000000008fc00000, 0x000000008fc00000|100%| E|CS|TAMS 0x000000008fb00000, 0x000000008fb00000| Complete 
| 252|0x000000008fc00000, 0x000000008fd00000, 0x000000008fd00000|100%| E|CS|TAMS 0x000000008fc00000, 0x000000008fc00000| Complete 
| 253|0x000000008fd00000, 0x000000008fe00000, 0x000000008fe00000|100%| E|CS|TAMS 0x000000008fd00000, 0x000000008fd00000| Complete 

Card table byte_map: [0x0000015d151a0000,0x0000015d155a0000] _byte_map_base: 0x0000015d14da0000

Marking Bits (Prev, Next): (CMBitMap*) 0x0000015d01fd6390, (CMBitMap*) 0x0000015d01fd6358
 Prev Bits: [0x0000015d179a0000, 0x0000015d199a0000)
 Next Bits: [0x0000015d159a0000, 0x0000015d179a0000)

Polling page: 0x0000015d01760000

Metaspace:

Usage:
  Non-class:     77.01 MB capacity,    75.60 MB ( 98%) used,     1.16 MB (  2%) free+waste,   262.75 KB ( <1%) overhead. 
      Class:     12.02 MB capacity,    11.20 MB ( 93%) used,   720.27 KB (  6%) free+waste,   118.81 KB ( <1%) overhead. 
       Both:     89.04 MB capacity,    86.81 MB ( 97%) used,     1.86 MB (  2%) free+waste,   381.56 KB ( <1%) overhead. 

Virtual space:
  Non-class space:       78.00 MB reserved,      77.25 MB (>99%) committed 
      Class space:        1.00 GB reserved,      12.07 MB (  1%) committed 
             Both:        1.08 GB reserved,      89.32 MB (  8%) committed 

Chunk freelists:
   Non-Class:  50.00 KB
       Class:  7.00 KB
        Both:  57.00 KB

MaxMetaspaceSize: 17179869184.00 GB
CompressedClassSpaceSize: 1.00 GB

CodeHeap 'non-profiled nmethods': size=120000Kb used=5907Kb max_used=5907Kb free=114092Kb
 bounds [0x0000015d0d540000, 0x0000015d0db10000, 0x0000015d14a70000]
CodeHeap 'profiled nmethods': size=120000Kb used=22075Kb max_used=22075Kb free=97925Kb
 bounds [0x0000015d06010000, 0x0000015d075a0000, 0x0000015d0d540000]
CodeHeap 'non-nmethods': size=5760Kb used=2292Kb max_used=2341Kb free=3467Kb
 bounds [0x0000015d05a70000, 0x0000015d05ce0000, 0x0000015d06010000]
 total_blobs=11157 nmethods=10262 adapters=806
 compilation: enabled
              stopped_count=0, restarted_count=0
 full_count=0

Compilation events (20 events):
Event: 19.736 Thread 0x0000015d1ccff800 10336       3       kotlin.reflect.jvm.internal.impl.storage.DefaultSimpleLock::lock (10 bytes)
Event: 19.736 Thread 0x0000015d1ccff800 nmethod 10336 0x0000015d07582890 code [0x0000015d07582a40, 0x0000015d07582c08]
Event: 19.736 Thread 0x0000015d1ccff800 10337       3       kotlin.reflect.jvm.internal.impl.storage.DefaultSimpleLock::unlock (10 bytes)
Event: 19.737 Thread 0x0000015d1ccff800 nmethod 10337 0x0000015d07582d10 code [0x0000015d07582ec0, 0x0000015d07583088]
Event: 19.737 Thread 0x0000015d1ccff800 10338       3       kotlin.reflect.jvm.internal.pcollections.HashPMap::getEntries (22 bytes)
Event: 19.738 Thread 0x0000015d1ccff800 nmethod 10338 0x0000015d07583190 code [0x0000015d07583360, 0x0000015d075836a8]
Event: 19.738 Thread 0x0000015d1ccff800 10339       3       kotlin.reflect.jvm.internal.pcollections.IntTreePMap::get (10 bytes)
Event: 19.738 Thread 0x0000015d1ccff800 nmethod 10339 0x0000015d07583810 code [0x0000015d075839c0, 0x0000015d07583b08]
Event: 19.740 Thread 0x0000015d1ccff800 10340       3       com.google.gson.stream.JsonReader::doPeek (744 bytes)
Event: 19.748 Thread 0x0000015d1ccff800 nmethod 10340 0x0000015d07583c10 code [0x0000015d075847a0, 0x0000015d0758a488]
Event: 19.761 Thread 0x0000015d1ccff800 10341       3       org.gradle.api.internal.file.collections.UnpackingVisitor::<init> (12 bytes)
Event: 19.762 Thread 0x0000015d1ccff800 nmethod 10341 0x0000015d0758c410 code [0x0000015d0758c5e0, 0x0000015d0758c918]
Event: 19.779 Thread 0x0000015d1ccff800 10342       3       java.util.zip.ZipFile$Source::getEntryPos (206 bytes)
Event: 19.781 Thread 0x0000015d1ccff800 nmethod 10342 0x0000015d0758ca10 code [0x0000015d0758cc80, 0x0000015d0758d918]
Event: 19.785 Thread 0x0000015d1e2c9000 nmethod 10072 0x0000015d0dafa090 code [0x0000015d0dafa3c0, 0x0000015d0dafdbf0]
Event: 19.785 Thread 0x0000015d1e2c9000 10079       4       com.google.common.collect.ImmutableMap::entrySet (5 bytes)
Event: 19.792 Thread 0x0000015d1e2c9000 nmethod 10079 0x0000015d0daff790 code [0x0000015d0daff940, 0x0000015d0daffc58]
Event: 19.793 Thread 0x0000015d1e2c9000 10343       4       java.lang.ClassLoader::getNamedPackage (73 bytes)
Event: 19.798 Thread 0x0000015d1ccff800 10344       3       java.lang.Integer::stringSize (47 bytes)
Event: 19.798 Thread 0x0000015d1ccff800 nmethod 10344 0x0000015d0758df90 code [0x0000015d0758e140, 0x0000015d0758e378]

GC Heap History (20 events):
Event: 1.466 GC heap before
{Heap before GC invocations=0 (full 0):
 garbage-first heap   total 260096K, used 29696K [0x0000000080000000, 0x0000000100000000)
  region size 1024K, 24 young (24576K), 0 survivors (0K)
 Metaspace       used 10174K, capacity 10405K, committed 10624K, reserved 1058816K
  class space    used 1062K, capacity 1107K, committed 1152K, reserved 1048576K
}
Event: 1.473 GC heap after
{Heap after GC invocations=1 (full 0):
 garbage-first heap   total 260096K, used 9712K [0x0000000080000000, 0x0000000100000000)
  region size 1024K, 3 young (3072K), 3 survivors (3072K)
 Metaspace       used 10174K, capacity 10405K, committed 10624K, reserved 1058816K
  class space    used 1062K, capacity 1107K, committed 1152K, reserved 1048576K
}
Event: 4.697 GC heap before
{Heap before GC invocations=1 (full 0):
 garbage-first heap   total 260096K, used 81392K [0x0000000080000000, 0x0000000100000000)
  region size 1024K, 72 young (73728K), 3 survivors (3072K)
 Metaspace       used 17511K, capacity 17912K, committed 18048K, reserved 1064960K
  class space    used 2045K, capacity 2174K, committed 2176K, reserved 1048576K
}
Event: 4.708 GC heap after
{Heap after GC invocations=2 (full 0):
 garbage-first heap   total 260096K, used 16076K [0x0000000080000000, 0x0000000100000000)
  region size 1024K, 9 young (9216K), 9 survivors (9216K)
 Metaspace       used 17511K, capacity 17912K, committed 18048K, reserved 1064960K
  class space    used 2045K, capacity 2174K, committed 2176K, reserved 1048576K
}
Event: 5.082 GC heap before
{Heap before GC invocations=2 (full 0):
 garbage-first heap   total 260096K, used 41676K [0x0000000080000000, 0x0000000100000000)
  region size 1024K, 36 young (36864K), 9 survivors (9216K)
 Metaspace       used 20579K, capacity 21104K, committed 21248K, reserved 1067008K
  class space    used 2508K, capacity 2690K, committed 2816K, reserved 1048576K
}
Event: 5.093 GC heap after
{Heap after GC invocations=3 (full 0):
 garbage-first heap   total 260096K, used 17382K [0x0000000080000000, 0x0000000100000000)
  region size 1024K, 2 young (2048K), 2 survivors (2048K)
 Metaspace       used 20579K, capacity 21104K, committed 21248K, reserved 1067008K
  class space    used 2508K, capacity 2690K, committed 2816K, reserved 1048576K
}
Event: 6.155 GC heap before
{Heap before GC invocations=4 (full 0):
 garbage-first heap   total 260096K, used 83942K [0x0000000080000000, 0x0000000100000000)
  region size 1024K, 67 young (68608K), 2 survivors (2048K)
 Metaspace       used 26751K, capacity 27396K, committed 27648K, reserved 1073152K
  class space    used 3529K, capacity 3794K, committed 3840K, reserved 1048576K
}
Event: 6.160 GC heap after
{Heap after GC invocations=5 (full 0):
 garbage-first heap   total 260096K, used 19297K [0x0000000080000000, 0x0000000100000000)
  region size 1024K, 4 young (4096K), 4 survivors (4096K)
 Metaspace       used 26751K, capacity 27396K, committed 27648K, reserved 1073152K
  class space    used 3529K, capacity 3794K, committed 3840K, reserved 1048576K
}
Event: 7.189 GC heap before
{Heap before GC invocations=5 (full 0):
 garbage-first heap   total 260096K, used 63329K [0x0000000080000000, 0x0000000100000000)
  region size 1024K, 49 young (50176K), 4 survivors (4096K)
 Metaspace       used 35071K, capacity 35838K, committed 35840K, reserved 1081344K
  class space    used 4545K, capacity 4864K, committed 4864K, reserved 1048576K
}
Event: 7.202 GC heap after
{Heap after GC invocations=6 (full 0):
 garbage-first heap   total 260096K, used 22515K [0x0000000080000000, 0x0000000100000000)
  region size 1024K, 7 young (7168K), 7 survivors (7168K)
 Metaspace       used 35071K, capacity 35838K, committed 35840K, reserved 1081344K
  class space    used 4545K, capacity 4864K, committed 4864K, reserved 1048576K
}
Event: 9.042 GC heap before
{Heap before GC invocations=7 (full 0):
 garbage-first heap   total 260096K, used 139251K [0x0000000080000000, 0x0000000100000000)
  region size 1024K, 118 young (120832K), 7 survivors (7168K)
 Metaspace       used 44123K, capacity 45105K, committed 45260K, reserved 1089536K
  class space    used 5658K, capacity 6003K, committed 6092K, reserved 1048576K
}
Event: 9.058 GC heap after
{Heap after GC invocations=8 (full 0):
 garbage-first heap   total 260096K, used 28943K [0x0000000080000000, 0x0000000100000000)
  region size 1024K, 13 young (13312K), 13 survivors (13312K)
 Metaspace       used 44123K, capacity 45105K, committed 45260K, reserved 1089536K
  class space    used 5658K, capacity 6003K, committed 6092K, reserved 1048576K
}
Event: 11.938 GC heap before
{Heap before GC invocations=8 (full 0):
 garbage-first heap   total 260096K, used 173327K [0x0000000080000000, 0x0000000100000000)
  region size 1024K, 151 young (154624K), 13 survivors (13312K)
 Metaspace       used 58721K, capacity 60174K, committed 60236K, reserved 1101824K
  class space    used 7424K, capacity 7978K, committed 8012K, reserved 1048576K
}
Event: 11.998 GC heap after
{Heap after GC invocations=9 (full 0):
 garbage-first heap   total 260096K, used 43475K [0x0000000080000000, 0x0000000100000000)
  region size 1024K, 19 young (19456K), 19 survivors (19456K)
 Metaspace       used 58721K, capacity 60174K, committed 60236K, reserved 1101824K
  class space    used 7424K, capacity 7978K, committed 8012K, reserved 1048576K
}
Event: 14.315 GC heap before
{Heap before GC invocations=10 (full 0):
 garbage-first heap   total 260096K, used 179667K [0x0000000080000000, 0x0000000100000000)
  region size 1024K, 152 young (155648K), 19 survivors (19456K)
 Metaspace       used 70154K, capacity 71822K, committed 71884K, reserved 1112064K
  class space    used 9043K, capacity 9661K, committed 9676K, reserved 1048576K
}
Event: 14.346 GC heap after
{Heap after GC invocations=11 (full 0):
 garbage-first heap   total 260096K, used 55168K [0x0000000080000000, 0x0000000100000000)
  region size 1024K, 12 young (12288K), 12 survivors (12288K)
 Metaspace       used 70154K, capacity 71822K, committed 71884K, reserved 1112064K
  class space    used 9043K, capacity 9661K, committed 9676K, reserved 1048576K
}
Event: 16.908 GC heap before
{Heap before GC invocations=11 (full 0):
 garbage-first heap   total 260096K, used 188288K [0x0000000080000000, 0x0000000100000000)
  region size 1024K, 143 young (146432K), 12 survivors (12288K)
 Metaspace       used 81745K, capacity 83931K, committed 84172K, reserved 1122304K
  class space    used 10626K, capacity 11451K, committed 11468K, reserved 1048576K
}
Event: 16.933 GC heap after
{Heap after GC invocations=12 (full 0):
 garbage-first heap   total 260096K, used 65536K [0x0000000080000000, 0x0000000100000000)
  region size 1024K, 11 young (11264K), 11 survivors (11264K)
 Metaspace       used 81745K, capacity 83931K, committed 84172K, reserved 1122304K
  class space    used 10626K, capacity 11451K, committed 11468K, reserved 1048576K
}
Event: 18.781 GC heap before
{Heap before GC invocations=12 (full 0):
 garbage-first heap   total 260096K, used 193536K [0x0000000080000000, 0x0000000100000000)
  region size 1024K, 137 young (140288K), 11 survivors (11264K)
 Metaspace       used 84111K, capacity 86400K, committed 86476K, reserved 1124352K
  class space    used 10866K, capacity 11711K, committed 11724K, reserved 1048576K
}
Event: 18.806 GC heap after
{Heap after GC invocations=13 (full 0):
 garbage-first heap   total 260096K, used 73992K [0x0000000080000000, 0x0000000100000000)
  region size 1024K, 9 young (9216K), 9 survivors (9216K)
 Metaspace       used 84111K, capacity 86400K, committed 86476K, reserved 1124352K
  class space    used 10866K, capacity 11711K, committed 11724K, reserved 1048576K
}

Deoptimization events (20 events):
Event: 19.246 Thread 0x0000015d1f429800 Uncommon trap: reason=null_check action=make_not_entrant pc=0x0000015d0dad1708 method=org.gradle.tooling.internal.provider.runner.SubtreeFilteringBuildOperationListener.started(Lorg/gradle/internal/operations/BuildOperationDescriptor;Lorg/gradle/internal/
Event: 19.246 Thread 0x0000015d20d79800 Uncommon trap: reason=null_check action=make_not_entrant pc=0x0000015d0dad1708 method=org.gradle.tooling.internal.provider.runner.SubtreeFilteringBuildOperationListener.started(Lorg/gradle/internal/operations/BuildOperationDescriptor;Lorg/gradle/internal/
Event: 19.246 Thread 0x0000015d1f429800 DEOPT PACKING pc=0x0000015d0dad1708 sp=0x0000001c873fe7f0
Event: 19.246 Thread 0x0000015d20d79800 DEOPT PACKING pc=0x0000015d0dad1708 sp=0x0000001c875fe580
Event: 19.246 Thread 0x0000015d20d79800 DEOPT UNPACKING pc=0x0000015d05a978af sp=0x0000001c875fe530 mode 2
Event: 19.246 Thread 0x0000015d1f429800 DEOPT UNPACKING pc=0x0000015d05a978af sp=0x0000001c873fe7a0 mode 2
Event: 19.418 Thread 0x0000015d20955000 Uncommon trap: trap_request=0xffffff4d fr.pc=0x0000015d0daa69ec relative=0x00000000000006ec
Event: 19.418 Thread 0x0000015d20955000 Uncommon trap: reason=unstable_if action=reinterpret pc=0x0000015d0daa69ec method=java.util.concurrent.ConcurrentHashMap.putVal(Ljava/lang/Object;Ljava/lang/Object;Z)Ljava/lang/Object; @ 245 c2
Event: 19.418 Thread 0x0000015d20955000 DEOPT PACKING pc=0x0000015d0daa69ec sp=0x0000001c888fd1c0
Event: 19.418 Thread 0x0000015d20955000 DEOPT UNPACKING pc=0x0000015d05a978af sp=0x0000001c888fd158 mode 2
Event: 19.456 Thread 0x0000015d20d7a800 DEOPT PACKING pc=0x0000015d07290df6 sp=0x0000001c874fe060
Event: 19.456 Thread 0x0000015d20d7a800 DEOPT UNPACKING pc=0x0000015d05a976ce sp=0x0000001c874fd580 mode 0
Event: 19.627 Thread 0x0000015d20955000 Uncommon trap: trap_request=0xffffff4d fr.pc=0x0000015d0d628318 relative=0x0000000000000078
Event: 19.628 Thread 0x0000015d20955000 Uncommon trap: reason=unstable_if action=reinterpret pc=0x0000015d0d628318 method=java.lang.Integer.stringSize(I)I @ 19 c2
Event: 19.628 Thread 0x0000015d20955000 DEOPT PACKING pc=0x0000015d0d628318 sp=0x0000001c888fdaa0
Event: 19.628 Thread 0x0000015d20955000 DEOPT UNPACKING pc=0x0000015d05a978af sp=0x0000001c888fda20 mode 2
Event: 19.776 Thread 0x0000015d20953800 Uncommon trap: trap_request=0xffffff4d fr.pc=0x0000015d0d572540 relative=0x00000000000007e0
Event: 19.776 Thread 0x0000015d20953800 Uncommon trap: reason=unstable_if action=reinterpret pc=0x0000015d0d572540 method=java.util.zip.ZipFile$Source.getEntryPos([BZ)I @ 105 c2
Event: 19.776 Thread 0x0000015d20953800 DEOPT PACKING pc=0x0000015d0d572540 sp=0x0000001c889fa090
Event: 19.776 Thread 0x0000015d20953800 DEOPT UNPACKING pc=0x0000015d05a978af sp=0x0000001c889fa030 mode 2

Classes redefined (0 events):
No events

Internal exceptions (20 events):
Event: 18.397 Thread 0x0000015d20d82000 Exception <a 'java/lang/NoSuchMethodError'{0x000000008a1fbbf8}: <clinit>> (0x000000008a1fbbf8) thrown at [./src/hotspot/share/prims/jni.cpp, line 1362]
Event: 18.397 Thread 0x0000015d20d82000 Exception <a 'java/lang/NoSuchMethodError'{0x000000008a1fe358}: <clinit>> (0x000000008a1fe358) thrown at [./src/hotspot/share/prims/jni.cpp, line 1362]
Event: 18.400 Thread 0x0000015d20d82000 Exception <a 'java/lang/NoSuchMethodError'{0x000000008a017c88}: <clinit>> (0x000000008a017c88) thrown at [./src/hotspot/share/prims/jni.cpp, line 1362]
Event: 18.400 Thread 0x0000015d20d82000 Exception <a 'java/lang/NoSuchMethodError'{0x000000008a019168}: <clinit>> (0x000000008a019168) thrown at [./src/hotspot/share/prims/jni.cpp, line 1362]
Event: 18.449 Thread 0x0000015d20d82000 Exception <a 'sun/nio/fs/WindowsException'{0x0000000089faac10}> (0x0000000089faac10) thrown at [./src/hotspot/share/prims/jni.cpp, line 615]
Event: 18.450 Thread 0x0000015d20d82000 Exception <a 'sun/nio/fs/WindowsException'{0x0000000089faba98}> (0x0000000089faba98) thrown at [./src/hotspot/share/prims/jni.cpp, line 615]
Event: 18.451 Thread 0x0000015d20d82000 Exception <a 'sun/nio/fs/WindowsException'{0x0000000089fabe60}> (0x0000000089fabe60) thrown at [./src/hotspot/share/prims/jni.cpp, line 615]
Event: 18.451 Thread 0x0000015d20d82000 Exception <a 'sun/nio/fs/WindowsException'{0x0000000089faccc8}> (0x0000000089faccc8) thrown at [./src/hotspot/share/prims/jni.cpp, line 615]
Event: 18.452 Thread 0x0000015d20d82000 Exception <a 'sun/nio/fs/WindowsException'{0x0000000089facfa8}> (0x0000000089facfa8) thrown at [./src/hotspot/share/prims/jni.cpp, line 615]
Event: 18.452 Thread 0x0000015d20d82000 Exception <a 'sun/nio/fs/WindowsException'{0x0000000089fade28}> (0x0000000089fade28) thrown at [./src/hotspot/share/prims/jni.cpp, line 615]
Event: 18.452 Thread 0x0000015d20d82000 Exception <a 'sun/nio/fs/WindowsException'{0x0000000089fae0a8}> (0x0000000089fae0a8) thrown at [./src/hotspot/share/prims/jni.cpp, line 615]
Event: 18.452 Thread 0x0000015d20d82000 Exception <a 'sun/nio/fs/WindowsException'{0x0000000089faeef8}> (0x0000000089faeef8) thrown at [./src/hotspot/share/prims/jni.cpp, line 615]
Event: 18.479 Thread 0x0000015d20d82000 Exception <a 'java/lang/NoSuchMethodError'{0x0000000089d34ee0}: <clinit>> (0x0000000089d34ee0) thrown at [./src/hotspot/share/prims/jni.cpp, line 1362]
Event: 18.484 Thread 0x0000015d20d82000 Exception <a 'java/lang/NoSuchMethodError'{0x0000000089d6b578}: <clinit>> (0x0000000089d6b578) thrown at [./src/hotspot/share/prims/jni.cpp, line 1362]
Event: 18.493 Thread 0x0000015d20d82000 Exception <a 'java/lang/NoSuchMethodError'{0x0000000089d9dbc0}: <clinit>> (0x0000000089d9dbc0) thrown at [./src/hotspot/share/prims/jni.cpp, line 1362]
Event: 18.496 Thread 0x0000015d20d82000 Exception <a 'java/lang/NoSuchMethodError'{0x0000000089db0978}: <clinit>> (0x0000000089db0978) thrown at [./src/hotspot/share/prims/jni.cpp, line 1362]
Event: 18.916 Thread 0x0000015d20d84800 Exception <a 'java/lang/NoSuchMethodError'{0x000000008f29e868}: 'int java.lang.invoke.DirectMethodHandle$Holder.invokeSpecial(java.lang.Object, java.lang.Object, java.lang.Object, java.lang.Object, java.lang.Object)'> (0x000000008f29e868) thrown at [./src/hotspot/share/interpreter/linkResolver.cpp, line 773]
Event: 19.176 Thread 0x0000015d1f42a800 Implicit null exception at 0x0000015d0dacaed2 to 0x0000015d0dacb2d8
Event: 19.246 Thread 0x0000015d1f429800 Implicit null exception at 0x0000015d0dad0e55 to 0x0000015d0dad16e8
Event: 19.246 Thread 0x0000015d20d79800 Implicit null exception at 0x0000015d0dad0e55 to 0x0000015d0dad16e8

Events (20 events):
Event: 19.814 loading class com/android/tools/r8/origin/Origin$b
Event: 19.814 loading class com/android/tools/r8/origin/Origin$b done
Event: 19.814 loading class com/android/builder/internal/aapt/v2/Aapt2Daemon$WhenMappings
Event: 19.814 loading class com/android/builder/internal/aapt/v2/Aapt2Daemon$WhenMappings done
Event: 19.815 loading class com/android/builder/internal/aapt/v2/Aapt2DaemonImpl$WaitForReadyOnStdOut
Event: 19.815 loading class com/android/builder/internal/aapt/v2/Aapt2DaemonImpl$WaitForReadyOnStdOut done
Event: 19.815 loading class com/android/tools/r8/origin/Origin
Event: 19.815 loading class com/android/tools/r8/origin/Origin done
Event: 19.815 loading class com/android/tools/r8/D8Command$Builder
Event: 19.815 loading class com/android/tools/r8/D8Command$Builder done
Event: 19.815 loading class com/android/tools/r8/ProgramResource
Event: 19.815 loading class com/android/tools/r8/ProgramResource done
Event: 19.816 loading class java/lang/ProcessBuilder
Event: 19.816 loading class com/android/tools/r8/ProgramResource$Kind
Event: 19.816 loading class com/android/tools/r8/ProgramResource$Kind done
Event: 19.817 loading class java/lang/ProcessBuilder done
Event: 19.817 loading class java/lang/ProcessImpl
Event: 19.817 loading class com/android/tools/r8/ProgramResource$ByteResource
Event: 19.817 loading class com/android/tools/r8/ProgramResource$ByteResource done
Event: 19.818 loading class java/lang/ProcessImpl done


Dynamic libraries:
0x00007ff6e9950000 - 0x00007ff6e995a000 	D:\Android\AndroidStudio\jre\bin\java.exe
0x00007ffb437d0000 - 0x00007ffb439c5000 	C:\WINDOWS\SYSTEM32\ntdll.dll
0x00007ffb42050000 - 0x00007ffb4210e000 	C:\WINDOWS\System32\KERNEL32.DLL
0x00007ffb41200000 - 0x00007ffb414c8000 	C:\WINDOWS\System32\KERNELBASE.dll
0x00007ffb40f10000 - 0x00007ffb41010000 	C:\WINDOWS\System32\ucrtbase.dll
0x00007ffb28920000 - 0x00007ffb28937000 	D:\Android\AndroidStudio\jre\bin\VCRUNTIME140.dll
0x00007ffb2b0b0000 - 0x00007ffb2b0c9000 	D:\Android\AndroidStudio\jre\bin\jli.dll
0x00007ffb419c0000 - 0x00007ffb41b61000 	C:\WINDOWS\System32\USER32.dll
0x00007ffb40ee0000 - 0x00007ffb40f02000 	C:\WINDOWS\System32\win32u.dll
0x00007ffb41990000 - 0x00007ffb419bb000 	C:\WINDOWS\System32\GDI32.dll
0x00007ffb41500000 - 0x00007ffb4160d000 	C:\WINDOWS\System32\gdi32full.dll
0x00007ffb41670000 - 0x00007ffb4170d000 	C:\WINDOWS\System32\msvcp_win.dll
0x00007ffb2a4e0000 - 0x00007ffb2a77a000 	C:\WINDOWS\WinSxS\amd64_microsoft.windows.common-controls_6595b64144ccf1df_6.0.19041.1110_none_60b5254171f9507e\COMCTL32.dll
0x00007ffb42f20000 - 0x00007ffb42fbe000 	C:\WINDOWS\System32\msvcrt.dll
0x00007ffb43440000 - 0x00007ffb43470000 	C:\WINDOWS\System32\IMM32.DLL
0x0000000070d40000 - 0x0000000070d4a000 	D:\360\360Safe\safemon\SafeWrapper.dll
0x00007ffb418e0000 - 0x00007ffb4198c000 	C:\WINDOWS\System32\ADVAPI32.dll
0x00007ffb435b0000 - 0x00007ffb4364b000 	C:\WINDOWS\System32\sechost.dll
0x00007ffb42570000 - 0x00007ffb4269a000 	C:\WINDOWS\System32\RPCRT4.dll
0x00007ffb2a190000 - 0x00007ffb2a222000 	D:\360\360Safe\safemon\libzdtp64.dll
0x00007ffb41870000 - 0x00007ffb418c5000 	C:\WINDOWS\System32\SHLWAPI.dll
0x00007ffb40a60000 - 0x00007ffb40a6a000 	C:\WINDOWS\SYSTEM32\VERSION.dll
0x00007ffafcd70000 - 0x00007ffafce0d000 	D:\Android\AndroidStudio\jre\bin\msvcp140.dll
0x00007ffafbb50000 - 0x00007ffafc61f000 	D:\Android\AndroidStudio\jre\bin\server\jvm.dll
0x00007ffb418d0000 - 0x00007ffb418d8000 	C:\WINDOWS\System32\PSAPI.DLL
0x00007ffb2a780000 - 0x00007ffb2a7a7000 	C:\WINDOWS\SYSTEM32\WINMM.dll
0x00007ffb3d930000 - 0x00007ffb3d939000 	C:\WINDOWS\SYSTEM32\WSOCK32.dll
0x00007ffb43720000 - 0x00007ffb4378b000 	C:\WINDOWS\System32\WS2_32.dll
0x00007ffb3f6f0000 - 0x00007ffb3f702000 	C:\WINDOWS\SYSTEM32\kernel.appcore.dll
0x00007ffb3c790000 - 0x00007ffb3c7a1000 	D:\Android\AndroidStudio\jre\bin\verify.dll
0x00007ffb3f300000 - 0x00007ffb3f4e4000 	C:\WINDOWS\SYSTEM32\DBGHELP.DLL
0x00007ffb2b050000 - 0x00007ffb2b07c000 	C:\WINDOWS\SYSTEM32\dbgcore.DLL
0x00007ffb41010000 - 0x00007ffb41092000 	C:\WINDOWS\System32\bcryptPrimitives.dll
0x00007ffb3c460000 - 0x00007ffb3c489000 	D:\Android\AndroidStudio\jre\bin\java.dll
0x00007ffb3c3c0000 - 0x00007ffb3c3cb000 	D:\Android\AndroidStudio\jre\bin\jimage.dll
0x00007ffb3aa60000 - 0x00007ffb3aa78000 	D:\Android\AndroidStudio\jre\bin\zip.dll
0x00007ffb427d0000 - 0x00007ffb42f14000 	C:\WINDOWS\System32\SHELL32.dll
0x00007ffb3ea90000 - 0x00007ffb3f224000 	C:\WINDOWS\SYSTEM32\windows.storage.dll
0x00007ffb41c90000 - 0x00007ffb41fe5000 	C:\WINDOWS\System32\combase.dll
0x00007ffb408c0000 - 0x00007ffb408ee000 	C:\WINDOWS\SYSTEM32\Wldp.dll
0x00007ffb42120000 - 0x00007ffb421cd000 	C:\WINDOWS\System32\SHCORE.dll
0x00007ffb40e20000 - 0x00007ffb40e3f000 	C:\WINDOWS\SYSTEM32\profapi.dll
0x00007ffb3a9a0000 - 0x00007ffb3a9ba000 	D:\Android\AndroidStudio\jre\bin\net.dll
0x00007ffb2f9e0000 - 0x00007ffb2faec000 	C:\WINDOWS\SYSTEM32\WINHTTP.dll
0x00007ffb40620000 - 0x00007ffb4068a000 	C:\WINDOWS\system32\mswsock.dll
0x00007ffb3a7a0000 - 0x00007ffb3a7b4000 	D:\Android\AndroidStudio\jre\bin\nio.dll
0x00007ffb382e0000 - 0x00007ffb38307000 	C:\Users\14185\.gradle\native\8bec1ad78214c89d9ad589b4d07fe93259594b29d510b10fafb7a158f7737e5d\windows-amd64\native-platform.dll
0x00007ffb291b0000 - 0x00007ffb292ed000 	C:\Users\14185\.gradle\native\53dbd7edfb1c66fb8903c78663c9afc45aea4f116125fa6feffd364cf09443e8\windows-amd64\native-platform-file-events.dll
0x00007ffb3a990000 - 0x00007ffb3a99a000 	D:\Android\AndroidStudio\jre\bin\management.dll
0x00007ffb39d40000 - 0x00007ffb39d4c000 	D:\Android\AndroidStudio\jre\bin\management_ext.dll
0x00007ffb40810000 - 0x00007ffb40828000 	C:\WINDOWS\SYSTEM32\CRYPTSP.dll
0x00007ffb3ff30000 - 0x00007ffb3ff64000 	C:\WINDOWS\system32\rsaenh.dll
0x00007ffb414d0000 - 0x00007ffb414f7000 	C:\WINDOWS\System32\bcrypt.dll
0x00007ffb40da0000 - 0x00007ffb40dce000 	C:\WINDOWS\SYSTEM32\USERENV.dll
0x00007ffb40830000 - 0x00007ffb4083c000 	C:\WINDOWS\SYSTEM32\CRYPTBASE.dll
0x00007ffb402c0000 - 0x00007ffb402fb000 	C:\WINDOWS\SYSTEM32\IPHLPAPI.DLL
0x00007ffb42110000 - 0x00007ffb42118000 	C:\WINDOWS\System32\NSI.dll
0x00007ffb36be0000 - 0x00007ffb36bf7000 	C:\WINDOWS\SYSTEM32\dhcpcsvc6.DLL
0x00007ffb36dd0000 - 0x00007ffb36ded000 	C:\WINDOWS\SYSTEM32\dhcpcsvc.DLL
0x00007ffb40300000 - 0x00007ffb403cb000 	C:\WINDOWS\SYSTEM32\DNSAPI.dll

dbghelp: loaded successfully - version: 4.0.5 - missing functions: none
symbol engine: initialized successfully - sym options: 0x614 - pdb path: .;D:\Android\AndroidStudio\jre\bin;C:\WINDOWS\SYSTEM32;C:\WINDOWS\WinSxS\amd64_microsoft.windows.common-controls_6595b64144ccf1df_6.0.19041.1110_none_60b5254171f9507e;D:\360\360Safe\safemon;D:\Android\AndroidStudio\jre\bin\server;C:\Users\14185\.gradle\native\8bec1ad78214c89d9ad589b4d07fe93259594b29d510b10fafb7a158f7737e5d\windows-amd64;C:\Users\14185\.gradle\native\53dbd7edfb1c66fb8903c78663c9afc45aea4f116125fa6feffd364cf09443e8\windows-amd64

VM Arguments:
jvm_args: --add-opens=java.base/java.util=ALL-UNNAMED --add-opens=java.base/java.lang=ALL-UNNAMED --add-opens=java.base/java.lang.invoke=ALL-UNNAMED --add-opens=java.base/java.util=ALL-UNNAMED --add-opens=java.prefs/java.util.prefs=ALL-UNNAMED --add-opens=java.prefs/java.util.prefs=ALL-UNNAMED --add-opens=java.base/java.nio.charset=ALL-UNNAMED --add-opens=java.base/java.net=ALL-UNNAMED --add-opens=java.base/java.util.concurrent.atomic=ALL-UNNAMED -Xmx2048m -Dfile.encoding=UTF-8 -Duser.country=CN -Duser.language=zh -Duser.variant 
java_command: org.gradle.launcher.daemon.bootstrap.GradleDaemon 7.0.2
java_class_path (initial): C:\Users\14185\.gradle\wrapper\dists\gradle-7.0.2-bin\857tjihv64xamwrf0h14cai3r\gradle-7.0.2\lib\gradle-launcher-7.0.2.jar
Launcher Type: SUN_STANDARD

[Global flags]
     intx CICompilerCount                          = 4                                         {product} {ergonomic}
     uint ConcGCThreads                            = 2                                         {product} {ergonomic}
     uint G1ConcRefinementThreads                  = 8                                         {product} {ergonomic}
   size_t G1HeapRegionSize                         = 1048576                                   {product} {ergonomic}
    uintx GCDrainStackTargetSize                   = 64                                        {product} {ergonomic}
   size_t InitialHeapSize                          = 266338304                                 {product} {ergonomic}
   size_t MarkStackSize                            = 4194304                                   {product} {ergonomic}
   size_t MaxHeapSize                              = 2147483648                                {product} {command line}
   size_t MaxNewSize                               = 1287651328                                {product} {ergonomic}
   size_t MinHeapDeltaBytes                        = 1048576                                   {product} {ergonomic}
    uintx NonNMethodCodeHeapSize                   = 5836300                                {pd product} {ergonomic}
    uintx NonProfiledCodeHeapSize                  = 122910970                              {pd product} {ergonomic}
    uintx ProfiledCodeHeapSize                     = 122910970                              {pd product} {ergonomic}
    uintx ReservedCodeCacheSize                    = 251658240                              {pd product} {ergonomic}
     bool SegmentedCodeCache                       = true                                      {product} {ergonomic}
     bool UseCompressedClassPointers               = true                                 {lp64_product} {ergonomic}
     bool UseCompressedOops                        = true                                 {lp64_product} {ergonomic}
     bool UseG1GC                                  = true                                      {product} {ergonomic}
     bool UseLargePagesIndividualAllocation        = false                                  {pd product} {ergonomic}

Logging:
Log output configuration:
 #0: stdout all=warning uptime,level,tags
 #1: stderr all=off uptime,level,tags

Environment Variables:
JAVA_HOME=D:\JDK
PATH=C:\Program Files\PlasticSCM5\server;C:\Program Files\PlasticSCM5\client;C:\Program Files\Common Files\Oracle\Java\javapath;C:\windows\system32;C:\windows;C:\windows\System32\Wbem;C:\windows\System32\WindowsPowerShell\v1.0\;C:\windows\System32\OpenSSH\;C:\Program Files (x86)\NVIDIA Corporation\PhysX\Common;C:\WINDOWS\system32;C:\WINDOWS;C:\WINDOWS\System32\Wbem;C:\WINDOWS\System32\WindowsPowerShell\v1.0\;C:\WINDOWS\System32\OpenSSH\;"D:\JDK\bin;";C:\Program Files\Microsoft SQL Server\Client SDK\ODBC\130\Tools\Binn\;C:\Program Files (x86)\Microsoft SQL Server\130\Tools\Binn\;C:\Program Files\Microsoft SQL Server\130\Tools\Binn\;C:\Program Files\Microsoft SQL Server\130\DTS\Binn\;C:\Program Files (x86)\Microsoft SQL Server\150\DTS\Binn\;D:\Microsoft VS Code\bin;C:\Users\14185\AppData\Local\Programs\Python\Python39\;D:\Dev-Cpp\devcpp.exe
USERNAME=14185
OS=Windows_NT
PROCESSOR_IDENTIFIER=Intel64 Family 6 Model 142 Stepping 12, GenuineIntel



---------------  S Y S T E M  ---------------

OS: Windows 10 , 64 bit Build 19041 (10.0.19041.1348)
OS uptime: 0 days 7:04 hours

CPU:total 8 (initial active 8) (4 cores per cpu, 2 threads per core) family 6 model 142 stepping 12 microcode 0xca, cmov, cx8, fxsr, mmx, sse, sse2, sse3, ssse3, sse4.1, sse4.2, popcnt, avx, avx2, aes, clmul, erms, 3dnowpref, lzcnt, ht, tsc, tscinvbit, bmi1, bmi2, adx, fma

Memory: 4k page, system-wide physical 16221M (7493M free)
TotalPageFile size 24925M (AvailPageFile size 11578M)
current process WorkingSet (physical memory assigned to process): 514M, peak: 515M
current process commit charge ("private bytes"): 563M, peak: 564M

vm_info: OpenJDK 64-Bit Server VM (11.0.10+0-b96-7249189) for windows-amd64 JRE (11.0.10+0-b96-7249189), built on Mar 31 2021 21:44:00 by "builder" with MS VC++ 14.0 (VS2015)

END.
