#
# A fatal error has been detected by the Java Runtime Environment:
#
#  EXCEPTION_ACCESS_VIOLATION (0xc0000005) at pc=0x00007ffb2a1ac2b3, pid=14244, tid=30164
#
# JRE version: OpenJDK Runtime Environment (11.0.10) (build 11.0.10+0-b96-7249189)
# Java VM: OpenJDK 64-Bit Server VM (11.0.10+0-b96-7249189, mixed mode, tiered, compressed oops, g1 gc, windows-amd64)
# Problematic frame:
# C  [libzdtp64.dll+0x1c2b3]
#
# No core dump will be written. Minidumps are not enabled by default on client versions of Windows
#
# If you would like to submit a bug report, please visit:
#   https://bugreport.java.com/bugreport/crash.jsp
# The crash happened outside the Java Virtual Machine in native code.
# See problematic frame for where to report the bug.
#

---------------  S U M M A R Y ------------

Command Line: --add-opens=java.base/java.util=ALL-UNNAMED --add-opens=java.base/java.lang=ALL-UNNAMED --add-opens=java.base/java.lang.invoke=ALL-UNNAMED --add-opens=java.base/java.util=ALL-UNNAMED --add-opens=java.prefs/java.util.prefs=ALL-UNNAMED --add-opens=java.prefs/java.util.prefs=ALL-UNNAMED --add-opens=java.base/java.nio.charset=ALL-UNNAMED --add-opens=java.base/java.net=ALL-UNNAMED --add-opens=java.base/java.util.concurrent.atomic=ALL-UNNAMED -Xmx2048m -Dfile.encoding=UTF-8 -Duser.country=CN -Duser.language=zh -Duser.variant org.gradle.launcher.daemon.bootstrap.GradleDaemon 7.0.2

Host: Intel(R) Core(TM) i7-10510U CPU @ 1.80GHz, 8 cores, 15G,  Windows 10 , 64 bit Build 19041 (10.0.19041.1348)
Time: Mon Dec 27 18:21:32 2021 中国标准时间 elapsed time: 21.551757 seconds (0d 0h 0m 21s)

---------------  T H R E A D  ---------------

Current thread (0x0000022aaa8f5000):  JavaThread "WorkerExecutor Queue" [_thread_in_native, id=30164, stack(0x0000007f87600000,0x0000007f87700000)]

Stack: [0x0000007f87600000,0x0000007f87700000],  sp=0x0000007f876fd8c0,  free space=1014k
Native frames: (J=compiled Java code, j=interpreted, Vv=VM code, C=native code)
C  [libzdtp64.dll+0x1c2b3]
C  [libzdtp64.dll+0x1cf8d]
C  0x0000022a8ad6ff48

Java frames: (J=compiled Java code, j=interpreted, Vv=VM code)
j  java.lang.ProcessImpl.create(Ljava/lang/String;Ljava/lang/String;Ljava/lang/String;[JZ)J+0 java.base@11.0.10
j  java.lang.ProcessImpl.<init>([Ljava/lang/String;Ljava/lang/String;Ljava/lang/String;[JZ)V+264 java.base@11.0.10
j  java.lang.ProcessImpl.start([Ljava/lang/String;Ljava/util/Map;Ljava/lang/String;[Ljava/lang/ProcessBuilder$Redirect;Z)Ljava/lang/Process;+399 java.base@11.0.10
j  java.lang.ProcessBuilder.start([Ljava/lang/ProcessBuilder$Redirect;)Ljava/lang/Process;+163 java.base@11.0.10
j  java.lang.ProcessBuilder.start()Ljava/lang/Process;+5 java.base@11.0.10
j  com.android.builder.internal.aapt.v2.Aapt2DaemonImpl.startProcess()V+41
j  com.android.builder.internal.aapt.v2.Aapt2Daemon.checkStarted()V+66
j  com.android.builder.internal.aapt.v2.Aapt2Daemon.link(Lcom/android/builder/internal/aapt/AaptPackageConfig;Lcom/android/utils/ILogger;)V+13
j  com.android.builder.internal.aapt.v2.Aapt2DaemonManager$LeasedAaptDaemon.link(Lcom/android/builder/internal/aapt/AaptPackageConfig;Lcom/android/utils/ILogger;)V+34
j  com.android.builder.internal.aapt.v2.Aapt2DaemonManager$leasingAapt2Daemon$1.link(Lcom/android/builder/internal/aapt/AaptPackageConfig;Lcom/android/utils/ILogger;)V+49
j  com.android.build.gradle.internal.services.PartialInProcessResourceProcessor.link(Lcom/android/builder/internal/aapt/AaptPackageConfig;Lcom/android/utils/ILogger;)V+18
j  com.android.build.gradle.internal.res.Aapt2ProcessResourcesRunnableKt.processResources(Lcom/android/builder/internal/aapt/v2/Aapt2;Lcom/android/builder/internal/aapt/AaptPackageConfig;Ljava/io/File;Lorg/gradle/api/logging/Logger;Lcom/android/build/gradle/options/SyncOptions$ErrorFormatMode;Lkotlin/jvm/functions/Function1;)V+46
j  com.android.build.gradle.internal.res.LinkApplicationAndroidResourcesTask$Companion.invokeAaptForSplit(Lcom/android/build/api/variant/impl/VariantOutputImpl$SerializedForm;Lcom/android/build/api/variant/impl/BuiltArtifactImpl;ZLcom/android/builder/internal/aapt/v2/Aapt2;Ljava/io/File;Lcom/android/build/gradle/internal/res/LinkApplicationAndroidResourcesTask$TaskWorkActionParameters;)V+1428
j  com.android.build.gradle.internal.res.LinkApplicationAndroidResourcesTask$Companion.access$invokeAaptForSplit(Lcom/android/build/gradle/internal/res/LinkApplicationAndroidResourcesTask$Companion;Lcom/android/build/api/variant/impl/VariantOutputImpl$SerializedForm;Lcom/android/build/api/variant/impl/BuiltArtifactImpl;ZLcom/android/builder/internal/aapt/v2/Aapt2;Ljava/io/File;Lcom/android/build/gradle/internal/res/LinkApplicationAndroidResourcesTask$TaskWorkActionParameters;)V+10
j  com.android.build.gradle.internal.res.LinkApplicationAndroidResourcesTask$TaskAction.run()V+224
j  com.android.build.gradle.internal.profile.ProfileAwareWorkAction.execute()V+74
j  org.gradle.workers.internal.DefaultWorkerServer.execute(Lorg/gradle/workers/internal/SimpleActionExecutionSpec;)Lorg/gradle/workers/internal/DefaultWorkResult;+128
j  org.gradle.workers.internal.NoIsolationWorkerFactory$1$1.create()Lorg/gradle/workers/internal/DefaultWorkResult;+29
j  org.gradle.workers.internal.NoIsolationWorkerFactory$1$1.create()Ljava/lang/Object;+1
j  org.gradle.internal.classloader.ClassLoaderUtils.executeInClassloader(Ljava/lang/ClassLoader;Lorg/gradle/internal/Factory;)Ljava/lang/Object;+15
j  org.gradle.workers.internal.NoIsolationWorkerFactory$1.lambda$execute$0(Ljava/lang/ClassLoader;Lorg/gradle/workers/WorkerExecutor;Lorg/gradle/workers/internal/IsolatedParametersActionExecutionSpec;)Lorg/gradle/workers/internal/DefaultWorkResult;+10
j  org.gradle.workers.internal.NoIsolationWorkerFactory$1$$Lambda$1080.execute(Lorg/gradle/workers/internal/IsolatedParametersActionExecutionSpec;)Lorg/gradle/workers/internal/DefaultWorkResult;+13
j  org.gradle.workers.internal.AbstractWorker$1.call(Lorg/gradle/internal/operations/BuildOperationContext;)Lorg/gradle/workers/internal/DefaultWorkResult;+8
j  org.gradle.workers.internal.AbstractWorker$1.call(Lorg/gradle/internal/operations/BuildOperationContext;)Ljava/lang/Object;+2
J 8785 c1 org.gradle.internal.operations.DefaultBuildOperationRunner$CallableBuildOperationWorker.execute(Lorg/gradle/internal/operations/BuildOperation;Lorg/gradle/internal/operations/BuildOperationContext;)V (10 bytes) @ 0x0000022a8c5152b4 [0x0000022a8c515060+0x0000000000000254]
J 6635 c1 org.gradle.internal.operations.DefaultBuildOperationRunner$3.execute(Lorg/gradle/internal/operations/BuildOperationDescriptor;Lorg/gradle/internal/operations/BuildOperationState;Lorg/gradle/internal/operations/BuildOperationState;Lorg/gradle/internal/operations/DefaultBuildOperationRunner$ReadableBuildOperationContext;Lorg/gradle/internal/operations/DefaultBuildOperationRunner$BuildOperationExecutionListener;)Lorg/gradle/internal/operations/BuildOperation; (110 bytes) @ 0x0000022a8c080c24 [0x0000022a8c080a40+0x00000000000001e4]
J 6481 c1 org.gradle.internal.operations.DefaultBuildOperationRunner.execute(Lorg/gradle/internal/operations/BuildOperationDescriptor$Builder;Lorg/gradle/internal/operations/BuildOperationState;Lorg/gradle/internal/operations/DefaultBuildOperationRunner$BuildOperationExecution;)Ljava/lang/Object; (140 bytes) @ 0x0000022a8c0284f4 [0x0000022a8c0277a0+0x0000000000000d54]
J 8787 c1 org.gradle.internal.operations.DefaultBuildOperationRunner.call(Lorg/gradle/internal/operations/CallableBuildOperation;)Ljava/lang/Object; (24 bytes) @ 0x0000022a8c51635c [0x0000022a8c515c60+0x00000000000006fc]
J 6607 c1 org.gradle.internal.operations.DefaultBuildOperationExecutor.call(Lorg/gradle/internal/operations/CallableBuildOperation;)Ljava/lang/Object; (19 bytes) @ 0x0000022a8c07154c [0x0000022a8c070ca0+0x00000000000008ac]
j  org.gradle.workers.internal.AbstractWorker.executeWrappedInBuildOperation(Lorg/gradle/workers/internal/IsolatedParametersActionExecutionSpec;Lorg/gradle/internal/operations/BuildOperationRef;Lorg/gradle/workers/internal/AbstractWorker$Work;)Lorg/gradle/workers/internal/DefaultWorkResult;+15
j  org.gradle.workers.internal.NoIsolationWorkerFactory$1.execute(Lorg/gradle/workers/internal/IsolatedParametersActionExecutionSpec;Lorg/gradle/internal/operations/BuildOperationRef;)Lorg/gradle/workers/internal/DefaultWorkResult;+17
j  org.gradle.workers.internal.DefaultWorkerExecutor.lambda$submitWork$2(Lorg/gradle/workers/internal/WorkerFactory;Lorg/gradle/workers/internal/WorkerRequirement;Lorg/gradle/workers/internal/IsolatedParametersActionExecutionSpec;Lorg/gradle/internal/operations/BuildOperationRef;)Lorg/gradle/workers/internal/DefaultWorkResult;+13
j  org.gradle.workers.internal.DefaultWorkerExecutor$$Lambda$1078.call()Ljava/lang/Object;+16
J 7678 c1 java.util.concurrent.FutureTask.run()V java.base@11.0.10 (123 bytes) @ 0x0000022a8c2f59c4 [0x0000022a8c2f5320+0x00000000000006a4]
j  org.gradle.internal.work.DefaultConditionalExecutionQueue$ExecutionRunner.runExecution(Lorg/gradle/internal/work/ConditionalExecution;)V+6
j  org.gradle.internal.work.DefaultConditionalExecutionQueue$ExecutionRunner.runBatch(Lorg/gradle/internal/work/ConditionalExecution;)V+8
j  org.gradle.internal.work.DefaultConditionalExecutionQueue$ExecutionRunner.run()V+11
j  java.util.concurrent.Executors$RunnableAdapter.call()Ljava/lang/Object;+4 java.base@11.0.10
J 7678 c1 java.util.concurrent.FutureTask.run()V java.base@11.0.10 (123 bytes) @ 0x0000022a8c2f59c4 [0x0000022a8c2f5320+0x00000000000006a4]
J 9208 c1 org.gradle.internal.concurrent.ManagedExecutorImpl$1.run()V (57 bytes) @ 0x0000022a8c6163cc [0x0000022a8c616160+0x000000000000026c]
j  java.util.concurrent.ThreadPoolExecutor.runWorker(Ljava/util/concurrent/ThreadPoolExecutor$Worker;)V+92 java.base@11.0.10
j  java.util.concurrent.ThreadPoolExecutor$Worker.run()V+5 java.base@11.0.10
j  org.gradle.internal.concurrent.ThreadFactoryImpl$ManagedThreadRunnable.run()V+7
j  java.lang.Thread.run()V+11 java.base@11.0.10
v  ~StubRoutines::call_stub

siginfo: EXCEPTION_ACCESS_VIOLATION (0xc0000005), reading address 0x0000000000000018


Register to memory mapping:

RIP=0x00007ffb2a1ac2b3 libzdtp64.dll
RAX=0x0 is NULL
RBX=0x0 is NULL
RCX=0x0000007f876fdaa0 is pointing into the stack for thread: 0x0000022aaa8f5000
RDX=0x0 is NULL
RSP=0x0000007f876fd8c0 is pointing into the stack for thread: 0x0000022aaa8f5000
RBP=0x0000007f876fd9c0 is pointing into the stack for thread: 0x0000022aaa8f5000
RSI=0x0 is NULL
RDI=0x0000007f876fdaa0 is pointing into the stack for thread: 0x0000022aaa8f5000
R8 =0x0000000000000004 is an unknown value
R9 =0x0000000000000001 is an unknown value
R10=0x0000000000008000 is an unknown value
R11=0x0000007f876fd9a0 is pointing into the stack for thread: 0x0000022aaa8f5000
R12=0x0 is NULL
R13=0x0000022aa963f918 points into unknown readable memory: 0x0000000000000000 | 00 00 00 00 00 00 00 00
R14=0x0 is NULL
R15=0x0000000000000001 is an unknown value


Registers:
RAX=0x0000000000000000, RBX=0x0000000000000000, RCX=0x0000007f876fdaa0, RDX=0x0000000000000000
RSP=0x0000007f876fd8c0, RBP=0x0000007f876fd9c0, RSI=0x0000000000000000, RDI=0x0000007f876fdaa0
R8 =0x0000000000000004, R9 =0x0000000000000001, R10=0x0000000000008000, R11=0x0000007f876fd9a0
R12=0x0000000000000000, R13=0x0000022aa963f918, R14=0x0000000000000000, R15=0x0000000000000001
RIP=0x00007ffb2a1ac2b3, EFLAGS=0x0000000000010293

Top of Stack: (sp=0x0000007f876fd8c0)
0x0000007f876fd8c0:   00007ffb4149e670 0000007f876fd878
0x0000007f876fd8d0:   0000022aa963f928 0000000000000007
0x0000007f876fd8e0:   0000022aa963f918 0000000000000000
0x0000007f876fd8f0:   0000000000000004 0000000000000000
0x0000007f876fd900:   0000007f876fda00 00007ffb437f5ba1
0x0000007f876fd910:   0000000000000000 0000000000000004
0x0000007f876fd920:   0000022aaa8f5348 fffffffffffffffe
0x0000007f876fd930:   0000000000000004 00007ffafc13047b
0x0000007f876fd940:   0000022aadef6b50 0000022a00000326
0x0000007f876fd950:   0000022aaa8f5000 0000022aad9e21a0
0x0000007f876fd960:   0000022aad9e8730 0000022aa963f918
0x0000007f876fd970:   0000022a85490000 0000007f876fda10
0x0000007f876fd980:   000000000000006c 0000007f876fda20
0x0000007f876fd990:   0000000000000000 00007ffb4121b430
0x0000007f876fd9a0:   0000000000000000 000000000000000f
0x0000007f876fd9b0:   0000022aa963f918 0000000000000000 

Instructions: (pc=0x00007ffb2a1ac2b3)
0x00007ffb2a1ac1b3:   48 8b 0f 48 8b 47 08 48 2b c1 48 c1 f8 05 49 63
0x00007ffb2a1ac1c3:   f6 48 83 c0 f6 48 3b f0 74 16 4d 8b c7 48 8d 15
0x00007ffb2a1ac1d3:   ad 87 04 00 48 8d 4d d0 e8 e0 99 fe ff 48 8b 0f
0x00007ffb2a1ac1e3:   41 ff c6 48 83 c3 20 48 8b 47 08 48 2b c1 48 c1
0x00007ffb2a1ac1f3:   f8 05 48 3b f0 72 8a 48 83 7d e0 00 0f 84 3a 06
0x00007ffb2a1ac203:   00 00 66 44 89 7c 24 40 0f 57 c0 f3 0f 7f 44 24
0x00007ffb2a1ac213:   48 4c 89 64 24 58 66 0f 6f 05 6f 59 05 00 f3 0f
0x00007ffb2a1ac223:   7f 45 a0 c6 45 90 00 41 b8 04 00 00 00 48 8d 15
0x00007ffb2a1ac233:   59 0a 05 00 48 8d 4d 90 e8 20 50 fe ff 90 66 0f
0x00007ffb2a1ac243:   6f 05 47 59 05 00 f3 0f 7f 45 80 c6 44 24 70 00
0x00007ffb2a1ac253:   41 b8 06 00 00 00 48 8d 15 34 81 04 00 48 8d 4c
0x00007ffb2a1ac263:   24 70 e8 f6 4f fe ff 90 48 8d 54 24 70 48 8d 4d
0x00007ffb2a1ac273:   f0 e8 97 e5 fe ff 90 48 8d 55 90 48 8d 4d 10 e8
0x00007ffb2a1ac283:   89 e5 fe ff c7 45 30 65 00 00 00 48 8b 44 24 50
0x00007ffb2a1ac293:   48 39 44 24 58 74 60 48 8d 55 f0 48 8b c8 e8 aa
0x00007ffb2a1ac2a3:   d0 ff ff 48 83 44 24 50 48 eb 5e 66 90 48 8b d3
0x00007ffb2a1ac2b3:   48 83 7b 18 10 72 03 48 8b 13 49 c7 c0 ff ff ff
0x00007ffb2a1ac2c3:   ff 49 ff c0 42 80 3c 02 00 75 f6 48 8d 4d d0 e8
0x00007ffb2a1ac2d3:   e9 98 fe ff 48 83 c3 20 48 3b 5f 08 0f 84 15 ff
0x00007ffb2a1ac2e3:   ff ff 4d 8b c7 48 8d 15 a5 86 04 00 48 8d 4d d0
0x00007ffb2a1ac2f3:   e8 c8 98 fe ff eb b6 4c 8d 45 f0 48 8b d0 48 8d
0x00007ffb2a1ac303:   4c 24 48 e8 45 23 00 00 90 48 8d 4d f0 e8 7b 93
0x00007ffb2a1ac313:   ff ff 90 48 8b 55 88 48 83 fa 10 72 33 48 ff c2
0x00007ffb2a1ac323:   48 8b 4c 24 70 48 8b c1 48 81 fa 00 10 00 00 72
0x00007ffb2a1ac333:   19 48 83 c2 27 48 8b 49 f8 48 2b c1 48 83 c0 f8
0x00007ffb2a1ac343:   48 83 f8 1f 0f 87 5d 05 00 00 e8 1e a9 00 00 90
0x00007ffb2a1ac353:   48 8b 55 a8 48 83 fa 10 72 31 48 ff c2 48 8b 4d
0x00007ffb2a1ac363:   90 48 8b c1 48 81 fa 00 10 00 00 72 19 48 83 c2
0x00007ffb2a1ac373:   27 48 8b 49 f8 48 2b c1 48 83 c0 f8 48 83 f8 1f
0x00007ffb2a1ac383:   0f 87 27 05 00 00 e8 e2 a8 00 00 66 0f 6f 05 fa
0x00007ffb2a1ac393:   57 05 00 f3 0f 7f 45 80 c6 44 24 70 00 41 b8 03
0x00007ffb2a1ac3a3:   00 00 00 48 8d 15 b7 85 04 00 48 8d 4c 24 70 e8 


Stack slot to memory mapping:
stack at sp + 0 slots: 0x00007ffb4149e670 KERNELBASE.dll
stack at sp + 1 slots: 0x0000007f876fd878 is pointing into the stack for thread: 0x0000022aaa8f5000
stack at sp + 2 slots: 0x0000022aa963f928 points into unknown readable memory: 0x0000000000000000 | 00 00 00 00 00 00 00 00
stack at sp + 3 slots: 0x0000000000000007 is an unknown value
stack at sp + 4 slots: 0x0000022aa963f918 points into unknown readable memory: 0x0000000000000000 | 00 00 00 00 00 00 00 00
stack at sp + 5 slots: 0x0 is NULL
stack at sp + 6 slots: 0x0000000000000004 is an unknown value
stack at sp + 7 slots: 0x0 is NULL


---------------  P R O C E S S  ---------------

Threads class SMR info:
_java_thread_list=0x0000022aad9d56c0, length=68, elements={
0x0000022a86e95000, 0x0000022aa269d800, 0x0000022aa26a7000, 0x0000022aa2715800,
0x0000022aa2717000, 0x0000022aa2718000, 0x0000022aa2727800, 0x0000022aa2752800,
0x0000022aa2756000, 0x0000022aa28c7800, 0x0000022aa5278800, 0x0000022aa4cf3800,
0x0000022aa47d6000, 0x0000022aa5258800, 0x0000022aa4826800, 0x0000022aa4b48800,
0x0000022aa5158800, 0x0000022aa4c03800, 0x0000022aa5a84800, 0x0000022aa49fb800,
0x0000022aa49f7800, 0x0000022aa49fe000, 0x0000022aa49fa000, 0x0000022aa49f9000,
0x0000022aa49f8800, 0x0000022aa49fc800, 0x0000022aa49fd000, 0x0000022aa49fb000,
0x0000022aa7c3f800, 0x0000022aa7c40800, 0x0000022aa7c44800, 0x0000022aa7c3f000,
0x0000022aa7c43000, 0x0000022aa7c42000, 0x0000022aa7c48000, 0x0000022aa7c48800,
0x0000022aa7c45800, 0x0000022aa7c47000, 0x0000022aa7c49800, 0x0000022aa7c43800,
0x0000022aa7c4c000, 0x0000022aa7c4a000, 0x0000022aa7c4b000, 0x0000022aa7c4c800,
0x0000022aa7c4d800, 0x0000022aa2b63000, 0x0000022aa2b63800, 0x0000022aa2b62000,
0x0000022aa2b66000, 0x0000022aa2b61000, 0x0000022aa7a21800, 0x0000022aaaeac000,
0x0000022aa2b65800, 0x0000022aa2b60800, 0x0000022aa2b6a000, 0x0000022aa2b67000,
0x0000022aa2b68800, 0x0000022aa2b6c000, 0x0000022aa2b6d800, 0x0000022aa2b69800,
0x0000022aa2b6c800, 0x0000022aa2b68000, 0x0000022aa2b6e800, 0x0000022aaa8f5000,
0x0000022aaa8f7000, 0x0000022aaa8f6000, 0x0000022aaa8fb800, 0x0000022aaa8f7800
}

Java Threads: ( => current thread )
  0x0000022a86e95000 JavaThread "main" [_thread_blocked, id=26640, stack(0x0000007f82800000,0x0000007f82900000)]
  0x0000022aa269d800 JavaThread "Reference Handler" daemon [_thread_blocked, id=9356, stack(0x0000007f82f00000,0x0000007f83000000)]
  0x0000022aa26a7000 JavaThread "Finalizer" daemon [_thread_blocked, id=27048, stack(0x0000007f83000000,0x0000007f83100000)]
  0x0000022aa2715800 JavaThread "Signal Dispatcher" daemon [_thread_blocked, id=22072, stack(0x0000007f83100000,0x0000007f83200000)]
  0x0000022aa2717000 JavaThread "Attach Listener" daemon [_thread_blocked, id=28512, stack(0x0000007f83200000,0x0000007f83300000)]
  0x0000022aa2718000 JavaThread "Service Thread" daemon [_thread_blocked, id=31324, stack(0x0000007f83300000,0x0000007f83400000)]
  0x0000022aa2727800 JavaThread "C2 CompilerThread0" daemon [_thread_in_native, id=29560, stack(0x0000007f83400000,0x0000007f83500000)]
  0x0000022aa2752800 JavaThread "C1 CompilerThread0" daemon [_thread_blocked, id=31368, stack(0x0000007f83500000,0x0000007f83600000)]
  0x0000022aa2756000 JavaThread "Sweeper thread" daemon [_thread_blocked, id=31364, stack(0x0000007f83600000,0x0000007f83700000)]
  0x0000022aa28c7800 JavaThread "Common-Cleaner" daemon [_thread_blocked, id=24272, stack(0x0000007f83700000,0x0000007f83800000)]
  0x0000022aa5278800 JavaThread "Daemon health stats" [_thread_blocked, id=29596, stack(0x0000007f84000000,0x0000007f84100000)]
  0x0000022aa4cf3800 JavaThread "Incoming local TCP Connector on port 49437" [_thread_in_native, id=19604, stack(0x0000007f83900000,0x0000007f83a00000)]
  0x0000022aa47d6000 JavaThread "Daemon periodic checks" [_thread_blocked, id=30980, stack(0x0000007f84100000,0x0000007f84200000)]
  0x0000022aa5258800 JavaThread "Daemon" [_thread_blocked, id=30760, stack(0x0000007f84200000,0x0000007f84300000)]
  0x0000022aa4826800 JavaThread "Handler for socket connection from /127.0.0.1:49437 to /127.0.0.1:49438" [_thread_in_native, id=27352, stack(0x0000007f84300000,0x0000007f84400000)]
  0x0000022aa4b48800 JavaThread "Cancel handler" [_thread_blocked, id=31392, stack(0x0000007f84400000,0x0000007f84500000)]
  0x0000022aa5158800 JavaThread "Daemon worker" [_thread_blocked, id=30664, stack(0x0000007f84500000,0x0000007f84600000)]
  0x0000022aa4c03800 JavaThread "Asynchronous log dispatcher for DefaultDaemonConnection: socket connection from /127.0.0.1:49437 to /127.0.0.1:49438" [_thread_blocked, id=25140, stack(0x0000007f84600000,0x0000007f84700000)]
  0x0000022aa5a84800 JavaThread "Stdin handler" [_thread_blocked, id=24496, stack(0x0000007f84700000,0x0000007f84800000)]
  0x0000022aa49fb800 JavaThread "Daemon client event forwarder" [_thread_blocked, id=31544, stack(0x0000007f84800000,0x0000007f84900000)]
  0x0000022aa49f7800 JavaThread "Cache worker for file hash cache (C:\Users\14185\.gradle\caches\7.0.2\fileHashes)" [_thread_blocked, id=30752, stack(0x0000007f83f00000,0x0000007f84000000)]
  0x0000022aa49fe000 JavaThread "File lock request listener" [_thread_in_native, id=30080, stack(0x0000007f84900000,0x0000007f84a00000)]
  0x0000022aa49fa000 JavaThread "Cache worker for journal cache (C:\Users\14185\.gradle\caches\journal-1)" [_thread_blocked, id=4688, stack(0x0000007f84d00000,0x0000007f84e00000)]
  0x0000022aa49f9000 JavaThread "Cache worker for file hash cache (D:\Android\LukeDict\.gradle\7.0.2\fileHashes)" [_thread_blocked, id=31372, stack(0x0000007f84f00000,0x0000007f85000000)]
  0x0000022aa49f8800 JavaThread "File watcher server" daemon [_thread_in_native, id=29816, stack(0x0000007f85000000,0x0000007f85100000)]
  0x0000022aa49fc800 JavaThread "File watcher consumer" daemon [_thread_blocked, id=31400, stack(0x0000007f85100000,0x0000007f85200000)]
  0x0000022aa49fd000 JavaThread "Cache worker for checksums cache (D:\Android\LukeDict\.gradle\checksums)" [_thread_blocked, id=30816, stack(0x0000007f85200000,0x0000007f85300000)]
  0x0000022aa49fb000 JavaThread "Cache worker for cache directory md-supplier (C:\Users\14185\.gradle\caches\7.0.2\md-supplier)" [_thread_blocked, id=11376, stack(0x0000007f85300000,0x0000007f85400000)]
  0x0000022aa7c3f800 JavaThread "Cache worker for cache directory md-rule (C:\Users\14185\.gradle\caches\7.0.2\md-rule)" [_thread_blocked, id=30716, stack(0x0000007f85500000,0x0000007f85600000)]
  0x0000022aa7c40800 JavaThread "Cache worker for execution history cache (C:\Users\14185\.gradle\caches\7.0.2\executionHistory)" [_thread_blocked, id=22496, stack(0x0000007f85600000,0x0000007f85700000)]
  0x0000022aa7c44800 JavaThread "jar transforms" [_thread_blocked, id=23912, stack(0x0000007f85700000,0x0000007f85800000)]
  0x0000022aa7c3f000 JavaThread "jar transforms Thread 2" [_thread_blocked, id=31304, stack(0x0000007f85800000,0x0000007f85900000)]
  0x0000022aa7c43000 JavaThread "Cache worker for file content cache (C:\Users\14185\.gradle\caches\7.0.2\fileContent)" [_thread_blocked, id=25992, stack(0x0000007f85900000,0x0000007f85a00000)]
  0x0000022aa7c42000 JavaThread "Cache worker for dependencies-accessors (D:\Android\LukeDict\.gradle\7.0.2\dependencies-accessors)" [_thread_blocked, id=28976, stack(0x0000007f85a00000,0x0000007f85b00000)]
  0x0000022aa7c48000 JavaThread "jar transforms Thread 3" [_thread_blocked, id=23636, stack(0x0000007f85b00000,0x0000007f85c00000)]
  0x0000022aa7c48800 JavaThread "Cache worker for Build Output Cleanup Cache (D:\Android\LukeDict\.gradle\buildOutputCleanup)" [_thread_blocked, id=21288, stack(0x0000007f85c00000,0x0000007f85d00000)]
  0x0000022aa7c45800 JavaThread "Build operations" [_thread_blocked, id=23588, stack(0x0000007f85d00000,0x0000007f85e00000)]
  0x0000022aa7c47000 JavaThread "Build operations Thread 2" [_thread_blocked, id=22048, stack(0x0000007f85e00000,0x0000007f85f00000)]
  0x0000022aa7c49800 JavaThread "Build operations Thread 3" [_thread_blocked, id=29180, stack(0x0000007f85f00000,0x0000007f86000000)]
  0x0000022aa7c43800 JavaThread "Build operations Thread 4" [_thread_blocked, id=30996, stack(0x0000007f86000000,0x0000007f86100000)]
  0x0000022aa7c4c000 JavaThread "Build operations Thread 5" [_thread_blocked, id=31568, stack(0x0000007f86100000,0x0000007f86200000)]
  0x0000022aa7c4a000 JavaThread "Build operations Thread 6" [_thread_blocked, id=9684, stack(0x0000007f86200000,0x0000007f86300000)]
  0x0000022aa7c4b000 JavaThread "Build operations Thread 7" [_thread_blocked, id=30204, stack(0x0000007f86300000,0x0000007f86400000)]
  0x0000022aa7c4c800 JavaThread "Build operations Thread 8" [_thread_blocked, id=28920, stack(0x0000007f86400000,0x0000007f86500000)]
  0x0000022aa7c4d800 JavaThread "jar transforms Thread 4" [_thread_blocked, id=29832, stack(0x0000007f86500000,0x0000007f86600000)]
  0x0000022aa2b63000 JavaThread "jar transforms Thread 5" [_thread_blocked, id=836, stack(0x0000007f86600000,0x0000007f86700000)]
  0x0000022aa2b63800 JavaThread "jar transforms Thread 6" [_thread_blocked, id=9296, stack(0x0000007f86700000,0x0000007f86800000)]
  0x0000022aa2b62000 JavaThread "jar transforms Thread 7" [_thread_blocked, id=26680, stack(0x0000007f86800000,0x0000007f86900000)]
  0x0000022aa2b66000 JavaThread "jar transforms Thread 8" [_thread_blocked, id=28308, stack(0x0000007f86900000,0x0000007f86a00000)]
  0x0000022aa2b61000 JavaThread "Memory manager" [_thread_blocked, id=28572, stack(0x0000007f86a00000,0x0000007f86b00000)]
  0x0000022aa7a21800 JavaThread "C2 CompilerThread1" daemon [_thread_in_native, id=24360, stack(0x0000007f84e00000,0x0000007f84f00000)]
  0x0000022aaaeac000 JavaThread "C2 CompilerThread2" daemon [_thread_in_native, id=23100, stack(0x0000007f85400000,0x0000007f85500000)]
  0x0000022aa2b65800 JavaThread "build event listener" [_thread_blocked, id=29756, stack(0x0000007f86b00000,0x0000007f86c00000)]
  0x0000022aa2b60800 JavaThread "pool-3-thread-1" [_thread_blocked, id=31732, stack(0x0000007f86c00000,0x0000007f86d00000)]
  0x0000022aa2b6a000 JavaThread "build event listener" [_thread_blocked, id=29120, stack(0x0000007f86d00000,0x0000007f86e00000)]
  0x0000022aa2b67000 JavaThread "Execution worker for ':'" [_thread_blocked, id=31496, stack(0x0000007f86e00000,0x0000007f86f00000)]
  0x0000022aa2b68800 JavaThread "Execution worker for ':' Thread 2" [_thread_blocked, id=23792, stack(0x0000007f86f00000,0x0000007f87000000)]
  0x0000022aa2b6c000 JavaThread "Execution worker for ':' Thread 3" [_thread_blocked, id=22852, stack(0x0000007f87000000,0x0000007f87100000)]
  0x0000022aa2b6d800 JavaThread "Execution worker for ':' Thread 4" [_thread_blocked, id=27860, stack(0x0000007f87100000,0x0000007f87200000)]
  0x0000022aa2b69800 JavaThread "Execution worker for ':' Thread 5" [_thread_blocked, id=25148, stack(0x0000007f87200000,0x0000007f87300000)]
  0x0000022aa2b6c800 JavaThread "Execution worker for ':' Thread 6" [_thread_blocked, id=28740, stack(0x0000007f87300000,0x0000007f87400000)]
  0x0000022aa2b68000 JavaThread "Execution worker for ':' Thread 7" [_thread_blocked, id=25808, stack(0x0000007f87400000,0x0000007f87500000)]
  0x0000022aa2b6e800 JavaThread "Cache worker for execution history cache (D:\Android\LukeDict\.gradle\7.0.2\executionHistory)" [_thread_blocked, id=24672, stack(0x0000007f87500000,0x0000007f87600000)]
=>0x0000022aaa8f5000 JavaThread "WorkerExecutor Queue" [_thread_in_native, id=30164, stack(0x0000007f87600000,0x0000007f87700000)]
  0x0000022aaa8f7000 JavaThread "WorkerExecutor Queue Thread 2" [_thread_blocked, id=26588, stack(0x0000007f87700000,0x0000007f87800000)]
  0x0000022aaa8f6000 JavaThread "WorkerExecutor Queue Thread 3" [_thread_blocked, id=25708, stack(0x0000007f87800000,0x0000007f87900000)]
  0x0000022aaa8fb800 JavaThread "WorkerExecutor Queue Thread 4" [_thread_in_vm, id=26372, stack(0x0000007f87900000,0x0000007f87a00000)]
  0x0000022aaa8f7800 JavaThread "pool-4-thread-1" [_thread_blocked, id=30992, stack(0x0000007f87a00000,0x0000007f87b00000)]

Other Threads:
  0x0000022aa269a000 VMThread "VM Thread" [stack: 0x0000007f82e00000,0x0000007f82f00000] [id=31556]
  0x0000022aa28ce000 WatcherThread [stack: 0x0000007f83800000,0x0000007f83900000] [id=25084]
  0x0000022a86ead800 GCTaskThread "GC Thread#0" [stack: 0x0000007f82900000,0x0000007f82a00000] [id=31244]
  0x0000022aa2e2c800 GCTaskThread "GC Thread#1" [stack: 0x0000007f83a00000,0x0000007f83b00000] [id=29892]
  0x0000022aa2e2d000 GCTaskThread "GC Thread#2" [stack: 0x0000007f83b00000,0x0000007f83c00000] [id=30756]
  0x0000022aa3820800 GCTaskThread "GC Thread#3" [stack: 0x0000007f83c00000,0x0000007f83d00000] [id=23964]
  0x0000022aa3821000 GCTaskThread "GC Thread#4" [stack: 0x0000007f83d00000,0x0000007f83e00000] [id=25936]
  0x0000022aa331e000 GCTaskThread "GC Thread#5" [stack: 0x0000007f83e00000,0x0000007f83f00000] [id=28620]
  0x0000022aa4b43800 GCTaskThread "GC Thread#6" [stack: 0x0000007f84a00000,0x0000007f84b00000] [id=30800]
  0x0000022aa3db9000 GCTaskThread "GC Thread#7" [stack: 0x0000007f84b00000,0x0000007f84c00000] [id=31528]
  0x0000022a86ee2800 ConcurrentGCThread "G1 Main Marker" [stack: 0x0000007f82a00000,0x0000007f82b00000] [id=5104]
  0x0000022a86ee4000 ConcurrentGCThread "G1 Conc#0" [stack: 0x0000007f82b00000,0x0000007f82c00000] [id=25444]
  0x0000022aa3eb6800 ConcurrentGCThread "G1 Conc#1" [stack: 0x0000007f84c00000,0x0000007f84d00000] [id=10424]
  0x0000022aa1ce6800 ConcurrentGCThread "G1 Refine#0" [stack: 0x0000007f82c00000,0x0000007f82d00000] [id=30272]
  0x0000022aa1ce7800 ConcurrentGCThread "G1 Young RemSet Sampling" [stack: 0x0000007f82d00000,0x0000007f82e00000] [id=20568]

Threads with active compile tasks:
C2 CompilerThread0  21678 10328       4       java.lang.reflect.AccessibleObject::checkAccess (40 bytes)
C2 CompilerThread1  21678 10316       4       java.lang.reflect.Method::invoke (65 bytes)
C2 CompilerThread2  21678 10361       4       java.util.regex.Pattern::split (290 bytes)

VM state:not at safepoint (normal execution)

VM Mutex/Monitor currently owned by a thread: None

Heap address: 0x0000000080000000, size: 2048 MB, Compressed Oops mode: 32-bit
Narrow klass base: 0x0000000000000000, Narrow klass shift: 3
Compressed class space size: 1073741824 Address: 0x0000000100000000

Heap:
 garbage-first heap   total 260096K, used 178649K [0x0000000080000000, 0x0000000100000000)
  region size 1024K, 105 young (107520K), 7 survivors (7168K)
 Metaspace       used 88870K, capacity 91163K, committed 91468K, reserved 1128448K
  class space    used 11453K, capacity 12308K, committed 12364K, reserved 1048576K
Heap Regions: E=young(eden), S=young(survivor), O=old, HS=humongous(starts), HC=humongous(continues), CS=collection set, F=free, A=archive, TAMS=top-at-mark-start (previous, next)
|   0|0x0000000080000000, 0x0000000080100000, 0x0000000080100000|100%| O|  |TAMS 0x0000000080100000, 0x0000000080000000| Untracked 
|   1|0x0000000080100000, 0x0000000080200000, 0x0000000080200000|100%| O|  |TAMS 0x0000000080200000, 0x0000000080100000| Untracked 
|   2|0x0000000080200000, 0x0000000080300000, 0x0000000080300000|100%| O|  |TAMS 0x0000000080300000, 0x0000000080200000| Untracked 
|   3|0x0000000080300000, 0x0000000080400000, 0x0000000080400000|100%|HS|  |TAMS 0x0000000080400000, 0x0000000080300000| Complete 
|   4|0x0000000080400000, 0x0000000080500000, 0x0000000080500000|100%|HC|  |TAMS 0x0000000080500000, 0x0000000080400000| Complete 
|   5|0x0000000080500000, 0x0000000080600000, 0x0000000080600000|100%|HC|  |TAMS 0x0000000080600000, 0x0000000080500000| Complete 
|   6|0x0000000080600000, 0x0000000080700000, 0x0000000080700000|100%| O|  |TAMS 0x0000000080700000, 0x0000000080600000| Untracked 
|   7|0x0000000080700000, 0x0000000080800000, 0x0000000080800000|100%| O|  |TAMS 0x0000000080800000, 0x0000000080700000| Untracked 
|   8|0x0000000080800000, 0x0000000080900000, 0x0000000080900000|100%| O|  |TAMS 0x0000000080900000, 0x0000000080800000| Untracked 
|   9|0x0000000080900000, 0x0000000080a00000, 0x0000000080a00000|100%| O|  |TAMS 0x0000000080a00000, 0x0000000080900000| Untracked 
|  10|0x0000000080a00000, 0x0000000080b00000, 0x0000000080b00000|100%| O|  |TAMS 0x0000000080b00000, 0x0000000080a00000| Untracked 
|  11|0x0000000080b00000, 0x0000000080c00000, 0x0000000080c00000|100%| O|  |TAMS 0x0000000080c00000, 0x0000000080b00000| Untracked 
|  12|0x0000000080c00000, 0x0000000080d00000, 0x0000000080d00000|100%| O|  |TAMS 0x0000000080d00000, 0x0000000080c00000| Untracked 
|  13|0x0000000080d00000, 0x0000000080e00000, 0x0000000080e00000|100%| O|  |TAMS 0x0000000080e00000, 0x0000000080d00000| Untracked 
|  14|0x0000000080e00000, 0x0000000080f00000, 0x0000000080f00000|100%| O|  |TAMS 0x0000000080f00000, 0x0000000080e00000| Untracked 
|  15|0x0000000080f00000, 0x0000000081000000, 0x0000000081000000|100%|HS|  |TAMS 0x0000000081000000, 0x0000000080f00000| Complete 
|  16|0x0000000081000000, 0x0000000081100000, 0x0000000081100000|100%|HS|  |TAMS 0x0000000081100000, 0x0000000081000000| Complete 
|  17|0x0000000081100000, 0x0000000081200000, 0x0000000081200000|100%|HS|  |TAMS 0x0000000081200000, 0x0000000081100000| Complete 
|  18|0x0000000081200000, 0x0000000081300000, 0x0000000081300000|100%|HC|  |TAMS 0x0000000081300000, 0x0000000081200000| Complete 
|  19|0x0000000081300000, 0x0000000081400000, 0x0000000081400000|100%| O|  |TAMS 0x0000000081400000, 0x0000000081300000| Untracked 
|  20|0x0000000081400000, 0x0000000081500000, 0x0000000081500000|100%| O|  |TAMS 0x0000000081500000, 0x0000000081400000| Untracked 
|  21|0x0000000081500000, 0x0000000081600000, 0x0000000081600000|100%| O|  |TAMS 0x0000000081600000, 0x0000000081500000| Untracked 
|  22|0x0000000081600000, 0x0000000081700000, 0x0000000081700000|100%| O|  |TAMS 0x0000000081700000, 0x0000000081600000| Untracked 
|  23|0x0000000081700000, 0x0000000081800000, 0x0000000081800000|100%| O|  |TAMS 0x0000000081800000, 0x0000000081700000| Untracked 
|  24|0x0000000081800000, 0x0000000081900000, 0x0000000081900000|100%| O|  |TAMS 0x0000000081900000, 0x0000000081800000| Untracked 
|  25|0x0000000081900000, 0x0000000081a00000, 0x0000000081a00000|100%| O|  |TAMS 0x0000000081a00000, 0x0000000081900000| Untracked 
|  26|0x0000000081a00000, 0x0000000081b00000, 0x0000000081b00000|100%| O|  |TAMS 0x0000000081b00000, 0x0000000081a00000| Untracked 
|  27|0x0000000081b00000, 0x0000000081c00000, 0x0000000081c00000|100%| O|  |TAMS 0x0000000081c00000, 0x0000000081b00000| Untracked 
|  28|0x0000000081c00000, 0x0000000081d00000, 0x0000000081d00000|100%| O|  |TAMS 0x0000000081d00000, 0x0000000081c00000| Untracked 
|  29|0x0000000081d00000, 0x0000000081e00000, 0x0000000081e00000|100%| O|  |TAMS 0x0000000081e00000, 0x0000000081d00000| Untracked 
|  30|0x0000000081e00000, 0x0000000081f00000, 0x0000000081f00000|100%| O|  |TAMS 0x0000000081f00000, 0x0000000081e00000| Untracked 
|  31|0x0000000081f00000, 0x0000000082000000, 0x0000000082000000|100%| O|  |TAMS 0x0000000082000000, 0x0000000081f00000| Untracked 
|  32|0x0000000082000000, 0x0000000082100000, 0x0000000082100000|100%| O|  |TAMS 0x0000000082100000, 0x0000000082000000| Untracked 
|  33|0x0000000082100000, 0x0000000082200000, 0x0000000082200000|100%| O|  |TAMS 0x0000000082200000, 0x0000000082100000| Untracked 
|  34|0x0000000082200000, 0x0000000082300000, 0x0000000082300000|100%| O|  |TAMS 0x0000000082300000, 0x0000000082200000| Untracked 
|  35|0x0000000082300000, 0x0000000082400000, 0x0000000082400000|100%| O|  |TAMS 0x0000000082400000, 0x0000000082300000| Untracked 
|  36|0x0000000082400000, 0x0000000082500000, 0x0000000082500000|100%| O|  |TAMS 0x0000000082500000, 0x0000000082400000| Untracked 
|  37|0x0000000082500000, 0x0000000082600000, 0x0000000082600000|100%| O|  |TAMS 0x0000000082600000, 0x0000000082500000| Untracked 
|  38|0x0000000082600000, 0x0000000082700000, 0x0000000082700000|100%| O|  |TAMS 0x0000000082700000, 0x0000000082600000| Untracked 
|  39|0x0000000082700000, 0x0000000082800000, 0x0000000082800000|100%| O|  |TAMS 0x0000000082800000, 0x0000000082700000| Untracked 
|  40|0x0000000082800000, 0x0000000082900000, 0x0000000082900000|100%| O|  |TAMS 0x0000000082900000, 0x0000000082800000| Untracked 
|  41|0x0000000082900000, 0x0000000082a00000, 0x0000000082a00000|100%| O|  |TAMS 0x00000000829b9600, 0x0000000082900000| Untracked 
|  42|0x0000000082a00000, 0x0000000082b00000, 0x0000000082b00000|100%| O|  |TAMS 0x0000000082a00000, 0x0000000082a00000| Untracked 
|  43|0x0000000082b00000, 0x0000000082c00000, 0x0000000082c00000|100%| O|  |TAMS 0x0000000082b00000, 0x0000000082b00000| Untracked 
|  44|0x0000000082c00000, 0x0000000082d00000, 0x0000000082d00000|100%| O|  |TAMS 0x0000000082c00000, 0x0000000082c00000| Untracked 
|  45|0x0000000082d00000, 0x0000000082e00000, 0x0000000082e00000|100%| O|  |TAMS 0x0000000082d00000, 0x0000000082d00000| Untracked 
|  46|0x0000000082e00000, 0x0000000082f00000, 0x0000000082f00000|100%| O|  |TAMS 0x0000000082e00000, 0x0000000082e00000| Untracked 
|  47|0x0000000082f00000, 0x0000000083000000, 0x0000000083000000|100%| O|  |TAMS 0x0000000082f00000, 0x0000000082f00000| Untracked 
|  48|0x0000000083000000, 0x0000000083100000, 0x0000000083100000|100%| O|  |TAMS 0x0000000083000000, 0x0000000083000000| Untracked 
|  49|0x0000000083100000, 0x0000000083200000, 0x0000000083200000|100%| O|  |TAMS 0x0000000083100000, 0x0000000083100000| Untracked 
|  50|0x0000000083200000, 0x0000000083300000, 0x0000000083300000|100%| O|  |TAMS 0x0000000083200000, 0x0000000083200000| Untracked 
|  51|0x0000000083300000, 0x0000000083400000, 0x0000000083400000|100%| O|  |TAMS 0x0000000083300000, 0x0000000083300000| Untracked 
|  52|0x0000000083400000, 0x0000000083500000, 0x0000000083500000|100%| O|  |TAMS 0x0000000083400000, 0x0000000083400000| Untracked 
|  53|0x0000000083500000, 0x0000000083600000, 0x0000000083600000|100%| O|  |TAMS 0x0000000083500000, 0x0000000083500000| Untracked 
|  54|0x0000000083600000, 0x0000000083700000, 0x0000000083700000|100%| O|  |TAMS 0x0000000083600000, 0x0000000083600000| Untracked 
|  55|0x0000000083700000, 0x0000000083800000, 0x0000000083800000|100%| O|  |TAMS 0x0000000083700000, 0x0000000083700000| Untracked 
|  56|0x0000000083800000, 0x0000000083900000, 0x0000000083900000|100%| O|  |TAMS 0x0000000083800000, 0x0000000083800000| Untracked 
|  57|0x0000000083900000, 0x0000000083a00000, 0x0000000083a00000|100%| O|  |TAMS 0x0000000083900000, 0x0000000083900000| Untracked 
|  58|0x0000000083a00000, 0x0000000083b00000, 0x0000000083b00000|100%| O|  |TAMS 0x0000000083a00000, 0x0000000083a00000| Untracked 
|  59|0x0000000083b00000, 0x0000000083c00000, 0x0000000083c00000|100%| O|  |TAMS 0x0000000083b00000, 0x0000000083b00000| Untracked 
|  60|0x0000000083c00000, 0x0000000083d00000, 0x0000000083d00000|100%| O|  |TAMS 0x0000000083c00000, 0x0000000083c00000| Untracked 
|  61|0x0000000083d00000, 0x0000000083e00000, 0x0000000083e00000|100%| O|  |TAMS 0x0000000083d00000, 0x0000000083d00000| Untracked 
|  62|0x0000000083e00000, 0x0000000083f00000, 0x0000000083f00000|100%| O|  |TAMS 0x0000000083e00000, 0x0000000083e00000| Untracked 
|  63|0x0000000083f00000, 0x0000000083f9a000, 0x0000000084000000| 60%| O|  |TAMS 0x0000000083f00000, 0x0000000083f00000| Untracked 
|  64|0x0000000084000000, 0x0000000084100000, 0x0000000084100000|100%|HS|  |TAMS 0x0000000084000000, 0x0000000084000000| Complete 
|  65|0x0000000084100000, 0x0000000084200000, 0x0000000084200000|100%|HC|  |TAMS 0x0000000084100000, 0x0000000084100000| Complete 
|  66|0x0000000084200000, 0x0000000084300000, 0x0000000084300000|100%|HS|  |TAMS 0x0000000084200000, 0x0000000084200000| Complete 
|  67|0x0000000084300000, 0x0000000084400000, 0x0000000084400000|100%|HS|  |TAMS 0x0000000084300000, 0x0000000084300000| Complete 
|  68|0x0000000084400000, 0x0000000084500000, 0x0000000084500000|100%|HS|  |TAMS 0x0000000084400000, 0x0000000084400000| Complete 
|  69|0x0000000084500000, 0x0000000084600000, 0x0000000084600000|100%|HC|  |TAMS 0x0000000084500000, 0x0000000084500000| Complete 
|  70|0x0000000084600000, 0x0000000084700000, 0x0000000084700000|100%|HS|  |TAMS 0x0000000084600000, 0x0000000084600000| Complete 
|  71|0x0000000084700000, 0x0000000084800000, 0x0000000084800000|100%|HC|  |TAMS 0x0000000084700000, 0x0000000084700000| Complete 
|  72|0x0000000084800000, 0x0000000084800000, 0x0000000084900000|  0%| F|  |TAMS 0x0000000084800000, 0x0000000084800000| Untracked 
|  73|0x0000000084900000, 0x0000000084900000, 0x0000000084a00000|  0%| F|  |TAMS 0x0000000084900000, 0x0000000084900000| Untracked 
|  74|0x0000000084a00000, 0x0000000084a00000, 0x0000000084b00000|  0%| F|  |TAMS 0x0000000084a00000, 0x0000000084a00000| Untracked 
|  75|0x0000000084b00000, 0x0000000084b00000, 0x0000000084c00000|  0%| F|  |TAMS 0x0000000084b00000, 0x0000000084b00000| Untracked 
|  76|0x0000000084c00000, 0x0000000084c00000, 0x0000000084d00000|  0%| F|  |TAMS 0x0000000084c00000, 0x0000000084c00000| Untracked 
|  77|0x0000000084d00000, 0x0000000084d00000, 0x0000000084e00000|  0%| F|  |TAMS 0x0000000084d00000, 0x0000000084d00000| Untracked 
|  78|0x0000000084e00000, 0x0000000084e00000, 0x0000000084f00000|  0%| F|  |TAMS 0x0000000084e00000, 0x0000000084e00000| Untracked 
|  79|0x0000000084f00000, 0x0000000084f00000, 0x0000000085000000|  0%| F|  |TAMS 0x0000000084f00000, 0x0000000084f00000| Untracked 
|  80|0x0000000085000000, 0x0000000085000000, 0x0000000085100000|  0%| F|  |TAMS 0x0000000085000000, 0x0000000085000000| Untracked 
|  81|0x0000000085100000, 0x0000000085100000, 0x0000000085200000|  0%| F|  |TAMS 0x0000000085100000, 0x0000000085100000| Untracked 
|  82|0x0000000085200000, 0x0000000085200000, 0x0000000085300000|  0%| F|  |TAMS 0x0000000085200000, 0x0000000085200000| Untracked 
|  83|0x0000000085300000, 0x0000000085300000, 0x0000000085400000|  0%| F|  |TAMS 0x0000000085300000, 0x0000000085300000| Untracked 
|  84|0x0000000085400000, 0x0000000085400000, 0x0000000085500000|  0%| F|  |TAMS 0x0000000085400000, 0x0000000085400000| Untracked 
|  85|0x0000000085500000, 0x0000000085500000, 0x0000000085600000|  0%| F|  |TAMS 0x0000000085500000, 0x0000000085500000| Untracked 
|  86|0x0000000085600000, 0x0000000085600000, 0x0000000085700000|  0%| F|  |TAMS 0x0000000085600000, 0x0000000085600000| Untracked 
|  87|0x0000000085700000, 0x0000000085700000, 0x0000000085800000|  0%| F|  |TAMS 0x0000000085700000, 0x0000000085700000| Untracked 
|  88|0x0000000085800000, 0x0000000085800000, 0x0000000085900000|  0%| F|  |TAMS 0x0000000085800000, 0x0000000085800000| Untracked 
|  89|0x0000000085900000, 0x0000000085900000, 0x0000000085a00000|  0%| F|  |TAMS 0x0000000085900000, 0x0000000085900000| Untracked 
|  90|0x0000000085a00000, 0x0000000085a00000, 0x0000000085b00000|  0%| F|  |TAMS 0x0000000085a00000, 0x0000000085a00000| Untracked 
|  91|0x0000000085b00000, 0x0000000085b00000, 0x0000000085c00000|  0%| F|  |TAMS 0x0000000085b00000, 0x0000000085b00000| Untracked 
|  92|0x0000000085c00000, 0x0000000085c00000, 0x0000000085d00000|  0%| F|  |TAMS 0x0000000085c00000, 0x0000000085c00000| Untracked 
|  93|0x0000000085d00000, 0x0000000085d00000, 0x0000000085e00000|  0%| F|  |TAMS 0x0000000085d00000, 0x0000000085d00000| Untracked 
|  94|0x0000000085e00000, 0x0000000085e00000, 0x0000000085f00000|  0%| F|  |TAMS 0x0000000085e00000, 0x0000000085e00000| Untracked 
|  95|0x0000000085f00000, 0x0000000085f00000, 0x0000000086000000|  0%| F|  |TAMS 0x0000000085f00000, 0x0000000085f00000| Untracked 
|  96|0x0000000086000000, 0x0000000086000000, 0x0000000086100000|  0%| F|  |TAMS 0x0000000086000000, 0x0000000086000000| Untracked 
|  97|0x0000000086100000, 0x0000000086100000, 0x0000000086200000|  0%| F|  |TAMS 0x0000000086100000, 0x0000000086100000| Untracked 
|  98|0x0000000086200000, 0x0000000086200000, 0x0000000086300000|  0%| F|  |TAMS 0x0000000086200000, 0x0000000086200000| Untracked 
|  99|0x0000000086300000, 0x0000000086300000, 0x0000000086400000|  0%| F|  |TAMS 0x0000000086300000, 0x0000000086300000| Untracked 
| 100|0x0000000086400000, 0x0000000086400000, 0x0000000086500000|  0%| F|  |TAMS 0x0000000086400000, 0x0000000086400000| Untracked 
| 101|0x0000000086500000, 0x0000000086500000, 0x0000000086600000|  0%| F|  |TAMS 0x0000000086500000, 0x0000000086500000| Untracked 
| 102|0x0000000086600000, 0x0000000086600000, 0x0000000086700000|  0%| F|  |TAMS 0x0000000086600000, 0x0000000086600000| Untracked 
| 103|0x0000000086700000, 0x0000000086700000, 0x0000000086800000|  0%| F|  |TAMS 0x0000000086700000, 0x0000000086700000| Untracked 
| 104|0x0000000086800000, 0x0000000086800000, 0x0000000086900000|  0%| F|  |TAMS 0x0000000086800000, 0x0000000086800000| Untracked 
| 105|0x0000000086900000, 0x0000000086900000, 0x0000000086a00000|  0%| F|  |TAMS 0x0000000086900000, 0x0000000086900000| Untracked 
| 106|0x0000000086a00000, 0x0000000086a00000, 0x0000000086b00000|  0%| F|  |TAMS 0x0000000086a00000, 0x0000000086a00000| Untracked 
| 107|0x0000000086b00000, 0x0000000086b00000, 0x0000000086c00000|  0%| F|  |TAMS 0x0000000086b00000, 0x0000000086b00000| Untracked 
| 108|0x0000000086c00000, 0x0000000086c00000, 0x0000000086d00000|  0%| F|  |TAMS 0x0000000086c00000, 0x0000000086c00000| Untracked 
| 109|0x0000000086d00000, 0x0000000086d00000, 0x0000000086e00000|  0%| F|  |TAMS 0x0000000086d00000, 0x0000000086d00000| Untracked 
| 110|0x0000000086e00000, 0x0000000086e00000, 0x0000000086f00000|  0%| F|  |TAMS 0x0000000086e00000, 0x0000000086e00000| Untracked 
| 111|0x0000000086f00000, 0x0000000086f00000, 0x0000000087000000|  0%| F|  |TAMS 0x0000000086f00000, 0x0000000086f00000| Untracked 
| 112|0x0000000087000000, 0x0000000087000000, 0x0000000087100000|  0%| F|  |TAMS 0x0000000087000000, 0x0000000087000000| Untracked 
| 113|0x0000000087100000, 0x0000000087100000, 0x0000000087200000|  0%| F|  |TAMS 0x0000000087100000, 0x0000000087100000| Untracked 
| 114|0x0000000087200000, 0x0000000087200000, 0x0000000087300000|  0%| F|  |TAMS 0x0000000087200000, 0x0000000087200000| Untracked 
| 115|0x0000000087300000, 0x0000000087300000, 0x0000000087400000|  0%| F|  |TAMS 0x0000000087300000, 0x0000000087300000| Untracked 
| 116|0x0000000087400000, 0x0000000087400000, 0x0000000087500000|  0%| F|  |TAMS 0x0000000087400000, 0x0000000087400000| Untracked 
| 117|0x0000000087500000, 0x0000000087500000, 0x0000000087600000|  0%| F|  |TAMS 0x0000000087500000, 0x0000000087500000| Untracked 
| 118|0x0000000087600000, 0x0000000087600000, 0x0000000087700000|  0%| F|  |TAMS 0x0000000087600000, 0x0000000087600000| Untracked 
| 119|0x0000000087700000, 0x0000000087700000, 0x0000000087800000|  0%| F|  |TAMS 0x0000000087700000, 0x0000000087700000| Untracked 
| 120|0x0000000087800000, 0x0000000087800000, 0x0000000087900000|  0%| F|  |TAMS 0x0000000087800000, 0x0000000087800000| Untracked 
| 121|0x0000000087900000, 0x0000000087900000, 0x0000000087a00000|  0%| F|  |TAMS 0x0000000087900000, 0x0000000087900000| Untracked 
| 122|0x0000000087a00000, 0x0000000087a00000, 0x0000000087b00000|  0%| F|  |TAMS 0x0000000087a00000, 0x0000000087a00000| Untracked 
| 123|0x0000000087b00000, 0x0000000087b00000, 0x0000000087c00000|  0%| F|  |TAMS 0x0000000087b00000, 0x0000000087b00000| Untracked 
| 124|0x0000000087c00000, 0x0000000087c00000, 0x0000000087d00000|  0%| F|  |TAMS 0x0000000087c00000, 0x0000000087c00000| Untracked 
| 125|0x0000000087d00000, 0x0000000087d00000, 0x0000000087e00000|  0%| F|  |TAMS 0x0000000087d00000, 0x0000000087d00000| Untracked 
| 126|0x0000000087e00000, 0x0000000087e00000, 0x0000000087f00000|  0%| F|  |TAMS 0x0000000087e00000, 0x0000000087e00000| Untracked 
| 127|0x0000000087f00000, 0x0000000087f00000, 0x0000000088000000|  0%| F|  |TAMS 0x0000000087f00000, 0x0000000087f00000| Untracked 
| 128|0x0000000088000000, 0x0000000088000000, 0x0000000088100000|  0%| F|  |TAMS 0x0000000088000000, 0x0000000088000000| Untracked 
| 129|0x0000000088100000, 0x0000000088100000, 0x0000000088200000|  0%| F|  |TAMS 0x0000000088100000, 0x0000000088100000| Untracked 
| 130|0x0000000088200000, 0x0000000088200000, 0x0000000088300000|  0%| F|  |TAMS 0x0000000088200000, 0x0000000088200000| Untracked 
| 131|0x0000000088300000, 0x00000000883dc6c8, 0x0000000088400000| 86%| S|CS|TAMS 0x0000000088300000, 0x0000000088300000| Complete 
| 132|0x0000000088400000, 0x0000000088500000, 0x0000000088500000|100%| S|CS|TAMS 0x0000000088400000, 0x0000000088400000| Complete 
| 133|0x0000000088500000, 0x0000000088600000, 0x0000000088600000|100%| S|CS|TAMS 0x0000000088500000, 0x0000000088500000| Complete 
| 134|0x0000000088600000, 0x0000000088600000, 0x0000000088700000|  0%| F|  |TAMS 0x0000000088600000, 0x0000000088600000| Untracked 
| 135|0x0000000088700000, 0x0000000088700000, 0x0000000088800000|  0%| F|  |TAMS 0x0000000088700000, 0x0000000088700000| Untracked 
| 136|0x0000000088800000, 0x0000000088800000, 0x0000000088900000|  0%| F|  |TAMS 0x0000000088800000, 0x0000000088800000| Untracked 
| 137|0x0000000088900000, 0x0000000088900000, 0x0000000088a00000|  0%| F|  |TAMS 0x0000000088900000, 0x0000000088900000| Untracked 
| 138|0x0000000088a00000, 0x0000000088a00000, 0x0000000088b00000|  0%| F|  |TAMS 0x0000000088a00000, 0x0000000088a00000| Untracked 
| 139|0x0000000088b00000, 0x0000000088b00000, 0x0000000088c00000|  0%| F|  |TAMS 0x0000000088b00000, 0x0000000088b00000| Untracked 
| 140|0x0000000088c00000, 0x0000000088c00000, 0x0000000088d00000|  0%| F|  |TAMS 0x0000000088c00000, 0x0000000088c00000| Untracked 
| 141|0x0000000088d00000, 0x0000000088d00000, 0x0000000088e00000|  0%| F|  |TAMS 0x0000000088d00000, 0x0000000088d00000| Untracked 
| 142|0x0000000088e00000, 0x0000000088e00000, 0x0000000088f00000|  0%| F|  |TAMS 0x0000000088e00000, 0x0000000088e00000| Untracked 
| 143|0x0000000088f00000, 0x0000000088f00000, 0x0000000089000000|  0%| F|  |TAMS 0x0000000088f00000, 0x0000000088f00000| Untracked 
| 144|0x0000000089000000, 0x0000000089100000, 0x0000000089100000|100%| S|CS|TAMS 0x0000000089000000, 0x0000000089000000| Complete 
| 145|0x0000000089100000, 0x0000000089200000, 0x0000000089200000|100%| S|CS|TAMS 0x0000000089100000, 0x0000000089100000| Complete 
| 146|0x0000000089200000, 0x0000000089300000, 0x0000000089300000|100%| S|CS|TAMS 0x0000000089200000, 0x0000000089200000| Complete 
| 147|0x0000000089300000, 0x0000000089400000, 0x0000000089400000|100%| S|CS|TAMS 0x0000000089300000, 0x0000000089300000| Complete 
| 148|0x0000000089400000, 0x0000000089400000, 0x0000000089500000|  0%| F|  |TAMS 0x0000000089400000, 0x0000000089400000| Untracked 
| 149|0x0000000089500000, 0x0000000089500000, 0x0000000089600000|  0%| F|  |TAMS 0x0000000089500000, 0x0000000089500000| Untracked 
| 150|0x0000000089600000, 0x0000000089600000, 0x0000000089700000|  0%| F|  |TAMS 0x0000000089600000, 0x0000000089600000| Untracked 
| 151|0x0000000089700000, 0x0000000089700000, 0x0000000089800000|  0%| F|  |TAMS 0x0000000089700000, 0x0000000089700000| Untracked 
| 152|0x0000000089800000, 0x0000000089800000, 0x0000000089900000|  0%| F|  |TAMS 0x0000000089800000, 0x0000000089800000| Untracked 
| 153|0x0000000089900000, 0x0000000089900000, 0x0000000089a00000|  0%| F|  |TAMS 0x0000000089900000, 0x0000000089900000| Untracked 
| 154|0x0000000089a00000, 0x0000000089a00000, 0x0000000089b00000|  0%| F|  |TAMS 0x0000000089a00000, 0x0000000089a00000| Untracked 
| 155|0x0000000089b00000, 0x0000000089b00000, 0x0000000089c00000|  0%| F|  |TAMS 0x0000000089b00000, 0x0000000089b00000| Untracked 
| 156|0x0000000089c00000, 0x0000000089c995d0, 0x0000000089d00000| 59%| E|  |TAMS 0x0000000089c00000, 0x0000000089c00000| Complete 
| 157|0x0000000089d00000, 0x0000000089e00000, 0x0000000089e00000|100%| E|CS|TAMS 0x0000000089d00000, 0x0000000089d00000| Complete 
| 158|0x0000000089e00000, 0x0000000089f00000, 0x0000000089f00000|100%| E|CS|TAMS 0x0000000089e00000, 0x0000000089e00000| Complete 
| 159|0x0000000089f00000, 0x000000008a000000, 0x000000008a000000|100%| E|  |TAMS 0x0000000089f00000, 0x0000000089f00000| Complete 
| 160|0x000000008a000000, 0x000000008a100000, 0x000000008a100000|100%| E|CS|TAMS 0x000000008a000000, 0x000000008a000000| Complete 
| 161|0x000000008a100000, 0x000000008a200000, 0x000000008a200000|100%| E|CS|TAMS 0x000000008a100000, 0x000000008a100000| Complete 
| 162|0x000000008a200000, 0x000000008a300000, 0x000000008a300000|100%| E|CS|TAMS 0x000000008a200000, 0x000000008a200000| Complete 
| 163|0x000000008a300000, 0x000000008a400000, 0x000000008a400000|100%| E|CS|TAMS 0x000000008a300000, 0x000000008a300000| Complete 
| 164|0x000000008a400000, 0x000000008a500000, 0x000000008a500000|100%| E|CS|TAMS 0x000000008a400000, 0x000000008a400000| Complete 
| 165|0x000000008a500000, 0x000000008a600000, 0x000000008a600000|100%| E|CS|TAMS 0x000000008a500000, 0x000000008a500000| Complete 
| 166|0x000000008a600000, 0x000000008a700000, 0x000000008a700000|100%| E|CS|TAMS 0x000000008a600000, 0x000000008a600000| Complete 
| 167|0x000000008a700000, 0x000000008a800000, 0x000000008a800000|100%| E|CS|TAMS 0x000000008a700000, 0x000000008a700000| Complete 
| 168|0x000000008a800000, 0x000000008a900000, 0x000000008a900000|100%| E|CS|TAMS 0x000000008a800000, 0x000000008a800000| Complete 
| 169|0x000000008a900000, 0x000000008aa00000, 0x000000008aa00000|100%| E|CS|TAMS 0x000000008a900000, 0x000000008a900000| Complete 
| 170|0x000000008aa00000, 0x000000008ab00000, 0x000000008ab00000|100%| E|CS|TAMS 0x000000008aa00000, 0x000000008aa00000| Complete 
| 171|0x000000008ab00000, 0x000000008ac00000, 0x000000008ac00000|100%| E|CS|TAMS 0x000000008ab00000, 0x000000008ab00000| Complete 
| 172|0x000000008ac00000, 0x000000008ad00000, 0x000000008ad00000|100%| E|CS|TAMS 0x000000008ac00000, 0x000000008ac00000| Complete 
| 173|0x000000008ad00000, 0x000000008ae00000, 0x000000008ae00000|100%| E|CS|TAMS 0x000000008ad00000, 0x000000008ad00000| Complete 
| 174|0x000000008ae00000, 0x000000008af00000, 0x000000008af00000|100%| E|CS|TAMS 0x000000008ae00000, 0x000000008ae00000| Complete 
| 175|0x000000008af00000, 0x000000008b000000, 0x000000008b000000|100%| E|CS|TAMS 0x000000008af00000, 0x000000008af00000| Complete 
| 176|0x000000008b000000, 0x000000008b100000, 0x000000008b100000|100%| E|CS|TAMS 0x000000008b000000, 0x000000008b000000| Complete 
| 177|0x000000008b100000, 0x000000008b200000, 0x000000008b200000|100%| E|CS|TAMS 0x000000008b100000, 0x000000008b100000| Complete 
| 178|0x000000008b200000, 0x000000008b300000, 0x000000008b300000|100%| E|CS|TAMS 0x000000008b200000, 0x000000008b200000| Complete 
| 179|0x000000008b300000, 0x000000008b400000, 0x000000008b400000|100%| E|CS|TAMS 0x000000008b300000, 0x000000008b300000| Complete 
| 180|0x000000008b400000, 0x000000008b500000, 0x000000008b500000|100%| E|CS|TAMS 0x000000008b400000, 0x000000008b400000| Complete 
| 181|0x000000008b500000, 0x000000008b600000, 0x000000008b600000|100%| E|CS|TAMS 0x000000008b500000, 0x000000008b500000| Complete 
| 182|0x000000008b600000, 0x000000008b700000, 0x000000008b700000|100%| E|CS|TAMS 0x000000008b600000, 0x000000008b600000| Complete 
| 183|0x000000008b700000, 0x000000008b800000, 0x000000008b800000|100%| E|CS|TAMS 0x000000008b700000, 0x000000008b700000| Complete 
| 184|0x000000008b800000, 0x000000008b900000, 0x000000008b900000|100%| E|CS|TAMS 0x000000008b800000, 0x000000008b800000| Complete 
| 185|0x000000008b900000, 0x000000008ba00000, 0x000000008ba00000|100%| E|CS|TAMS 0x000000008b900000, 0x000000008b900000| Complete 
| 186|0x000000008ba00000, 0x000000008bb00000, 0x000000008bb00000|100%| E|CS|TAMS 0x000000008ba00000, 0x000000008ba00000| Complete 
| 187|0x000000008bb00000, 0x000000008bc00000, 0x000000008bc00000|100%| E|CS|TAMS 0x000000008bb00000, 0x000000008bb00000| Complete 
| 188|0x000000008bc00000, 0x000000008bd00000, 0x000000008bd00000|100%| E|CS|TAMS 0x000000008bc00000, 0x000000008bc00000| Complete 
| 189|0x000000008bd00000, 0x000000008be00000, 0x000000008be00000|100%| E|CS|TAMS 0x000000008bd00000, 0x000000008bd00000| Complete 
| 190|0x000000008be00000, 0x000000008bf00000, 0x000000008bf00000|100%| E|CS|TAMS 0x000000008be00000, 0x000000008be00000| Complete 
| 191|0x000000008bf00000, 0x000000008c000000, 0x000000008c000000|100%| E|CS|TAMS 0x000000008bf00000, 0x000000008bf00000| Complete 
| 192|0x000000008c000000, 0x000000008c100000, 0x000000008c100000|100%| E|CS|TAMS 0x000000008c000000, 0x000000008c000000| Complete 
| 193|0x000000008c100000, 0x000000008c200000, 0x000000008c200000|100%| E|CS|TAMS 0x000000008c100000, 0x000000008c100000| Complete 
| 194|0x000000008c200000, 0x000000008c300000, 0x000000008c300000|100%| E|CS|TAMS 0x000000008c200000, 0x000000008c200000| Complete 
| 195|0x000000008c300000, 0x000000008c400000, 0x000000008c400000|100%| E|CS|TAMS 0x000000008c300000, 0x000000008c300000| Complete 
| 196|0x000000008c400000, 0x000000008c500000, 0x000000008c500000|100%| E|CS|TAMS 0x000000008c400000, 0x000000008c400000| Complete 
| 197|0x000000008c500000, 0x000000008c600000, 0x000000008c600000|100%| E|CS|TAMS 0x000000008c500000, 0x000000008c500000| Complete 
| 198|0x000000008c600000, 0x000000008c700000, 0x000000008c700000|100%| E|CS|TAMS 0x000000008c600000, 0x000000008c600000| Complete 
| 199|0x000000008c700000, 0x000000008c800000, 0x000000008c800000|100%| E|CS|TAMS 0x000000008c700000, 0x000000008c700000| Complete 
| 200|0x000000008c800000, 0x000000008c900000, 0x000000008c900000|100%| E|CS|TAMS 0x000000008c800000, 0x000000008c800000| Complete 
| 201|0x000000008c900000, 0x000000008ca00000, 0x000000008ca00000|100%| E|CS|TAMS 0x000000008c900000, 0x000000008c900000| Complete 
| 202|0x000000008ca00000, 0x000000008cb00000, 0x000000008cb00000|100%| E|CS|TAMS 0x000000008ca00000, 0x000000008ca00000| Complete 
| 203|0x000000008cb00000, 0x000000008cc00000, 0x000000008cc00000|100%| E|CS|TAMS 0x000000008cb00000, 0x000000008cb00000| Complete 
| 204|0x000000008cc00000, 0x000000008cd00000, 0x000000008cd00000|100%| E|CS|TAMS 0x000000008cc00000, 0x000000008cc00000| Complete 
| 205|0x000000008cd00000, 0x000000008ce00000, 0x000000008ce00000|100%| E|CS|TAMS 0x000000008cd00000, 0x000000008cd00000| Complete 
| 206|0x000000008ce00000, 0x000000008cf00000, 0x000000008cf00000|100%| E|CS|TAMS 0x000000008ce00000, 0x000000008ce00000| Complete 
| 207|0x000000008cf00000, 0x000000008d000000, 0x000000008d000000|100%| E|CS|TAMS 0x000000008cf00000, 0x000000008cf00000| Complete 
| 208|0x000000008d000000, 0x000000008d100000, 0x000000008d100000|100%| E|CS|TAMS 0x000000008d000000, 0x000000008d000000| Complete 
| 209|0x000000008d100000, 0x000000008d200000, 0x000000008d200000|100%| E|CS|TAMS 0x000000008d100000, 0x000000008d100000| Complete 
| 210|0x000000008d200000, 0x000000008d300000, 0x000000008d300000|100%| E|CS|TAMS 0x000000008d200000, 0x000000008d200000| Complete 
| 211|0x000000008d300000, 0x000000008d400000, 0x000000008d400000|100%| E|CS|TAMS 0x000000008d300000, 0x000000008d300000| Complete 
| 212|0x000000008d400000, 0x000000008d500000, 0x000000008d500000|100%| E|CS|TAMS 0x000000008d400000, 0x000000008d400000| Complete 
| 213|0x000000008d500000, 0x000000008d600000, 0x000000008d600000|100%| E|CS|TAMS 0x000000008d500000, 0x000000008d500000| Complete 
| 214|0x000000008d600000, 0x000000008d700000, 0x000000008d700000|100%| E|CS|TAMS 0x000000008d600000, 0x000000008d600000| Complete 
| 215|0x000000008d700000, 0x000000008d800000, 0x000000008d800000|100%| E|CS|TAMS 0x000000008d700000, 0x000000008d700000| Complete 
| 216|0x000000008d800000, 0x000000008d900000, 0x000000008d900000|100%| E|CS|TAMS 0x000000008d800000, 0x000000008d800000| Complete 
| 217|0x000000008d900000, 0x000000008da00000, 0x000000008da00000|100%| E|CS|TAMS 0x000000008d900000, 0x000000008d900000| Complete 
| 218|0x000000008da00000, 0x000000008db00000, 0x000000008db00000|100%| E|CS|TAMS 0x000000008da00000, 0x000000008da00000| Complete 
| 219|0x000000008db00000, 0x000000008dc00000, 0x000000008dc00000|100%| E|CS|TAMS 0x000000008db00000, 0x000000008db00000| Complete 
| 220|0x000000008dc00000, 0x000000008dd00000, 0x000000008dd00000|100%| E|CS|TAMS 0x000000008dc00000, 0x000000008dc00000| Complete 
| 221|0x000000008dd00000, 0x000000008de00000, 0x000000008de00000|100%| E|CS|TAMS 0x000000008dd00000, 0x000000008dd00000| Complete 
| 222|0x000000008de00000, 0x000000008df00000, 0x000000008df00000|100%| E|CS|TAMS 0x000000008de00000, 0x000000008de00000| Complete 
| 223|0x000000008df00000, 0x000000008e000000, 0x000000008e000000|100%| E|CS|TAMS 0x000000008df00000, 0x000000008df00000| Complete 
| 224|0x000000008e000000, 0x000000008e100000, 0x000000008e100000|100%| E|CS|TAMS 0x000000008e000000, 0x000000008e000000| Complete 
| 225|0x000000008e100000, 0x000000008e200000, 0x000000008e200000|100%| E|CS|TAMS 0x000000008e100000, 0x000000008e100000| Complete 
| 226|0x000000008e200000, 0x000000008e300000, 0x000000008e300000|100%| E|CS|TAMS 0x000000008e200000, 0x000000008e200000| Complete 
| 227|0x000000008e300000, 0x000000008e400000, 0x000000008e400000|100%| E|CS|TAMS 0x000000008e300000, 0x000000008e300000| Complete 
| 228|0x000000008e400000, 0x000000008e500000, 0x000000008e500000|100%| E|CS|TAMS 0x000000008e400000, 0x000000008e400000| Complete 
| 229|0x000000008e500000, 0x000000008e600000, 0x000000008e600000|100%| E|CS|TAMS 0x000000008e500000, 0x000000008e500000| Complete 
| 230|0x000000008e600000, 0x000000008e700000, 0x000000008e700000|100%| E|CS|TAMS 0x000000008e600000, 0x000000008e600000| Complete 
| 231|0x000000008e700000, 0x000000008e800000, 0x000000008e800000|100%| E|CS|TAMS 0x000000008e700000, 0x000000008e700000| Complete 
| 232|0x000000008e800000, 0x000000008e900000, 0x000000008e900000|100%| E|CS|TAMS 0x000000008e800000, 0x000000008e800000| Complete 
| 233|0x000000008e900000, 0x000000008ea00000, 0x000000008ea00000|100%| E|CS|TAMS 0x000000008e900000, 0x000000008e900000| Complete 
| 234|0x000000008ea00000, 0x000000008eb00000, 0x000000008eb00000|100%| E|CS|TAMS 0x000000008ea00000, 0x000000008ea00000| Complete 
| 235|0x000000008eb00000, 0x000000008ec00000, 0x000000008ec00000|100%| E|CS|TAMS 0x000000008eb00000, 0x000000008eb00000| Complete 
| 236|0x000000008ec00000, 0x000000008ed00000, 0x000000008ed00000|100%| E|CS|TAMS 0x000000008ec00000, 0x000000008ec00000| Complete 
| 237|0x000000008ed00000, 0x000000008ee00000, 0x000000008ee00000|100%| E|CS|TAMS 0x000000008ed00000, 0x000000008ed00000| Complete 
| 238|0x000000008ee00000, 0x000000008ef00000, 0x000000008ef00000|100%| E|CS|TAMS 0x000000008ee00000, 0x000000008ee00000| Complete 
| 239|0x000000008ef00000, 0x000000008f000000, 0x000000008f000000|100%| E|CS|TAMS 0x000000008ef00000, 0x000000008ef00000| Complete 
| 240|0x000000008f000000, 0x000000008f100000, 0x000000008f100000|100%| E|CS|TAMS 0x000000008f000000, 0x000000008f000000| Complete 
| 241|0x000000008f100000, 0x000000008f200000, 0x000000008f200000|100%| E|CS|TAMS 0x000000008f100000, 0x000000008f100000| Complete 
| 242|0x000000008f200000, 0x000000008f300000, 0x000000008f300000|100%| E|CS|TAMS 0x000000008f200000, 0x000000008f200000| Complete 
| 243|0x000000008f300000, 0x000000008f400000, 0x000000008f400000|100%| E|CS|TAMS 0x000000008f300000, 0x000000008f300000| Complete 
| 244|0x000000008f400000, 0x000000008f500000, 0x000000008f500000|100%| E|CS|TAMS 0x000000008f400000, 0x000000008f400000| Complete 
| 245|0x000000008f500000, 0x000000008f600000, 0x000000008f600000|100%| E|CS|TAMS 0x000000008f500000, 0x000000008f500000| Complete 
| 246|0x000000008f600000, 0x000000008f700000, 0x000000008f700000|100%| E|CS|TAMS 0x000000008f600000, 0x000000008f600000| Complete 
| 247|0x000000008f700000, 0x000000008f800000, 0x000000008f800000|100%| E|CS|TAMS 0x000000008f700000, 0x000000008f700000| Complete 
| 248|0x000000008f800000, 0x000000008f900000, 0x000000008f900000|100%| E|CS|TAMS 0x000000008f800000, 0x000000008f800000| Complete 
| 249|0x000000008f900000, 0x000000008fa00000, 0x000000008fa00000|100%| E|CS|TAMS 0x000000008f900000, 0x000000008f900000| Complete 
| 250|0x000000008fa00000, 0x000000008fb00000, 0x000000008fb00000|100%| E|CS|TAMS 0x000000008fa00000, 0x000000008fa00000| Complete 
| 251|0x000000008fb00000, 0x000000008fc00000, 0x000000008fc00000|100%| E|CS|TAMS 0x000000008fb00000, 0x000000008fb00000| Complete 
| 252|0x000000008fc00000, 0x000000008fd00000, 0x000000008fd00000|100%| E|CS|TAMS 0x000000008fc00000, 0x000000008fc00000| Complete 
| 253|0x000000008fd00000, 0x000000008fe00000, 0x000000008fe00000|100%| E|CS|TAMS 0x000000008fd00000, 0x000000008fd00000| Complete 

Card table byte_map: [0x0000022a9abc0000,0x0000022a9afc0000] _byte_map_base: 0x0000022a9a7c0000

Marking Bits (Prev, Next): (CMBitMap*) 0x0000022a86ed9960, (CMBitMap*) 0x0000022a86ed9928
 Prev Bits: [0x0000022a9d3c0000, 0x0000022a9f3c0000)
 Next Bits: [0x0000022a9b3c0000, 0x0000022a9d3c0000)

Polling page: 0x0000022a85560000

Metaspace:

Usage:
  Non-class:     77.08 MB capacity,    75.66 MB ( 98%) used,     1.16 MB (  2%) free+waste,   262.75 KB ( <1%) overhead. 
      Class:     12.02 MB capacity,    11.20 MB ( 93%) used,   724.80 KB (  6%) free+waste,   118.69 KB ( <1%) overhead. 
       Both:     89.10 MB capacity,    86.86 MB ( 97%) used,     1.86 MB (  2%) free+waste,   381.44 KB ( <1%) overhead. 

Virtual space:
  Non-class space:       78.00 MB reserved,      77.25 MB (>99%) committed 
      Class space:        1.00 GB reserved,      12.07 MB (  1%) committed 
             Both:        1.08 GB reserved,      89.32 MB (  8%) committed 

Chunk freelists:
   Non-Class:  51.00 KB
       Class:  9.00 KB
        Both:  60.00 KB

MaxMetaspaceSize: 17179869184.00 GB
CompressedClassSpaceSize: 1.00 GB

CodeHeap 'non-profiled nmethods': size=120000Kb used=5960Kb max_used=5960Kb free=114039Kb
 bounds [0x0000022a92830000, 0x0000022a92e10000, 0x0000022a99d60000]
CodeHeap 'profiled nmethods': size=120000Kb used=22122Kb max_used=22122Kb free=97877Kb
 bounds [0x0000022a8b300000, 0x0000022a8c8a0000, 0x0000022a92830000]
CodeHeap 'non-nmethods': size=5760Kb used=2293Kb max_used=2339Kb free=3466Kb
 bounds [0x0000022a8ad60000, 0x0000022a8afd0000, 0x0000022a8b300000]
 total_blobs=11206 nmethods=10309 adapters=808
 compilation: enabled
              stopped_count=0, restarted_count=0
 full_count=0

Compilation events (20 events):
Event: 21.431 Thread 0x0000022aa2752800 10387       3       java.util.regex.Pattern::split (7 bytes)
Event: 21.431 Thread 0x0000022aa2752800 nmethod 10387 0x0000022a8c879390 code [0x0000022a8c879540, 0x0000022a8c879668]
Event: 21.431 Thread 0x0000022aa2752800 10388       3       kotlin.reflect.jvm.internal.ReflectProperties$LazySoftVal::invoke (52 bytes)
Event: 21.432 Thread 0x0000022aa2752800 nmethod 10388 0x0000022a8c879710 code [0x0000022a8c879940, 0x0000022a8c87a218]
Event: 21.432 Thread 0x0000022aa2752800 10389       3       jdk.internal.reflect.FieldAccessorImpl::<init> (5 bytes)
Event: 21.433 Thread 0x0000022aa2752800 nmethod 10389 0x0000022a8c87a490 code [0x0000022a8c87a640, 0x0000022a8c87a7f8]
Event: 21.433 Thread 0x0000022aa2752800 10391       1       com.android.builder.dexing.DexEntry::getDexDirOrJar (5 bytes)
Event: 21.433 Thread 0x0000022aa2752800 nmethod 10391 0x0000022a92dfd190 code [0x0000022a92dfd340, 0x0000022a92dfd3f8]
Event: 21.435 Thread 0x0000022aa2752800 10392       3       jdk.internal.reflect.UnsafeFieldAccessorImpl::<init> (56 bytes)
Event: 21.436 Thread 0x0000022aa2752800 nmethod 10392 0x0000022a8c87a910 code [0x0000022a8c87ab60, 0x0000022a8c87b338]
Event: 21.437 Thread 0x0000022aa2752800 10393       3       kotlin.reflect.jvm.internal.impl.storage.DefaultSimpleLock::lock (10 bytes)
Event: 21.437 Thread 0x0000022aa2752800 nmethod 10393 0x0000022a8c87b610 code [0x0000022a8c87b7c0, 0x0000022a8c87b988]
Event: 21.437 Thread 0x0000022aa2752800 10394       3       kotlin.reflect.jvm.internal.impl.storage.DefaultSimpleLock::unlock (10 bytes)
Event: 21.437 Thread 0x0000022aa2752800 nmethod 10394 0x0000022a8c87ba90 code [0x0000022a8c87bc40, 0x0000022a8c87be08]
Event: 21.440 Thread 0x0000022aa2752800 10395       3       com.google.gson.stream.JsonReader::doPeek (744 bytes)
Event: 21.448 Thread 0x0000022aa2752800 nmethod 10395 0x0000022a8c87bf10 code [0x0000022a8c87caa0, 0x0000022a8c882788]
Event: 21.462 Thread 0x0000022aa2752800 10397       3       org.gradle.api.internal.file.collections.UnpackingVisitor::<init> (12 bytes)
Event: 21.462 Thread 0x0000022aa2752800 nmethod 10397 0x0000022a8c884710 code [0x0000022a8c8848e0, 0x0000022a8c884c18]
Event: 21.483 Thread 0x0000022aa2752800 10400       3       java.util.zip.ZipFile$Source::getEntryPos (206 bytes)
Event: 21.485 Thread 0x0000022aa2752800 nmethod 10400 0x0000022a8c884d10 code [0x0000022a8c884f80, 0x0000022a8c885c18]

GC Heap History (20 events):
Event: 5.113 GC heap before
{Heap before GC invocations=2 (full 0):
 garbage-first heap   total 260096K, used 54843K [0x0000000080000000, 0x0000000100000000)
  region size 1024K, 48 young (49152K), 8 survivors (8192K)
 Metaspace       used 20585K, capacity 21104K, committed 21248K, reserved 1067008K
  class space    used 2508K, capacity 2690K, committed 2816K, reserved 1048576K
}
Event: 5.124 GC heap after
{Heap after GC invocations=3 (full 0):
 garbage-first heap   total 260096K, used 16559K [0x0000000080000000, 0x0000000100000000)
  region size 1024K, 2 young (2048K), 2 survivors (2048K)
 Metaspace       used 20585K, capacity 21104K, committed 21248K, reserved 1067008K
  class space    used 2508K, capacity 2690K, committed 2816K, reserved 1048576K
}
Event: 6.231 GC heap before
{Heap before GC invocations=4 (full 0):
 garbage-first heap   total 260096K, used 87215K [0x0000000080000000, 0x0000000100000000)
  region size 1024K, 71 young (72704K), 2 survivors (2048K)
 Metaspace       used 27202K, capacity 27879K, committed 27904K, reserved 1073152K
  class space    used 3592K, capacity 3827K, committed 3840K, reserved 1048576K
}
Event: 6.239 GC heap after
{Heap after GC invocations=5 (full 0):
 garbage-first heap   total 260096K, used 18767K [0x0000000080000000, 0x0000000100000000)
  region size 1024K, 5 young (5120K), 5 survivors (5120K)
 Metaspace       used 27202K, capacity 27879K, committed 27904K, reserved 1073152K
  class space    used 3592K, capacity 3827K, committed 3840K, reserved 1048576K
}
Event: 7.283 GC heap before
{Heap before GC invocations=5 (full 0):
 garbage-first heap   total 260096K, used 60751K [0x0000000080000000, 0x0000000100000000)
  region size 1024K, 47 young (48128K), 5 survivors (5120K)
 Metaspace       used 35076K, capacity 35838K, committed 35840K, reserved 1081344K
  class space    used 4544K, capacity 4864K, committed 4864K, reserved 1048576K
}
Event: 7.299 GC heap after
{Heap after GC invocations=6 (full 0):
 garbage-first heap   total 260096K, used 21855K [0x0000000080000000, 0x0000000100000000)
  region size 1024K, 8 young (8192K), 8 survivors (8192K)
 Metaspace       used 35076K, capacity 35838K, committed 35840K, reserved 1081344K
  class space    used 4544K, capacity 4864K, committed 4864K, reserved 1048576K
}
Event: 9.579 GC heap before
{Heap before GC invocations=7 (full 0):
 garbage-first heap   total 260096K, used 134495K [0x0000000080000000, 0x0000000100000000)
  region size 1024K, 115 young (117760K), 8 survivors (8192K)
 Metaspace       used 43874K, capacity 44943K, committed 45260K, reserved 1089536K
  class space    used 5615K, capacity 5970K, committed 6092K, reserved 1048576K
}
Event: 9.608 GC heap after
{Heap after GC invocations=8 (full 0):
 garbage-first heap   total 260096K, used 28290K [0x0000000080000000, 0x0000000100000000)
  region size 1024K, 14 young (14336K), 14 survivors (14336K)
 Metaspace       used 43874K, capacity 44943K, committed 45260K, reserved 1089536K
  class space    used 5615K, capacity 5970K, committed 6092K, reserved 1048576K
}
Event: 13.287 GC heap before
{Heap before GC invocations=8 (full 0):
 garbage-first heap   total 260096K, used 172674K [0x0000000080000000, 0x0000000100000000)
  region size 1024K, 152 young (155648K), 14 survivors (14336K)
 Metaspace       used 57494K, capacity 58911K, committed 59084K, reserved 1099776K
  class space    used 7262K, capacity 7769K, committed 7884K, reserved 1048576K
}
Event: 13.313 GC heap after
{Heap after GC invocations=9 (full 0):
 garbage-first heap   total 260096K, used 42366K [0x0000000080000000, 0x0000000100000000)
  region size 1024K, 19 young (19456K), 19 survivors (19456K)
 Metaspace       used 57494K, capacity 58911K, committed 59084K, reserved 1099776K
  class space    used 7262K, capacity 7769K, committed 7884K, reserved 1048576K
}
Event: 13.481 GC heap before
{Heap before GC invocations=9 (full 0):
 garbage-first heap   total 260096K, used 45438K [0x0000000080000000, 0x0000000100000000)
  region size 1024K, 23 young (23552K), 19 survivors (19456K)
 Metaspace       used 58710K, capacity 60147K, committed 60236K, reserved 1101824K
  class space    used 7412K, capacity 7967K, committed 8012K, reserved 1048576K
}
Event: 13.520 GC heap after
{Heap after GC invocations=10 (full 0):
 garbage-first heap   total 260096K, used 45552K [0x0000000080000000, 0x0000000100000000)
  region size 1024K, 3 young (3072K), 3 survivors (3072K)
 Metaspace       used 58710K, capacity 60147K, committed 60236K, reserved 1101824K
  class space    used 7412K, capacity 7967K, committed 8012K, reserved 1048576K
}
Event: 15.015 GC heap before
{Heap before GC invocations=11 (full 0):
 garbage-first heap   total 260096K, used 136688K [0x0000000080000000, 0x0000000100000000)
  region size 1024K, 92 young (94208K), 3 survivors (3072K)
 Metaspace       used 64702K, capacity 66326K, committed 66380K, reserved 1107968K
  class space    used 8181K, capacity 8753K, committed 8780K, reserved 1048576K
}
Event: 15.026 GC heap after
{Heap after GC invocations=12 (full 0):
 garbage-first heap   total 260096K, used 50917K [0x0000000080000000, 0x0000000100000000)
  region size 1024K, 8 young (8192K), 8 survivors (8192K)
 Metaspace       used 64702K, capacity 66326K, committed 66380K, reserved 1107968K
  class space    used 8181K, capacity 8753K, committed 8780K, reserved 1048576K
}
Event: 17.001 GC heap before
{Heap before GC invocations=12 (full 0):
 garbage-first heap   total 260096K, used 149221K [0x0000000080000000, 0x0000000100000000)
  region size 1024K, 104 young (106496K), 8 survivors (8192K)
 Metaspace       used 76329K, capacity 78092K, committed 78156K, reserved 1116160K
  class space    used 9913K, capacity 10555K, committed 10572K, reserved 1048576K
}
Event: 17.017 GC heap after
{Heap after GC invocations=13 (full 0):
 garbage-first heap   total 260096K, used 56802K [0x0000000080000000, 0x0000000100000000)
  region size 1024K, 6 young (6144K), 6 survivors (6144K)
 Metaspace       used 76329K, capacity 78092K, committed 78156K, reserved 1116160K
  class space    used 9913K, capacity 10555K, committed 10572K, reserved 1048576K
}
Event: 18.871 GC heap before
{Heap before GC invocations=13 (full 0):
 garbage-first heap   total 260096K, used 158178K [0x0000000080000000, 0x0000000100000000)
  region size 1024K, 106 young (108544K), 6 survivors (6144K)
 Metaspace       used 81949K, capacity 84164K, committed 84428K, reserved 1122304K
  class space    used 10615K, capacity 11415K, committed 11468K, reserved 1048576K
}
Event: 18.891 GC heap after
{Heap after GC invocations=14 (full 0):
 garbage-first heap   total 260096K, used 65489K [0x0000000080000000, 0x0000000100000000)
  region size 1024K, 14 young (14336K), 14 survivors (14336K)
 Metaspace       used 81949K, capacity 84164K, committed 84428K, reserved 1122304K
  class space    used 10615K, capacity 11415K, committed 11468K, reserved 1048576K
}
Event: 20.329 GC heap before
{Heap before GC invocations=14 (full 0):
 garbage-first heap   total 260096K, used 168913K [0x0000000080000000, 0x0000000100000000)
  region size 1024K, 116 young (118784K), 14 survivors (14336K)
 Metaspace       used 83894K, capacity 86166K, committed 86220K, reserved 1124352K
  class space    used 10824K, capacity 11675K, committed 11724K, reserved 1048576K
}
Event: 20.357 GC heap after
{Heap after GC invocations=15 (full 0):
 garbage-first heap   total 260096K, used 72153K [0x0000000080000000, 0x0000000100000000)
  region size 1024K, 7 young (7168K), 7 survivors (7168K)
 Metaspace       used 83894K, capacity 86166K, committed 86220K, reserved 1124352K
  class space    used 10824K, capacity 11675K, committed 11724K, reserved 1048576K
}

Deoptimization events (20 events):
Event: 21.427 Thread 0x0000022aaa8f5000 Uncommon trap: trap_request=0xffffffcc fr.pc=0x0000022a92dfc7bc relative=0x000000000000017c
Event: 21.427 Thread 0x0000022aaa8f5000 Uncommon trap: reason=intrinsic_or_type_checked_inlining action=make_not_entrant pc=0x0000022a92dfc7bc method=java.util.ArrayList$SubList.toArray([Ljava/lang/Object;)[Ljava/lang/Object; @ 58 c2
Event: 21.427 Thread 0x0000022aaa8f5000 DEOPT PACKING pc=0x0000022a92dfc7bc sp=0x0000007f876fce60
Event: 21.427 Thread 0x0000022aaa8f5000 DEOPT UNPACKING pc=0x0000022a8ad878af sp=0x0000007f876fce20 mode 2
Event: 21.462 Thread 0x0000022aaa8f5000 DEOPT PACKING pc=0x0000022a8c1cdc32 sp=0x0000007f876fdae0
Event: 21.462 Thread 0x0000022aaa8f5000 DEOPT UNPACKING pc=0x0000022a8ad876ce sp=0x0000007f876fd028 mode 0
Event: 21.462 Thread 0x0000022aaa8f5000 DEOPT PACKING pc=0x0000022a8c1cdb8e sp=0x0000007f876fdae0
Event: 21.462 Thread 0x0000022aaa8f5000 DEOPT UNPACKING pc=0x0000022a8ad876ce sp=0x0000007f876fd028 mode 0
Event: 21.462 Thread 0x0000022aaa8f5000 DEOPT PACKING pc=0x0000022a8c1cdb8e sp=0x0000007f876fdae0
Event: 21.462 Thread 0x0000022aaa8f5000 DEOPT UNPACKING pc=0x0000022a8ad876ce sp=0x0000007f876fd028 mode 0
Event: 21.478 Thread 0x0000022aaa8fb800 Uncommon trap: trap_request=0xffffff4d fr.pc=0x0000022a928641c0 relative=0x00000000000007e0
Event: 21.478 Thread 0x0000022aaa8fb800 Uncommon trap: reason=unstable_if action=reinterpret pc=0x0000022a928641c0 method=java.util.zip.ZipFile$Source.getEntryPos([BZ)I @ 105 c2
Event: 21.478 Thread 0x0000022aaa8fb800 DEOPT PACKING pc=0x0000022a928641c0 sp=0x0000007f879f9ee0
Event: 21.478 Thread 0x0000022aaa8fb800 DEOPT UNPACKING pc=0x0000022a8ad878af sp=0x0000007f879f9e80 mode 2
Event: 21.480 Thread 0x0000022aaa8f5000 DEOPT PACKING pc=0x0000022a8c1cdb8e sp=0x0000007f876fdae0
Event: 21.480 Thread 0x0000022aaa8f5000 DEOPT UNPACKING pc=0x0000022a8ad876ce sp=0x0000007f876fd028 mode 0
Event: 21.481 Thread 0x0000022aaa8f5000 DEOPT PACKING pc=0x0000022a8c1cdb8e sp=0x0000007f876fdae0
Event: 21.481 Thread 0x0000022aaa8f5000 DEOPT UNPACKING pc=0x0000022a8ad876ce sp=0x0000007f876fd028 mode 0
Event: 21.481 Thread 0x0000022aaa8f5000 DEOPT PACKING pc=0x0000022a8c1cdc32 sp=0x0000007f876fdae0
Event: 21.481 Thread 0x0000022aaa8f5000 DEOPT UNPACKING pc=0x0000022a8ad876ce sp=0x0000007f876fd028 mode 0

Classes redefined (0 events):
No events

Internal exceptions (20 events):
Event: 20.023 Thread 0x0000022aa2b6d800 Exception <a 'java/lang/NoSuchMethodError'{0x000000008b59e8f0}: <clinit>> (0x000000008b59e8f0) thrown at [./src/hotspot/share/prims/jni.cpp, line 1362]
Event: 20.025 Thread 0x0000022aa2b6d800 Exception <a 'java/lang/NoSuchMethodError'{0x000000008b5b7d50}: <clinit>> (0x000000008b5b7d50) thrown at [./src/hotspot/share/prims/jni.cpp, line 1362]
Event: 20.025 Thread 0x0000022aa2b6d800 Exception <a 'java/lang/NoSuchMethodError'{0x000000008b5b9230}: <clinit>> (0x000000008b5b9230) thrown at [./src/hotspot/share/prims/jni.cpp, line 1362]
Event: 20.061 Thread 0x0000022aa2b6d800 Exception <a 'sun/nio/fs/WindowsException'{0x000000008b349338}> (0x000000008b349338) thrown at [./src/hotspot/share/prims/jni.cpp, line 615]
Event: 20.061 Thread 0x0000022aa2b6d800 Exception <a 'sun/nio/fs/WindowsException'{0x000000008b34a1c0}> (0x000000008b34a1c0) thrown at [./src/hotspot/share/prims/jni.cpp, line 615]
Event: 20.062 Thread 0x0000022aa2b6d800 Exception <a 'sun/nio/fs/WindowsException'{0x000000008b34a588}> (0x000000008b34a588) thrown at [./src/hotspot/share/prims/jni.cpp, line 615]
Event: 20.062 Thread 0x0000022aa2b6d800 Exception <a 'sun/nio/fs/WindowsException'{0x000000008b34b3f0}> (0x000000008b34b3f0) thrown at [./src/hotspot/share/prims/jni.cpp, line 615]
Event: 20.063 Thread 0x0000022aa2b6d800 Exception <a 'sun/nio/fs/WindowsException'{0x000000008b34b6d0}> (0x000000008b34b6d0) thrown at [./src/hotspot/share/prims/jni.cpp, line 615]
Event: 20.063 Thread 0x0000022aa2b6d800 Exception <a 'sun/nio/fs/WindowsException'{0x000000008b34c550}> (0x000000008b34c550) thrown at [./src/hotspot/share/prims/jni.cpp, line 615]
Event: 20.063 Thread 0x0000022aa2b6d800 Exception <a 'sun/nio/fs/WindowsException'{0x000000008b34c7d0}> (0x000000008b34c7d0) thrown at [./src/hotspot/share/prims/jni.cpp, line 615]
Event: 20.063 Thread 0x0000022aa2b6d800 Exception <a 'sun/nio/fs/WindowsException'{0x000000008b34d620}> (0x000000008b34d620) thrown at [./src/hotspot/share/prims/jni.cpp, line 615]
Event: 20.085 Thread 0x0000022aa2b6d800 Exception <a 'java/lang/NoSuchMethodError'{0x000000008b2d1e00}: <clinit>> (0x000000008b2d1e00) thrown at [./src/hotspot/share/prims/jni.cpp, line 1362]
Event: 20.088 Thread 0x0000022aa2b6d800 Exception <a 'java/lang/NoSuchMethodError'{0x000000008b108690}: <clinit>> (0x000000008b108690) thrown at [./src/hotspot/share/prims/jni.cpp, line 1362]
Event: 20.093 Thread 0x0000022aa2b6d800 Exception <a 'java/lang/NoSuchMethodError'{0x000000008b13a788}: <clinit>> (0x000000008b13a788) thrown at [./src/hotspot/share/prims/jni.cpp, line 1362]
Event: 20.094 Thread 0x0000022aa2b6d800 Exception <a 'java/lang/NoSuchMethodError'{0x000000008b14d2e0}: <clinit>> (0x000000008b14d2e0) thrown at [./src/hotspot/share/prims/jni.cpp, line 1362]
Event: 20.415 Thread 0x0000022aa2b69800 Exception <a 'java/lang/NoSuchMethodError'{0x000000008f506d10}: 'int java.lang.invoke.DirectMethodHandle$Holder.invokeSpecial(java.lang.Object, java.lang.Object, java.lang.Object, java.lang.Object, java.lang.Object)'> (0x000000008f506d10) thrown at [./src/hotspot/share/interpreter/linkResolver.cpp, line 773]
Event: 20.729 Thread 0x0000022aa7c4b000 Implicit null exception at 0x0000022a92da4f52 to 0x0000022a92da5358
Event: 21.117 Thread 0x0000022aa7c4c800 Implicit null exception at 0x0000022a92dcbd55 to 0x0000022a92dcc5e8
Event: 21.117 Thread 0x0000022aa7c49800 Implicit null exception at 0x0000022a92dcbd55 to 0x0000022a92dcc5e8
Event: 21.118 Thread 0x0000022aa7c4b000 Implicit null exception at 0x0000022a92dcbd55 to 0x0000022a92dcc5e8

Events (20 events):
Event: 21.515 loading class com/android/tools/r8/internal/Ma done
Event: 21.516 loading class com/android/tools/r8/internal/La
Event: 21.516 loading class com/android/tools/r8/internal/La done
Event: 21.516 loading class java/lang/ProcessBuilder done
Event: 21.516 loading class com/android/tools/r8/internal/Na
Event: 21.516 loading class com/android/tools/r8/internal/Na done
Event: 21.516 loading class java/lang/ProcessImpl
Event: 21.517 loading class com/android/tools/r8/origin/Origin$a
Event: 21.517 loading class java/lang/ProcessImpl done
Event: 21.517 loading class com/android/tools/r8/origin/Origin$a done
Event: 21.517 loading class com/android/tools/r8/origin/Origin$b
Event: 21.517 loading class com/android/tools/r8/origin/Origin$b done
Event: 21.518 loading class com/android/tools/r8/origin/Origin
Event: 21.518 loading class com/android/tools/r8/origin/Origin done
Event: 21.518 loading class com/android/tools/r8/D8Command$Builder
Event: 21.518 loading class com/android/tools/r8/D8Command$Builder done
Event: 21.519 loading class com/android/tools/r8/ProgramResource
Event: 21.519 loading class com/android/tools/r8/ProgramResource done
Event: 21.519 loading class com/android/tools/r8/ProgramResource$Kind
Event: 21.519 loading class com/android/tools/r8/ProgramResource$Kind done


Dynamic libraries:
0x00007ff6e9950000 - 0x00007ff6e995a000 	D:\Android\AndroidStudio\jre\bin\java.exe
0x00007ffb437d0000 - 0x00007ffb439c5000 	C:\WINDOWS\SYSTEM32\ntdll.dll
0x00007ffb42050000 - 0x00007ffb4210e000 	C:\WINDOWS\System32\KERNEL32.DLL
0x00007ffb41200000 - 0x00007ffb414c8000 	C:\WINDOWS\System32\KERNELBASE.dll
0x00007ffb40f10000 - 0x00007ffb41010000 	C:\WINDOWS\System32\ucrtbase.dll
0x00007ffb2b0b0000 - 0x00007ffb2b0c7000 	D:\Android\AndroidStudio\jre\bin\VCRUNTIME140.dll
0x00007ffb28920000 - 0x00007ffb28939000 	D:\Android\AndroidStudio\jre\bin\jli.dll
0x00007ffb419c0000 - 0x00007ffb41b61000 	C:\WINDOWS\System32\USER32.dll
0x00007ffb40ee0000 - 0x00007ffb40f02000 	C:\WINDOWS\System32\win32u.dll
0x00007ffb41990000 - 0x00007ffb419bb000 	C:\WINDOWS\System32\GDI32.dll
0x00007ffb41500000 - 0x00007ffb4160d000 	C:\WINDOWS\System32\gdi32full.dll
0x00007ffb41670000 - 0x00007ffb4170d000 	C:\WINDOWS\System32\msvcp_win.dll
0x00007ffb2a4e0000 - 0x00007ffb2a77a000 	C:\WINDOWS\WinSxS\amd64_microsoft.windows.common-controls_6595b64144ccf1df_6.0.19041.1110_none_60b5254171f9507e\COMCTL32.dll
0x00007ffb42f20000 - 0x00007ffb42fbe000 	C:\WINDOWS\System32\msvcrt.dll
0x00007ffb43440000 - 0x00007ffb43470000 	C:\WINDOWS\System32\IMM32.DLL
0x0000000070d40000 - 0x0000000070d4a000 	D:\360\360Safe\safemon\SafeWrapper.dll
0x00007ffb418e0000 - 0x00007ffb4198c000 	C:\WINDOWS\System32\ADVAPI32.dll
0x00007ffb435b0000 - 0x00007ffb4364b000 	C:\WINDOWS\System32\sechost.dll
0x00007ffb42570000 - 0x00007ffb4269a000 	C:\WINDOWS\System32\RPCRT4.dll
0x00007ffb2a190000 - 0x00007ffb2a222000 	D:\360\360Safe\safemon\libzdtp64.dll
0x00007ffb41870000 - 0x00007ffb418c5000 	C:\WINDOWS\System32\SHLWAPI.dll
0x00007ffb40a60000 - 0x00007ffb40a6a000 	C:\WINDOWS\SYSTEM32\VERSION.dll
0x00007ffafcd70000 - 0x00007ffafce0d000 	D:\Android\AndroidStudio\jre\bin\msvcp140.dll
0x00007ffafbb50000 - 0x00007ffafc61f000 	D:\Android\AndroidStudio\jre\bin\server\jvm.dll
0x00007ffb418d0000 - 0x00007ffb418d8000 	C:\WINDOWS\System32\PSAPI.DLL
0x00007ffb3d930000 - 0x00007ffb3d939000 	C:\WINDOWS\SYSTEM32\WSOCK32.dll
0x00007ffb2a780000 - 0x00007ffb2a7a7000 	C:\WINDOWS\SYSTEM32\WINMM.dll
0x00007ffb43720000 - 0x00007ffb4378b000 	C:\WINDOWS\System32\WS2_32.dll
0x00007ffb3f6f0000 - 0x00007ffb3f702000 	C:\WINDOWS\SYSTEM32\kernel.appcore.dll
0x00007ffb3c790000 - 0x00007ffb3c7a1000 	D:\Android\AndroidStudio\jre\bin\verify.dll
0x00007ffb3f300000 - 0x00007ffb3f4e4000 	C:\WINDOWS\SYSTEM32\DBGHELP.DLL
0x00007ffb2b050000 - 0x00007ffb2b07c000 	C:\WINDOWS\SYSTEM32\dbgcore.DLL
0x00007ffb41010000 - 0x00007ffb41092000 	C:\WINDOWS\System32\bcryptPrimitives.dll
0x00007ffb3c460000 - 0x00007ffb3c489000 	D:\Android\AndroidStudio\jre\bin\java.dll
0x00007ffb3c3c0000 - 0x00007ffb3c3cb000 	D:\Android\AndroidStudio\jre\bin\jimage.dll
0x00007ffb3aa60000 - 0x00007ffb3aa78000 	D:\Android\AndroidStudio\jre\bin\zip.dll
0x00007ffb427d0000 - 0x00007ffb42f14000 	C:\WINDOWS\System32\SHELL32.dll
0x00007ffb3ea90000 - 0x00007ffb3f224000 	C:\WINDOWS\SYSTEM32\windows.storage.dll
0x00007ffb41c90000 - 0x00007ffb41fe5000 	C:\WINDOWS\System32\combase.dll
0x00007ffb408c0000 - 0x00007ffb408ee000 	C:\WINDOWS\SYSTEM32\Wldp.dll
0x00007ffb42120000 - 0x00007ffb421cd000 	C:\WINDOWS\System32\SHCORE.dll
0x00007ffb40e20000 - 0x00007ffb40e3f000 	C:\WINDOWS\SYSTEM32\profapi.dll
0x00007ffb3a9a0000 - 0x00007ffb3a9ba000 	D:\Android\AndroidStudio\jre\bin\net.dll
0x00007ffb2f9e0000 - 0x00007ffb2faec000 	C:\WINDOWS\SYSTEM32\WINHTTP.dll
0x00007ffb40620000 - 0x00007ffb4068a000 	C:\WINDOWS\system32\mswsock.dll
0x00007ffb3a7a0000 - 0x00007ffb3a7b4000 	D:\Android\AndroidStudio\jre\bin\nio.dll
0x00007ffb382e0000 - 0x00007ffb38307000 	C:\Users\14185\.gradle\native\8bec1ad78214c89d9ad589b4d07fe93259594b29d510b10fafb7a158f7737e5d\windows-amd64\native-platform.dll
0x00007ffb291b0000 - 0x00007ffb292ed000 	C:\Users\14185\.gradle\native\53dbd7edfb1c66fb8903c78663c9afc45aea4f116125fa6feffd364cf09443e8\windows-amd64\native-platform-file-events.dll
0x00007ffb3a990000 - 0x00007ffb3a99a000 	D:\Android\AndroidStudio\jre\bin\management.dll
0x00007ffb39d40000 - 0x00007ffb39d4c000 	D:\Android\AndroidStudio\jre\bin\management_ext.dll
0x00007ffb40810000 - 0x00007ffb40828000 	C:\WINDOWS\SYSTEM32\CRYPTSP.dll
0x00007ffb3ff30000 - 0x00007ffb3ff64000 	C:\WINDOWS\system32\rsaenh.dll
0x00007ffb414d0000 - 0x00007ffb414f7000 	C:\WINDOWS\System32\bcrypt.dll
0x00007ffb40da0000 - 0x00007ffb40dce000 	C:\WINDOWS\SYSTEM32\USERENV.dll
0x00007ffb40830000 - 0x00007ffb4083c000 	C:\WINDOWS\SYSTEM32\CRYPTBASE.dll
0x00007ffb402c0000 - 0x00007ffb402fb000 	C:\WINDOWS\SYSTEM32\IPHLPAPI.DLL
0x00007ffb42110000 - 0x00007ffb42118000 	C:\WINDOWS\System32\NSI.dll
0x00007ffb36be0000 - 0x00007ffb36bf7000 	C:\WINDOWS\SYSTEM32\dhcpcsvc6.DLL
0x00007ffb36dd0000 - 0x00007ffb36ded000 	C:\WINDOWS\SYSTEM32\dhcpcsvc.DLL
0x00007ffb40300000 - 0x00007ffb403cb000 	C:\WINDOWS\SYSTEM32\DNSAPI.dll

dbghelp: loaded successfully - version: 4.0.5 - missing functions: none
symbol engine: initialized successfully - sym options: 0x614 - pdb path: .;D:\Android\AndroidStudio\jre\bin;C:\WINDOWS\SYSTEM32;C:\WINDOWS\WinSxS\amd64_microsoft.windows.common-controls_6595b64144ccf1df_6.0.19041.1110_none_60b5254171f9507e;D:\360\360Safe\safemon;D:\Android\AndroidStudio\jre\bin\server;C:\Users\14185\.gradle\native\8bec1ad78214c89d9ad589b4d07fe93259594b29d510b10fafb7a158f7737e5d\windows-amd64;C:\Users\14185\.gradle\native\53dbd7edfb1c66fb8903c78663c9afc45aea4f116125fa6feffd364cf09443e8\windows-amd64

VM Arguments:
jvm_args: --add-opens=java.base/java.util=ALL-UNNAMED --add-opens=java.base/java.lang=ALL-UNNAMED --add-opens=java.base/java.lang.invoke=ALL-UNNAMED --add-opens=java.base/java.util=ALL-UNNAMED --add-opens=java.prefs/java.util.prefs=ALL-UNNAMED --add-opens=java.prefs/java.util.prefs=ALL-UNNAMED --add-opens=java.base/java.nio.charset=ALL-UNNAMED --add-opens=java.base/java.net=ALL-UNNAMED --add-opens=java.base/java.util.concurrent.atomic=ALL-UNNAMED -Xmx2048m -Dfile.encoding=UTF-8 -Duser.country=CN -Duser.language=zh -Duser.variant 
java_command: org.gradle.launcher.daemon.bootstrap.GradleDaemon 7.0.2
java_class_path (initial): C:\Users\14185\.gradle\wrapper\dists\gradle-7.0.2-bin\857tjihv64xamwrf0h14cai3r\gradle-7.0.2\lib\gradle-launcher-7.0.2.jar
Launcher Type: SUN_STANDARD

[Global flags]
     intx CICompilerCount                          = 4                                         {product} {ergonomic}
     uint ConcGCThreads                            = 2                                         {product} {ergonomic}
     uint G1ConcRefinementThreads                  = 8                                         {product} {ergonomic}
   size_t G1HeapRegionSize                         = 1048576                                   {product} {ergonomic}
    uintx GCDrainStackTargetSize                   = 64                                        {product} {ergonomic}
   size_t InitialHeapSize                          = 266338304                                 {product} {ergonomic}
   size_t MarkStackSize                            = 4194304                                   {product} {ergonomic}
   size_t MaxHeapSize                              = 2147483648                                {product} {command line}
   size_t MaxNewSize                               = 1287651328                                {product} {ergonomic}
   size_t MinHeapDeltaBytes                        = 1048576                                   {product} {ergonomic}
    uintx NonNMethodCodeHeapSize                   = 5836300                                {pd product} {ergonomic}
    uintx NonProfiledCodeHeapSize                  = 122910970                              {pd product} {ergonomic}
    uintx ProfiledCodeHeapSize                     = 122910970                              {pd product} {ergonomic}
    uintx ReservedCodeCacheSize                    = 251658240                              {pd product} {ergonomic}
     bool SegmentedCodeCache                       = true                                      {product} {ergonomic}
     bool UseCompressedClassPointers               = true                                 {lp64_product} {ergonomic}
     bool UseCompressedOops                        = true                                 {lp64_product} {ergonomic}
     bool UseG1GC                                  = true                                      {product} {ergonomic}
     bool UseLargePagesIndividualAllocation        = false                                  {pd product} {ergonomic}

Logging:
Log output configuration:
 #0: stdout all=warning uptime,level,tags
 #1: stderr all=off uptime,level,tags

Environment Variables:
JAVA_HOME=D:\JDK
PATH=C:\Program Files\PlasticSCM5\server;C:\Program Files\PlasticSCM5\client;C:\Program Files\Common Files\Oracle\Java\javapath;C:\windows\system32;C:\windows;C:\windows\System32\Wbem;C:\windows\System32\WindowsPowerShell\v1.0\;C:\windows\System32\OpenSSH\;C:\Program Files (x86)\NVIDIA Corporation\PhysX\Common;C:\WINDOWS\system32;C:\WINDOWS;C:\WINDOWS\System32\Wbem;C:\WINDOWS\System32\WindowsPowerShell\v1.0\;C:\WINDOWS\System32\OpenSSH\;"D:\JDK\bin;";C:\Program Files\Microsoft SQL Server\Client SDK\ODBC\130\Tools\Binn\;C:\Program Files (x86)\Microsoft SQL Server\130\Tools\Binn\;C:\Program Files\Microsoft SQL Server\130\Tools\Binn\;C:\Program Files\Microsoft SQL Server\130\DTS\Binn\;C:\Program Files (x86)\Microsoft SQL Server\150\DTS\Binn\;D:\Microsoft VS Code\bin;C:\Users\14185\AppData\Local\Programs\Python\Python39\;D:\Dev-Cpp\devcpp.exe
USERNAME=14185
OS=Windows_NT
PROCESSOR_IDENTIFIER=Intel64 Family 6 Model 142 Stepping 12, GenuineIntel



---------------  S Y S T E M  ---------------

OS: Windows 10 , 64 bit Build 19041 (10.0.19041.1348)
OS uptime: 0 days 7:03 hours

CPU:total 8 (initial active 8) (4 cores per cpu, 2 threads per core) family 6 model 142 stepping 12 microcode 0xca, cmov, cx8, fxsr, mmx, sse, sse2, sse3, ssse3, sse4.1, sse4.2, popcnt, avx, avx2, aes, clmul, erms, 3dnowpref, lzcnt, ht, tsc, tscinvbit, bmi1, bmi2, adx, fma

Memory: 4k page, system-wide physical 16221M (5734M free)
TotalPageFile size 24925M (AvailPageFile size 8050M)
current process WorkingSet (physical memory assigned to process): 463M, peak: 463M
current process commit charge ("private bytes"): 561M, peak: 561M

vm_info: OpenJDK 64-Bit Server VM (11.0.10+0-b96-7249189) for windows-amd64 JRE (11.0.10+0-b96-7249189), built on Mar 31 2021 21:44:00 by "builder" with MS VC++ 14.0 (VS2015)

END.
