#
# A fatal error has been detected by the Java Runtime Environment:
#
#  EXCEPTION_ACCESS_VIOLATION (0xc0000005) at pc=0x00007ffb2a1ac2b3, pid=30448, tid=30480
#
# JRE version: OpenJDK Runtime Environment (11.0.10) (build 11.0.10+0-b96-7249189)
# Java VM: OpenJDK 64-Bit Server VM (11.0.10+0-b96-7249189, mixed mode, tiered, compressed oops, g1 gc, windows-amd64)
# Problematic frame:
# C  [libzdtp64.dll+0x1c2b3]
#
# No core dump will be written. Minidumps are not enabled by default on client versions of Windows
#
# If you would like to submit a bug report, please visit:
#   https://bugreport.java.com/bugreport/crash.jsp
# The crash happened outside the Java Virtual Machine in native code.
# See problematic frame for where to report the bug.
#

---------------  S U M M A R Y ------------

Command Line: --add-opens=java.base/java.util=ALL-UNNAMED --add-opens=java.base/java.lang=ALL-UNNAMED --add-opens=java.base/java.lang.invoke=ALL-UNNAMED --add-opens=java.base/java.util=ALL-UNNAMED --add-opens=java.prefs/java.util.prefs=ALL-UNNAMED --add-opens=java.prefs/java.util.prefs=ALL-UNNAMED --add-opens=java.base/java.nio.charset=ALL-UNNAMED --add-opens=java.base/java.net=ALL-UNNAMED --add-opens=java.base/java.util.concurrent.atomic=ALL-UNNAMED -Xmx2048m -Dfile.encoding=UTF-8 -Duser.country=CN -Duser.language=zh -Duser.variant org.gradle.launcher.daemon.bootstrap.GradleDaemon 7.0.2

Host: Intel(R) Core(TM) i7-10510U CPU @ 1.80GHz, 8 cores, 15G,  Windows 10 , 64 bit Build 19041 (10.0.19041.1348)
Time: Mon Dec 27 18:03:08 2021 中国标准时间 elapsed time: 59.873789 seconds (0d 0h 0m 59s)

---------------  T H R E A D  ---------------

Current thread (0x00000264c73e5800):  JavaThread "WorkerExecutor Queue" [_thread_in_native, id=30480, stack(0x000000d16ed00000,0x000000d16ee00000)]

Stack: [0x000000d16ed00000,0x000000d16ee00000],  sp=0x000000d16edfd410,  free space=1013k
Native frames: (J=compiled Java code, j=interpreted, Vv=VM code, C=native code)
C  [libzdtp64.dll+0x1c2b3]
C  [libzdtp64.dll+0x1cf8d]
C  0x00000264ac4cff48

Java frames: (J=compiled Java code, j=interpreted, Vv=VM code)
j  java.lang.ProcessImpl.create(Ljava/lang/String;Ljava/lang/String;Ljava/lang/String;[JZ)J+0 java.base@11.0.10
j  java.lang.ProcessImpl.<init>([Ljava/lang/String;Ljava/lang/String;Ljava/lang/String;[JZ)V+264 java.base@11.0.10
j  java.lang.ProcessImpl.start([Ljava/lang/String;Ljava/util/Map;Ljava/lang/String;[Ljava/lang/ProcessBuilder$Redirect;Z)Ljava/lang/Process;+399 java.base@11.0.10
j  java.lang.ProcessBuilder.start([Ljava/lang/ProcessBuilder$Redirect;)Ljava/lang/Process;+163 java.base@11.0.10
j  java.lang.ProcessBuilder.start()Ljava/lang/Process;+5 java.base@11.0.10
j  com.android.builder.internal.aapt.v2.Aapt2DaemonImpl.startProcess()V+41
j  com.android.builder.internal.aapt.v2.Aapt2Daemon.checkStarted()V+66
j  com.android.builder.internal.aapt.v2.Aapt2Daemon.link(Lcom/android/builder/internal/aapt/AaptPackageConfig;Lcom/android/utils/ILogger;)V+13
j  com.android.builder.internal.aapt.v2.Aapt2DaemonManager$LeasedAaptDaemon.link(Lcom/android/builder/internal/aapt/AaptPackageConfig;Lcom/android/utils/ILogger;)V+34
j  com.android.builder.internal.aapt.v2.Aapt2DaemonManager$leasingAapt2Daemon$1.link(Lcom/android/builder/internal/aapt/AaptPackageConfig;Lcom/android/utils/ILogger;)V+49
j  com.android.build.gradle.internal.services.PartialInProcessResourceProcessor.link(Lcom/android/builder/internal/aapt/AaptPackageConfig;Lcom/android/utils/ILogger;)V+18
j  com.android.build.gradle.internal.res.Aapt2ProcessResourcesRunnableKt.processResources(Lcom/android/builder/internal/aapt/v2/Aapt2;Lcom/android/builder/internal/aapt/AaptPackageConfig;Ljava/io/File;Lorg/gradle/api/logging/Logger;Lcom/android/build/gradle/options/SyncOptions$ErrorFormatMode;Lkotlin/jvm/functions/Function1;)V+46
j  com.android.build.gradle.internal.res.LinkApplicationAndroidResourcesTask$Companion.invokeAaptForSplit(Lcom/android/build/api/variant/impl/VariantOutputImpl$SerializedForm;Lcom/android/build/api/variant/impl/BuiltArtifactImpl;ZLcom/android/builder/internal/aapt/v2/Aapt2;Ljava/io/File;Lcom/android/build/gradle/internal/res/LinkApplicationAndroidResourcesTask$TaskWorkActionParameters;)V+1428
j  com.android.build.gradle.internal.res.LinkApplicationAndroidResourcesTask$Companion.access$invokeAaptForSplit(Lcom/android/build/gradle/internal/res/LinkApplicationAndroidResourcesTask$Companion;Lcom/android/build/api/variant/impl/VariantOutputImpl$SerializedForm;Lcom/android/build/api/variant/impl/BuiltArtifactImpl;ZLcom/android/builder/internal/aapt/v2/Aapt2;Ljava/io/File;Lcom/android/build/gradle/internal/res/LinkApplicationAndroidResourcesTask$TaskWorkActionParameters;)V+10
j  com.android.build.gradle.internal.res.LinkApplicationAndroidResourcesTask$TaskAction.run()V+224
j  com.android.build.gradle.internal.profile.ProfileAwareWorkAction.execute()V+74
j  org.gradle.workers.internal.DefaultWorkerServer.execute(Lorg/gradle/workers/internal/SimpleActionExecutionSpec;)Lorg/gradle/workers/internal/DefaultWorkResult;+128
j  org.gradle.workers.internal.NoIsolationWorkerFactory$1$1.create()Lorg/gradle/workers/internal/DefaultWorkResult;+29
j  org.gradle.workers.internal.NoIsolationWorkerFactory$1$1.create()Ljava/lang/Object;+1
j  org.gradle.internal.classloader.ClassLoaderUtils.executeInClassloader(Ljava/lang/ClassLoader;Lorg/gradle/internal/Factory;)Ljava/lang/Object;+15
j  org.gradle.workers.internal.NoIsolationWorkerFactory$1.lambda$execute$0(Ljava/lang/ClassLoader;Lorg/gradle/workers/WorkerExecutor;Lorg/gradle/workers/internal/IsolatedParametersActionExecutionSpec;)Lorg/gradle/workers/internal/DefaultWorkResult;+10
j  org.gradle.workers.internal.NoIsolationWorkerFactory$1$$Lambda$1044.execute(Lorg/gradle/workers/internal/IsolatedParametersActionExecutionSpec;)Lorg/gradle/workers/internal/DefaultWorkResult;+13
j  org.gradle.workers.internal.AbstractWorker$1.call(Lorg/gradle/internal/operations/BuildOperationContext;)Lorg/gradle/workers/internal/DefaultWorkResult;+8
j  org.gradle.workers.internal.AbstractWorker$1.call(Lorg/gradle/internal/operations/BuildOperationContext;)Ljava/lang/Object;+2
J 9402 c1 org.gradle.internal.operations.DefaultBuildOperationRunner$CallableBuildOperationWorker.execute(Lorg/gradle/internal/operations/BuildOperation;Lorg/gradle/internal/operations/BuildOperationContext;)V (10 bytes) @ 0x00000264adde47a4 [0x00000264adde4560+0x0000000000000244]
J 6520 c1 org.gradle.internal.operations.DefaultBuildOperationRunner$3.execute(Lorg/gradle/internal/operations/BuildOperationDescriptor;Lorg/gradle/internal/operations/BuildOperationState;Lorg/gradle/internal/operations/BuildOperationState;Lorg/gradle/internal/operations/DefaultBuildOperationRunner$ReadableBuildOperationContext;Lorg/gradle/internal/operations/DefaultBuildOperationRunner$BuildOperationExecutionListener;)Lorg/gradle/internal/operations/BuildOperation; (110 bytes) @ 0x00000264ad7b43a4 [0x00000264ad7b41c0+0x00000000000001e4]
J 6516 c1 org.gradle.internal.operations.DefaultBuildOperationRunner.execute(Lorg/gradle/internal/operations/BuildOperationDescriptor$Builder;Lorg/gradle/internal/operations/BuildOperationState;Lorg/gradle/internal/operations/DefaultBuildOperationRunner$BuildOperationExecution;)Ljava/lang/Object; (140 bytes) @ 0x00000264ad7b2714 [0x00000264ad7b1a20+0x0000000000000cf4]
J 8483 c1 org.gradle.internal.operations.DefaultBuildOperationRunner.call(Lorg/gradle/internal/operations/CallableBuildOperation;)Ljava/lang/Object; (24 bytes) @ 0x00000264adbf09dc [0x00000264adbf02e0+0x00000000000006fc]
J 8541 c1 org.gradle.internal.operations.DefaultBuildOperationExecutor.call(Lorg/gradle/internal/operations/CallableBuildOperation;)Ljava/lang/Object; (19 bytes) @ 0x00000264adc10864 [0x00000264adc100a0+0x00000000000007c4]
j  org.gradle.workers.internal.AbstractWorker.executeWrappedInBuildOperation(Lorg/gradle/workers/internal/IsolatedParametersActionExecutionSpec;Lorg/gradle/internal/operations/BuildOperationRef;Lorg/gradle/workers/internal/AbstractWorker$Work;)Lorg/gradle/workers/internal/DefaultWorkResult;+15
j  org.gradle.workers.internal.NoIsolationWorkerFactory$1.execute(Lorg/gradle/workers/internal/IsolatedParametersActionExecutionSpec;Lorg/gradle/internal/operations/BuildOperationRef;)Lorg/gradle/workers/internal/DefaultWorkResult;+17
j  org.gradle.workers.internal.DefaultWorkerExecutor.lambda$submitWork$2(Lorg/gradle/workers/internal/WorkerFactory;Lorg/gradle/workers/internal/WorkerRequirement;Lorg/gradle/workers/internal/IsolatedParametersActionExecutionSpec;Lorg/gradle/internal/operations/BuildOperationRef;)Lorg/gradle/workers/internal/DefaultWorkResult;+13
j  org.gradle.workers.internal.DefaultWorkerExecutor$$Lambda$1042.call()Ljava/lang/Object;+16
J 7635 c1 java.util.concurrent.FutureTask.run()V java.base@11.0.10 (123 bytes) @ 0x00000264ada591c4 [0x00000264ada58b20+0x00000000000006a4]
j  org.gradle.internal.work.DefaultConditionalExecutionQueue$ExecutionRunner.runExecution(Lorg/gradle/internal/work/ConditionalExecution;)V+6
j  org.gradle.internal.work.DefaultConditionalExecutionQueue$ExecutionRunner.runBatch(Lorg/gradle/internal/work/ConditionalExecution;)V+8
j  org.gradle.internal.work.DefaultConditionalExecutionQueue$ExecutionRunner.run()V+11
j  java.util.concurrent.Executors$RunnableAdapter.call()Ljava/lang/Object;+4 java.base@11.0.10
J 7635 c1 java.util.concurrent.FutureTask.run()V java.base@11.0.10 (123 bytes) @ 0x00000264ada591c4 [0x00000264ada58b20+0x00000000000006a4]
J 8930 c1 org.gradle.internal.concurrent.ManagedExecutorImpl$1.run()V (57 bytes) @ 0x00000264adce294c [0x00000264adce26e0+0x000000000000026c]
j  java.util.concurrent.ThreadPoolExecutor.runWorker(Ljava/util/concurrent/ThreadPoolExecutor$Worker;)V+92 java.base@11.0.10
j  java.util.concurrent.ThreadPoolExecutor$Worker.run()V+5 java.base@11.0.10
j  org.gradle.internal.concurrent.ThreadFactoryImpl$ManagedThreadRunnable.run()V+7
j  java.lang.Thread.run()V+11 java.base@11.0.10
v  ~StubRoutines::call_stub

siginfo: EXCEPTION_ACCESS_VIOLATION (0xc0000005), reading address 0x0000000000000018


Register to memory mapping:

RIP=0x00007ffb2a1ac2b3 libzdtp64.dll
RAX=0x0 is NULL
RBX=0x0 is NULL
RCX=0x000000d16edfd5f0 is pointing into the stack for thread: 0x00000264c73e5800
RDX=0x0 is NULL
RSP=0x000000d16edfd410 is pointing into the stack for thread: 0x00000264c73e5800
RBP=0x000000d16edfd510 is pointing into the stack for thread: 0x00000264c73e5800
RSI=0x0 is NULL
RDI=0x000000d16edfd5f0 is pointing into the stack for thread: 0x00000264c73e5800
R8 =0x0000000000000004 is an unknown value
R9 =0x0000000000000001 is an unknown value
R10=0x0000000000008000 is an unknown value
R11=0x000000d16edfd4f0 is pointing into the stack for thread: 0x00000264c73e5800
R12=0x0 is NULL
R13=0x00000264c7412758 points into unknown readable memory: 0x0000000000000000 | 00 00 00 00 00 00 00 00
R14=0x0 is NULL
R15=0x0000000000000001 is an unknown value


Registers:
RAX=0x0000000000000000, RBX=0x0000000000000000, RCX=0x000000d16edfd5f0, RDX=0x0000000000000000
RSP=0x000000d16edfd410, RBP=0x000000d16edfd510, RSI=0x0000000000000000, RDI=0x000000d16edfd5f0
R8 =0x0000000000000004, R9 =0x0000000000000001, R10=0x0000000000008000, R11=0x000000d16edfd4f0
R12=0x0000000000000000, R13=0x00000264c7412758, R14=0x0000000000000000, R15=0x0000000000000001
RIP=0x00007ffb2a1ac2b3, EFLAGS=0x0000000000010293

Top of Stack: (sp=0x000000d16edfd410)
0x000000d16edfd410:   00007ffb4149e670 000000d16edfd3c8
0x000000d16edfd420:   00000264c7412768 0000000000000007
0x000000d16edfd430:   00000264c7412758 0000000000000000
0x000000d16edfd440:   0000000000000004 0000000000000000
0x000000d16edfd450:   000000d16edfd550 00007ffb437f5ba1
0x000000d16edfd460:   0000000000000000 0000000000000004
0x000000d16edfd470:   00000264c73e5b48 fffffffffffffffe
0x000000d16edfd480:   0000000000000004 00007ffafc13047b
0x000000d16edfd490:   00000264c744b6e0 0000026400000344
0x000000d16edfd4a0:   00000264c73e5800 00000264c9491420
0x000000d16edfd4b0:   00000264c9497df0 00000264c7412758
0x000000d16edfd4c0:   00000264a6c40000 000000d16edfd560
0x000000d16edfd4d0:   000000000000006c 000000d16edfd570
0x000000d16edfd4e0:   0000000000000000 00007ffb4121b430
0x000000d16edfd4f0:   0000000000000000 000000000000000f
0x000000d16edfd500:   00000264c7412758 0000000000000000 

Instructions: (pc=0x00007ffb2a1ac2b3)
0x00007ffb2a1ac1b3:   48 8b 0f 48 8b 47 08 48 2b c1 48 c1 f8 05 49 63
0x00007ffb2a1ac1c3:   f6 48 83 c0 f6 48 3b f0 74 16 4d 8b c7 48 8d 15
0x00007ffb2a1ac1d3:   ad 87 04 00 48 8d 4d d0 e8 e0 99 fe ff 48 8b 0f
0x00007ffb2a1ac1e3:   41 ff c6 48 83 c3 20 48 8b 47 08 48 2b c1 48 c1
0x00007ffb2a1ac1f3:   f8 05 48 3b f0 72 8a 48 83 7d e0 00 0f 84 3a 06
0x00007ffb2a1ac203:   00 00 66 44 89 7c 24 40 0f 57 c0 f3 0f 7f 44 24
0x00007ffb2a1ac213:   48 4c 89 64 24 58 66 0f 6f 05 6f 59 05 00 f3 0f
0x00007ffb2a1ac223:   7f 45 a0 c6 45 90 00 41 b8 04 00 00 00 48 8d 15
0x00007ffb2a1ac233:   59 0a 05 00 48 8d 4d 90 e8 20 50 fe ff 90 66 0f
0x00007ffb2a1ac243:   6f 05 47 59 05 00 f3 0f 7f 45 80 c6 44 24 70 00
0x00007ffb2a1ac253:   41 b8 06 00 00 00 48 8d 15 34 81 04 00 48 8d 4c
0x00007ffb2a1ac263:   24 70 e8 f6 4f fe ff 90 48 8d 54 24 70 48 8d 4d
0x00007ffb2a1ac273:   f0 e8 97 e5 fe ff 90 48 8d 55 90 48 8d 4d 10 e8
0x00007ffb2a1ac283:   89 e5 fe ff c7 45 30 65 00 00 00 48 8b 44 24 50
0x00007ffb2a1ac293:   48 39 44 24 58 74 60 48 8d 55 f0 48 8b c8 e8 aa
0x00007ffb2a1ac2a3:   d0 ff ff 48 83 44 24 50 48 eb 5e 66 90 48 8b d3
0x00007ffb2a1ac2b3:   48 83 7b 18 10 72 03 48 8b 13 49 c7 c0 ff ff ff
0x00007ffb2a1ac2c3:   ff 49 ff c0 42 80 3c 02 00 75 f6 48 8d 4d d0 e8
0x00007ffb2a1ac2d3:   e9 98 fe ff 48 83 c3 20 48 3b 5f 08 0f 84 15 ff
0x00007ffb2a1ac2e3:   ff ff 4d 8b c7 48 8d 15 a5 86 04 00 48 8d 4d d0
0x00007ffb2a1ac2f3:   e8 c8 98 fe ff eb b6 4c 8d 45 f0 48 8b d0 48 8d
0x00007ffb2a1ac303:   4c 24 48 e8 45 23 00 00 90 48 8d 4d f0 e8 7b 93
0x00007ffb2a1ac313:   ff ff 90 48 8b 55 88 48 83 fa 10 72 33 48 ff c2
0x00007ffb2a1ac323:   48 8b 4c 24 70 48 8b c1 48 81 fa 00 10 00 00 72
0x00007ffb2a1ac333:   19 48 83 c2 27 48 8b 49 f8 48 2b c1 48 83 c0 f8
0x00007ffb2a1ac343:   48 83 f8 1f 0f 87 5d 05 00 00 e8 1e a9 00 00 90
0x00007ffb2a1ac353:   48 8b 55 a8 48 83 fa 10 72 31 48 ff c2 48 8b 4d
0x00007ffb2a1ac363:   90 48 8b c1 48 81 fa 00 10 00 00 72 19 48 83 c2
0x00007ffb2a1ac373:   27 48 8b 49 f8 48 2b c1 48 83 c0 f8 48 83 f8 1f
0x00007ffb2a1ac383:   0f 87 27 05 00 00 e8 e2 a8 00 00 66 0f 6f 05 fa
0x00007ffb2a1ac393:   57 05 00 f3 0f 7f 45 80 c6 44 24 70 00 41 b8 03
0x00007ffb2a1ac3a3:   00 00 00 48 8d 15 b7 85 04 00 48 8d 4c 24 70 e8 


Stack slot to memory mapping:
stack at sp + 0 slots: 0x00007ffb4149e670 KERNELBASE.dll
stack at sp + 1 slots: 0x000000d16edfd3c8 is pointing into the stack for thread: 0x00000264c73e5800
stack at sp + 2 slots: 0x00000264c7412768 points into unknown readable memory: 0x0000000000000000 | 00 00 00 00 00 00 00 00
stack at sp + 3 slots: 0x0000000000000007 is an unknown value
stack at sp + 4 slots: 0x00000264c7412758 points into unknown readable memory: 0x0000000000000000 | 00 00 00 00 00 00 00 00
stack at sp + 5 slots: 0x0 is NULL
stack at sp + 6 slots: 0x0000000000000004 is an unknown value
stack at sp + 7 slots: 0x0 is NULL


---------------  P R O C E S S  ---------------

Threads class SMR info:
_java_thread_list=0x00000264c6478080, length=69, elements={
0x00000264a8623800, 0x00000264c3e9c000, 0x00000264c3e9d800, 0x00000264c3f10000,
0x00000264c3f11000, 0x00000264c3f12000, 0x00000264c3f15000, 0x00000264c3f1a800,
0x00000264c3f1e800, 0x00000264c40ae800, 0x00000264c40af800, 0x00000264c40b0000,
0x00000264c40b1000, 0x00000264c40ae000, 0x00000264c40b2800, 0x00000264c6246000,
0x00000264c6242800, 0x00000264c6242000, 0x00000264c6243800, 0x00000264c6249800,
0x00000264c624c800, 0x00000264c6250000, 0x00000264c6250800, 0x00000264c624f000,
0x00000264cb315000, 0x00000264cb31f000, 0x00000264cb31f800, 0x00000264cb31d800,
0x00000264cb324000, 0x00000264cb320800, 0x00000264cb31e000, 0x00000264cbeea800,
0x00000264cb316800, 0x00000264cb317800, 0x00000264cb31b000, 0x00000264cb318800,
0x00000264cb319000, 0x00000264cb31b800, 0x00000264c9a7b800, 0x00000264cb31a000,
0x00000264cb316000, 0x00000264cb31c800, 0x00000264cb322000, 0x00000264c7ad1800,
0x00000264cbee5800, 0x00000264cbee6800, 0x00000264cbeeb800, 0x00000264cbee9000,
0x00000264cbeec000, 0x00000264cbee8000, 0x00000264cbee7000, 0x00000264cbee9800,
0x00000264c6245000, 0x00000264c6247000, 0x00000264c624a000, 0x00000264c6247800,
0x00000264c6248800, 0x00000264c6244800, 0x00000264c40b2000, 0x00000264c40ac000,
0x00000264c40ad000, 0x00000264c73e6000, 0x00000264c73e4800, 0x00000264c73e3800,
0x00000264c73e5800, 0x00000264c73e8000, 0x00000264c73e7000, 0x00000264c73e8800,
0x00000264c73e9800
}

Java Threads: ( => current thread )
  0x00000264a8623800 JavaThread "main" [_thread_blocked, id=13368, stack(0x000000d169c00000,0x000000d169d00000)]
  0x00000264c3e9c000 JavaThread "Reference Handler" daemon [_thread_blocked, id=29744, stack(0x000000d16a300000,0x000000d16a400000)]
  0x00000264c3e9d800 JavaThread "Finalizer" daemon [_thread_blocked, id=4360, stack(0x000000d16a400000,0x000000d16a500000)]
  0x00000264c3f10000 JavaThread "Signal Dispatcher" daemon [_thread_blocked, id=29864, stack(0x000000d16a500000,0x000000d16a600000)]
  0x00000264c3f11000 JavaThread "Attach Listener" daemon [_thread_blocked, id=26584, stack(0x000000d16a600000,0x000000d16a700000)]
  0x00000264c3f12000 JavaThread "Service Thread" daemon [_thread_blocked, id=17056, stack(0x000000d16a700000,0x000000d16a800000)]
  0x00000264c3f15000 JavaThread "C2 CompilerThread0" daemon [_thread_in_native, id=24792, stack(0x000000d16a800000,0x000000d16a900000)]
  0x00000264c3f1a800 JavaThread "C1 CompilerThread0" daemon [_thread_blocked, id=25224, stack(0x000000d16a900000,0x000000d16aa00000)]
  0x00000264c3f1e800 JavaThread "Sweeper thread" daemon [_thread_blocked, id=29844, stack(0x000000d16aa00000,0x000000d16ab00000)]
  0x00000264c40ae800 JavaThread "Common-Cleaner" daemon [_thread_blocked, id=29904, stack(0x000000d16ab00000,0x000000d16ac00000)]
  0x00000264c40af800 JavaThread "Daemon health stats" [_thread_blocked, id=30248, stack(0x000000d16b400000,0x000000d16b500000)]
  0x00000264c40b0000 JavaThread "Incoming local TCP Connector on port 59231" [_thread_in_native, id=9996, stack(0x000000d16ad00000,0x000000d16ae00000)]
  0x00000264c40b1000 JavaThread "Daemon periodic checks" [_thread_blocked, id=6840, stack(0x000000d16b300000,0x000000d16b400000)]
  0x00000264c40ae000 JavaThread "Daemon" [_thread_blocked, id=26200, stack(0x000000d16b500000,0x000000d16b600000)]
  0x00000264c40b2800 JavaThread "Daemon worker" [_thread_blocked, id=30232, stack(0x000000d16b800000,0x000000d16b900000)]
  0x00000264c6246000 JavaThread "Cache worker for file hash cache (C:\Users\14185\.gradle\caches\7.0.2\fileHashes)" [_thread_blocked, id=29296, stack(0x000000d16bd00000,0x000000d16be00000)]
  0x00000264c6242800 JavaThread "File lock request listener" [_thread_in_native, id=30236, stack(0x000000d16be00000,0x000000d16bf00000)]
  0x00000264c6242000 JavaThread "Cache worker for journal cache (C:\Users\14185\.gradle\caches\journal-1)" [_thread_blocked, id=26108, stack(0x000000d16c200000,0x000000d16c300000)]
  0x00000264c6243800 JavaThread "File watcher server" daemon [_thread_in_native, id=24280, stack(0x000000d16c400000,0x000000d16c500000)]
  0x00000264c6249800 JavaThread "File watcher consumer" daemon [_thread_blocked, id=10324, stack(0x000000d16c500000,0x000000d16c600000)]
  0x00000264c624c800 JavaThread "Cache worker for execution history cache (C:\Users\14185\.gradle\caches\7.0.2\executionHistory)" [_thread_blocked, id=23444, stack(0x000000d16ca00000,0x000000d16cb00000)]
  0x00000264c6250000 JavaThread "jar transforms" [_thread_blocked, id=20664, stack(0x000000d16cb00000,0x000000d16cc00000)]
  0x00000264c6250800 JavaThread "jar transforms Thread 2" [_thread_blocked, id=1372, stack(0x000000d16cc00000,0x000000d16cd00000)]
  0x00000264c624f000 JavaThread "Cache worker for file content cache (C:\Users\14185\.gradle\caches\7.0.2\fileContent)" [_thread_blocked, id=25168, stack(0x000000d16cd00000,0x000000d16ce00000)]
  0x00000264cb315000 JavaThread "jar transforms Thread 3" [_thread_blocked, id=29852, stack(0x000000d16cf00000,0x000000d16d000000)]
  0x00000264cb31f000 JavaThread "jar transforms Thread 4" [_thread_blocked, id=30688, stack(0x000000d16d900000,0x000000d16da00000)]
  0x00000264cb31f800 JavaThread "jar transforms Thread 5" [_thread_blocked, id=29132, stack(0x000000d16da00000,0x000000d16db00000)]
  0x00000264cb31d800 JavaThread "jar transforms Thread 6" [_thread_blocked, id=24044, stack(0x000000d16db00000,0x000000d16dc00000)]
  0x00000264cb324000 JavaThread "jar transforms Thread 7" [_thread_blocked, id=6664, stack(0x000000d16dc00000,0x000000d16dd00000)]
  0x00000264cb320800 JavaThread "jar transforms Thread 8" [_thread_blocked, id=26408, stack(0x000000d16dd00000,0x000000d16de00000)]
  0x00000264cb31e000 JavaThread "Memory manager" [_thread_blocked, id=26504, stack(0x000000d16de00000,0x000000d16df00000)]
  0x00000264cbeea800 JavaThread "pool-3-thread-1" [_thread_blocked, id=21596, stack(0x000000d16e000000,0x000000d16e100000)]
  0x00000264cb316800 JavaThread "Handler for socket connection from /127.0.0.1:59231 to /127.0.0.1:59290" [_thread_in_native, id=24496, stack(0x000000d16b900000,0x000000d16ba00000)]
  0x00000264cb317800 JavaThread "Cancel handler" [_thread_blocked, id=25348, stack(0x000000d16ba00000,0x000000d16bb00000)]
  0x00000264cb31b000 JavaThread "Asynchronous log dispatcher for DefaultDaemonConnection: socket connection from /127.0.0.1:59231 to /127.0.0.1:59290" [_thread_blocked, id=27288, stack(0x000000d16bb00000,0x000000d16bc00000)]
  0x00000264cb318800 JavaThread "Stdin handler" [_thread_blocked, id=28744, stack(0x000000d16bc00000,0x000000d16bd00000)]
  0x00000264cb319000 JavaThread "Daemon client event forwarder" [_thread_blocked, id=29816, stack(0x000000d16c300000,0x000000d16c400000)]
  0x00000264cb31b800 JavaThread "Cache worker for file hash cache (D:\Android\LukeDict\.gradle\7.0.2\fileHashes)" [_thread_blocked, id=29828, stack(0x000000d16c600000,0x000000d16c700000)]
  0x00000264c9a7b800 JavaThread "C2 CompilerThread1" daemon [_thread_in_native, id=28700, stack(0x000000d16c700000,0x000000d16c800000)]
  0x00000264cb31a000 JavaThread "Cache worker for checksums cache (D:\Android\LukeDict\.gradle\checksums)" [_thread_blocked, id=29972, stack(0x000000d16c800000,0x000000d16c900000)]
  0x00000264cb316000 JavaThread "Cache worker for cache directory md-supplier (C:\Users\14185\.gradle\caches\7.0.2\md-supplier)" [_thread_blocked, id=29048, stack(0x000000d16c900000,0x000000d16ca00000)]
  0x00000264cb31c800 JavaThread "Cache worker for cache directory md-rule (C:\Users\14185\.gradle\caches\7.0.2\md-rule)" [_thread_blocked, id=22048, stack(0x000000d16ce00000,0x000000d16cf00000)]
  0x00000264cb322000 JavaThread "Cache worker for dependencies-accessors (D:\Android\LukeDict\.gradle\7.0.2\dependencies-accessors)" [_thread_blocked, id=23484, stack(0x000000d16d000000,0x000000d16d100000)]
  0x00000264c7ad1800 JavaThread "C2 CompilerThread2" daemon [_thread_in_vm, id=27368, stack(0x000000d16d100000,0x000000d16d200000)]
  0x00000264cbee5800 JavaThread "Cache worker for Build Output Cleanup Cache (D:\Android\LukeDict\.gradle\buildOutputCleanup)" [_thread_blocked, id=20700, stack(0x000000d16d200000,0x000000d16d300000)]
  0x00000264cbee6800 JavaThread "Build operations" [_thread_blocked, id=7188, stack(0x000000d16d300000,0x000000d16d400000)]
  0x00000264cbeeb800 JavaThread "Build operations Thread 2" [_thread_blocked, id=29528, stack(0x000000d16d400000,0x000000d16d500000)]
  0x00000264cbee9000 JavaThread "Build operations Thread 3" [_thread_blocked, id=21756, stack(0x000000d16d500000,0x000000d16d600000)]
  0x00000264cbeec000 JavaThread "Build operations Thread 4" [_thread_blocked, id=29776, stack(0x000000d16d600000,0x000000d16d700000)]
  0x00000264cbee8000 JavaThread "Build operations Thread 5" [_thread_blocked, id=26716, stack(0x000000d16d700000,0x000000d16d800000)]
  0x00000264cbee7000 JavaThread "Build operations Thread 6" [_thread_blocked, id=30264, stack(0x000000d16d800000,0x000000d16d900000)]
  0x00000264cbee9800 JavaThread "Build operations Thread 7" [_thread_blocked, id=30252, stack(0x000000d16df00000,0x000000d16e000000)]
  0x00000264c6245000 JavaThread "Build operations Thread 8" [_thread_blocked, id=30472, stack(0x000000d16e100000,0x000000d16e200000)]
  0x00000264c6247000 JavaThread "build event listener" [_thread_blocked, id=30204, stack(0x000000d16e200000,0x000000d16e300000)]
  0x00000264c624a000 JavaThread "pool-6-thread-1" [_thread_blocked, id=29820, stack(0x000000d16e300000,0x000000d16e400000)]
  0x00000264c6247800 JavaThread "build event listener" [_thread_blocked, id=29392, stack(0x000000d16e400000,0x000000d16e500000)]
  0x00000264c6248800 JavaThread "Execution worker for ':'" [_thread_blocked, id=30432, stack(0x000000d16e500000,0x000000d16e600000)]
  0x00000264c6244800 JavaThread "Execution worker for ':' Thread 2" [_thread_blocked, id=4724, stack(0x000000d16e600000,0x000000d16e700000)]
  0x00000264c40b2000 JavaThread "Execution worker for ':' Thread 3" [_thread_blocked, id=30332, stack(0x000000d16e700000,0x000000d16e800000)]
  0x00000264c40ac000 JavaThread "Execution worker for ':' Thread 4" [_thread_blocked, id=29840, stack(0x000000d16e800000,0x000000d16e900000)]
  0x00000264c40ad000 JavaThread "Execution worker for ':' Thread 5" [_thread_blocked, id=12152, stack(0x000000d16e900000,0x000000d16ea00000)]
  0x00000264c73e6000 JavaThread "Execution worker for ':' Thread 6" [_thread_blocked, id=30328, stack(0x000000d16ea00000,0x000000d16eb00000)]
  0x00000264c73e4800 JavaThread "Execution worker for ':' Thread 7" [_thread_blocked, id=30484, stack(0x000000d16eb00000,0x000000d16ec00000)]
  0x00000264c73e3800 JavaThread "Cache worker for execution history cache (D:\Android\LukeDict\.gradle\7.0.2\executionHistory)" [_thread_blocked, id=29508, stack(0x000000d16ec00000,0x000000d16ed00000)]
=>0x00000264c73e5800 JavaThread "WorkerExecutor Queue" [_thread_in_native, id=30480, stack(0x000000d16ed00000,0x000000d16ee00000)]
  0x00000264c73e8000 JavaThread "WorkerExecutor Queue Thread 2" [_thread_blocked, id=23456, stack(0x000000d16ee00000,0x000000d16ef00000)]
  0x00000264c73e7000 JavaThread "WorkerExecutor Queue Thread 3" [_thread_in_Java, id=26820, stack(0x000000d16ef00000,0x000000d16f000000)]
  0x00000264c73e8800 JavaThread "WorkerExecutor Queue Thread 4" [_thread_blocked, id=20048, stack(0x000000d16f000000,0x000000d16f100000)]
  0x00000264c73e9800 JavaThread "pool-7-thread-1" [_thread_blocked, id=23652, stack(0x000000d16f100000,0x000000d16f200000)]

Other Threads:
  0x00000264c3e98000 VMThread "VM Thread" [stack: 0x000000d16a200000,0x000000d16a300000] [id=29740]
  0x00000264c40e6800 WatcherThread [stack: 0x000000d16ac00000,0x000000d16ad00000] [id=26620]
  0x00000264a863d000 GCTaskThread "GC Thread#0" [stack: 0x000000d169d00000,0x000000d169e00000] [id=29060]
  0x00000264c4dab800 GCTaskThread "GC Thread#1" [stack: 0x000000d16ae00000,0x000000d16af00000] [id=11544]
  0x00000264c48ae800 GCTaskThread "GC Thread#2" [stack: 0x000000d16af00000,0x000000d16b000000] [id=29400]
  0x00000264c49d2000 GCTaskThread "GC Thread#3" [stack: 0x000000d16b000000,0x000000d16b100000] [id=20908]
  0x00000264c4af2000 GCTaskThread "GC Thread#4" [stack: 0x000000d16b100000,0x000000d16b200000] [id=29240]
  0x00000264c4af2800 GCTaskThread "GC Thread#5" [stack: 0x000000d16b200000,0x000000d16b300000] [id=2268]
  0x00000264c72e9800 GCTaskThread "GC Thread#6" [stack: 0x000000d16bf00000,0x000000d16c000000] [id=26916]
  0x00000264c52d9800 GCTaskThread "GC Thread#7" [stack: 0x000000d16c000000,0x000000d16c100000] [id=29680]
  0x00000264a8671000 ConcurrentGCThread "G1 Main Marker" [stack: 0x000000d169e00000,0x000000d169f00000] [id=28848]
  0x00000264a8672800 ConcurrentGCThread "G1 Conc#0" [stack: 0x000000d169f00000,0x000000d16a000000] [id=14016]
  0x00000264c4b0d000 ConcurrentGCThread "G1 Conc#1" [stack: 0x000000d16c100000,0x000000d16c200000] [id=30100]
  0x00000264a86ed800 ConcurrentGCThread "G1 Refine#0" [stack: 0x000000d16a000000,0x000000d16a100000] [id=27788]
  0x00000264c34e6800 ConcurrentGCThread "G1 Young RemSet Sampling" [stack: 0x000000d16a100000,0x000000d16a200000] [id=11884]

Threads with active compile tasks:
C2 CompilerThread0  60008 11783       4       com.android.tools.r8.graph.c0::F (16 bytes)
C2 CompilerThread1  60008 11596       4       java.lang.reflect.Method::invoke (65 bytes)
C2 CompilerThread2  60008 11782 %     4       com.android.tools.r8.dex.j::m @ 64 (2086 bytes)

VM state:not at safepoint (normal execution)

VM Mutex/Monitor currently owned by a thread: None

Heap address: 0x0000000080000000, size: 2048 MB, Compressed Oops mode: 32-bit
Narrow klass base: 0x0000000000000000, Narrow klass shift: 3
Compressed class space size: 1073741824 Address: 0x0000000100000000

Heap:
 garbage-first heap   total 260096K, used 191186K [0x0000000080000000, 0x0000000100000000)
  region size 1024K, 101 young (103424K), 16 survivors (16384K)
 Metaspace       used 94308K, capacity 96792K, committed 97100K, reserved 1134592K
  class space    used 11947K, capacity 12821K, committed 12876K, reserved 1048576K
Heap Regions: E=young(eden), S=young(survivor), O=old, HS=humongous(starts), HC=humongous(continues), CS=collection set, F=free, A=archive, TAMS=top-at-mark-start (previous, next)
|   0|0x0000000080000000, 0x0000000080100000, 0x0000000080100000|100%| O|  |TAMS 0x0000000080100000, 0x0000000080000000| Untracked 
|   1|0x0000000080100000, 0x0000000080200000, 0x0000000080200000|100%| O|  |TAMS 0x0000000080200000, 0x0000000080100000| Untracked 
|   2|0x0000000080200000, 0x0000000080300000, 0x0000000080300000|100%| O|  |TAMS 0x0000000080300000, 0x0000000080200000| Untracked 
|   3|0x0000000080300000, 0x0000000080400000, 0x0000000080400000|100%|HS|  |TAMS 0x0000000080400000, 0x0000000080300000| Complete 
|   4|0x0000000080400000, 0x0000000080500000, 0x0000000080500000|100%|HC|  |TAMS 0x0000000080500000, 0x0000000080400000| Complete 
|   5|0x0000000080500000, 0x0000000080600000, 0x0000000080600000|100%|HC|  |TAMS 0x0000000080600000, 0x0000000080500000| Complete 
|   6|0x0000000080600000, 0x0000000080700000, 0x0000000080700000|100%| O|  |TAMS 0x0000000080700000, 0x0000000080600000| Untracked 
|   7|0x0000000080700000, 0x0000000080800000, 0x0000000080800000|100%| O|  |TAMS 0x0000000080800000, 0x0000000080700000| Untracked 
|   8|0x0000000080800000, 0x0000000080900000, 0x0000000080900000|100%| O|  |TAMS 0x0000000080900000, 0x0000000080800000| Untracked 
|   9|0x0000000080900000, 0x0000000080a00000, 0x0000000080a00000|100%| O|  |TAMS 0x0000000080a00000, 0x0000000080900000| Untracked 
|  10|0x0000000080a00000, 0x0000000080b00000, 0x0000000080b00000|100%| O|  |TAMS 0x0000000080b00000, 0x0000000080a00000| Untracked 
|  11|0x0000000080b00000, 0x0000000080c00000, 0x0000000080c00000|100%| O|  |TAMS 0x0000000080c00000, 0x0000000080b00000| Untracked 
|  12|0x0000000080c00000, 0x0000000080d00000, 0x0000000080d00000|100%| O|  |TAMS 0x0000000080d00000, 0x0000000080c00000| Untracked 
|  13|0x0000000080d00000, 0x0000000080e00000, 0x0000000080e00000|100%| O|  |TAMS 0x0000000080e00000, 0x0000000080d00000| Untracked 
|  14|0x0000000080e00000, 0x0000000080f00000, 0x0000000080f00000|100%| O|  |TAMS 0x0000000080f00000, 0x0000000080e00000| Untracked 
|  15|0x0000000080f00000, 0x0000000081000000, 0x0000000081000000|100%| O|  |TAMS 0x0000000081000000, 0x0000000080f00000| Untracked 
|  16|0x0000000081000000, 0x0000000081100000, 0x0000000081100000|100%| O|  |TAMS 0x0000000081100000, 0x0000000081000000| Untracked 
|  17|0x0000000081100000, 0x0000000081200000, 0x0000000081200000|100%|HS|  |TAMS 0x0000000081200000, 0x0000000081100000| Complete 
|  18|0x0000000081200000, 0x0000000081300000, 0x0000000081300000|100%|HS|  |TAMS 0x0000000081300000, 0x0000000081200000| Complete 
|  19|0x0000000081300000, 0x0000000081400000, 0x0000000081400000|100%|HS|  |TAMS 0x0000000081400000, 0x0000000081300000| Complete 
|  20|0x0000000081400000, 0x0000000081500000, 0x0000000081500000|100%|HC|  |TAMS 0x0000000081500000, 0x0000000081400000| Complete 
|  21|0x0000000081500000, 0x0000000081600000, 0x0000000081600000|100%| O|  |TAMS 0x0000000081600000, 0x0000000081500000| Untracked 
|  22|0x0000000081600000, 0x0000000081700000, 0x0000000081700000|100%| O|  |TAMS 0x0000000081700000, 0x0000000081600000| Untracked 
|  23|0x0000000081700000, 0x0000000081800000, 0x0000000081800000|100%| O|  |TAMS 0x0000000081800000, 0x0000000081700000| Untracked 
|  24|0x0000000081800000, 0x0000000081900000, 0x0000000081900000|100%| O|  |TAMS 0x000000008180d200, 0x0000000081800000| Untracked 
|  25|0x0000000081900000, 0x0000000081a00000, 0x0000000081a00000|100%| O|  |TAMS 0x0000000081900000, 0x0000000081900000| Untracked 
|  26|0x0000000081a00000, 0x0000000081b00000, 0x0000000081b00000|100%| O|  |TAMS 0x0000000081a00000, 0x0000000081a00000| Untracked 
|  27|0x0000000081b00000, 0x0000000081c00000, 0x0000000081c00000|100%| O|  |TAMS 0x0000000081b00000, 0x0000000081b00000| Untracked 
|  28|0x0000000081c00000, 0x0000000081d00000, 0x0000000081d00000|100%| O|  |TAMS 0x0000000081c00000, 0x0000000081c00000| Untracked 
|  29|0x0000000081d00000, 0x0000000081e00000, 0x0000000081e00000|100%| O|  |TAMS 0x0000000081d00000, 0x0000000081d00000| Untracked 
|  30|0x0000000081e00000, 0x0000000081f00000, 0x0000000081f00000|100%| O|  |TAMS 0x0000000081e00000, 0x0000000081e00000| Untracked 
|  31|0x0000000081f00000, 0x0000000082000000, 0x0000000082000000|100%| O|  |TAMS 0x0000000081f00000, 0x0000000081f00000| Untracked 
|  32|0x0000000082000000, 0x0000000082100000, 0x0000000082100000|100%| O|  |TAMS 0x0000000082000000, 0x0000000082000000| Untracked 
|  33|0x0000000082100000, 0x0000000082200000, 0x0000000082200000|100%| O|  |TAMS 0x0000000082100000, 0x0000000082100000| Untracked 
|  34|0x0000000082200000, 0x0000000082300000, 0x0000000082300000|100%| O|  |TAMS 0x0000000082200000, 0x0000000082200000| Untracked 
|  35|0x0000000082300000, 0x0000000082400000, 0x0000000082400000|100%| O|  |TAMS 0x0000000082300000, 0x0000000082300000| Untracked 
|  36|0x0000000082400000, 0x0000000082500000, 0x0000000082500000|100%| O|  |TAMS 0x0000000082400000, 0x0000000082400000| Untracked 
|  37|0x0000000082500000, 0x0000000082600000, 0x0000000082600000|100%| O|  |TAMS 0x0000000082500000, 0x0000000082500000| Untracked 
|  38|0x0000000082600000, 0x0000000082700000, 0x0000000082700000|100%| O|  |TAMS 0x0000000082600000, 0x0000000082600000| Untracked 
|  39|0x0000000082700000, 0x0000000082800000, 0x0000000082800000|100%| O|  |TAMS 0x0000000082700000, 0x0000000082700000| Untracked 
|  40|0x0000000082800000, 0x0000000082900000, 0x0000000082900000|100%| O|  |TAMS 0x0000000082800000, 0x0000000082800000| Untracked 
|  41|0x0000000082900000, 0x0000000082a00000, 0x0000000082a00000|100%| O|  |TAMS 0x0000000082900000, 0x0000000082900000| Untracked 
|  42|0x0000000082a00000, 0x0000000082b00000, 0x0000000082b00000|100%| O|  |TAMS 0x0000000082a00000, 0x0000000082a00000| Untracked 
|  43|0x0000000082b00000, 0x0000000082c00000, 0x0000000082c00000|100%| O|  |TAMS 0x0000000082b00000, 0x0000000082b00000| Untracked 
|  44|0x0000000082c00000, 0x0000000082d00000, 0x0000000082d00000|100%| O|  |TAMS 0x0000000082c00000, 0x0000000082c00000| Untracked 
|  45|0x0000000082d00000, 0x0000000082e00000, 0x0000000082e00000|100%| O|  |TAMS 0x0000000082d00000, 0x0000000082d00000| Untracked 
|  46|0x0000000082e00000, 0x0000000082f00000, 0x0000000082f00000|100%| O|  |TAMS 0x0000000082e00000, 0x0000000082e00000| Untracked 
|  47|0x0000000082f00000, 0x0000000083000000, 0x0000000083000000|100%| O|  |TAMS 0x0000000082f00000, 0x0000000082f00000| Untracked 
|  48|0x0000000083000000, 0x0000000083100000, 0x0000000083100000|100%| O|  |TAMS 0x0000000083000000, 0x0000000083000000| Untracked 
|  49|0x0000000083100000, 0x0000000083200000, 0x0000000083200000|100%| O|  |TAMS 0x0000000083100000, 0x0000000083100000| Untracked 
|  50|0x0000000083200000, 0x0000000083300000, 0x0000000083300000|100%| O|  |TAMS 0x0000000083200000, 0x0000000083200000| Untracked 
|  51|0x0000000083300000, 0x0000000083400000, 0x0000000083400000|100%| O|  |TAMS 0x0000000083300000, 0x0000000083300000| Untracked 
|  52|0x0000000083400000, 0x0000000083500000, 0x0000000083500000|100%| O|  |TAMS 0x0000000083400000, 0x0000000083400000| Untracked 
|  53|0x0000000083500000, 0x0000000083600000, 0x0000000083600000|100%| O|  |TAMS 0x0000000083500000, 0x0000000083500000| Untracked 
|  54|0x0000000083600000, 0x0000000083700000, 0x0000000083700000|100%| O|  |TAMS 0x0000000083600000, 0x0000000083600000| Untracked 
|  55|0x0000000083700000, 0x0000000083800000, 0x0000000083800000|100%| O|  |TAMS 0x0000000083700000, 0x0000000083700000| Untracked 
|  56|0x0000000083800000, 0x0000000083900000, 0x0000000083900000|100%| O|  |TAMS 0x0000000083800000, 0x0000000083800000| Untracked 
|  57|0x0000000083900000, 0x0000000083a00000, 0x0000000083a00000|100%| O|  |TAMS 0x0000000083900000, 0x0000000083900000| Untracked 
|  58|0x0000000083a00000, 0x0000000083b00000, 0x0000000083b00000|100%| O|  |TAMS 0x0000000083a00000, 0x0000000083a00000| Untracked 
|  59|0x0000000083b00000, 0x0000000083c00000, 0x0000000083c00000|100%| O|  |TAMS 0x0000000083b00000, 0x0000000083b00000| Untracked 
|  60|0x0000000083c00000, 0x0000000083d00000, 0x0000000083d00000|100%| O|  |TAMS 0x0000000083c00000, 0x0000000083c00000| Untracked 
|  61|0x0000000083d00000, 0x0000000083e00000, 0x0000000083e00000|100%| O|  |TAMS 0x0000000083d00000, 0x0000000083d00000| Untracked 
|  62|0x0000000083e00000, 0x0000000083f00000, 0x0000000083f00000|100%| O|  |TAMS 0x0000000083e00000, 0x0000000083e00000| Untracked 
|  63|0x0000000083f00000, 0x0000000083fc3200, 0x0000000084000000| 76%| O|  |TAMS 0x0000000083f00000, 0x0000000083f00000| Untracked 
|  64|0x0000000084000000, 0x0000000084100000, 0x0000000084100000|100%|HS|  |TAMS 0x0000000084000000, 0x0000000084000000| Complete 
|  65|0x0000000084100000, 0x0000000084200000, 0x0000000084200000|100%|HC|  |TAMS 0x0000000084100000, 0x0000000084100000| Complete 
|  66|0x0000000084200000, 0x0000000084300000, 0x0000000084300000|100%|HS|  |TAMS 0x0000000084200000, 0x0000000084200000| Complete 
|  67|0x0000000084300000, 0x0000000084400000, 0x0000000084400000|100%|HS|  |TAMS 0x0000000084300000, 0x0000000084300000| Complete 
|  68|0x0000000084400000, 0x0000000084500000, 0x0000000084500000|100%|HS|  |TAMS 0x0000000084400000, 0x0000000084400000| Complete 
|  69|0x0000000084500000, 0x0000000084600000, 0x0000000084600000|100%|HC|  |TAMS 0x0000000084500000, 0x0000000084500000| Complete 
|  70|0x0000000084600000, 0x0000000084700000, 0x0000000084700000|100%|HS|  |TAMS 0x0000000084600000, 0x0000000084600000| Complete 
|  71|0x0000000084700000, 0x0000000084800000, 0x0000000084800000|100%|HC|  |TAMS 0x0000000084700000, 0x0000000084700000| Complete 
|  72|0x0000000084800000, 0x0000000084900000, 0x0000000084900000|100%|HS|  |TAMS 0x0000000084800000, 0x0000000084800000| Complete 
|  73|0x0000000084900000, 0x0000000084a00000, 0x0000000084a00000|100%|HC|  |TAMS 0x0000000084900000, 0x0000000084900000| Complete 
|  74|0x0000000084a00000, 0x0000000084b00000, 0x0000000084b00000|100%|HS|  |TAMS 0x0000000084a00000, 0x0000000084a00000| Complete 
|  75|0x0000000084b00000, 0x0000000084c00000, 0x0000000084c00000|100%|HC|  |TAMS 0x0000000084b00000, 0x0000000084b00000| Complete 
|  76|0x0000000084c00000, 0x0000000084d00000, 0x0000000084d00000|100%|HS|  |TAMS 0x0000000084c00000, 0x0000000084c00000| Complete 
|  77|0x0000000084d00000, 0x0000000084e00000, 0x0000000084e00000|100%|HS|  |TAMS 0x0000000084d00000, 0x0000000084d00000| Complete 
|  78|0x0000000084e00000, 0x0000000084f00000, 0x0000000084f00000|100%|HS|  |TAMS 0x0000000084e00000, 0x0000000084e00000| Complete 
|  79|0x0000000084f00000, 0x0000000085000000, 0x0000000085000000|100%|HS|  |TAMS 0x0000000084f00000, 0x0000000084f00000| Complete 
|  80|0x0000000085000000, 0x0000000085100000, 0x0000000085100000|100%|HS|  |TAMS 0x0000000085000000, 0x0000000085000000| Complete 
|  81|0x0000000085100000, 0x0000000085200000, 0x0000000085200000|100%|HC|  |TAMS 0x0000000085100000, 0x0000000085100000| Complete 
|  82|0x0000000085200000, 0x0000000085300000, 0x0000000085300000|100%|HS|  |TAMS 0x0000000085200000, 0x0000000085200000| Complete 
|  83|0x0000000085300000, 0x0000000085400000, 0x0000000085400000|100%|HC|  |TAMS 0x0000000085300000, 0x0000000085300000| Complete 
|  84|0x0000000085400000, 0x0000000085500000, 0x0000000085500000|100%|HS|  |TAMS 0x0000000085400000, 0x0000000085400000| Complete 
|  85|0x0000000085500000, 0x0000000085600000, 0x0000000085600000|100%|HC|  |TAMS 0x0000000085500000, 0x0000000085500000| Complete 
|  86|0x0000000085600000, 0x0000000085700000, 0x0000000085700000|100%|HS|  |TAMS 0x0000000085600000, 0x0000000085600000| Complete 
|  87|0x0000000085700000, 0x0000000085800000, 0x0000000085800000|100%|HC|  |TAMS 0x0000000085700000, 0x0000000085700000| Complete 
|  88|0x0000000085800000, 0x0000000085800000, 0x0000000085900000|  0%| F|  |TAMS 0x0000000085800000, 0x0000000085800000| Untracked 
|  89|0x0000000085900000, 0x0000000085900000, 0x0000000085a00000|  0%| F|  |TAMS 0x0000000085900000, 0x0000000085900000| Untracked 
|  90|0x0000000085a00000, 0x0000000085a00000, 0x0000000085b00000|  0%| F|  |TAMS 0x0000000085a00000, 0x0000000085a00000| Untracked 
|  91|0x0000000085b00000, 0x0000000085b00000, 0x0000000085c00000|  0%| F|  |TAMS 0x0000000085b00000, 0x0000000085b00000| Untracked 
|  92|0x0000000085c00000, 0x0000000085c00000, 0x0000000085d00000|  0%| F|  |TAMS 0x0000000085c00000, 0x0000000085c00000| Untracked 
|  93|0x0000000085d00000, 0x0000000085d00000, 0x0000000085e00000|  0%| F|  |TAMS 0x0000000085d00000, 0x0000000085d00000| Untracked 
|  94|0x0000000085e00000, 0x0000000085e00000, 0x0000000085f00000|  0%| F|  |TAMS 0x0000000085e00000, 0x0000000085e00000| Untracked 
|  95|0x0000000085f00000, 0x0000000085f00000, 0x0000000086000000|  0%| F|  |TAMS 0x0000000085f00000, 0x0000000085f00000| Untracked 
|  96|0x0000000086000000, 0x0000000086000000, 0x0000000086100000|  0%| F|  |TAMS 0x0000000086000000, 0x0000000086000000| Untracked 
|  97|0x0000000086100000, 0x0000000086100000, 0x0000000086200000|  0%| F|  |TAMS 0x0000000086100000, 0x0000000086100000| Untracked 
|  98|0x0000000086200000, 0x0000000086200000, 0x0000000086300000|  0%| F|  |TAMS 0x0000000086200000, 0x0000000086200000| Untracked 
|  99|0x0000000086300000, 0x0000000086300000, 0x0000000086400000|  0%| F|  |TAMS 0x0000000086300000, 0x0000000086300000| Untracked 
| 100|0x0000000086400000, 0x0000000086400000, 0x0000000086500000|  0%| F|  |TAMS 0x0000000086400000, 0x0000000086400000| Untracked 
| 101|0x0000000086500000, 0x0000000086500000, 0x0000000086600000|  0%| F|  |TAMS 0x0000000086500000, 0x0000000086500000| Untracked 
| 102|0x0000000086600000, 0x0000000086600000, 0x0000000086700000|  0%| F|  |TAMS 0x0000000086600000, 0x0000000086600000| Untracked 
| 103|0x0000000086700000, 0x0000000086700000, 0x0000000086800000|  0%| F|  |TAMS 0x0000000086700000, 0x0000000086700000| Untracked 
| 104|0x0000000086800000, 0x0000000086800000, 0x0000000086900000|  0%| F|  |TAMS 0x0000000086800000, 0x0000000086800000| Untracked 
| 105|0x0000000086900000, 0x0000000086900000, 0x0000000086a00000|  0%| F|  |TAMS 0x0000000086900000, 0x0000000086900000| Untracked 
| 106|0x0000000086a00000, 0x0000000086a00000, 0x0000000086b00000|  0%| F|  |TAMS 0x0000000086a00000, 0x0000000086a00000| Untracked 
| 107|0x0000000086b00000, 0x0000000086b00000, 0x0000000086c00000|  0%| F|  |TAMS 0x0000000086b00000, 0x0000000086b00000| Untracked 
| 108|0x0000000086c00000, 0x0000000086cf1608, 0x0000000086d00000| 94%| S|CS|TAMS 0x0000000086c00000, 0x0000000086c00000| Complete 
| 109|0x0000000086d00000, 0x0000000086e00000, 0x0000000086e00000|100%| S|CS|TAMS 0x0000000086d00000, 0x0000000086d00000| Complete 
| 110|0x0000000086e00000, 0x0000000086f00000, 0x0000000086f00000|100%| S|CS|TAMS 0x0000000086e00000, 0x0000000086e00000| Complete 
| 111|0x0000000086f00000, 0x0000000087000000, 0x0000000087000000|100%| S|CS|TAMS 0x0000000086f00000, 0x0000000086f00000| Complete 
| 112|0x0000000087000000, 0x0000000087100000, 0x0000000087100000|100%| S|CS|TAMS 0x0000000087000000, 0x0000000087000000| Complete 
| 113|0x0000000087100000, 0x0000000087200000, 0x0000000087200000|100%| S|CS|TAMS 0x0000000087100000, 0x0000000087100000| Complete 
| 114|0x0000000087200000, 0x0000000087300000, 0x0000000087300000|100%| S|CS|TAMS 0x0000000087200000, 0x0000000087200000| Complete 
| 115|0x0000000087300000, 0x0000000087400000, 0x0000000087400000|100%| S|CS|TAMS 0x0000000087300000, 0x0000000087300000| Complete 
| 116|0x0000000087400000, 0x0000000087500000, 0x0000000087500000|100%| S|CS|TAMS 0x0000000087400000, 0x0000000087400000| Complete 
| 117|0x0000000087500000, 0x0000000087600000, 0x0000000087600000|100%| S|CS|TAMS 0x0000000087500000, 0x0000000087500000| Complete 
| 118|0x0000000087600000, 0x0000000087600000, 0x0000000087700000|  0%| F|  |TAMS 0x0000000087600000, 0x0000000087600000| Untracked 
| 119|0x0000000087700000, 0x0000000087700000, 0x0000000087800000|  0%| F|  |TAMS 0x0000000087700000, 0x0000000087700000| Untracked 
| 120|0x0000000087800000, 0x0000000087800000, 0x0000000087900000|  0%| F|  |TAMS 0x0000000087800000, 0x0000000087800000| Untracked 
| 121|0x0000000087900000, 0x0000000087a00000, 0x0000000087a00000|100%| S|CS|TAMS 0x0000000087900000, 0x0000000087900000| Complete 
| 122|0x0000000087a00000, 0x0000000087b00000, 0x0000000087b00000|100%| S|CS|TAMS 0x0000000087a00000, 0x0000000087a00000| Complete 
| 123|0x0000000087b00000, 0x0000000087c00000, 0x0000000087c00000|100%| S|CS|TAMS 0x0000000087b00000, 0x0000000087b00000| Complete 
| 124|0x0000000087c00000, 0x0000000087d00000, 0x0000000087d00000|100%| S|CS|TAMS 0x0000000087c00000, 0x0000000087c00000| Complete 
| 125|0x0000000087d00000, 0x0000000087d00000, 0x0000000087e00000|  0%| F|  |TAMS 0x0000000087d00000, 0x0000000087d00000| Untracked 
| 126|0x0000000087e00000, 0x0000000087e00000, 0x0000000087f00000|  0%| F|  |TAMS 0x0000000087e00000, 0x0000000087e00000| Untracked 
| 127|0x0000000087f00000, 0x0000000087f00000, 0x0000000088000000|  0%| F|  |TAMS 0x0000000087f00000, 0x0000000087f00000| Untracked 
| 128|0x0000000088000000, 0x0000000088000000, 0x0000000088100000|  0%| F|  |TAMS 0x0000000088000000, 0x0000000088000000| Untracked 
| 129|0x0000000088100000, 0x0000000088100000, 0x0000000088200000|  0%| F|  |TAMS 0x0000000088100000, 0x0000000088100000| Untracked 
| 130|0x0000000088200000, 0x0000000088300000, 0x0000000088300000|100%| S|CS|TAMS 0x0000000088200000, 0x0000000088200000| Complete 
| 131|0x0000000088300000, 0x0000000088400000, 0x0000000088400000|100%| S|CS|TAMS 0x0000000088300000, 0x0000000088300000| Complete 
| 132|0x0000000088400000, 0x0000000088400000, 0x0000000088500000|  0%| F|  |TAMS 0x0000000088400000, 0x0000000088400000| Untracked 
| 133|0x0000000088500000, 0x0000000088500000, 0x0000000088600000|  0%| F|  |TAMS 0x0000000088500000, 0x0000000088500000| Untracked 
| 134|0x0000000088600000, 0x0000000088600000, 0x0000000088700000|  0%| F|  |TAMS 0x0000000088600000, 0x0000000088600000| Untracked 
| 135|0x0000000088700000, 0x0000000088700000, 0x0000000088800000|  0%| F|  |TAMS 0x0000000088700000, 0x0000000088700000| Untracked 
| 136|0x0000000088800000, 0x0000000088800000, 0x0000000088900000|  0%| F|  |TAMS 0x0000000088800000, 0x0000000088800000| Untracked 
| 137|0x0000000088900000, 0x0000000088900000, 0x0000000088a00000|  0%| F|  |TAMS 0x0000000088900000, 0x0000000088900000| Untracked 
| 138|0x0000000088a00000, 0x0000000088a00000, 0x0000000088b00000|  0%| F|  |TAMS 0x0000000088a00000, 0x0000000088a00000| Untracked 
| 139|0x0000000088b00000, 0x0000000088b00000, 0x0000000088c00000|  0%| F|  |TAMS 0x0000000088b00000, 0x0000000088b00000| Untracked 
| 140|0x0000000088c00000, 0x0000000088c00000, 0x0000000088d00000|  0%| F|  |TAMS 0x0000000088c00000, 0x0000000088c00000| Untracked 
| 141|0x0000000088d00000, 0x0000000088d00000, 0x0000000088e00000|  0%| F|  |TAMS 0x0000000088d00000, 0x0000000088d00000| Untracked 
| 142|0x0000000088e00000, 0x0000000088e00000, 0x0000000088f00000|  0%| F|  |TAMS 0x0000000088e00000, 0x0000000088e00000| Untracked 
| 143|0x0000000088f00000, 0x0000000088f00000, 0x0000000089000000|  0%| F|  |TAMS 0x0000000088f00000, 0x0000000088f00000| Untracked 
| 144|0x0000000089000000, 0x0000000089000000, 0x0000000089100000|  0%| F|  |TAMS 0x0000000089000000, 0x0000000089000000| Untracked 
| 145|0x0000000089100000, 0x0000000089100000, 0x0000000089200000|  0%| F|  |TAMS 0x0000000089100000, 0x0000000089100000| Untracked 
| 146|0x0000000089200000, 0x0000000089200000, 0x0000000089300000|  0%| F|  |TAMS 0x0000000089200000, 0x0000000089200000| Untracked 
| 147|0x0000000089300000, 0x0000000089300000, 0x0000000089400000|  0%| F|  |TAMS 0x0000000089300000, 0x0000000089300000| Untracked 
| 148|0x0000000089400000, 0x0000000089400000, 0x0000000089500000|  0%| F|  |TAMS 0x0000000089400000, 0x0000000089400000| Untracked 
| 149|0x0000000089500000, 0x0000000089500000, 0x0000000089600000|  0%| F|  |TAMS 0x0000000089500000, 0x0000000089500000| Untracked 
| 150|0x0000000089600000, 0x0000000089600000, 0x0000000089700000|  0%| F|  |TAMS 0x0000000089600000, 0x0000000089600000| Untracked 
| 151|0x0000000089700000, 0x0000000089700000, 0x0000000089800000|  0%| F|  |TAMS 0x0000000089700000, 0x0000000089700000| Untracked 
| 152|0x0000000089800000, 0x0000000089800000, 0x0000000089900000|  0%| F|  |TAMS 0x0000000089800000, 0x0000000089800000| Untracked 
| 153|0x0000000089900000, 0x0000000089900000, 0x0000000089a00000|  0%| F|  |TAMS 0x0000000089900000, 0x0000000089900000| Untracked 
| 154|0x0000000089a00000, 0x0000000089a00000, 0x0000000089b00000|  0%| F|  |TAMS 0x0000000089a00000, 0x0000000089a00000| Untracked 
| 155|0x0000000089b00000, 0x0000000089b00000, 0x0000000089c00000|  0%| F|  |TAMS 0x0000000089b00000, 0x0000000089b00000| Untracked 
| 156|0x0000000089c00000, 0x0000000089c00000, 0x0000000089d00000|  0%| F|  |TAMS 0x0000000089c00000, 0x0000000089c00000| Untracked 
| 157|0x0000000089d00000, 0x0000000089d00000, 0x0000000089e00000|  0%| F|  |TAMS 0x0000000089d00000, 0x0000000089d00000| Untracked 
| 158|0x0000000089e00000, 0x0000000089e00000, 0x0000000089f00000|  0%| F|  |TAMS 0x0000000089e00000, 0x0000000089e00000| Untracked 
| 159|0x0000000089f00000, 0x0000000089f00000, 0x000000008a000000|  0%| F|  |TAMS 0x0000000089f00000, 0x0000000089f00000| Untracked 
| 160|0x000000008a000000, 0x000000008a000000, 0x000000008a100000|  0%| F|  |TAMS 0x000000008a000000, 0x000000008a000000| Untracked 
| 161|0x000000008a100000, 0x000000008a100000, 0x000000008a200000|  0%| F|  |TAMS 0x000000008a100000, 0x000000008a100000| Untracked 
| 162|0x000000008a200000, 0x000000008a200000, 0x000000008a300000|  0%| F|  |TAMS 0x000000008a200000, 0x000000008a200000| Untracked 
| 163|0x000000008a300000, 0x000000008a300000, 0x000000008a400000|  0%| F|  |TAMS 0x000000008a300000, 0x000000008a300000| Untracked 
| 164|0x000000008a400000, 0x000000008a400000, 0x000000008a500000|  0%| F|  |TAMS 0x000000008a400000, 0x000000008a400000| Untracked 
| 165|0x000000008a500000, 0x000000008a500000, 0x000000008a600000|  0%| F|  |TAMS 0x000000008a500000, 0x000000008a500000| Untracked 
| 166|0x000000008a600000, 0x000000008a600000, 0x000000008a700000|  0%| F|  |TAMS 0x000000008a600000, 0x000000008a600000| Untracked 
| 167|0x000000008a700000, 0x000000008a700000, 0x000000008a800000|  0%| F|  |TAMS 0x000000008a700000, 0x000000008a700000| Untracked 
| 168|0x000000008a800000, 0x000000008a800000, 0x000000008a900000|  0%| F|  |TAMS 0x000000008a800000, 0x000000008a800000| Untracked 
| 169|0x000000008a900000, 0x000000008a9f43e0, 0x000000008aa00000| 95%| E|  |TAMS 0x000000008a900000, 0x000000008a900000| Complete 
| 170|0x000000008aa00000, 0x000000008ab00000, 0x000000008ab00000|100%| E|CS|TAMS 0x000000008aa00000, 0x000000008aa00000| Complete 
| 171|0x000000008ab00000, 0x000000008ac00000, 0x000000008ac00000|100%| E|CS|TAMS 0x000000008ab00000, 0x000000008ab00000| Complete 
| 172|0x000000008ac00000, 0x000000008ad00000, 0x000000008ad00000|100%| E|CS|TAMS 0x000000008ac00000, 0x000000008ac00000| Complete 
| 173|0x000000008ad00000, 0x000000008ae00000, 0x000000008ae00000|100%| E|CS|TAMS 0x000000008ad00000, 0x000000008ad00000| Complete 
| 174|0x000000008ae00000, 0x000000008aeff9a8, 0x000000008af00000| 99%| E|  |TAMS 0x000000008ae00000, 0x000000008ae00000| Complete 
| 175|0x000000008af00000, 0x000000008b000000, 0x000000008b000000|100%| E|CS|TAMS 0x000000008af00000, 0x000000008af00000| Complete 
| 176|0x000000008b000000, 0x000000008b100000, 0x000000008b100000|100%| E|CS|TAMS 0x000000008b000000, 0x000000008b000000| Complete 
| 177|0x000000008b100000, 0x000000008b200000, 0x000000008b200000|100%| E|CS|TAMS 0x000000008b100000, 0x000000008b100000| Complete 
| 178|0x000000008b200000, 0x000000008b300000, 0x000000008b300000|100%| E|CS|TAMS 0x000000008b200000, 0x000000008b200000| Complete 
| 179|0x000000008b300000, 0x000000008b400000, 0x000000008b400000|100%| E|CS|TAMS 0x000000008b300000, 0x000000008b300000| Complete 
| 180|0x000000008b400000, 0x000000008b500000, 0x000000008b500000|100%| E|CS|TAMS 0x000000008b400000, 0x000000008b400000| Complete 
| 181|0x000000008b500000, 0x000000008b600000, 0x000000008b600000|100%| E|CS|TAMS 0x000000008b500000, 0x000000008b500000| Complete 
| 182|0x000000008b600000, 0x000000008b700000, 0x000000008b700000|100%| E|CS|TAMS 0x000000008b600000, 0x000000008b600000| Complete 
| 183|0x000000008b700000, 0x000000008b800000, 0x000000008b800000|100%| E|CS|TAMS 0x000000008b700000, 0x000000008b700000| Complete 
| 184|0x000000008b800000, 0x000000008b900000, 0x000000008b900000|100%| E|CS|TAMS 0x000000008b800000, 0x000000008b800000| Complete 
| 185|0x000000008b900000, 0x000000008ba00000, 0x000000008ba00000|100%| E|CS|TAMS 0x000000008b900000, 0x000000008b900000| Complete 
| 186|0x000000008ba00000, 0x000000008bb00000, 0x000000008bb00000|100%| E|CS|TAMS 0x000000008ba00000, 0x000000008ba00000| Complete 
| 187|0x000000008bb00000, 0x000000008bc00000, 0x000000008bc00000|100%| E|CS|TAMS 0x000000008bb00000, 0x000000008bb00000| Complete 
| 188|0x000000008bc00000, 0x000000008bd00000, 0x000000008bd00000|100%| E|CS|TAMS 0x000000008bc00000, 0x000000008bc00000| Complete 
| 189|0x000000008bd00000, 0x000000008be00000, 0x000000008be00000|100%| E|CS|TAMS 0x000000008bd00000, 0x000000008bd00000| Complete 
| 190|0x000000008be00000, 0x000000008bf00000, 0x000000008bf00000|100%| E|CS|TAMS 0x000000008be00000, 0x000000008be00000| Complete 
| 191|0x000000008bf00000, 0x000000008c000000, 0x000000008c000000|100%| E|CS|TAMS 0x000000008bf00000, 0x000000008bf00000| Complete 
| 192|0x000000008c000000, 0x000000008c100000, 0x000000008c100000|100%| E|CS|TAMS 0x000000008c000000, 0x000000008c000000| Complete 
| 193|0x000000008c100000, 0x000000008c200000, 0x000000008c200000|100%| E|CS|TAMS 0x000000008c100000, 0x000000008c100000| Complete 
| 194|0x000000008c200000, 0x000000008c300000, 0x000000008c300000|100%| E|CS|TAMS 0x000000008c200000, 0x000000008c200000| Complete 
| 195|0x000000008c300000, 0x000000008c400000, 0x000000008c400000|100%| E|CS|TAMS 0x000000008c300000, 0x000000008c300000| Complete 
| 196|0x000000008c400000, 0x000000008c500000, 0x000000008c500000|100%| E|CS|TAMS 0x000000008c400000, 0x000000008c400000| Complete 
| 197|0x000000008c500000, 0x000000008c600000, 0x000000008c600000|100%| E|CS|TAMS 0x000000008c500000, 0x000000008c500000| Complete 
| 198|0x000000008c600000, 0x000000008c700000, 0x000000008c700000|100%| E|CS|TAMS 0x000000008c600000, 0x000000008c600000| Complete 
| 199|0x000000008c700000, 0x000000008c800000, 0x000000008c800000|100%| E|CS|TAMS 0x000000008c700000, 0x000000008c700000| Complete 
| 200|0x000000008c800000, 0x000000008c900000, 0x000000008c900000|100%| E|CS|TAMS 0x000000008c800000, 0x000000008c800000| Complete 
| 201|0x000000008c900000, 0x000000008ca00000, 0x000000008ca00000|100%| E|CS|TAMS 0x000000008c900000, 0x000000008c900000| Complete 
| 202|0x000000008ca00000, 0x000000008cb00000, 0x000000008cb00000|100%| E|CS|TAMS 0x000000008ca00000, 0x000000008ca00000| Complete 
| 203|0x000000008cb00000, 0x000000008cc00000, 0x000000008cc00000|100%| E|CS|TAMS 0x000000008cb00000, 0x000000008cb00000| Complete 
| 204|0x000000008cc00000, 0x000000008cd00000, 0x000000008cd00000|100%| E|CS|TAMS 0x000000008cc00000, 0x000000008cc00000| Complete 
| 205|0x000000008cd00000, 0x000000008ce00000, 0x000000008ce00000|100%| E|CS|TAMS 0x000000008cd00000, 0x000000008cd00000| Complete 
| 206|0x000000008ce00000, 0x000000008cf00000, 0x000000008cf00000|100%| E|CS|TAMS 0x000000008ce00000, 0x000000008ce00000| Complete 
| 207|0x000000008cf00000, 0x000000008d000000, 0x000000008d000000|100%| E|CS|TAMS 0x000000008cf00000, 0x000000008cf00000| Complete 
| 208|0x000000008d000000, 0x000000008d100000, 0x000000008d100000|100%| E|CS|TAMS 0x000000008d000000, 0x000000008d000000| Complete 
| 209|0x000000008d100000, 0x000000008d200000, 0x000000008d200000|100%| E|CS|TAMS 0x000000008d100000, 0x000000008d100000| Complete 
| 210|0x000000008d200000, 0x000000008d300000, 0x000000008d300000|100%| E|CS|TAMS 0x000000008d200000, 0x000000008d200000| Complete 
| 211|0x000000008d300000, 0x000000008d400000, 0x000000008d400000|100%| E|CS|TAMS 0x000000008d300000, 0x000000008d300000| Complete 
| 212|0x000000008d400000, 0x000000008d500000, 0x000000008d500000|100%| E|CS|TAMS 0x000000008d400000, 0x000000008d400000| Complete 
| 213|0x000000008d500000, 0x000000008d600000, 0x000000008d600000|100%| E|CS|TAMS 0x000000008d500000, 0x000000008d500000| Complete 
| 214|0x000000008d600000, 0x000000008d700000, 0x000000008d700000|100%| E|CS|TAMS 0x000000008d600000, 0x000000008d600000| Complete 
| 215|0x000000008d700000, 0x000000008d800000, 0x000000008d800000|100%| E|CS|TAMS 0x000000008d700000, 0x000000008d700000| Complete 
| 216|0x000000008d800000, 0x000000008d900000, 0x000000008d900000|100%| E|CS|TAMS 0x000000008d800000, 0x000000008d800000| Complete 
| 217|0x000000008d900000, 0x000000008da00000, 0x000000008da00000|100%| E|CS|TAMS 0x000000008d900000, 0x000000008d900000| Complete 
| 218|0x000000008da00000, 0x000000008db00000, 0x000000008db00000|100%| E|CS|TAMS 0x000000008da00000, 0x000000008da00000| Complete 
| 219|0x000000008db00000, 0x000000008dc00000, 0x000000008dc00000|100%| E|CS|TAMS 0x000000008db00000, 0x000000008db00000| Complete 
| 220|0x000000008dc00000, 0x000000008dd00000, 0x000000008dd00000|100%| E|CS|TAMS 0x000000008dc00000, 0x000000008dc00000| Complete 
| 221|0x000000008dd00000, 0x000000008de00000, 0x000000008de00000|100%| E|CS|TAMS 0x000000008dd00000, 0x000000008dd00000| Complete 
| 222|0x000000008de00000, 0x000000008df00000, 0x000000008df00000|100%| E|CS|TAMS 0x000000008de00000, 0x000000008de00000| Complete 
| 223|0x000000008df00000, 0x000000008e000000, 0x000000008e000000|100%| E|CS|TAMS 0x000000008df00000, 0x000000008df00000| Complete 
| 224|0x000000008e000000, 0x000000008e100000, 0x000000008e100000|100%| E|CS|TAMS 0x000000008e000000, 0x000000008e000000| Complete 
| 225|0x000000008e100000, 0x000000008e200000, 0x000000008e200000|100%| E|CS|TAMS 0x000000008e100000, 0x000000008e100000| Complete 
| 226|0x000000008e200000, 0x000000008e300000, 0x000000008e300000|100%| E|CS|TAMS 0x000000008e200000, 0x000000008e200000| Complete 
| 227|0x000000008e300000, 0x000000008e400000, 0x000000008e400000|100%| E|CS|TAMS 0x000000008e300000, 0x000000008e300000| Complete 
| 228|0x000000008e400000, 0x000000008e500000, 0x000000008e500000|100%| E|CS|TAMS 0x000000008e400000, 0x000000008e400000| Complete 
| 229|0x000000008e500000, 0x000000008e600000, 0x000000008e600000|100%| E|CS|TAMS 0x000000008e500000, 0x000000008e500000| Complete 
| 230|0x000000008e600000, 0x000000008e700000, 0x000000008e700000|100%| E|CS|TAMS 0x000000008e600000, 0x000000008e600000| Complete 
| 231|0x000000008e700000, 0x000000008e800000, 0x000000008e800000|100%| E|CS|TAMS 0x000000008e700000, 0x000000008e700000| Complete 
| 232|0x000000008e800000, 0x000000008e900000, 0x000000008e900000|100%| E|CS|TAMS 0x000000008e800000, 0x000000008e800000| Complete 
| 233|0x000000008e900000, 0x000000008ea00000, 0x000000008ea00000|100%| E|CS|TAMS 0x000000008e900000, 0x000000008e900000| Complete 
| 234|0x000000008ea00000, 0x000000008eb00000, 0x000000008eb00000|100%| E|CS|TAMS 0x000000008ea00000, 0x000000008ea00000| Complete 
| 235|0x000000008eb00000, 0x000000008ec00000, 0x000000008ec00000|100%| E|CS|TAMS 0x000000008eb00000, 0x000000008eb00000| Complete 
| 236|0x000000008ec00000, 0x000000008ed00000, 0x000000008ed00000|100%| E|CS|TAMS 0x000000008ec00000, 0x000000008ec00000| Complete 
| 237|0x000000008ed00000, 0x000000008ee00000, 0x000000008ee00000|100%| E|CS|TAMS 0x000000008ed00000, 0x000000008ed00000| Complete 
| 238|0x000000008ee00000, 0x000000008ef00000, 0x000000008ef00000|100%| E|CS|TAMS 0x000000008ee00000, 0x000000008ee00000| Complete 
| 239|0x000000008ef00000, 0x000000008f000000, 0x000000008f000000|100%| E|CS|TAMS 0x000000008ef00000, 0x000000008ef00000| Complete 
| 240|0x000000008f000000, 0x000000008f100000, 0x000000008f100000|100%| E|CS|TAMS 0x000000008f000000, 0x000000008f000000| Complete 
| 241|0x000000008f100000, 0x000000008f200000, 0x000000008f200000|100%| E|CS|TAMS 0x000000008f100000, 0x000000008f100000| Complete 
| 242|0x000000008f200000, 0x000000008f300000, 0x000000008f300000|100%| E|CS|TAMS 0x000000008f200000, 0x000000008f200000| Complete 
| 243|0x000000008f300000, 0x000000008f400000, 0x000000008f400000|100%| E|CS|TAMS 0x000000008f300000, 0x000000008f300000| Complete 
| 244|0x000000008f400000, 0x000000008f500000, 0x000000008f500000|100%| E|CS|TAMS 0x000000008f400000, 0x000000008f400000| Complete 
| 245|0x000000008f500000, 0x000000008f600000, 0x000000008f600000|100%| E|CS|TAMS 0x000000008f500000, 0x000000008f500000| Complete 
| 246|0x000000008f600000, 0x000000008f700000, 0x000000008f700000|100%| E|CS|TAMS 0x000000008f600000, 0x000000008f600000| Complete 
| 247|0x000000008f700000, 0x000000008f800000, 0x000000008f800000|100%| E|CS|TAMS 0x000000008f700000, 0x000000008f700000| Complete 
| 248|0x000000008f800000, 0x000000008f900000, 0x000000008f900000|100%| E|CS|TAMS 0x000000008f800000, 0x000000008f800000| Complete 
| 249|0x000000008f900000, 0x000000008fa00000, 0x000000008fa00000|100%| E|CS|TAMS 0x000000008f900000, 0x000000008f900000| Complete 
| 250|0x000000008fa00000, 0x000000008fb00000, 0x000000008fb00000|100%| E|CS|TAMS 0x000000008fa00000, 0x000000008fa00000| Complete 
| 251|0x000000008fb00000, 0x000000008fc00000, 0x000000008fc00000|100%| E|CS|TAMS 0x000000008fb00000, 0x000000008fb00000| Complete 
| 252|0x000000008fc00000, 0x000000008fd00000, 0x000000008fd00000|100%| E|CS|TAMS 0x000000008fc00000, 0x000000008fc00000| Complete 
| 253|0x000000008fd00000, 0x000000008fe00000, 0x000000008fe00000|100%| E|CS|TAMS 0x000000008fd00000, 0x000000008fd00000| Complete 

Card table byte_map: [0x00000264bc320000,0x00000264bc720000] _byte_map_base: 0x00000264bbf20000

Marking Bits (Prev, Next): (CMBitMap*) 0x00000264a8668490, (CMBitMap*) 0x00000264a8668458
 Prev Bits: [0x00000264beb20000, 0x00000264c0b20000)
 Next Bits: [0x00000264bcb20000, 0x00000264beb20000)

Polling page: 0x00000264a6f90000

Metaspace:

Usage:
  Non-class:     82.00 MB capacity,    80.43 MB ( 98%) used,     1.31 MB (  2%) free+waste,   271.75 KB ( <1%) overhead. 
      Class:     12.52 MB capacity,    11.67 MB ( 93%) used,   752.45 KB (  6%) free+waste,   120.56 KB ( <1%) overhead. 
       Both:     94.52 MB capacity,    92.10 MB ( 97%) used,     2.04 MB (  2%) free+waste,   392.31 KB ( <1%) overhead. 

Virtual space:
  Non-class space:       84.00 MB reserved,      82.25 MB ( 98%) committed 
      Class space:        1.00 GB reserved,      12.57 MB (  1%) committed 
             Both:        1.08 GB reserved,      94.82 MB (  9%) committed 

Chunk freelists:
   Non-Class:  61.00 KB
       Class:  11.00 KB
        Both:  72.00 KB

MaxMetaspaceSize: 17179869184.00 GB
CompressedClassSpaceSize: 1.00 GB

CodeHeap 'non-profiled nmethods': size=120000Kb used=6846Kb max_used=6846Kb free=113153Kb
 bounds [0x00000264b3f90000, 0x00000264b4640000, 0x00000264bb4c0000]
CodeHeap 'profiled nmethods': size=120000Kb used=25416Kb max_used=25416Kb free=94583Kb
 bounds [0x00000264aca60000, 0x00000264ae340000, 0x00000264b3f90000]
CodeHeap 'non-nmethods': size=5760Kb used=2306Kb max_used=2353Kb free=3453Kb
 bounds [0x00000264ac4c0000, 0x00000264ac730000, 0x00000264aca60000]
 total_blobs=12553 nmethods=11646 adapters=818
 compilation: enabled
              stopped_count=0, restarted_count=0
 full_count=0

Compilation events (20 events):
Event: 59.776 Thread 0x00000264c7ad1800 nmethod 11437 0x00000264b4625d90 code [0x00000264b4625f20, 0x00000264b4625ff8]
Event: 59.776 Thread 0x00000264c7ad1800 11423       4       java.lang.Enum::equals (11 bytes)
Event: 59.776 Thread 0x00000264c7ad1800 nmethod 11423 0x00000264b4626110 code [0x00000264b46262a0, 0x00000264b4626318]
Event: 59.776 Thread 0x00000264c7ad1800 11639       4       kotlin.reflect.jvm.internal.impl.metadata.ProtoBuf$Type::getDefaultInstance (4 bytes)
Event: 59.777 Thread 0x00000264c7ad1800 nmethod 11639 0x00000264b4626390 code [0x00000264b4626520, 0x00000264b4626578]
Event: 59.777 Thread 0x00000264c7ad1800 11692       4       com.google.common.collect.MapMakerInternalMap$Segment::getFirst (21 bytes)
Event: 59.780 Thread 0x00000264c7ad1800 nmethod 11692 0x00000264b4626610 code [0x00000264b46267a0, 0x00000264b46268b8]
Event: 59.780 Thread 0x00000264c7ad1800 11729       4       java.util.zip.InflaterInputStream::close (34 bytes)
Event: 59.781 Thread 0x00000264c3f15000 nmethod 11254 0x00000264b4626a10 code [0x00000264b4627020, 0x00000264b462eb80]
Event: 59.791 Thread 0x00000264c7ad1800 nmethod 11729 0x00000264b4631e90 code [0x00000264b4632040, 0x00000264b46324f8]
Event: 59.793 Thread 0x00000264c3f15000 11730       4       org.gradle.api.internal.file.AbstractFileCollection::visitStructure (19 bytes)
Event: 59.794 Thread 0x00000264c3f1a800 11731       3       com.google.common.collect.ImmutableSet$RegularSetBuilderImpl::add (122 bytes)
Event: 59.795 Thread 0x00000264c3f15000 nmethod 11730 0x00000264b4632790 code [0x00000264b4632920, 0x00000264b46329f8]
Event: 59.795 Thread 0x00000264c3f1a800 nmethod 11731 0x00000264ae312f90 code [0x00000264ae313220, 0x00000264ae313ea8]
Event: 59.795 Thread 0x00000264c3f1a800 11732       3       com.google.common.collect.ImmutableSet$SetBuilderImpl::addDedupedElement (28 bytes)
Event: 59.796 Thread 0x00000264c3f1a800 nmethod 11732 0x00000264ae314410 code [0x00000264ae314600, 0x00000264ae314ab8]
Event: 59.800 Thread 0x00000264c3f1a800 11733   !   3       java.util.zip.ZipFile$ZipFileInflaterInputStream::close (67 bytes)
Event: 59.801 Thread 0x00000264c3f1a800 nmethod 11733 0x00000264ae314c90 code [0x00000264ae314ea0, 0x00000264ae315538]
Event: 59.809 Thread 0x00000264c3f1a800 11734       3       com.android.tools.r8.internal.zu::a (33 bytes)
Event: 59.810 Thread 0x00000264c3f1a800 nmethod 11734 0x00000264ae315810 code [0x00000264ae315a80, 0x00000264ae3162d8]

GC Heap History (20 events):
Event: 5.335 GC heap before
{Heap before GC invocations=1 (full 0):
 garbage-first heap   total 260096K, used 106457K [0x0000000080000000, 0x0000000100000000)
  region size 1024K, 98 young (100352K), 3 survivors (3072K)
 Metaspace       used 20597K, capacity 21104K, committed 21248K, reserved 1067008K
  class space    used 2508K, capacity 2690K, committed 2816K, reserved 1048576K
}
Event: 5.354 GC heap after
{Heap after GC invocations=2 (full 0):
 garbage-first heap   total 260096K, used 17325K [0x0000000080000000, 0x0000000100000000)
  region size 1024K, 11 young (11264K), 11 survivors (11264K)
 Metaspace       used 20597K, capacity 21104K, committed 21248K, reserved 1067008K
  class space    used 2508K, capacity 2690K, committed 2816K, reserved 1048576K
}
Event: 5.859 GC heap before
{Heap before GC invocations=3 (full 0):
 garbage-first heap   total 260096K, used 44973K [0x0000000080000000, 0x0000000100000000)
  region size 1024K, 38 young (38912K), 11 survivors (11264K)
 Metaspace       used 23450K, capacity 24067K, committed 24192K, reserved 1071104K
  class space    used 2978K, capacity 3192K, committed 3200K, reserved 1048576K
}
Event: 5.872 GC heap after
{Heap after GC invocations=4 (full 0):
 garbage-first heap   total 260096K, used 17869K [0x0000000080000000, 0x0000000100000000)
  region size 1024K, 2 young (2048K), 2 survivors (2048K)
 Metaspace       used 23450K, capacity 24067K, committed 24192K, reserved 1071104K
  class space    used 2978K, capacity 3192K, committed 3200K, reserved 1048576K
}
Event: 7.485 GC heap before
{Heap before GC invocations=4 (full 0):
 garbage-first heap   total 260096K, used 91597K [0x0000000080000000, 0x0000000100000000)
  region size 1024K, 74 young (75776K), 2 survivors (2048K)
 Metaspace       used 31079K, capacity 31828K, committed 31872K, reserved 1077248K
  class space    used 4154K, capacity 4441K, committed 4480K, reserved 1048576K
}
Event: 7.491 GC heap after
{Heap after GC invocations=5 (full 0):
 garbage-first heap   total 260096K, used 20939K [0x0000000080000000, 0x0000000100000000)
  region size 1024K, 5 young (5120K), 5 survivors (5120K)
 Metaspace       used 31079K, capacity 31828K, committed 31872K, reserved 1077248K
  class space    used 4154K, capacity 4441K, committed 4480K, reserved 1048576K
}
Event: 7.831 GC heap before
{Heap before GC invocations=5 (full 0):
 garbage-first heap   total 260096K, used 31179K [0x0000000080000000, 0x0000000100000000)
  region size 1024K, 16 young (16384K), 5 survivors (5120K)
 Metaspace       used 35068K, capacity 35838K, committed 35840K, reserved 1081344K
  class space    used 4540K, capacity 4864K, committed 4864K, reserved 1048576K
}
Event: 7.843 GC heap after
{Heap after GC invocations=6 (full 0):
 garbage-first heap   total 260096K, used 22303K [0x0000000080000000, 0x0000000100000000)
  region size 1024K, 6 young (6144K), 6 survivors (6144K)
 Metaspace       used 35068K, capacity 35838K, committed 35840K, reserved 1081344K
  class space    used 4540K, capacity 4864K, committed 4864K, reserved 1048576K
}
Event: 9.827 GC heap before
{Heap before GC invocations=7 (full 0):
 garbage-first heap   total 260096K, used 146207K [0x0000000080000000, 0x0000000100000000)
  region size 1024K, 124 young (126976K), 6 survivors (6144K)
 Metaspace       used 44730K, capacity 45784K, committed 45900K, reserved 1089536K
  class space    used 5741K, capacity 6145K, committed 6220K, reserved 1048576K
}
Event: 9.845 GC heap after
{Heap after GC invocations=8 (full 0):
 garbage-first heap   total 260096K, used 29391K [0x0000000080000000, 0x0000000100000000)
  region size 1024K, 13 young (13312K), 13 survivors (13312K)
 Metaspace       used 44730K, capacity 45784K, committed 45900K, reserved 1089536K
  class space    used 5741K, capacity 6145K, committed 6220K, reserved 1048576K
}
Event: 12.762 GC heap before
{Heap before GC invocations=8 (full 0):
 garbage-first heap   total 260096K, used 165583K [0x0000000080000000, 0x0000000100000000)
  region size 1024K, 144 young (147456K), 13 survivors (13312K)
 Metaspace       used 58702K, capacity 60155K, committed 60236K, reserved 1101824K
  class space    used 7416K, capacity 7971K, committed 8012K, reserved 1048576K
}
Event: 12.810 GC heap after
{Heap after GC invocations=9 (full 0):
 garbage-first heap   total 260096K, used 44084K [0x0000000080000000, 0x0000000100000000)
  region size 1024K, 19 young (19456K), 19 survivors (19456K)
 Metaspace       used 58702K, capacity 60155K, committed 60236K, reserved 1101824K
  class space    used 7416K, capacity 7971K, committed 8012K, reserved 1048576K
}
Event: 15.244 GC heap before
{Heap before GC invocations=10 (full 0):
 garbage-first heap   total 260096K, used 180276K [0x0000000080000000, 0x0000000100000000)
  region size 1024K, 152 young (155648K), 19 survivors (19456K)
 Metaspace       used 70855K, capacity 72624K, committed 72780K, reserved 1112064K
  class space    used 9147K, capacity 9776K, committed 9804K, reserved 1048576K
}
Event: 15.280 GC heap after
{Heap after GC invocations=11 (full 0):
 garbage-first heap   total 260096K, used 54765K [0x0000000080000000, 0x0000000100000000)
  region size 1024K, 12 young (12288K), 12 survivors (12288K)
 Metaspace       used 70855K, capacity 72624K, committed 72780K, reserved 1112064K
  class space    used 9147K, capacity 9776K, committed 9804K, reserved 1048576K
}
Event: 17.867 GC heap before
{Heap before GC invocations=11 (full 0):
 garbage-first heap   total 260096K, used 185837K [0x0000000080000000, 0x0000000100000000)
  region size 1024K, 141 young (144384K), 12 survivors (12288K)
 Metaspace       used 81436K, capacity 83615K, committed 83916K, reserved 1122304K
  class space    used 10556K, capacity 11346K, committed 11468K, reserved 1048576K
}
Event: 17.895 GC heap after
{Heap after GC invocations=12 (full 0):
 garbage-first heap   total 260096K, used 65829K [0x0000000080000000, 0x0000000100000000)
  region size 1024K, 11 young (11264K), 11 survivors (11264K)
 Metaspace       used 81436K, capacity 83615K, committed 83916K, reserved 1122304K
  class space    used 10556K, capacity 11346K, committed 11468K, reserved 1048576K
}
Event: 56.752 GC heap before
{Heap before GC invocations=12 (full 0):
 garbage-first heap   total 260096K, used 191781K [0x0000000080000000, 0x0000000100000000)
  region size 1024K, 135 young (138240K), 11 survivors (11264K)
 Metaspace       used 86654K, capacity 88925K, committed 89164K, reserved 1126400K
  class space    used 10979K, capacity 11796K, committed 11852K, reserved 1048576K
}
Event: 56.778 GC heap after
{Heap after GC invocations=13 (full 0):
 garbage-first heap   total 260096K, used 73484K [0x0000000080000000, 0x0000000100000000)
  region size 1024K, 8 young (8192K), 8 survivors (8192K)
 Metaspace       used 86654K, capacity 88925K, committed 89164K, reserved 1126400K
  class space    used 10979K, capacity 11796K, committed 11852K, reserved 1048576K
}
Event: 58.852 GC heap before
{Heap before GC invocations=13 (full 0):
 garbage-first heap   total 260096K, used 197388K [0x0000000080000000, 0x0000000100000000)
  region size 1024K, 130 young (133120K), 8 survivors (8192K)
 Metaspace       used 88478K, capacity 90946K, committed 91212K, reserved 1128448K
  class space    used 11177K, capacity 12047K, committed 12108K, reserved 1048576K
}
Event: 58.881 GC heap after
{Heap after GC invocations=14 (full 0):
 garbage-first heap   total 260096K, used 81618K [0x0000000080000000, 0x0000000100000000)
  region size 1024K, 16 young (16384K), 16 survivors (16384K)
 Metaspace       used 88478K, capacity 90946K, committed 91212K, reserved 1128448K
  class space    used 11177K, capacity 12047K, committed 12108K, reserved 1048576K
}

Deoptimization events (20 events):
Event: 59.242 Thread 0x00000264c73e8000 DEOPT PACKING pc=0x00000264b450b094 sp=0x000000d16eefd5d0
Event: 59.242 Thread 0x00000264c73e8000 DEOPT UNPACKING pc=0x00000264ac4e78af sp=0x000000d16eefd568 mode 2
Event: 59.346 Thread 0x00000264c73e5800 DEOPT PACKING pc=0x00000264adc07476 sp=0x000000d16edfb9c0
Event: 59.346 Thread 0x00000264c73e5800 DEOPT UNPACKING pc=0x00000264ac4e76ce sp=0x000000d16edfaee0 mode 0
Event: 59.378 Thread 0x00000264c73e8000 Uncommon trap: trap_request=0xffffff4d fr.pc=0x00000264b4073e18 relative=0x0000000000000078
Event: 59.378 Thread 0x00000264c73e8000 Uncommon trap: reason=unstable_if action=reinterpret pc=0x00000264b4073e18 method=java.lang.Integer.stringSize(I)I @ 19 c2
Event: 59.378 Thread 0x00000264c73e8000 DEOPT PACKING pc=0x00000264b4073e18 sp=0x000000d16eefdeb0
Event: 59.378 Thread 0x00000264c73e8000 DEOPT UNPACKING pc=0x00000264ac4e78af sp=0x000000d16eefde30 mode 2
Event: 59.501 Thread 0x00000264c73e7000 Uncommon trap: trap_request=0xffffff4d fr.pc=0x00000264b3fc3ac0 relative=0x00000000000007e0
Event: 59.501 Thread 0x00000264c73e7000 Uncommon trap: reason=unstable_if action=reinterpret pc=0x00000264b3fc3ac0 method=java.util.zip.ZipFile$Source.getEntryPos([BZ)I @ 105 c2
Event: 59.501 Thread 0x00000264c73e7000 DEOPT PACKING pc=0x00000264b3fc3ac0 sp=0x000000d16effa0e0
Event: 59.501 Thread 0x00000264c73e7000 DEOPT UNPACKING pc=0x00000264ac4e78af sp=0x000000d16effa080 mode 2
Event: 59.607 Thread 0x00000264c73e7000 Uncommon trap: trap_request=0xffffff4d fr.pc=0x00000264b444b55c relative=0x00000000000002fc
Event: 59.607 Thread 0x00000264c73e7000 Uncommon trap: reason=unstable_if action=reinterpret pc=0x00000264b444b55c method=com.google.common.collect.MapMakerInternalMap$Segment.getEntry(Ljava/lang/Object;I)Lcom/google/common/collect/MapMakerInternalMap$InternalEntry; @ 63 c2
Event: 59.607 Thread 0x00000264c73e7000 DEOPT PACKING pc=0x00000264b444b55c sp=0x000000d16eff8970
Event: 59.607 Thread 0x00000264c73e7000 DEOPT UNPACKING pc=0x00000264ac4e78af sp=0x000000d16eff8928 mode 2
Event: 59.769 Thread 0x00000264c73e5800 Uncommon trap: trap_request=0xffffff4d fr.pc=0x00000264b419ad14 relative=0x0000000000001134
Event: 59.769 Thread 0x00000264c73e5800 Uncommon trap: reason=unstable_if action=reinterpret pc=0x00000264b419ad14 method=java.util.WeakHashMap.remove(Ljava/lang/Object;)Ljava/lang/Object; @ 94 c2
Event: 59.769 Thread 0x00000264c73e5800 DEOPT PACKING pc=0x00000264b419ad14 sp=0x000000d16edfb8f0
Event: 59.769 Thread 0x00000264c73e5800 DEOPT UNPACKING pc=0x00000264ac4e78af sp=0x000000d16edfb7c8 mode 2

Classes redefined (0 events):
No events

Internal exceptions (20 events):
Event: 57.214 Thread 0x00000264c40b2800 Exception <a 'sun/nio/fs/WindowsException'{0x000000008e654cf0}> (0x000000008e654cf0) thrown at [./src/hotspot/share/prims/jni.cpp, line 615]
Event: 57.230 Thread 0x00000264c40b2800 Exception <a 'sun/nio/fs/WindowsException'{0x000000008e6f03d8}> (0x000000008e6f03d8) thrown at [./src/hotspot/share/prims/jni.cpp, line 615]
Event: 57.231 Thread 0x00000264c40b2800 Exception <a 'sun/nio/fs/WindowsException'{0x000000008e6f1428}> (0x000000008e6f1428) thrown at [./src/hotspot/share/prims/jni.cpp, line 615]
Event: 57.231 Thread 0x00000264c40b2800 Exception <a 'sun/nio/fs/WindowsException'{0x000000008e6f24c8}> (0x000000008e6f24c8) thrown at [./src/hotspot/share/prims/jni.cpp, line 615]
Event: 57.231 Thread 0x00000264c40b2800 Exception <a 'sun/nio/fs/WindowsException'{0x000000008e6f3568}> (0x000000008e6f3568) thrown at [./src/hotspot/share/prims/jni.cpp, line 615]
Event: 57.411 Thread 0x00000264c40b2800 Exception <a 'sun/nio/fs/WindowsException'{0x000000008e075698}> (0x000000008e075698) thrown at [./src/hotspot/share/prims/jni.cpp, line 615]
Event: 58.202 Thread 0x00000264cbeeb800 Implicit null exception at 0x00000264b45a81cd to 0x00000264b45a8adc
Event: 58.557 Thread 0x00000264c40b2000 Exception <a 'sun/nio/fs/WindowsException'{0x0000000089ccfce8}> (0x0000000089ccfce8) thrown at [./src/hotspot/share/prims/jni.cpp, line 615]
Event: 58.558 Thread 0x00000264c40b2000 Exception <a 'sun/nio/fs/WindowsException'{0x0000000089cd0b70}> (0x0000000089cd0b70) thrown at [./src/hotspot/share/prims/jni.cpp, line 615]
Event: 58.560 Thread 0x00000264c40b2000 Exception <a 'sun/nio/fs/WindowsException'{0x0000000089cd0f38}> (0x0000000089cd0f38) thrown at [./src/hotspot/share/prims/jni.cpp, line 615]
Event: 58.560 Thread 0x00000264c40b2000 Exception <a 'sun/nio/fs/WindowsException'{0x0000000089cd1da0}> (0x0000000089cd1da0) thrown at [./src/hotspot/share/prims/jni.cpp, line 615]
Event: 58.560 Thread 0x00000264c40b2000 Exception <a 'sun/nio/fs/WindowsException'{0x0000000089cd2080}> (0x0000000089cd2080) thrown at [./src/hotspot/share/prims/jni.cpp, line 615]
Event: 58.561 Thread 0x00000264c40b2000 Exception <a 'sun/nio/fs/WindowsException'{0x0000000089cd2f00}> (0x0000000089cd2f00) thrown at [./src/hotspot/share/prims/jni.cpp, line 615]
Event: 58.561 Thread 0x00000264c40b2000 Exception <a 'sun/nio/fs/WindowsException'{0x0000000089cd3180}> (0x0000000089cd3180) thrown at [./src/hotspot/share/prims/jni.cpp, line 615]
Event: 58.561 Thread 0x00000264c40b2000 Exception <a 'sun/nio/fs/WindowsException'{0x0000000089cd4290}> (0x0000000089cd4290) thrown at [./src/hotspot/share/prims/jni.cpp, line 615]
Event: 58.589 Thread 0x00000264c40b2000 Exception <a 'java/lang/NoSuchMethodError'{0x0000000089a5a288}: <clinit>> (0x0000000089a5a288) thrown at [./src/hotspot/share/prims/jni.cpp, line 1362]
Event: 58.595 Thread 0x00000264c40b2000 Exception <a 'java/lang/NoSuchMethodError'{0x0000000089a90988}: <clinit>> (0x0000000089a90988) thrown at [./src/hotspot/share/prims/jni.cpp, line 1362]
Event: 58.600 Thread 0x00000264c40b2000 Exception <a 'java/lang/NoSuchMethodError'{0x0000000089ac2fd8}: <clinit>> (0x0000000089ac2fd8) thrown at [./src/hotspot/share/prims/jni.cpp, line 1362]
Event: 58.601 Thread 0x00000264c40b2000 Exception <a 'java/lang/NoSuchMethodError'{0x0000000089ad5d88}: <clinit>> (0x0000000089ad5d88) thrown at [./src/hotspot/share/prims/jni.cpp, line 1362]
Event: 59.586 Thread 0x00000264c73e7000 Exception <a 'sun/nio/fs/WindowsException'{0x000000008c0e9260}> (0x000000008c0e9260) thrown at [./src/hotspot/share/prims/jni.cpp, line 615]

Events (20 events):
Event: 59.832 loading class com/android/tools/r8/Version
Event: 59.832 loading class com/android/tools/r8/Version done
Event: 59.832 loading class com/android/builder/internal/aapt/v2/Aapt2Daemon$WhenMappings
Event: 59.832 loading class com/android/builder/internal/aapt/v2/Aapt2Daemon$WhenMappings done
Event: 59.832 loading class com/android/builder/internal/aapt/v2/Aapt2DaemonImpl$WaitForReadyOnStdOut
Event: 59.832 loading class com/android/builder/internal/aapt/v2/Aapt2DaemonImpl$WaitForReadyOnStdOut done
Event: 59.832 loading class com/android/tools/r8/utils/i0
Event: 59.832 loading class com/android/tools/r8/utils/i0 done
Event: 59.833 loading class java/lang/ProcessBuilder
Event: 59.833 loading class java/lang/ProcessBuilder done
Event: 59.834 loading class java/lang/ProcessImpl
Event: 59.834 Executing VM operation: RevokeBias
Event: 59.835 loading class java/lang/ProcessImpl done
Event: 59.835 Executing VM operation: RevokeBias done
Event: 59.836 loading class com/android/tools/r8/internal/Ni$i
Event: 59.836 loading class com/android/tools/r8/internal/Ni$i done
Event: 59.837 loading class com/android/tools/r8/internal/Ni$b
Event: 59.837 loading class com/android/tools/r8/internal/Ni$b done
Event: 59.837 loading class com/android/tools/r8/internal/Ni$e
Event: 59.837 loading class com/android/tools/r8/internal/Ni$e done


Dynamic libraries:
0x00007ff6e9950000 - 0x00007ff6e995a000 	D:\Android\AndroidStudio\jre\bin\java.exe
0x00007ffb437d0000 - 0x00007ffb439c5000 	C:\WINDOWS\SYSTEM32\ntdll.dll
0x00007ffb42050000 - 0x00007ffb4210e000 	C:\WINDOWS\System32\KERNEL32.DLL
0x00007ffb41200000 - 0x00007ffb414c8000 	C:\WINDOWS\System32\KERNELBASE.dll
0x00007ffb40f10000 - 0x00007ffb41010000 	C:\WINDOWS\System32\ucrtbase.dll
0x00007ffb28920000 - 0x00007ffb28937000 	D:\Android\AndroidStudio\jre\bin\VCRUNTIME140.dll
0x00007ffb298b0000 - 0x00007ffb298c9000 	D:\Android\AndroidStudio\jre\bin\jli.dll
0x00007ffb419c0000 - 0x00007ffb41b61000 	C:\WINDOWS\System32\USER32.dll
0x00007ffb40ee0000 - 0x00007ffb40f02000 	C:\WINDOWS\System32\win32u.dll
0x00007ffb41990000 - 0x00007ffb419bb000 	C:\WINDOWS\System32\GDI32.dll
0x00007ffb41500000 - 0x00007ffb4160d000 	C:\WINDOWS\System32\gdi32full.dll
0x00007ffb41670000 - 0x00007ffb4170d000 	C:\WINDOWS\System32\msvcp_win.dll
0x00007ffb2a4e0000 - 0x00007ffb2a77a000 	C:\WINDOWS\WinSxS\amd64_microsoft.windows.common-controls_6595b64144ccf1df_6.0.19041.1110_none_60b5254171f9507e\COMCTL32.dll
0x00007ffb42f20000 - 0x00007ffb42fbe000 	C:\WINDOWS\System32\msvcrt.dll
0x00007ffb43440000 - 0x00007ffb43470000 	C:\WINDOWS\System32\IMM32.DLL
0x0000000070d40000 - 0x0000000070d4a000 	D:\360\360Safe\safemon\SafeWrapper.dll
0x00007ffb418e0000 - 0x00007ffb4198c000 	C:\WINDOWS\System32\ADVAPI32.dll
0x00007ffb435b0000 - 0x00007ffb4364b000 	C:\WINDOWS\System32\sechost.dll
0x00007ffb42570000 - 0x00007ffb4269a000 	C:\WINDOWS\System32\RPCRT4.dll
0x00007ffb2a190000 - 0x00007ffb2a222000 	D:\360\360Safe\safemon\libzdtp64.dll
0x00007ffb41870000 - 0x00007ffb418c5000 	C:\WINDOWS\System32\SHLWAPI.dll
0x00007ffb40a60000 - 0x00007ffb40a6a000 	C:\WINDOWS\SYSTEM32\VERSION.dll
0x00007ffb053c0000 - 0x00007ffb0545d000 	D:\Android\AndroidStudio\jre\bin\msvcp140.dll
0x00007ffafbb50000 - 0x00007ffafc61f000 	D:\Android\AndroidStudio\jre\bin\server\jvm.dll
0x00007ffb418d0000 - 0x00007ffb418d8000 	C:\WINDOWS\System32\PSAPI.DLL
0x00007ffb3d930000 - 0x00007ffb3d939000 	C:\WINDOWS\SYSTEM32\WSOCK32.dll
0x00007ffb43720000 - 0x00007ffb4378b000 	C:\WINDOWS\System32\WS2_32.dll
0x00007ffb2a780000 - 0x00007ffb2a7a7000 	C:\WINDOWS\SYSTEM32\WINMM.dll
0x00007ffb3f6f0000 - 0x00007ffb3f702000 	C:\WINDOWS\SYSTEM32\kernel.appcore.dll
0x00007ffb3c790000 - 0x00007ffb3c7a1000 	D:\Android\AndroidStudio\jre\bin\verify.dll
0x00007ffb3f300000 - 0x00007ffb3f4e4000 	C:\WINDOWS\SYSTEM32\DBGHELP.DLL
0x00007ffb2b050000 - 0x00007ffb2b07c000 	C:\WINDOWS\SYSTEM32\dbgcore.DLL
0x00007ffb41010000 - 0x00007ffb41092000 	C:\WINDOWS\System32\bcryptPrimitives.dll
0x00007ffb3c460000 - 0x00007ffb3c489000 	D:\Android\AndroidStudio\jre\bin\java.dll
0x00007ffb3c3c0000 - 0x00007ffb3c3cb000 	D:\Android\AndroidStudio\jre\bin\jimage.dll
0x00007ffb3aa60000 - 0x00007ffb3aa78000 	D:\Android\AndroidStudio\jre\bin\zip.dll
0x00007ffb427d0000 - 0x00007ffb42f14000 	C:\WINDOWS\System32\SHELL32.dll
0x00007ffb3ea90000 - 0x00007ffb3f224000 	C:\WINDOWS\SYSTEM32\windows.storage.dll
0x00007ffb41c90000 - 0x00007ffb41fe5000 	C:\WINDOWS\System32\combase.dll
0x00007ffb408c0000 - 0x00007ffb408ee000 	C:\WINDOWS\SYSTEM32\Wldp.dll
0x00007ffb42120000 - 0x00007ffb421cd000 	C:\WINDOWS\System32\SHCORE.dll
0x00007ffb40e20000 - 0x00007ffb40e3f000 	C:\WINDOWS\SYSTEM32\profapi.dll
0x00007ffb3a9a0000 - 0x00007ffb3a9ba000 	D:\Android\AndroidStudio\jre\bin\net.dll
0x00007ffb2f9e0000 - 0x00007ffb2faec000 	C:\WINDOWS\SYSTEM32\WINHTTP.dll
0x00007ffb40620000 - 0x00007ffb4068a000 	C:\WINDOWS\system32\mswsock.dll
0x00007ffb3a7a0000 - 0x00007ffb3a7b4000 	D:\Android\AndroidStudio\jre\bin\nio.dll
0x00007ffb382e0000 - 0x00007ffb38307000 	C:\Users\14185\.gradle\native\8bec1ad78214c89d9ad589b4d07fe93259594b29d510b10fafb7a158f7737e5d\windows-amd64\native-platform.dll
0x00007ffb291b0000 - 0x00007ffb292ed000 	C:\Users\14185\.gradle\native\53dbd7edfb1c66fb8903c78663c9afc45aea4f116125fa6feffd364cf09443e8\windows-amd64\native-platform-file-events.dll
0x00007ffb3a990000 - 0x00007ffb3a99a000 	D:\Android\AndroidStudio\jre\bin\management.dll
0x00007ffb39d40000 - 0x00007ffb39d4c000 	D:\Android\AndroidStudio\jre\bin\management_ext.dll
0x00007ffb40810000 - 0x00007ffb40828000 	C:\WINDOWS\SYSTEM32\CRYPTSP.dll
0x00007ffb3ff30000 - 0x00007ffb3ff64000 	C:\WINDOWS\system32\rsaenh.dll
0x00007ffb414d0000 - 0x00007ffb414f7000 	C:\WINDOWS\System32\bcrypt.dll
0x00007ffb40da0000 - 0x00007ffb40dce000 	C:\WINDOWS\SYSTEM32\USERENV.dll
0x00007ffb40830000 - 0x00007ffb4083c000 	C:\WINDOWS\SYSTEM32\CRYPTBASE.dll
0x00007ffb402c0000 - 0x00007ffb402fb000 	C:\WINDOWS\SYSTEM32\IPHLPAPI.DLL
0x00007ffb42110000 - 0x00007ffb42118000 	C:\WINDOWS\System32\NSI.dll
0x00007ffb36be0000 - 0x00007ffb36bf7000 	C:\WINDOWS\SYSTEM32\dhcpcsvc6.DLL
0x00007ffb36dd0000 - 0x00007ffb36ded000 	C:\WINDOWS\SYSTEM32\dhcpcsvc.DLL
0x00007ffb40300000 - 0x00007ffb403cb000 	C:\WINDOWS\SYSTEM32\DNSAPI.dll

dbghelp: loaded successfully - version: 4.0.5 - missing functions: none
symbol engine: initialized successfully - sym options: 0x614 - pdb path: .;D:\Android\AndroidStudio\jre\bin;C:\WINDOWS\SYSTEM32;C:\WINDOWS\WinSxS\amd64_microsoft.windows.common-controls_6595b64144ccf1df_6.0.19041.1110_none_60b5254171f9507e;D:\360\360Safe\safemon;D:\Android\AndroidStudio\jre\bin\server;C:\Users\14185\.gradle\native\8bec1ad78214c89d9ad589b4d07fe93259594b29d510b10fafb7a158f7737e5d\windows-amd64;C:\Users\14185\.gradle\native\53dbd7edfb1c66fb8903c78663c9afc45aea4f116125fa6feffd364cf09443e8\windows-amd64

VM Arguments:
jvm_args: --add-opens=java.base/java.util=ALL-UNNAMED --add-opens=java.base/java.lang=ALL-UNNAMED --add-opens=java.base/java.lang.invoke=ALL-UNNAMED --add-opens=java.base/java.util=ALL-UNNAMED --add-opens=java.prefs/java.util.prefs=ALL-UNNAMED --add-opens=java.prefs/java.util.prefs=ALL-UNNAMED --add-opens=java.base/java.nio.charset=ALL-UNNAMED --add-opens=java.base/java.net=ALL-UNNAMED --add-opens=java.base/java.util.concurrent.atomic=ALL-UNNAMED -Xmx2048m -Dfile.encoding=UTF-8 -Duser.country=CN -Duser.language=zh -Duser.variant 
java_command: org.gradle.launcher.daemon.bootstrap.GradleDaemon 7.0.2
java_class_path (initial): C:\Users\14185\.gradle\wrapper\dists\gradle-7.0.2-bin\857tjihv64xamwrf0h14cai3r\gradle-7.0.2\lib\gradle-launcher-7.0.2.jar
Launcher Type: SUN_STANDARD

[Global flags]
     intx CICompilerCount                          = 4                                         {product} {ergonomic}
     uint ConcGCThreads                            = 2                                         {product} {ergonomic}
     uint G1ConcRefinementThreads                  = 8                                         {product} {ergonomic}
   size_t G1HeapRegionSize                         = 1048576                                   {product} {ergonomic}
    uintx GCDrainStackTargetSize                   = 64                                        {product} {ergonomic}
   size_t InitialHeapSize                          = 266338304                                 {product} {ergonomic}
   size_t MarkStackSize                            = 4194304                                   {product} {ergonomic}
   size_t MaxHeapSize                              = 2147483648                                {product} {command line}
   size_t MaxNewSize                               = 1287651328                                {product} {ergonomic}
   size_t MinHeapDeltaBytes                        = 1048576                                   {product} {ergonomic}
    uintx NonNMethodCodeHeapSize                   = 5836300                                {pd product} {ergonomic}
    uintx NonProfiledCodeHeapSize                  = 122910970                              {pd product} {ergonomic}
    uintx ProfiledCodeHeapSize                     = 122910970                              {pd product} {ergonomic}
    uintx ReservedCodeCacheSize                    = 251658240                              {pd product} {ergonomic}
     bool SegmentedCodeCache                       = true                                      {product} {ergonomic}
     bool UseCompressedClassPointers               = true                                 {lp64_product} {ergonomic}
     bool UseCompressedOops                        = true                                 {lp64_product} {ergonomic}
     bool UseG1GC                                  = true                                      {product} {ergonomic}
     bool UseLargePagesIndividualAllocation        = false                                  {pd product} {ergonomic}

Logging:
Log output configuration:
 #0: stdout all=warning uptime,level,tags
 #1: stderr all=off uptime,level,tags

Environment Variables:
JAVA_HOME=D:\JDK
PATH=C:\Program Files\PlasticSCM5\server;C:\Program Files\PlasticSCM5\client;C:\Program Files\Common Files\Oracle\Java\javapath;C:\windows\system32;C:\windows;C:\windows\System32\Wbem;C:\windows\System32\WindowsPowerShell\v1.0\;C:\windows\System32\OpenSSH\;C:\Program Files (x86)\NVIDIA Corporation\PhysX\Common;C:\WINDOWS\system32;C:\WINDOWS;C:\WINDOWS\System32\Wbem;C:\WINDOWS\System32\WindowsPowerShell\v1.0\;C:\WINDOWS\System32\OpenSSH\;"D:\JDK\bin;";C:\Program Files\Microsoft SQL Server\Client SDK\ODBC\130\Tools\Binn\;C:\Program Files (x86)\Microsoft SQL Server\130\Tools\Binn\;C:\Program Files\Microsoft SQL Server\130\Tools\Binn\;C:\Program Files\Microsoft SQL Server\130\DTS\Binn\;C:\Program Files (x86)\Microsoft SQL Server\150\DTS\Binn\;D:\Microsoft VS Code\bin;C:\Users\14185\AppData\Local\Programs\Python\Python39\;D:\Dev-Cpp\devcpp.exe
USERNAME=14185
OS=Windows_NT
PROCESSOR_IDENTIFIER=Intel64 Family 6 Model 142 Stepping 12, GenuineIntel



---------------  S Y S T E M  ---------------

OS: Windows 10 , 64 bit Build 19041 (10.0.19041.1348)
OS uptime: 0 days 6:45 hours

CPU:total 8 (initial active 8) (4 cores per cpu, 2 threads per core) family 6 model 142 stepping 12 microcode 0xca, cmov, cx8, fxsr, mmx, sse, sse2, sse3, ssse3, sse4.1, sse4.2, popcnt, avx, avx2, aes, clmul, erms, 3dnowpref, lzcnt, ht, tsc, tscinvbit, bmi1, bmi2, adx, fma

Memory: 4k page, system-wide physical 16221M (7046M free)
TotalPageFile size 24925M (AvailPageFile size 11203M)
current process WorkingSet (physical memory assigned to process): 518M, peak: 518M
current process commit charge ("private bytes"): 592M, peak: 594M

vm_info: OpenJDK 64-Bit Server VM (11.0.10+0-b96-7249189) for windows-amd64 JRE (11.0.10+0-b96-7249189), built on Mar 31 2021 21:44:00 by "builder" with MS VC++ 14.0 (VS2015)

END.
