#
# A fatal error has been detected by the Java Runtime Environment:
#
#  EXCEPTION_ACCESS_VIOLATION (0xc0000005) at pc=0x00007ffb2a1ac2b3, pid=7196, tid=12384
#
# JRE version: OpenJDK Runtime Environment (11.0.10) (build 11.0.10+0-b96-7249189)
# Java VM: OpenJDK 64-Bit Server VM (11.0.10+0-b96-7249189, mixed mode, tiered, compressed oops, g1 gc, windows-amd64)
# Problematic frame:
# C  [libzdtp64.dll+0x1c2b3]
#
# No core dump will be written. Minidumps are not enabled by default on client versions of Windows
#
# If you would like to submit a bug report, please visit:
#   https://bugreport.java.com/bugreport/crash.jsp
# The crash happened outside the Java Virtual Machine in native code.
# See problematic frame for where to report the bug.
#

---------------  S U M M A R Y ------------

Command Line: --add-opens=java.base/java.util=ALL-UNNAMED --add-opens=java.base/java.lang=ALL-UNNAMED --add-opens=java.base/java.lang.invoke=ALL-UNNAMED --add-opens=java.base/java.util=ALL-UNNAMED --add-opens=java.prefs/java.util.prefs=ALL-UNNAMED --add-opens=java.prefs/java.util.prefs=ALL-UNNAMED --add-opens=java.base/java.nio.charset=ALL-UNNAMED --add-opens=java.base/java.net=ALL-UNNAMED --add-opens=java.base/java.util.concurrent.atomic=ALL-UNNAMED -Xmx2048m -Dfile.encoding=UTF-8 -Duser.country=CN -Duser.language=zh -Duser.variant org.gradle.launcher.daemon.bootstrap.GradleDaemon 7.0.2

Host: Intel(R) Core(TM) i7-10510U CPU @ 1.80GHz, 8 cores, 15G,  Windows 10 , 64 bit Build 19041 (10.0.19041.1348)
Time: Mon Dec 27 11:20:27 2021 中国标准时间 elapsed time: 16.710814 seconds (0d 0h 0m 16s)

---------------  T H R E A D  ---------------

Current thread (0x00000186f68f9800):  JavaThread "WorkerExecutor Queue" [_thread_in_native, id=12384, stack(0x000000013a900000,0x000000013aa00000)]

Stack: [0x000000013a900000,0x000000013aa00000],  sp=0x000000013a9fd5a0,  free space=1013k
Native frames: (J=compiled Java code, j=interpreted, Vv=VM code, C=native code)
C  [libzdtp64.dll+0x1c2b3]
C  [libzdtp64.dll+0x1cf8d]
C  0x000001869b5f000c

Java frames: (J=compiled Java code, j=interpreted, Vv=VM code)
j  java.lang.ProcessImpl.create(Ljava/lang/String;Ljava/lang/String;Ljava/lang/String;[JZ)J+0 java.base@11.0.10
j  java.lang.ProcessImpl.<init>([Ljava/lang/String;Ljava/lang/String;Ljava/lang/String;[JZ)V+264 java.base@11.0.10
j  java.lang.ProcessImpl.start([Ljava/lang/String;Ljava/util/Map;Ljava/lang/String;[Ljava/lang/ProcessBuilder$Redirect;Z)Ljava/lang/Process;+399 java.base@11.0.10
j  java.lang.ProcessBuilder.start([Ljava/lang/ProcessBuilder$Redirect;)Ljava/lang/Process;+163 java.base@11.0.10
j  java.lang.ProcessBuilder.start()Ljava/lang/Process;+5 java.base@11.0.10
j  com.android.builder.internal.aapt.v2.Aapt2DaemonImpl.startProcess()V+41
j  com.android.builder.internal.aapt.v2.Aapt2Daemon.checkStarted()V+66
j  com.android.builder.internal.aapt.v2.Aapt2Daemon.link(Lcom/android/builder/internal/aapt/AaptPackageConfig;Lcom/android/utils/ILogger;)V+13
j  com.android.builder.internal.aapt.v2.Aapt2DaemonManager$LeasedAaptDaemon.link(Lcom/android/builder/internal/aapt/AaptPackageConfig;Lcom/android/utils/ILogger;)V+34
j  com.android.builder.internal.aapt.v2.Aapt2DaemonManager$leasingAapt2Daemon$1.link(Lcom/android/builder/internal/aapt/AaptPackageConfig;Lcom/android/utils/ILogger;)V+49
j  com.android.build.gradle.internal.services.PartialInProcessResourceProcessor.link(Lcom/android/builder/internal/aapt/AaptPackageConfig;Lcom/android/utils/ILogger;)V+18
j  com.android.build.gradle.internal.res.Aapt2ProcessResourcesRunnableKt.processResources(Lcom/android/builder/internal/aapt/v2/Aapt2;Lcom/android/builder/internal/aapt/AaptPackageConfig;Ljava/io/File;Lorg/gradle/api/logging/Logger;Lcom/android/build/gradle/options/SyncOptions$ErrorFormatMode;Lkotlin/jvm/functions/Function1;)V+46
j  com.android.build.gradle.internal.res.LinkApplicationAndroidResourcesTask$Companion.invokeAaptForSplit(Lcom/android/build/api/variant/impl/VariantOutputImpl$SerializedForm;Lcom/android/build/api/variant/impl/BuiltArtifactImpl;ZLcom/android/builder/internal/aapt/v2/Aapt2;Ljava/io/File;Lcom/android/build/gradle/internal/res/LinkApplicationAndroidResourcesTask$TaskWorkActionParameters;)V+1428
j  com.android.build.gradle.internal.res.LinkApplicationAndroidResourcesTask$Companion.access$invokeAaptForSplit(Lcom/android/build/gradle/internal/res/LinkApplicationAndroidResourcesTask$Companion;Lcom/android/build/api/variant/impl/VariantOutputImpl$SerializedForm;Lcom/android/build/api/variant/impl/BuiltArtifactImpl;ZLcom/android/builder/internal/aapt/v2/Aapt2;Ljava/io/File;Lcom/android/build/gradle/internal/res/LinkApplicationAndroidResourcesTask$TaskWorkActionParameters;)V+10
j  com.android.build.gradle.internal.res.LinkApplicationAndroidResourcesTask$TaskAction.run()V+224
j  com.android.build.gradle.internal.profile.ProfileAwareWorkAction.execute()V+74
j  org.gradle.workers.internal.DefaultWorkerServer.execute(Lorg/gradle/workers/internal/SimpleActionExecutionSpec;)Lorg/gradle/workers/internal/DefaultWorkResult;+128
j  org.gradle.workers.internal.NoIsolationWorkerFactory$1$1.create()Lorg/gradle/workers/internal/DefaultWorkResult;+29
j  org.gradle.workers.internal.NoIsolationWorkerFactory$1$1.create()Ljava/lang/Object;+1
j  org.gradle.internal.classloader.ClassLoaderUtils.executeInClassloader(Ljava/lang/ClassLoader;Lorg/gradle/internal/Factory;)Ljava/lang/Object;+15
j  org.gradle.workers.internal.NoIsolationWorkerFactory$1.lambda$execute$0(Ljava/lang/ClassLoader;Lorg/gradle/workers/WorkerExecutor;Lorg/gradle/workers/internal/IsolatedParametersActionExecutionSpec;)Lorg/gradle/workers/internal/DefaultWorkResult;+10
j  org.gradle.workers.internal.NoIsolationWorkerFactory$1$$Lambda$1110.execute(Lorg/gradle/workers/internal/IsolatedParametersActionExecutionSpec;)Lorg/gradle/workers/internal/DefaultWorkResult;+13
j  org.gradle.workers.internal.AbstractWorker$1.call(Lorg/gradle/internal/operations/BuildOperationContext;)Lorg/gradle/workers/internal/DefaultWorkResult;+8
j  org.gradle.workers.internal.AbstractWorker$1.call(Lorg/gradle/internal/operations/BuildOperationContext;)Ljava/lang/Object;+2
J 8695 c1 org.gradle.internal.operations.DefaultBuildOperationRunner$CallableBuildOperationWorker.execute(Lorg/gradle/internal/operations/BuildOperation;Lorg/gradle/internal/operations/BuildOperationContext;)V (10 bytes) @ 0x000001869cdb04d4 [0x000001869cdb0260+0x0000000000000274]
J 6572 c1 org.gradle.internal.operations.DefaultBuildOperationRunner$3.execute(Lorg/gradle/internal/operations/BuildOperationDescriptor;Lorg/gradle/internal/operations/BuildOperationState;Lorg/gradle/internal/operations/BuildOperationState;Lorg/gradle/internal/operations/DefaultBuildOperationRunner$ReadableBuildOperationContext;Lorg/gradle/internal/operations/DefaultBuildOperationRunner$BuildOperationExecutionListener;)Lorg/gradle/internal/operations/BuildOperation; (110 bytes) @ 0x000001869c937d3c [0x000001869c937b40+0x00000000000001fc]
J 6501 c1 org.gradle.internal.operations.DefaultBuildOperationRunner.execute(Lorg/gradle/internal/operations/BuildOperationDescriptor$Builder;Lorg/gradle/internal/operations/BuildOperationState;Lorg/gradle/internal/operations/DefaultBuildOperationRunner$BuildOperationExecution;)Ljava/lang/Object; (140 bytes) @ 0x000001869c911044 [0x000001869c9102a0+0x0000000000000da4]
J 9338 c1 org.gradle.internal.operations.DefaultBuildOperationRunner.call(Lorg/gradle/internal/operations/CallableBuildOperation;)Ljava/lang/Object; (24 bytes) @ 0x000001869cf1bd7c [0x000001869cf1bb00+0x000000000000027c]
J 6549 c1 org.gradle.internal.operations.DefaultBuildOperationExecutor.call(Lorg/gradle/internal/operations/CallableBuildOperation;)Ljava/lang/Object; (19 bytes) @ 0x000001869c92c224 [0x000001869c92b920+0x0000000000000904]
j  org.gradle.workers.internal.AbstractWorker.executeWrappedInBuildOperation(Lorg/gradle/workers/internal/IsolatedParametersActionExecutionSpec;Lorg/gradle/internal/operations/BuildOperationRef;Lorg/gradle/workers/internal/AbstractWorker$Work;)Lorg/gradle/workers/internal/DefaultWorkResult;+15
j  org.gradle.workers.internal.NoIsolationWorkerFactory$1.execute(Lorg/gradle/workers/internal/IsolatedParametersActionExecutionSpec;Lorg/gradle/internal/operations/BuildOperationRef;)Lorg/gradle/workers/internal/DefaultWorkResult;+17
j  org.gradle.workers.internal.DefaultWorkerExecutor.lambda$submitWork$2(Lorg/gradle/workers/internal/WorkerFactory;Lorg/gradle/workers/internal/WorkerRequirement;Lorg/gradle/workers/internal/IsolatedParametersActionExecutionSpec;Lorg/gradle/internal/operations/BuildOperationRef;)Lorg/gradle/workers/internal/DefaultWorkResult;+13
j  org.gradle.workers.internal.DefaultWorkerExecutor$$Lambda$1108.call()Ljava/lang/Object;+16
J 7636 c1 java.util.concurrent.FutureTask.run()V java.base@11.0.10 (123 bytes) @ 0x000001869cba37f4 [0x000001869cba3120+0x00000000000006d4]
j  org.gradle.internal.work.DefaultConditionalExecutionQueue$ExecutionRunner.runExecution(Lorg/gradle/internal/work/ConditionalExecution;)V+6
j  org.gradle.internal.work.DefaultConditionalExecutionQueue$ExecutionRunner.runBatch(Lorg/gradle/internal/work/ConditionalExecution;)V+8
j  org.gradle.internal.work.DefaultConditionalExecutionQueue$ExecutionRunner.run()V+11
j  java.util.concurrent.Executors$RunnableAdapter.call()Ljava/lang/Object;+4 java.base@11.0.10
J 7636 c1 java.util.concurrent.FutureTask.run()V java.base@11.0.10 (123 bytes) @ 0x000001869cba37f4 [0x000001869cba3120+0x00000000000006d4]
J 9240 c1 org.gradle.internal.concurrent.ManagedExecutorImpl$1.run()V (57 bytes) @ 0x000001869ceed374 [0x000001869ceed0e0+0x0000000000000294]
j  java.util.concurrent.ThreadPoolExecutor.runWorker(Ljava/util/concurrent/ThreadPoolExecutor$Worker;)V+92 java.base@11.0.10
j  java.util.concurrent.ThreadPoolExecutor$Worker.run()V+5 java.base@11.0.10
j  org.gradle.internal.concurrent.ThreadFactoryImpl$ManagedThreadRunnable.run()V+7
j  java.lang.Thread.run()V+11 java.base@11.0.10
v  ~StubRoutines::call_stub

siginfo: EXCEPTION_ACCESS_VIOLATION (0xc0000005), reading address 0x0000000000000018


Register to memory mapping:

RIP=0x00007ffb2a1ac2b3 libzdtp64.dll
RAX=0x0 is NULL
RBX=0x0 is NULL
RCX=0x000000013a9fd780 is pointing into the stack for thread: 0x00000186f68f9800
RDX=0x0 is NULL
RSP=0x000000013a9fd5a0 is pointing into the stack for thread: 0x00000186f68f9800
RBP=0x000000013a9fd6a0 is pointing into the stack for thread: 0x00000186f68f9800
RSI=0x0 is NULL
RDI=0x000000013a9fd780 is pointing into the stack for thread: 0x00000186f68f9800
R8 =0x0000000000000004 is an unknown value
R9 =0x0000000000000001 is an unknown value
R10=0x0000000000008000 is an unknown value
R11=0x000000013a9fd680 is pointing into the stack for thread: 0x00000186f68f9800
R12=0x0 is NULL
R13=0x00000186fafb1a08 points into unknown readable memory: 0x0000000000000000 | 00 00 00 00 00 00 00 00
R14=0x0 is NULL
R15=0x0000000000000001 is an unknown value


Registers:
RAX=0x0000000000000000, RBX=0x0000000000000000, RCX=0x000000013a9fd780, RDX=0x0000000000000000
RSP=0x000000013a9fd5a0, RBP=0x000000013a9fd6a0, RSI=0x0000000000000000, RDI=0x000000013a9fd780
R8 =0x0000000000000004, R9 =0x0000000000000001, R10=0x0000000000008000, R11=0x000000013a9fd680
R12=0x0000000000000000, R13=0x00000186fafb1a08, R14=0x0000000000000000, R15=0x0000000000000001
RIP=0x00007ffb2a1ac2b3, EFLAGS=0x0000000000010293

Top of Stack: (sp=0x000000013a9fd5a0)
0x000000013a9fd5a0:   00007ffb4149e670 000000013a9fd558
0x000000013a9fd5b0:   00000186fafb1a18 0000000000000007
0x000000013a9fd5c0:   00000186fafb1a08 0000000000000000
0x000000013a9fd5d0:   0000000000000004 0000000000000000
0x000000013a9fd5e0:   000000013a9fd6e0 00007ffb437f5ba1
0x000000013a9fd5f0:   0000000000000000 0000000000000004
0x000000013a9fd600:   00000186f68f9b48 fffffffffffffffe
0x000000013a9fd610:   0000000000000004 00007ffafe97047b
0x000000013a9fd620:   00000186f8387b80 000001860000035b
0x000000013a9fd630:   00000186f68f9800 00000186f515cf80
0x000000013a9fd640:   00000186f5163c30 00000186fafb1a08
0x000000013a9fd650:   0000018695e60000 000000013a9fd6f0
0x000000013a9fd660:   000000000000006c 000000013a9fd700
0x000000013a9fd670:   0000000000000000 00007ffb4121b430
0x000000013a9fd680:   0000000000000000 000000000000000f
0x000000013a9fd690:   00000186fafb1a08 0000000000000000 

Instructions: (pc=0x00007ffb2a1ac2b3)
0x00007ffb2a1ac1b3:   48 8b 0f 48 8b 47 08 48 2b c1 48 c1 f8 05 49 63
0x00007ffb2a1ac1c3:   f6 48 83 c0 f6 48 3b f0 74 16 4d 8b c7 48 8d 15
0x00007ffb2a1ac1d3:   ad 87 04 00 48 8d 4d d0 e8 e0 99 fe ff 48 8b 0f
0x00007ffb2a1ac1e3:   41 ff c6 48 83 c3 20 48 8b 47 08 48 2b c1 48 c1
0x00007ffb2a1ac1f3:   f8 05 48 3b f0 72 8a 48 83 7d e0 00 0f 84 3a 06
0x00007ffb2a1ac203:   00 00 66 44 89 7c 24 40 0f 57 c0 f3 0f 7f 44 24
0x00007ffb2a1ac213:   48 4c 89 64 24 58 66 0f 6f 05 6f 59 05 00 f3 0f
0x00007ffb2a1ac223:   7f 45 a0 c6 45 90 00 41 b8 04 00 00 00 48 8d 15
0x00007ffb2a1ac233:   59 0a 05 00 48 8d 4d 90 e8 20 50 fe ff 90 66 0f
0x00007ffb2a1ac243:   6f 05 47 59 05 00 f3 0f 7f 45 80 c6 44 24 70 00
0x00007ffb2a1ac253:   41 b8 06 00 00 00 48 8d 15 34 81 04 00 48 8d 4c
0x00007ffb2a1ac263:   24 70 e8 f6 4f fe ff 90 48 8d 54 24 70 48 8d 4d
0x00007ffb2a1ac273:   f0 e8 97 e5 fe ff 90 48 8d 55 90 48 8d 4d 10 e8
0x00007ffb2a1ac283:   89 e5 fe ff c7 45 30 65 00 00 00 48 8b 44 24 50
0x00007ffb2a1ac293:   48 39 44 24 58 74 60 48 8d 55 f0 48 8b c8 e8 aa
0x00007ffb2a1ac2a3:   d0 ff ff 48 83 44 24 50 48 eb 5e 66 90 48 8b d3
0x00007ffb2a1ac2b3:   48 83 7b 18 10 72 03 48 8b 13 49 c7 c0 ff ff ff
0x00007ffb2a1ac2c3:   ff 49 ff c0 42 80 3c 02 00 75 f6 48 8d 4d d0 e8
0x00007ffb2a1ac2d3:   e9 98 fe ff 48 83 c3 20 48 3b 5f 08 0f 84 15 ff
0x00007ffb2a1ac2e3:   ff ff 4d 8b c7 48 8d 15 a5 86 04 00 48 8d 4d d0
0x00007ffb2a1ac2f3:   e8 c8 98 fe ff eb b6 4c 8d 45 f0 48 8b d0 48 8d
0x00007ffb2a1ac303:   4c 24 48 e8 45 23 00 00 90 48 8d 4d f0 e8 7b 93
0x00007ffb2a1ac313:   ff ff 90 48 8b 55 88 48 83 fa 10 72 33 48 ff c2
0x00007ffb2a1ac323:   48 8b 4c 24 70 48 8b c1 48 81 fa 00 10 00 00 72
0x00007ffb2a1ac333:   19 48 83 c2 27 48 8b 49 f8 48 2b c1 48 83 c0 f8
0x00007ffb2a1ac343:   48 83 f8 1f 0f 87 5d 05 00 00 e8 1e a9 00 00 90
0x00007ffb2a1ac353:   48 8b 55 a8 48 83 fa 10 72 31 48 ff c2 48 8b 4d
0x00007ffb2a1ac363:   90 48 8b c1 48 81 fa 00 10 00 00 72 19 48 83 c2
0x00007ffb2a1ac373:   27 48 8b 49 f8 48 2b c1 48 83 c0 f8 48 83 f8 1f
0x00007ffb2a1ac383:   0f 87 27 05 00 00 e8 e2 a8 00 00 66 0f 6f 05 fa
0x00007ffb2a1ac393:   57 05 00 f3 0f 7f 45 80 c6 44 24 70 00 41 b8 03
0x00007ffb2a1ac3a3:   00 00 00 48 8d 15 b7 85 04 00 48 8d 4c 24 70 e8 


Stack slot to memory mapping:
stack at sp + 0 slots: 0x00007ffb4149e670 KERNELBASE.dll
stack at sp + 1 slots: 0x000000013a9fd558 is pointing into the stack for thread: 0x00000186f68f9800
stack at sp + 2 slots: 0x00000186fafb1a18 points into unknown readable memory: 0x0000000000000000 | 00 00 00 00 00 00 00 00
stack at sp + 3 slots: 0x0000000000000007 is an unknown value
stack at sp + 4 slots: 0x00000186fafb1a08 points into unknown readable memory: 0x0000000000000000 | 00 00 00 00 00 00 00 00
stack at sp + 5 slots: 0x0 is NULL
stack at sp + 6 slots: 0x0000000000000004 is an unknown value
stack at sp + 7 slots: 0x0 is NULL


---------------  P R O C E S S  ---------------

Threads class SMR info:
_java_thread_list=0x00000186f8795f70, length=68, elements={
0x0000018697747000, 0x00000186f2fba800, 0x00000186f2fbe800, 0x00000186f3033800,
0x00000186f3034000, 0x00000186f3035000, 0x00000186f3037800, 0x00000186f304a000,
0x00000186f304d800, 0x00000186f31b0800, 0x00000186f609d800, 0x00000186f44df000,
0x00000186f505e000, 0x00000186f55ca800, 0x00000186f5ce3000, 0x00000186f6097000,
0x00000186f4fa6800, 0x00000186f5821000, 0x00000186f613d800, 0x00000186f52df800,
0x00000186f52e0800, 0x00000186f52de000, 0x00000186f52df000, 0x00000186f52e2000,
0x00000186f52dd800, 0x00000186f52e1800, 0x00000186f52e3000, 0x00000186f52e4000,
0x00000186f82d4800, 0x00000186f82d3800, 0x00000186f82d7000, 0x00000186f82d3000,
0x00000186f82d1000, 0x00000186f82d2000, 0x00000186f82d8800, 0x00000186f82d9800,
0x00000186f82db800, 0x00000186f82da000, 0x00000186f82d6000, 0x00000186f82db000,
0x00000186f82d7800, 0x00000186f82dc800, 0x00000186f82df000, 0x00000186f82dd800,
0x00000186f82de000, 0x00000186f68f3000, 0x00000186f68f1800, 0x00000186f68f4000,
0x00000186f68ef000, 0x00000186f9ea2000, 0x00000186f9c32800, 0x00000186f68ee000,
0x00000186f68f2000, 0x00000186f68f0800, 0x00000186f68ef800, 0x00000186f68f6000,
0x00000186f68f8800, 0x00000186f68f5800, 0x00000186f68fc000, 0x00000186f68fa800,
0x00000186f68fd000, 0x00000186f68fb000, 0x00000186f68f7000, 0x00000186f68f9800,
0x00000186f68f8000, 0x00000186f3f53800, 0x00000186f3f58800, 0x00000186f3f56000
}

Java Threads: ( => current thread )
  0x0000018697747000 JavaThread "main" [_thread_blocked, id=6052, stack(0x0000000135b00000,0x0000000135c00000)]
  0x00000186f2fba800 JavaThread "Reference Handler" daemon [_thread_blocked, id=3248, stack(0x0000000136200000,0x0000000136300000)]
  0x00000186f2fbe800 JavaThread "Finalizer" daemon [_thread_blocked, id=5008, stack(0x0000000136300000,0x0000000136400000)]
  0x00000186f3033800 JavaThread "Signal Dispatcher" daemon [_thread_blocked, id=12228, stack(0x0000000136400000,0x0000000136500000)]
  0x00000186f3034000 JavaThread "Attach Listener" daemon [_thread_blocked, id=1564, stack(0x0000000136500000,0x0000000136600000)]
  0x00000186f3035000 JavaThread "Service Thread" daemon [_thread_blocked, id=2572, stack(0x0000000136600000,0x0000000136700000)]
  0x00000186f3037800 JavaThread "C2 CompilerThread0" daemon [_thread_in_native, id=2552, stack(0x0000000136700000,0x0000000136800000)]
  0x00000186f304a000 JavaThread "C1 CompilerThread0" daemon [_thread_blocked, id=2512, stack(0x0000000136800000,0x0000000136900000)]
  0x00000186f304d800 JavaThread "Sweeper thread" daemon [_thread_blocked, id=2556, stack(0x0000000136900000,0x0000000136a00000)]
  0x00000186f31b0800 JavaThread "Common-Cleaner" daemon [_thread_blocked, id=2548, stack(0x0000000136a00000,0x0000000136b00000)]
  0x00000186f609d800 JavaThread "Daemon health stats" [_thread_blocked, id=2372, stack(0x0000000137300000,0x0000000137400000)]
  0x00000186f44df000 JavaThread "Incoming local TCP Connector on port 49877" [_thread_in_native, id=2992, stack(0x0000000136c00000,0x0000000136d00000)]
  0x00000186f505e000 JavaThread "Daemon periodic checks" [_thread_blocked, id=5872, stack(0x0000000137200000,0x0000000137300000)]
  0x00000186f55ca800 JavaThread "Daemon" [_thread_blocked, id=6880, stack(0x0000000137400000,0x0000000137500000)]
  0x00000186f5ce3000 JavaThread "Handler for socket connection from /127.0.0.1:49877 to /127.0.0.1:49878" [_thread_in_native, id=12208, stack(0x0000000137500000,0x0000000137600000)]
  0x00000186f6097000 JavaThread "Cancel handler" [_thread_blocked, id=768, stack(0x0000000137600000,0x0000000137700000)]
  0x00000186f4fa6800 JavaThread "Daemon worker" [_thread_blocked, id=5088, stack(0x0000000137700000,0x0000000137800000)]
  0x00000186f5821000 JavaThread "Asynchronous log dispatcher for DefaultDaemonConnection: socket connection from /127.0.0.1:49877 to /127.0.0.1:49878" [_thread_blocked, id=6196, stack(0x0000000137800000,0x0000000137900000)]
  0x00000186f613d800 JavaThread "Stdin handler" [_thread_blocked, id=11040, stack(0x0000000137900000,0x0000000137a00000)]
  0x00000186f52df800 JavaThread "Daemon client event forwarder" [_thread_blocked, id=1492, stack(0x0000000137a00000,0x0000000137b00000)]
  0x00000186f52e0800 JavaThread "Cache worker for file hash cache (C:\Users\14185\.gradle\caches\7.0.2\fileHashes)" [_thread_blocked, id=492, stack(0x0000000137b00000,0x0000000137c00000)]
  0x00000186f52de000 JavaThread "File lock request listener" [_thread_in_native, id=6340, stack(0x0000000137c00000,0x0000000137d00000)]
  0x00000186f52df000 JavaThread "Cache worker for journal cache (C:\Users\14185\.gradle\caches\journal-1)" [_thread_blocked, id=5012, stack(0x0000000138000000,0x0000000138100000)]
  0x00000186f52e2000 JavaThread "Cache worker for file hash cache (D:\Android\LukeDict\.gradle\7.0.2\fileHashes)" [_thread_blocked, id=3316, stack(0x0000000138200000,0x0000000138300000)]
  0x00000186f52dd800 JavaThread "File watcher server" daemon [_thread_in_native, id=8412, stack(0x0000000138300000,0x0000000138400000)]
  0x00000186f52e1800 JavaThread "File watcher consumer" daemon [_thread_blocked, id=7216, stack(0x0000000138400000,0x0000000138500000)]
  0x00000186f52e3000 JavaThread "Cache worker for checksums cache (D:\Android\LukeDict\.gradle\checksums)" [_thread_blocked, id=8952, stack(0x0000000138500000,0x0000000138600000)]
  0x00000186f52e4000 JavaThread "Cache worker for cache directory md-supplier (C:\Users\14185\.gradle\caches\7.0.2\md-supplier)" [_thread_blocked, id=12324, stack(0x0000000138600000,0x0000000138700000)]
  0x00000186f82d4800 JavaThread "Cache worker for cache directory md-rule (C:\Users\14185\.gradle\caches\7.0.2\md-rule)" [_thread_blocked, id=12504, stack(0x0000000138700000,0x0000000138800000)]
  0x00000186f82d3800 JavaThread "Cache worker for execution history cache (C:\Users\14185\.gradle\caches\7.0.2\executionHistory)" [_thread_blocked, id=12572, stack(0x0000000138900000,0x0000000138a00000)]
  0x00000186f82d7000 JavaThread "jar transforms" [_thread_blocked, id=12788, stack(0x0000000138a00000,0x0000000138b00000)]
  0x00000186f82d3000 JavaThread "jar transforms Thread 2" [_thread_blocked, id=12792, stack(0x0000000138b00000,0x0000000138c00000)]
  0x00000186f82d1000 JavaThread "Cache worker for file content cache (C:\Users\14185\.gradle\caches\7.0.2\fileContent)" [_thread_blocked, id=12796, stack(0x0000000138c00000,0x0000000138d00000)]
  0x00000186f82d2000 JavaThread "Cache worker for dependencies-accessors (D:\Android\LukeDict\.gradle\7.0.2\dependencies-accessors)" [_thread_blocked, id=12840, stack(0x0000000138d00000,0x0000000138e00000)]
  0x00000186f82d8800 JavaThread "jar transforms Thread 3" [_thread_blocked, id=12848, stack(0x0000000138e00000,0x0000000138f00000)]
  0x00000186f82d9800 JavaThread "Cache worker for Build Output Cleanup Cache (D:\Android\LukeDict\.gradle\buildOutputCleanup)" [_thread_blocked, id=12856, stack(0x0000000138f00000,0x0000000139000000)]
  0x00000186f82db800 JavaThread "Build operations" [_thread_blocked, id=12860, stack(0x0000000139000000,0x0000000139100000)]
  0x00000186f82da000 JavaThread "Build operations Thread 2" [_thread_blocked, id=12864, stack(0x0000000139100000,0x0000000139200000)]
  0x00000186f82d6000 JavaThread "Build operations Thread 3" [_thread_blocked, id=12868, stack(0x0000000139200000,0x0000000139300000)]
  0x00000186f82db000 JavaThread "Build operations Thread 4" [_thread_blocked, id=12872, stack(0x0000000139300000,0x0000000139400000)]
  0x00000186f82d7800 JavaThread "Build operations Thread 5" [_thread_blocked, id=12876, stack(0x0000000139400000,0x0000000139500000)]
  0x00000186f82dc800 JavaThread "Build operations Thread 6" [_thread_blocked, id=12880, stack(0x0000000139500000,0x0000000139600000)]
  0x00000186f82df000 JavaThread "Build operations Thread 7" [_thread_blocked, id=12884, stack(0x0000000139600000,0x0000000139700000)]
  0x00000186f82dd800 JavaThread "Build operations Thread 8" [_thread_blocked, id=12888, stack(0x0000000139700000,0x0000000139800000)]
  0x00000186f82de000 JavaThread "jar transforms Thread 4" [_thread_blocked, id=12892, stack(0x0000000139800000,0x0000000139900000)]
  0x00000186f68f3000 JavaThread "jar transforms Thread 5" [_thread_blocked, id=12896, stack(0x0000000139900000,0x0000000139a00000)]
  0x00000186f68f1800 JavaThread "jar transforms Thread 6" [_thread_blocked, id=12900, stack(0x0000000139a00000,0x0000000139b00000)]
  0x00000186f68f4000 JavaThread "jar transforms Thread 7" [_thread_blocked, id=12904, stack(0x0000000139b00000,0x0000000139c00000)]
  0x00000186f68ef000 JavaThread "jar transforms Thread 8" [_thread_blocked, id=12908, stack(0x0000000139c00000,0x0000000139d00000)]
  0x00000186f9ea2000 JavaThread "C2 CompilerThread1" daemon [_thread_in_native, id=12916, stack(0x0000000138100000,0x0000000138200000)]
  0x00000186f9c32800 JavaThread "C2 CompilerThread2" daemon [_thread_in_native, id=13108, stack(0x0000000138800000,0x0000000138900000)]
  0x00000186f68ee000 JavaThread "Memory manager" [_thread_blocked, id=13116, stack(0x0000000139d00000,0x0000000139e00000)]
  0x00000186f68f2000 JavaThread "build event listener" [_thread_blocked, id=13196, stack(0x0000000139e00000,0x0000000139f00000)]
  0x00000186f68f0800 JavaThread "pool-3-thread-1" [_thread_blocked, id=13216, stack(0x0000000139f00000,0x000000013a000000)]
  0x00000186f68ef800 JavaThread "build event listener" [_thread_blocked, id=13224, stack(0x000000013a000000,0x000000013a100000)]
  0x00000186f68f6000 JavaThread "Execution worker for ':'" [_thread_blocked, id=13232, stack(0x000000013a100000,0x000000013a200000)]
  0x00000186f68f8800 JavaThread "Execution worker for ':' Thread 2" [_thread_blocked, id=13236, stack(0x000000013a200000,0x000000013a300000)]
  0x00000186f68f5800 JavaThread "Execution worker for ':' Thread 3" [_thread_blocked, id=13240, stack(0x000000013a300000,0x000000013a400000)]
  0x00000186f68fc000 JavaThread "Execution worker for ':' Thread 4" [_thread_blocked, id=13244, stack(0x000000013a400000,0x000000013a500000)]
  0x00000186f68fa800 JavaThread "Execution worker for ':' Thread 5" [_thread_blocked, id=13248, stack(0x000000013a500000,0x000000013a600000)]
  0x00000186f68fd000 JavaThread "Execution worker for ':' Thread 6" [_thread_blocked, id=13252, stack(0x000000013a600000,0x000000013a700000)]
  0x00000186f68fb000 JavaThread "Execution worker for ':' Thread 7" [_thread_blocked, id=13256, stack(0x000000013a700000,0x000000013a800000)]
  0x00000186f68f7000 JavaThread "Cache worker for execution history cache (D:\Android\LukeDict\.gradle\7.0.2\executionHistory)" [_thread_blocked, id=13280, stack(0x000000013a800000,0x000000013a900000)]
=>0x00000186f68f9800 JavaThread "WorkerExecutor Queue" [_thread_in_native, id=12384, stack(0x000000013a900000,0x000000013aa00000)]
  0x00000186f68f8000 JavaThread "WorkerExecutor Queue Thread 2" [_thread_blocked, id=12592, stack(0x000000013aa00000,0x000000013ab00000)]
  0x00000186f3f53800 JavaThread "WorkerExecutor Queue Thread 3" [_thread_in_vm, id=12672, stack(0x000000013ab00000,0x000000013ac00000)]
  0x00000186f3f58800 JavaThread "WorkerExecutor Queue Thread 4" [_thread_blocked, id=12680, stack(0x000000013ac00000,0x000000013ad00000)]
  0x00000186f3f56000 JavaThread "pool-4-thread-1" [_thread_blocked, id=8996, stack(0x000000013ad00000,0x000000013ae00000)]

Other Threads:
  0x00000186f2fb6000 VMThread "VM Thread" [stack: 0x0000000136100000,0x0000000136200000] [id=3244]
  0x00000186f31d2000 WatcherThread [stack: 0x0000000136b00000,0x0000000136c00000] [id=2312]
  0x000001869775e800 GCTaskThread "GC Thread#0" [stack: 0x0000000135c00000,0x0000000135d00000] [id=5880]
  0x00000186f3ef0800 GCTaskThread "GC Thread#1" [stack: 0x0000000136d00000,0x0000000136e00000] [id=1712]
  0x00000186f3d58000 GCTaskThread "GC Thread#2" [stack: 0x0000000136e00000,0x0000000136f00000] [id=1744]
  0x00000186f3e51000 GCTaskThread "GC Thread#3" [stack: 0x0000000136f00000,0x0000000137000000] [id=5492]
  0x00000186f3d35800 GCTaskThread "GC Thread#4" [stack: 0x0000000137000000,0x0000000137100000] [id=1864]
  0x00000186f3b2f000 GCTaskThread "GC Thread#5" [stack: 0x0000000137100000,0x0000000137200000] [id=1432]
  0x00000186f5c16000 GCTaskThread "GC Thread#6" [stack: 0x0000000137d00000,0x0000000137e00000] [id=7224]
  0x00000186f6396800 GCTaskThread "GC Thread#7" [stack: 0x0000000137e00000,0x0000000137f00000] [id=5564]
  0x0000018697792800 ConcurrentGCThread "G1 Main Marker" [stack: 0x0000000135d00000,0x0000000135e00000] [id=5852]
  0x0000018697793800 ConcurrentGCThread "G1 Conc#0" [stack: 0x0000000135e00000,0x0000000135f00000] [id=4120]
  0x00000186f5532000 ConcurrentGCThread "G1 Conc#1" [stack: 0x0000000137f00000,0x0000000138000000] [id=5104]
  0x00000186b2602800 ConcurrentGCThread "G1 Refine#0" [stack: 0x0000000135f00000,0x0000000136000000] [id=3444]
  0x00000186b2603000 ConcurrentGCThread "G1 Young RemSet Sampling" [stack: 0x0000000136000000,0x0000000136100000] [id=3176]

Threads with active compile tasks:
C2 CompilerThread0  16800 10120       4       java.lang.reflect.Method::invoke (65 bytes)
C2 CompilerThread1  16800 10250       4       java.lang.reflect.AccessibleObject::checkAccess (40 bytes)
C2 CompilerThread2  16800 10280       4       java.util.regex.Pattern::split (290 bytes)

VM state:not at safepoint (normal execution)

VM Mutex/Monitor currently owned by a thread: None

Heap address: 0x0000000080000000, size: 2048 MB, Compressed Oops mode: 32-bit
Narrow klass base: 0x00000186b2770000, Narrow klass shift: 0
Compressed class space size: 1073741824 Address: 0x00000186b2770000

Heap:
 garbage-first heap   total 260096K, used 151169K [0x0000000080000000, 0x0000000100000000)
  region size 1024K, 78 young (79872K), 8 survivors (8192K)
 Metaspace       used 89524K, capacity 91881K, committed 92108K, reserved 1128448K
  class space    used 11567K, capacity 12443K, committed 12492K, reserved 1048576K
Heap Regions: E=young(eden), S=young(survivor), O=old, HS=humongous(starts), HC=humongous(continues), CS=collection set, F=free, A=archive, TAMS=top-at-mark-start (previous, next)
|   0|0x0000000080000000, 0x0000000080100000, 0x0000000080100000|100%| O|  |TAMS 0x0000000080100000, 0x0000000080000000| Untracked 
|   1|0x0000000080100000, 0x0000000080200000, 0x0000000080200000|100%| O|  |TAMS 0x0000000080200000, 0x0000000080100000| Untracked 
|   2|0x0000000080200000, 0x0000000080300000, 0x0000000080300000|100%| O|  |TAMS 0x0000000080300000, 0x0000000080200000| Untracked 
|   3|0x0000000080300000, 0x0000000080400000, 0x0000000080400000|100%|HS|  |TAMS 0x0000000080400000, 0x0000000080300000| Complete 
|   4|0x0000000080400000, 0x0000000080500000, 0x0000000080500000|100%|HC|  |TAMS 0x0000000080500000, 0x0000000080400000| Complete 
|   5|0x0000000080500000, 0x0000000080600000, 0x0000000080600000|100%|HC|  |TAMS 0x0000000080600000, 0x0000000080500000| Complete 
|   6|0x0000000080600000, 0x0000000080700000, 0x0000000080700000|100%| O|  |TAMS 0x0000000080700000, 0x0000000080600000| Untracked 
|   7|0x0000000080700000, 0x0000000080800000, 0x0000000080800000|100%| O|  |TAMS 0x0000000080800000, 0x0000000080700000| Untracked 
|   8|0x0000000080800000, 0x0000000080900000, 0x0000000080900000|100%| O|  |TAMS 0x0000000080900000, 0x0000000080800000| Untracked 
|   9|0x0000000080900000, 0x0000000080a00000, 0x0000000080a00000|100%| O|  |TAMS 0x0000000080a00000, 0x0000000080900000| Untracked 
|  10|0x0000000080a00000, 0x0000000080b00000, 0x0000000080b00000|100%| O|  |TAMS 0x0000000080b00000, 0x0000000080a00000| Untracked 
|  11|0x0000000080b00000, 0x0000000080c00000, 0x0000000080c00000|100%| O|  |TAMS 0x0000000080c00000, 0x0000000080b00000| Untracked 
|  12|0x0000000080c00000, 0x0000000080d00000, 0x0000000080d00000|100%| O|  |TAMS 0x0000000080d00000, 0x0000000080c00000| Untracked 
|  13|0x0000000080d00000, 0x0000000080e00000, 0x0000000080e00000|100%| O|  |TAMS 0x0000000080e00000, 0x0000000080d00000| Untracked 
|  14|0x0000000080e00000, 0x0000000080f00000, 0x0000000080f00000|100%| O|  |TAMS 0x0000000080f00000, 0x0000000080e00000| Untracked 
|  15|0x0000000080f00000, 0x0000000081000000, 0x0000000081000000|100%| O|  |TAMS 0x0000000081000000, 0x0000000080f00000| Untracked 
|  16|0x0000000081000000, 0x0000000081100000, 0x0000000081100000|100%| O|  |TAMS 0x0000000081100000, 0x0000000081000000| Untracked 
|  17|0x0000000081100000, 0x0000000081200000, 0x0000000081200000|100%|HS|  |TAMS 0x0000000081200000, 0x0000000081100000| Complete 
|  18|0x0000000081200000, 0x0000000081300000, 0x0000000081300000|100%|HS|  |TAMS 0x0000000081300000, 0x0000000081200000| Complete 
|  19|0x0000000081300000, 0x0000000081400000, 0x0000000081400000|100%|HS|  |TAMS 0x0000000081400000, 0x0000000081300000| Complete 
|  20|0x0000000081400000, 0x0000000081500000, 0x0000000081500000|100%|HC|  |TAMS 0x0000000081500000, 0x0000000081400000| Complete 
|  21|0x0000000081500000, 0x0000000081600000, 0x0000000081600000|100%| O|  |TAMS 0x0000000081600000, 0x0000000081500000| Untracked 
|  22|0x0000000081600000, 0x0000000081700000, 0x0000000081700000|100%| O|  |TAMS 0x0000000081700000, 0x0000000081600000| Untracked 
|  23|0x0000000081700000, 0x0000000081800000, 0x0000000081800000|100%| O|  |TAMS 0x0000000081800000, 0x0000000081700000| Untracked 
|  24|0x0000000081800000, 0x0000000081900000, 0x0000000081900000|100%| O|  |TAMS 0x0000000081900000, 0x0000000081800000| Untracked 
|  25|0x0000000081900000, 0x0000000081a00000, 0x0000000081a00000|100%| O|  |TAMS 0x0000000081a00000, 0x0000000081900000| Untracked 
|  26|0x0000000081a00000, 0x0000000081b00000, 0x0000000081b00000|100%| O|  |TAMS 0x0000000081b00000, 0x0000000081a00000| Untracked 
|  27|0x0000000081b00000, 0x0000000081c00000, 0x0000000081c00000|100%| O|  |TAMS 0x0000000081c00000, 0x0000000081b00000| Untracked 
|  28|0x0000000081c00000, 0x0000000081d00000, 0x0000000081d00000|100%| O|  |TAMS 0x0000000081d00000, 0x0000000081c00000| Untracked 
|  29|0x0000000081d00000, 0x0000000081e00000, 0x0000000081e00000|100%| O|  |TAMS 0x0000000081e00000, 0x0000000081d00000| Untracked 
|  30|0x0000000081e00000, 0x0000000081f00000, 0x0000000081f00000|100%| O|  |TAMS 0x0000000081f00000, 0x0000000081e00000| Untracked 
|  31|0x0000000081f00000, 0x0000000082000000, 0x0000000082000000|100%| O|  |TAMS 0x0000000082000000, 0x0000000081f00000| Untracked 
|  32|0x0000000082000000, 0x0000000082100000, 0x0000000082100000|100%| O|  |TAMS 0x0000000082100000, 0x0000000082000000| Untracked 
|  33|0x0000000082100000, 0x0000000082200000, 0x0000000082200000|100%| O|  |TAMS 0x0000000082200000, 0x0000000082100000| Untracked 
|  34|0x0000000082200000, 0x0000000082300000, 0x0000000082300000|100%| O|  |TAMS 0x0000000082300000, 0x0000000082200000| Untracked 
|  35|0x0000000082300000, 0x0000000082400000, 0x0000000082400000|100%| O|  |TAMS 0x0000000082400000, 0x0000000082300000| Untracked 
|  36|0x0000000082400000, 0x0000000082500000, 0x0000000082500000|100%| O|  |TAMS 0x0000000082500000, 0x0000000082400000| Untracked 
|  37|0x0000000082500000, 0x0000000082600000, 0x0000000082600000|100%| O|  |TAMS 0x0000000082600000, 0x0000000082500000| Untracked 
|  38|0x0000000082600000, 0x0000000082700000, 0x0000000082700000|100%| O|  |TAMS 0x0000000082700000, 0x0000000082600000| Untracked 
|  39|0x0000000082700000, 0x0000000082800000, 0x0000000082800000|100%| O|  |TAMS 0x0000000082800000, 0x0000000082700000| Untracked 
|  40|0x0000000082800000, 0x0000000082900000, 0x0000000082900000|100%| O|  |TAMS 0x0000000082900000, 0x0000000082800000| Untracked 
|  41|0x0000000082900000, 0x0000000082a00000, 0x0000000082a00000|100%| O|  |TAMS 0x00000000829dd000, 0x0000000082900000| Untracked 
|  42|0x0000000082a00000, 0x0000000082b00000, 0x0000000082b00000|100%| O|  |TAMS 0x0000000082a00000, 0x0000000082a00000| Untracked 
|  43|0x0000000082b00000, 0x0000000082c00000, 0x0000000082c00000|100%| O|  |TAMS 0x0000000082b00000, 0x0000000082b00000| Untracked 
|  44|0x0000000082c00000, 0x0000000082d00000, 0x0000000082d00000|100%| O|  |TAMS 0x0000000082c00000, 0x0000000082c00000| Untracked 
|  45|0x0000000082d00000, 0x0000000082e00000, 0x0000000082e00000|100%| O|  |TAMS 0x0000000082d00000, 0x0000000082d00000| Untracked 
|  46|0x0000000082e00000, 0x0000000082f00000, 0x0000000082f00000|100%| O|  |TAMS 0x0000000082e00000, 0x0000000082e00000| Untracked 
|  47|0x0000000082f00000, 0x0000000083000000, 0x0000000083000000|100%| O|  |TAMS 0x0000000082f00000, 0x0000000082f00000| Untracked 
|  48|0x0000000083000000, 0x0000000083100000, 0x0000000083100000|100%| O|  |TAMS 0x0000000083000000, 0x0000000083000000| Untracked 
|  49|0x0000000083100000, 0x0000000083200000, 0x0000000083200000|100%| O|  |TAMS 0x0000000083100000, 0x0000000083100000| Untracked 
|  50|0x0000000083200000, 0x0000000083300000, 0x0000000083300000|100%| O|  |TAMS 0x0000000083200000, 0x0000000083200000| Untracked 
|  51|0x0000000083300000, 0x0000000083400000, 0x0000000083400000|100%| O|  |TAMS 0x0000000083300000, 0x0000000083300000| Untracked 
|  52|0x0000000083400000, 0x0000000083500000, 0x0000000083500000|100%| O|  |TAMS 0x0000000083400000, 0x0000000083400000| Untracked 
|  53|0x0000000083500000, 0x0000000083600000, 0x0000000083600000|100%| O|  |TAMS 0x0000000083500000, 0x0000000083500000| Untracked 
|  54|0x0000000083600000, 0x0000000083700000, 0x0000000083700000|100%| O|  |TAMS 0x0000000083600000, 0x0000000083600000| Untracked 
|  55|0x0000000083700000, 0x0000000083800000, 0x0000000083800000|100%| O|  |TAMS 0x0000000083700000, 0x0000000083700000| Untracked 
|  56|0x0000000083800000, 0x0000000083900000, 0x0000000083900000|100%| O|  |TAMS 0x0000000083800000, 0x0000000083800000| Untracked 
|  57|0x0000000083900000, 0x0000000083a00000, 0x0000000083a00000|100%| O|  |TAMS 0x0000000083900000, 0x0000000083900000| Untracked 
|  58|0x0000000083a00000, 0x0000000083b00000, 0x0000000083b00000|100%| O|  |TAMS 0x0000000083a00000, 0x0000000083a00000| Untracked 
|  59|0x0000000083b00000, 0x0000000083c00000, 0x0000000083c00000|100%| O|  |TAMS 0x0000000083b00000, 0x0000000083b00000| Untracked 
|  60|0x0000000083c00000, 0x0000000083d00000, 0x0000000083d00000|100%| O|  |TAMS 0x0000000083c00000, 0x0000000083c00000| Untracked 
|  61|0x0000000083d00000, 0x0000000083e00000, 0x0000000083e00000|100%| O|  |TAMS 0x0000000083d00000, 0x0000000083d00000| Untracked 
|  62|0x0000000083e00000, 0x0000000083f00000, 0x0000000083f00000|100%| O|  |TAMS 0x0000000083e00000, 0x0000000083e00000| Untracked 
|  63|0x0000000083f00000, 0x0000000083fe1600, 0x0000000084000000| 88%| O|  |TAMS 0x0000000083f00000, 0x0000000083f00000| Untracked 
|  64|0x0000000084000000, 0x0000000084100000, 0x0000000084100000|100%|HS|  |TAMS 0x0000000084000000, 0x0000000084000000| Complete 
|  65|0x0000000084100000, 0x0000000084200000, 0x0000000084200000|100%|HC|  |TAMS 0x0000000084100000, 0x0000000084100000| Complete 
|  66|0x0000000084200000, 0x0000000084300000, 0x0000000084300000|100%|HS|  |TAMS 0x0000000084200000, 0x0000000084200000| Complete 
|  67|0x0000000084300000, 0x0000000084400000, 0x0000000084400000|100%|HS|  |TAMS 0x0000000084300000, 0x0000000084300000| Complete 
|  68|0x0000000084400000, 0x0000000084500000, 0x0000000084500000|100%|HS|  |TAMS 0x0000000084400000, 0x0000000084400000| Complete 
|  69|0x0000000084500000, 0x0000000084600000, 0x0000000084600000|100%|HC|  |TAMS 0x0000000084500000, 0x0000000084500000| Complete 
|  70|0x0000000084600000, 0x0000000084700000, 0x0000000084700000|100%|HS|  |TAMS 0x0000000084600000, 0x0000000084600000| Complete 
|  71|0x0000000084700000, 0x0000000084800000, 0x0000000084800000|100%|HC|  |TAMS 0x0000000084700000, 0x0000000084700000| Complete 
|  72|0x0000000084800000, 0x0000000084800000, 0x0000000084900000|  0%| F|  |TAMS 0x0000000084800000, 0x0000000084800000| Untracked 
|  73|0x0000000084900000, 0x0000000084900000, 0x0000000084a00000|  0%| F|  |TAMS 0x0000000084900000, 0x0000000084900000| Untracked 
|  74|0x0000000084a00000, 0x0000000084a00000, 0x0000000084b00000|  0%| F|  |TAMS 0x0000000084a00000, 0x0000000084a00000| Untracked 
|  75|0x0000000084b00000, 0x0000000084b00000, 0x0000000084c00000|  0%| F|  |TAMS 0x0000000084b00000, 0x0000000084b00000| Untracked 
|  76|0x0000000084c00000, 0x0000000084c00000, 0x0000000084d00000|  0%| F|  |TAMS 0x0000000084c00000, 0x0000000084c00000| Untracked 
|  77|0x0000000084d00000, 0x0000000084d00000, 0x0000000084e00000|  0%| F|  |TAMS 0x0000000084d00000, 0x0000000084d00000| Untracked 
|  78|0x0000000084e00000, 0x0000000084e00000, 0x0000000084f00000|  0%| F|  |TAMS 0x0000000084e00000, 0x0000000084e00000| Untracked 
|  79|0x0000000084f00000, 0x0000000084f00000, 0x0000000085000000|  0%| F|  |TAMS 0x0000000084f00000, 0x0000000084f00000| Untracked 
|  80|0x0000000085000000, 0x0000000085000000, 0x0000000085100000|  0%| F|  |TAMS 0x0000000085000000, 0x0000000085000000| Untracked 
|  81|0x0000000085100000, 0x0000000085100000, 0x0000000085200000|  0%| F|  |TAMS 0x0000000085100000, 0x0000000085100000| Untracked 
|  82|0x0000000085200000, 0x0000000085200000, 0x0000000085300000|  0%| F|  |TAMS 0x0000000085200000, 0x0000000085200000| Untracked 
|  83|0x0000000085300000, 0x0000000085300000, 0x0000000085400000|  0%| F|  |TAMS 0x0000000085300000, 0x0000000085300000| Untracked 
|  84|0x0000000085400000, 0x0000000085400000, 0x0000000085500000|  0%| F|  |TAMS 0x0000000085400000, 0x0000000085400000| Untracked 
|  85|0x0000000085500000, 0x0000000085500000, 0x0000000085600000|  0%| F|  |TAMS 0x0000000085500000, 0x0000000085500000| Untracked 
|  86|0x0000000085600000, 0x0000000085600000, 0x0000000085700000|  0%| F|  |TAMS 0x0000000085600000, 0x0000000085600000| Untracked 
|  87|0x0000000085700000, 0x0000000085700000, 0x0000000085800000|  0%| F|  |TAMS 0x0000000085700000, 0x0000000085700000| Untracked 
|  88|0x0000000085800000, 0x0000000085800000, 0x0000000085900000|  0%| F|  |TAMS 0x0000000085800000, 0x0000000085800000| Untracked 
|  89|0x0000000085900000, 0x0000000085900000, 0x0000000085a00000|  0%| F|  |TAMS 0x0000000085900000, 0x0000000085900000| Untracked 
|  90|0x0000000085a00000, 0x0000000085a00000, 0x0000000085b00000|  0%| F|  |TAMS 0x0000000085a00000, 0x0000000085a00000| Untracked 
|  91|0x0000000085b00000, 0x0000000085b00000, 0x0000000085c00000|  0%| F|  |TAMS 0x0000000085b00000, 0x0000000085b00000| Untracked 
|  92|0x0000000085c00000, 0x0000000085c00000, 0x0000000085d00000|  0%| F|  |TAMS 0x0000000085c00000, 0x0000000085c00000| Untracked 
|  93|0x0000000085d00000, 0x0000000085d00000, 0x0000000085e00000|  0%| F|  |TAMS 0x0000000085d00000, 0x0000000085d00000| Untracked 
|  94|0x0000000085e00000, 0x0000000085e00000, 0x0000000085f00000|  0%| F|  |TAMS 0x0000000085e00000, 0x0000000085e00000| Untracked 
|  95|0x0000000085f00000, 0x0000000085f00000, 0x0000000086000000|  0%| F|  |TAMS 0x0000000085f00000, 0x0000000085f00000| Untracked 
|  96|0x0000000086000000, 0x0000000086000000, 0x0000000086100000|  0%| F|  |TAMS 0x0000000086000000, 0x0000000086000000| Untracked 
|  97|0x0000000086100000, 0x0000000086100000, 0x0000000086200000|  0%| F|  |TAMS 0x0000000086100000, 0x0000000086100000| Untracked 
|  98|0x0000000086200000, 0x0000000086200000, 0x0000000086300000|  0%| F|  |TAMS 0x0000000086200000, 0x0000000086200000| Untracked 
|  99|0x0000000086300000, 0x0000000086300000, 0x0000000086400000|  0%| F|  |TAMS 0x0000000086300000, 0x0000000086300000| Untracked 
| 100|0x0000000086400000, 0x0000000086400000, 0x0000000086500000|  0%| F|  |TAMS 0x0000000086400000, 0x0000000086400000| Untracked 
| 101|0x0000000086500000, 0x0000000086500000, 0x0000000086600000|  0%| F|  |TAMS 0x0000000086500000, 0x0000000086500000| Untracked 
| 102|0x0000000086600000, 0x00000000866bf130, 0x0000000086700000| 74%| S|CS|TAMS 0x0000000086600000, 0x0000000086600000| Complete 
| 103|0x0000000086700000, 0x0000000086800000, 0x0000000086800000|100%| S|CS|TAMS 0x0000000086700000, 0x0000000086700000| Complete 
| 104|0x0000000086800000, 0x0000000086800000, 0x0000000086900000|  0%| F|  |TAMS 0x0000000086800000, 0x0000000086800000| Untracked 
| 105|0x0000000086900000, 0x0000000086900000, 0x0000000086a00000|  0%| F|  |TAMS 0x0000000086900000, 0x0000000086900000| Untracked 
| 106|0x0000000086a00000, 0x0000000086a00000, 0x0000000086b00000|  0%| F|  |TAMS 0x0000000086a00000, 0x0000000086a00000| Untracked 
| 107|0x0000000086b00000, 0x0000000086b00000, 0x0000000086c00000|  0%| F|  |TAMS 0x0000000086b00000, 0x0000000086b00000| Untracked 
| 108|0x0000000086c00000, 0x0000000086c00000, 0x0000000086d00000|  0%| F|  |TAMS 0x0000000086c00000, 0x0000000086c00000| Untracked 
| 109|0x0000000086d00000, 0x0000000086d00000, 0x0000000086e00000|  0%| F|  |TAMS 0x0000000086d00000, 0x0000000086d00000| Untracked 
| 110|0x0000000086e00000, 0x0000000086e00000, 0x0000000086f00000|  0%| F|  |TAMS 0x0000000086e00000, 0x0000000086e00000| Untracked 
| 111|0x0000000086f00000, 0x0000000086f00000, 0x0000000087000000|  0%| F|  |TAMS 0x0000000086f00000, 0x0000000086f00000| Untracked 
| 112|0x0000000087000000, 0x0000000087000000, 0x0000000087100000|  0%| F|  |TAMS 0x0000000087000000, 0x0000000087000000| Untracked 
| 113|0x0000000087100000, 0x0000000087100000, 0x0000000087200000|  0%| F|  |TAMS 0x0000000087100000, 0x0000000087100000| Untracked 
| 114|0x0000000087200000, 0x0000000087200000, 0x0000000087300000|  0%| F|  |TAMS 0x0000000087200000, 0x0000000087200000| Untracked 
| 115|0x0000000087300000, 0x0000000087300000, 0x0000000087400000|  0%| F|  |TAMS 0x0000000087300000, 0x0000000087300000| Untracked 
| 116|0x0000000087400000, 0x0000000087500000, 0x0000000087500000|100%| S|CS|TAMS 0x0000000087400000, 0x0000000087400000| Complete 
| 117|0x0000000087500000, 0x0000000087600000, 0x0000000087600000|100%| S|CS|TAMS 0x0000000087500000, 0x0000000087500000| Complete 
| 118|0x0000000087600000, 0x0000000087700000, 0x0000000087700000|100%| S|CS|TAMS 0x0000000087600000, 0x0000000087600000| Complete 
| 119|0x0000000087700000, 0x0000000087800000, 0x0000000087800000|100%| S|CS|TAMS 0x0000000087700000, 0x0000000087700000| Complete 
| 120|0x0000000087800000, 0x0000000087900000, 0x0000000087900000|100%| S|CS|TAMS 0x0000000087800000, 0x0000000087800000| Complete 
| 121|0x0000000087900000, 0x0000000087a00000, 0x0000000087a00000|100%| S|CS|TAMS 0x0000000087900000, 0x0000000087900000| Complete 
| 122|0x0000000087a00000, 0x0000000087a00000, 0x0000000087b00000|  0%| F|  |TAMS 0x0000000087a00000, 0x0000000087a00000| Untracked 
| 123|0x0000000087b00000, 0x0000000087b00000, 0x0000000087c00000|  0%| F|  |TAMS 0x0000000087b00000, 0x0000000087b00000| Untracked 
| 124|0x0000000087c00000, 0x0000000087c00000, 0x0000000087d00000|  0%| F|  |TAMS 0x0000000087c00000, 0x0000000087c00000| Untracked 
| 125|0x0000000087d00000, 0x0000000087d00000, 0x0000000087e00000|  0%| F|  |TAMS 0x0000000087d00000, 0x0000000087d00000| Untracked 
| 126|0x0000000087e00000, 0x0000000087e00000, 0x0000000087f00000|  0%| F|  |TAMS 0x0000000087e00000, 0x0000000087e00000| Untracked 
| 127|0x0000000087f00000, 0x0000000087f00000, 0x0000000088000000|  0%| F|  |TAMS 0x0000000087f00000, 0x0000000087f00000| Untracked 
| 128|0x0000000088000000, 0x0000000088000000, 0x0000000088100000|  0%| F|  |TAMS 0x0000000088000000, 0x0000000088000000| Untracked 
| 129|0x0000000088100000, 0x0000000088100000, 0x0000000088200000|  0%| F|  |TAMS 0x0000000088100000, 0x0000000088100000| Untracked 
| 130|0x0000000088200000, 0x0000000088200000, 0x0000000088300000|  0%| F|  |TAMS 0x0000000088200000, 0x0000000088200000| Untracked 
| 131|0x0000000088300000, 0x0000000088300000, 0x0000000088400000|  0%| F|  |TAMS 0x0000000088300000, 0x0000000088300000| Untracked 
| 132|0x0000000088400000, 0x0000000088400000, 0x0000000088500000|  0%| F|  |TAMS 0x0000000088400000, 0x0000000088400000| Untracked 
| 133|0x0000000088500000, 0x0000000088500000, 0x0000000088600000|  0%| F|  |TAMS 0x0000000088500000, 0x0000000088500000| Untracked 
| 134|0x0000000088600000, 0x0000000088600000, 0x0000000088700000|  0%| F|  |TAMS 0x0000000088600000, 0x0000000088600000| Untracked 
| 135|0x0000000088700000, 0x0000000088700000, 0x0000000088800000|  0%| F|  |TAMS 0x0000000088700000, 0x0000000088700000| Untracked 
| 136|0x0000000088800000, 0x0000000088800000, 0x0000000088900000|  0%| F|  |TAMS 0x0000000088800000, 0x0000000088800000| Untracked 
| 137|0x0000000088900000, 0x0000000088900000, 0x0000000088a00000|  0%| F|  |TAMS 0x0000000088900000, 0x0000000088900000| Untracked 
| 138|0x0000000088a00000, 0x0000000088a00000, 0x0000000088b00000|  0%| F|  |TAMS 0x0000000088a00000, 0x0000000088a00000| Untracked 
| 139|0x0000000088b00000, 0x0000000088b00000, 0x0000000088c00000|  0%| F|  |TAMS 0x0000000088b00000, 0x0000000088b00000| Untracked 
| 140|0x0000000088c00000, 0x0000000088c00000, 0x0000000088d00000|  0%| F|  |TAMS 0x0000000088c00000, 0x0000000088c00000| Untracked 
| 141|0x0000000088d00000, 0x0000000088d00000, 0x0000000088e00000|  0%| F|  |TAMS 0x0000000088d00000, 0x0000000088d00000| Untracked 
| 142|0x0000000088e00000, 0x0000000088e00000, 0x0000000088f00000|  0%| F|  |TAMS 0x0000000088e00000, 0x0000000088e00000| Untracked 
| 143|0x0000000088f00000, 0x0000000088f00000, 0x0000000089000000|  0%| F|  |TAMS 0x0000000088f00000, 0x0000000088f00000| Untracked 
| 144|0x0000000089000000, 0x0000000089000000, 0x0000000089100000|  0%| F|  |TAMS 0x0000000089000000, 0x0000000089000000| Untracked 
| 145|0x0000000089100000, 0x0000000089100000, 0x0000000089200000|  0%| F|  |TAMS 0x0000000089100000, 0x0000000089100000| Untracked 
| 146|0x0000000089200000, 0x0000000089200000, 0x0000000089300000|  0%| F|  |TAMS 0x0000000089200000, 0x0000000089200000| Untracked 
| 147|0x0000000089300000, 0x0000000089300000, 0x0000000089400000|  0%| F|  |TAMS 0x0000000089300000, 0x0000000089300000| Untracked 
| 148|0x0000000089400000, 0x0000000089400000, 0x0000000089500000|  0%| F|  |TAMS 0x0000000089400000, 0x0000000089400000| Untracked 
| 149|0x0000000089500000, 0x0000000089500000, 0x0000000089600000|  0%| F|  |TAMS 0x0000000089500000, 0x0000000089500000| Untracked 
| 150|0x0000000089600000, 0x0000000089600000, 0x0000000089700000|  0%| F|  |TAMS 0x0000000089600000, 0x0000000089600000| Untracked 
| 151|0x0000000089700000, 0x0000000089700000, 0x0000000089800000|  0%| F|  |TAMS 0x0000000089700000, 0x0000000089700000| Untracked 
| 152|0x0000000089800000, 0x0000000089800000, 0x0000000089900000|  0%| F|  |TAMS 0x0000000089800000, 0x0000000089800000| Untracked 
| 153|0x0000000089900000, 0x0000000089900000, 0x0000000089a00000|  0%| F|  |TAMS 0x0000000089900000, 0x0000000089900000| Untracked 
| 154|0x0000000089a00000, 0x0000000089a00000, 0x0000000089b00000|  0%| F|  |TAMS 0x0000000089a00000, 0x0000000089a00000| Untracked 
| 155|0x0000000089b00000, 0x0000000089b00000, 0x0000000089c00000|  0%| F|  |TAMS 0x0000000089b00000, 0x0000000089b00000| Untracked 
| 156|0x0000000089c00000, 0x0000000089c00000, 0x0000000089d00000|  0%| F|  |TAMS 0x0000000089c00000, 0x0000000089c00000| Untracked 
| 157|0x0000000089d00000, 0x0000000089d00000, 0x0000000089e00000|  0%| F|  |TAMS 0x0000000089d00000, 0x0000000089d00000| Untracked 
| 158|0x0000000089e00000, 0x0000000089e00000, 0x0000000089f00000|  0%| F|  |TAMS 0x0000000089e00000, 0x0000000089e00000| Untracked 
| 159|0x0000000089f00000, 0x0000000089f00000, 0x000000008a000000|  0%| F|  |TAMS 0x0000000089f00000, 0x0000000089f00000| Untracked 
| 160|0x000000008a000000, 0x000000008a000000, 0x000000008a100000|  0%| F|  |TAMS 0x000000008a000000, 0x000000008a000000| Untracked 
| 161|0x000000008a100000, 0x000000008a100000, 0x000000008a200000|  0%| F|  |TAMS 0x000000008a100000, 0x000000008a100000| Untracked 
| 162|0x000000008a200000, 0x000000008a200000, 0x000000008a300000|  0%| F|  |TAMS 0x000000008a200000, 0x000000008a200000| Untracked 
| 163|0x000000008a300000, 0x000000008a300000, 0x000000008a400000|  0%| F|  |TAMS 0x000000008a300000, 0x000000008a300000| Untracked 
| 164|0x000000008a400000, 0x000000008a400000, 0x000000008a500000|  0%| F|  |TAMS 0x000000008a400000, 0x000000008a400000| Untracked 
| 165|0x000000008a500000, 0x000000008a500000, 0x000000008a600000|  0%| F|  |TAMS 0x000000008a500000, 0x000000008a500000| Untracked 
| 166|0x000000008a600000, 0x000000008a600000, 0x000000008a700000|  0%| F|  |TAMS 0x000000008a600000, 0x000000008a600000| Untracked 
| 167|0x000000008a700000, 0x000000008a700000, 0x000000008a800000|  0%| F|  |TAMS 0x000000008a700000, 0x000000008a700000| Untracked 
| 168|0x000000008a800000, 0x000000008a800000, 0x000000008a900000|  0%| F|  |TAMS 0x000000008a800000, 0x000000008a800000| Untracked 
| 169|0x000000008a900000, 0x000000008a900000, 0x000000008aa00000|  0%| F|  |TAMS 0x000000008a900000, 0x000000008a900000| Untracked 
| 170|0x000000008aa00000, 0x000000008aa00000, 0x000000008ab00000|  0%| F|  |TAMS 0x000000008aa00000, 0x000000008aa00000| Untracked 
| 171|0x000000008ab00000, 0x000000008ab00000, 0x000000008ac00000|  0%| F|  |TAMS 0x000000008ab00000, 0x000000008ab00000| Untracked 
| 172|0x000000008ac00000, 0x000000008ac00000, 0x000000008ad00000|  0%| F|  |TAMS 0x000000008ac00000, 0x000000008ac00000| Untracked 
| 173|0x000000008ad00000, 0x000000008ad00000, 0x000000008ae00000|  0%| F|  |TAMS 0x000000008ad00000, 0x000000008ad00000| Untracked 
| 174|0x000000008ae00000, 0x000000008ae00000, 0x000000008af00000|  0%| F|  |TAMS 0x000000008ae00000, 0x000000008ae00000| Untracked 
| 175|0x000000008af00000, 0x000000008af00000, 0x000000008b000000|  0%| F|  |TAMS 0x000000008af00000, 0x000000008af00000| Untracked 
| 176|0x000000008b000000, 0x000000008b000000, 0x000000008b100000|  0%| F|  |TAMS 0x000000008b000000, 0x000000008b000000| Untracked 
| 177|0x000000008b100000, 0x000000008b100000, 0x000000008b200000|  0%| F|  |TAMS 0x000000008b100000, 0x000000008b100000| Untracked 
| 178|0x000000008b200000, 0x000000008b200000, 0x000000008b300000|  0%| F|  |TAMS 0x000000008b200000, 0x000000008b200000| Untracked 
| 179|0x000000008b300000, 0x000000008b300000, 0x000000008b400000|  0%| F|  |TAMS 0x000000008b300000, 0x000000008b300000| Untracked 
| 180|0x000000008b400000, 0x000000008b400000, 0x000000008b500000|  0%| F|  |TAMS 0x000000008b400000, 0x000000008b400000| Untracked 
| 181|0x000000008b500000, 0x000000008b500000, 0x000000008b600000|  0%| F|  |TAMS 0x000000008b500000, 0x000000008b500000| Untracked 
| 182|0x000000008b600000, 0x000000008b600000, 0x000000008b700000|  0%| F|  |TAMS 0x000000008b600000, 0x000000008b600000| Untracked 
| 183|0x000000008b700000, 0x000000008b700000, 0x000000008b800000|  0%| F|  |TAMS 0x000000008b700000, 0x000000008b700000| Untracked 
| 184|0x000000008b800000, 0x000000008b863a20, 0x000000008b900000| 38%| E|  |TAMS 0x000000008b800000, 0x000000008b800000| Complete 
| 185|0x000000008b900000, 0x000000008ba00000, 0x000000008ba00000|100%| E|CS|TAMS 0x000000008b900000, 0x000000008b900000| Complete 
| 186|0x000000008ba00000, 0x000000008bb00000, 0x000000008bb00000|100%| E|CS|TAMS 0x000000008ba00000, 0x000000008ba00000| Complete 
| 187|0x000000008bb00000, 0x000000008bc00000, 0x000000008bc00000|100%| E|CS|TAMS 0x000000008bb00000, 0x000000008bb00000| Complete 
| 188|0x000000008bc00000, 0x000000008bd00000, 0x000000008bd00000|100%| E|CS|TAMS 0x000000008bc00000, 0x000000008bc00000| Complete 
| 189|0x000000008bd00000, 0x000000008be00000, 0x000000008be00000|100%| E|CS|TAMS 0x000000008bd00000, 0x000000008bd00000| Complete 
| 190|0x000000008be00000, 0x000000008bf00000, 0x000000008bf00000|100%| E|CS|TAMS 0x000000008be00000, 0x000000008be00000| Complete 
| 191|0x000000008bf00000, 0x000000008c000000, 0x000000008c000000|100%| E|CS|TAMS 0x000000008bf00000, 0x000000008bf00000| Complete 
| 192|0x000000008c000000, 0x000000008c100000, 0x000000008c100000|100%| E|CS|TAMS 0x000000008c000000, 0x000000008c000000| Complete 
| 193|0x000000008c100000, 0x000000008c200000, 0x000000008c200000|100%| E|CS|TAMS 0x000000008c100000, 0x000000008c100000| Complete 
| 194|0x000000008c200000, 0x000000008c300000, 0x000000008c300000|100%| E|CS|TAMS 0x000000008c200000, 0x000000008c200000| Complete 
| 195|0x000000008c300000, 0x000000008c400000, 0x000000008c400000|100%| E|CS|TAMS 0x000000008c300000, 0x000000008c300000| Complete 
| 196|0x000000008c400000, 0x000000008c500000, 0x000000008c500000|100%| E|CS|TAMS 0x000000008c400000, 0x000000008c400000| Complete 
| 197|0x000000008c500000, 0x000000008c600000, 0x000000008c600000|100%| E|CS|TAMS 0x000000008c500000, 0x000000008c500000| Complete 
| 198|0x000000008c600000, 0x000000008c700000, 0x000000008c700000|100%| E|  |TAMS 0x000000008c600000, 0x000000008c600000| Complete 
| 199|0x000000008c700000, 0x000000008c800000, 0x000000008c800000|100%| E|CS|TAMS 0x000000008c700000, 0x000000008c700000| Complete 
| 200|0x000000008c800000, 0x000000008c900000, 0x000000008c900000|100%| E|CS|TAMS 0x000000008c800000, 0x000000008c800000| Complete 
| 201|0x000000008c900000, 0x000000008ca00000, 0x000000008ca00000|100%| E|CS|TAMS 0x000000008c900000, 0x000000008c900000| Complete 
| 202|0x000000008ca00000, 0x000000008cb00000, 0x000000008cb00000|100%| E|CS|TAMS 0x000000008ca00000, 0x000000008ca00000| Complete 
| 203|0x000000008cb00000, 0x000000008cc00000, 0x000000008cc00000|100%| E|CS|TAMS 0x000000008cb00000, 0x000000008cb00000| Complete 
| 204|0x000000008cc00000, 0x000000008cd00000, 0x000000008cd00000|100%| E|CS|TAMS 0x000000008cc00000, 0x000000008cc00000| Complete 
| 205|0x000000008cd00000, 0x000000008ce00000, 0x000000008ce00000|100%| E|CS|TAMS 0x000000008cd00000, 0x000000008cd00000| Complete 
| 206|0x000000008ce00000, 0x000000008cf00000, 0x000000008cf00000|100%| E|CS|TAMS 0x000000008ce00000, 0x000000008ce00000| Complete 
| 207|0x000000008cf00000, 0x000000008d000000, 0x000000008d000000|100%| E|CS|TAMS 0x000000008cf00000, 0x000000008cf00000| Complete 
| 208|0x000000008d000000, 0x000000008d100000, 0x000000008d100000|100%| E|CS|TAMS 0x000000008d000000, 0x000000008d000000| Complete 
| 209|0x000000008d100000, 0x000000008d200000, 0x000000008d200000|100%| E|CS|TAMS 0x000000008d100000, 0x000000008d100000| Complete 
| 210|0x000000008d200000, 0x000000008d300000, 0x000000008d300000|100%| E|CS|TAMS 0x000000008d200000, 0x000000008d200000| Complete 
| 211|0x000000008d300000, 0x000000008d400000, 0x000000008d400000|100%| E|CS|TAMS 0x000000008d300000, 0x000000008d300000| Complete 
| 212|0x000000008d400000, 0x000000008d500000, 0x000000008d500000|100%| E|CS|TAMS 0x000000008d400000, 0x000000008d400000| Complete 
| 213|0x000000008d500000, 0x000000008d600000, 0x000000008d600000|100%| E|CS|TAMS 0x000000008d500000, 0x000000008d500000| Complete 
| 214|0x000000008d600000, 0x000000008d700000, 0x000000008d700000|100%| E|CS|TAMS 0x000000008d600000, 0x000000008d600000| Complete 
| 215|0x000000008d700000, 0x000000008d800000, 0x000000008d800000|100%| E|CS|TAMS 0x000000008d700000, 0x000000008d700000| Complete 
| 216|0x000000008d800000, 0x000000008d900000, 0x000000008d900000|100%| E|CS|TAMS 0x000000008d800000, 0x000000008d800000| Complete 
| 217|0x000000008d900000, 0x000000008da00000, 0x000000008da00000|100%| E|CS|TAMS 0x000000008d900000, 0x000000008d900000| Complete 
| 218|0x000000008da00000, 0x000000008db00000, 0x000000008db00000|100%| E|CS|TAMS 0x000000008da00000, 0x000000008da00000| Complete 
| 219|0x000000008db00000, 0x000000008dc00000, 0x000000008dc00000|100%| E|CS|TAMS 0x000000008db00000, 0x000000008db00000| Complete 
| 220|0x000000008dc00000, 0x000000008dd00000, 0x000000008dd00000|100%| E|CS|TAMS 0x000000008dc00000, 0x000000008dc00000| Complete 
| 221|0x000000008dd00000, 0x000000008de00000, 0x000000008de00000|100%| E|CS|TAMS 0x000000008dd00000, 0x000000008dd00000| Complete 
| 222|0x000000008de00000, 0x000000008df00000, 0x000000008df00000|100%| E|CS|TAMS 0x000000008de00000, 0x000000008de00000| Complete 
| 223|0x000000008df00000, 0x000000008e000000, 0x000000008e000000|100%| E|CS|TAMS 0x000000008df00000, 0x000000008df00000| Complete 
| 224|0x000000008e000000, 0x000000008e100000, 0x000000008e100000|100%| E|CS|TAMS 0x000000008e000000, 0x000000008e000000| Complete 
| 225|0x000000008e100000, 0x000000008e200000, 0x000000008e200000|100%| E|CS|TAMS 0x000000008e100000, 0x000000008e100000| Complete 
| 226|0x000000008e200000, 0x000000008e300000, 0x000000008e300000|100%| E|CS|TAMS 0x000000008e200000, 0x000000008e200000| Complete 
| 227|0x000000008e300000, 0x000000008e400000, 0x000000008e400000|100%| E|CS|TAMS 0x000000008e300000, 0x000000008e300000| Complete 
| 228|0x000000008e400000, 0x000000008e500000, 0x000000008e500000|100%| E|CS|TAMS 0x000000008e400000, 0x000000008e400000| Complete 
| 229|0x000000008e500000, 0x000000008e600000, 0x000000008e600000|100%| E|CS|TAMS 0x000000008e500000, 0x000000008e500000| Complete 
| 230|0x000000008e600000, 0x000000008e700000, 0x000000008e700000|100%| E|CS|TAMS 0x000000008e600000, 0x000000008e600000| Complete 
| 231|0x000000008e700000, 0x000000008e800000, 0x000000008e800000|100%| E|CS|TAMS 0x000000008e700000, 0x000000008e700000| Complete 
| 232|0x000000008e800000, 0x000000008e900000, 0x000000008e900000|100%| E|CS|TAMS 0x000000008e800000, 0x000000008e800000| Complete 
| 233|0x000000008e900000, 0x000000008ea00000, 0x000000008ea00000|100%| E|CS|TAMS 0x000000008e900000, 0x000000008e900000| Complete 
| 234|0x000000008ea00000, 0x000000008eb00000, 0x000000008eb00000|100%| E|CS|TAMS 0x000000008ea00000, 0x000000008ea00000| Complete 
| 235|0x000000008eb00000, 0x000000008ec00000, 0x000000008ec00000|100%| E|CS|TAMS 0x000000008eb00000, 0x000000008eb00000| Complete 
| 236|0x000000008ec00000, 0x000000008ed00000, 0x000000008ed00000|100%| E|CS|TAMS 0x000000008ec00000, 0x000000008ec00000| Complete 
| 237|0x000000008ed00000, 0x000000008ee00000, 0x000000008ee00000|100%| E|CS|TAMS 0x000000008ed00000, 0x000000008ed00000| Complete 
| 238|0x000000008ee00000, 0x000000008ef00000, 0x000000008ef00000|100%| E|CS|TAMS 0x000000008ee00000, 0x000000008ee00000| Complete 
| 239|0x000000008ef00000, 0x000000008f000000, 0x000000008f000000|100%| E|CS|TAMS 0x000000008ef00000, 0x000000008ef00000| Complete 
| 240|0x000000008f000000, 0x000000008f100000, 0x000000008f100000|100%| E|CS|TAMS 0x000000008f000000, 0x000000008f000000| Complete 
| 241|0x000000008f100000, 0x000000008f200000, 0x000000008f200000|100%| E|CS|TAMS 0x000000008f100000, 0x000000008f100000| Complete 
| 242|0x000000008f200000, 0x000000008f300000, 0x000000008f300000|100%| E|CS|TAMS 0x000000008f200000, 0x000000008f200000| Complete 
| 243|0x000000008f300000, 0x000000008f400000, 0x000000008f400000|100%| E|CS|TAMS 0x000000008f300000, 0x000000008f300000| Complete 
| 244|0x000000008f400000, 0x000000008f500000, 0x000000008f500000|100%| E|CS|TAMS 0x000000008f400000, 0x000000008f400000| Complete 
| 245|0x000000008f500000, 0x000000008f600000, 0x000000008f600000|100%| E|CS|TAMS 0x000000008f500000, 0x000000008f500000| Complete 
| 246|0x000000008f600000, 0x000000008f700000, 0x000000008f700000|100%| E|CS|TAMS 0x000000008f600000, 0x000000008f600000| Complete 
| 247|0x000000008f700000, 0x000000008f800000, 0x000000008f800000|100%| E|CS|TAMS 0x000000008f700000, 0x000000008f700000| Complete 
| 248|0x000000008f800000, 0x000000008f900000, 0x000000008f900000|100%| E|CS|TAMS 0x000000008f800000, 0x000000008f800000| Complete 
| 249|0x000000008f900000, 0x000000008fa00000, 0x000000008fa00000|100%| E|CS|TAMS 0x000000008f900000, 0x000000008f900000| Complete 
| 250|0x000000008fa00000, 0x000000008fb00000, 0x000000008fb00000|100%| E|CS|TAMS 0x000000008fa00000, 0x000000008fa00000| Complete 
| 251|0x000000008fb00000, 0x000000008fc00000, 0x000000008fc00000|100%| E|CS|TAMS 0x000000008fb00000, 0x000000008fb00000| Complete 
| 252|0x000000008fc00000, 0x000000008fd00000, 0x000000008fd00000|100%| E|CS|TAMS 0x000000008fc00000, 0x000000008fc00000| Complete 
| 253|0x000000008fd00000, 0x000000008fe00000, 0x000000008fe00000|100%| E|CS|TAMS 0x000000008fd00000, 0x000000008fd00000| Complete 

Card table byte_map: [0x00000186ab450000,0x00000186ab850000] _byte_map_base: 0x00000186ab050000

Marking Bits (Prev, Next): (CMBitMap*) 0x0000018697789eb0, (CMBitMap*) 0x0000018697789e78
 Prev Bits: [0x00000186adc50000, 0x00000186afc50000)
 Next Bits: [0x00000186abc50000, 0x00000186adc50000)

Polling page: 0x00000186976d0000

Metaspace:

Usage:
  Non-class:     77.71 MB capacity,    76.21 MB ( 98%) used,     1.23 MB (  2%) free+waste,   267.63 KB ( <1%) overhead. 
      Class:     12.15 MB capacity,    11.31 MB ( 93%) used,   743.89 KB (  6%) free+waste,   121.25 KB ( <1%) overhead. 
       Both:     89.86 MB capacity,    87.52 MB ( 97%) used,     1.96 MB (  2%) free+waste,   388.88 KB ( <1%) overhead. 

Virtual space:
  Non-class space:       78.00 MB reserved,      77.75 MB (>99%) committed 
      Class space:        1.00 GB reserved,      12.20 MB (  1%) committed 
             Both:        1.08 GB reserved,      89.95 MB (  8%) committed 

Chunk freelists:
   Non-Class:  46.00 KB
       Class:  3.00 KB
        Both:  49.00 KB

MaxMetaspaceSize: 17179869184.00 GB
CompressedClassSpaceSize: 1.00 GB

CodeHeap 'non-profiled nmethods': size=120000Kb used=5855Kb max_used=5855Kb free=114144Kb
 bounds [0x00000186a30b0000, 0x00000186a3670000, 0x00000186aa5e0000]
CodeHeap 'profiled nmethods': size=120000Kb used=22126Kb max_used=22126Kb free=97873Kb
 bounds [0x000001869bb80000, 0x000001869d120000, 0x00000186a30b0000]
CodeHeap 'non-nmethods': size=5760Kb used=2308Kb max_used=2349Kb free=3451Kb
 bounds [0x000001869b5e0000, 0x000001869b850000, 0x000001869bb80000]
 total_blobs=11158 nmethods=10257 adapters=812
 compilation: enabled
              stopped_count=0, restarted_count=0
 full_count=0

Compilation events (20 events):
Event: 16.634 Thread 0x00000186f304a000 10310       3       java.lang.management.ManagementFactory::lambda$getPlatformMXBeans$3 (13 bytes)
Event: 16.634 Thread 0x00000186f304a000 nmethod 10310 0x000001869d106090 code [0x000001869d106260, 0x000001869d1064d8]
Event: 16.636 Thread 0x00000186f304a000 10312       3       org.gradle.api.internal.file.collections.UnpackingVisitor::<init> (12 bytes)
Event: 16.636 Thread 0x00000186f304a000 nmethod 10312 0x000001869d106610 code [0x000001869d1067e0, 0x000001869d106b18]
Event: 16.654 Thread 0x00000186f304a000 10314       3       java.io.File::isAbsolute (8 bytes)
Event: 16.654 Thread 0x00000186f304a000 nmethod 10314 0x000001869d106c10 code [0x000001869d106dc0, 0x000001869d106f08]
Event: 16.654 Thread 0x00000186f304a000 10315 % !   3       java.util.concurrent.ConcurrentHashMap::transfer @ 437 (828 bytes)
Event: 16.660 Thread 0x00000186f304a000 nmethod 10315% 0x000001869d106f90 code [0x000001869d107420, 0x000001869d10acf8]
Event: 16.665 Thread 0x00000186f304a000 10316   !   3       java.util.concurrent.ConcurrentHashMap::putVal (432 bytes)
Event: 16.668 Thread 0x00000186f304a000 nmethod 10316 0x000001869d10c710 code [0x000001869d10caa0, 0x000001869d10ecf8]
Event: 16.675 Thread 0x00000186f304a000 10317       3       com.google.common.collect.MapMakerInternalMap$Segment::getEntry (80 bytes)
Event: 16.677 Thread 0x00000186f304a000 nmethod 10317 0x000001869d10f790 code [0x000001869d10fb00, 0x000001869d111388]
Event: 16.686 Thread 0x00000186f304a000 10319       3       com.android.tools.r8.graph.c0::a (23 bytes)
Event: 16.686 Thread 0x00000186f304a000 nmethod 10319 0x000001869d111b10 code [0x000001869d111cc0, 0x000001869d111e78]
Event: 16.686 Thread 0x00000186f304a000 10320       3       com.android.tools.r8.graph.c0::a (129 bytes)
Event: 16.687 Thread 0x00000186f304a000 nmethod 10320 0x000001869d111f10 code [0x000001869d1120e0, 0x000001869d1123d8]
Event: 16.687 Thread 0x00000186f304a000 10321       3       com.android.tools.r8.graph.c0::a (89 bytes)
Event: 16.689 Thread 0x00000186f304a000 nmethod 10321 0x000001869d112590 code [0x000001869d112860, 0x000001869d113928]
Event: 16.689 Thread 0x00000186f304a000 10322       3       com.android.tools.r8.graph.h::hashCode (109 bytes)
Event: 16.689 Thread 0x00000186f304a000 nmethod 10322 0x000001869d113f90 code [0x000001869d114160, 0x000001869d1143c8]

GC Heap History (20 events):
Event: 1.368 GC heap before
{Heap before GC invocations=0 (full 0):
 garbage-first heap   total 260096K, used 29696K [0x0000000080000000, 0x0000000100000000)
  region size 1024K, 24 young (24576K), 0 survivors (0K)
 Metaspace       used 10142K, capacity 10341K, committed 10624K, reserved 1058816K
  class space    used 1061K, capacity 1107K, committed 1152K, reserved 1048576K
}
Event: 1.374 GC heap after
{Heap after GC invocations=1 (full 0):
 garbage-first heap   total 260096K, used 9470K [0x0000000080000000, 0x0000000100000000)
  region size 1024K, 3 young (3072K), 3 survivors (3072K)
 Metaspace       used 10142K, capacity 10341K, committed 10624K, reserved 1058816K
  class space    used 1061K, capacity 1107K, committed 1152K, reserved 1048576K
}
Event: 4.522 GC heap before
{Heap before GC invocations=1 (full 0):
 garbage-first heap   total 260096K, used 106750K [0x0000000080000000, 0x0000000100000000)
  region size 1024K, 98 young (100352K), 3 survivors (3072K)
 Metaspace       used 20589K, capacity 21104K, committed 21248K, reserved 1067008K
  class space    used 2509K, capacity 2690K, committed 2816K, reserved 1048576K
}
Event: 4.535 GC heap after
{Heap after GC invocations=2 (full 0):
 garbage-first heap   total 260096K, used 17148K [0x0000000080000000, 0x0000000100000000)
  region size 1024K, 11 young (11264K), 11 survivors (11264K)
 Metaspace       used 20589K, capacity 21104K, committed 21248K, reserved 1067008K
  class space    used 2509K, capacity 2690K, committed 2816K, reserved 1048576K
}
Event: 5.331 GC heap before
{Heap before GC invocations=3 (full 0):
 garbage-first heap   total 260096K, used 78588K [0x0000000080000000, 0x0000000100000000)
  region size 1024K, 71 young (72704K), 11 survivors (11264K)
 Metaspace       used 26520K, capacity 27273K, committed 27392K, reserved 1073152K
  class space    used 3484K, capacity 3754K, committed 3840K, reserved 1048576K
}
Event: 5.340 GC heap after
{Heap after GC invocations=4 (full 0):
 garbage-first heap   total 260096K, used 18998K [0x0000000080000000, 0x0000000100000000)
  region size 1024K, 3 young (3072K), 3 survivors (3072K)
 Metaspace       used 26520K, capacity 27273K, committed 27392K, reserved 1073152K
  class space    used 3484K, capacity 3754K, committed 3840K, reserved 1048576K
}
Event: 6.376 GC heap before
{Heap before GC invocations=4 (full 0):
 garbage-first heap   total 260096K, used 67126K [0x0000000080000000, 0x0000000100000000)
  region size 1024K, 52 young (53248K), 3 survivors (3072K)
 Metaspace       used 35086K, capacity 35838K, committed 35840K, reserved 1081344K
  class space    used 4543K, capacity 4864K, committed 4864K, reserved 1048576K
}
Event: 6.388 GC heap after
{Heap after GC invocations=5 (full 0):
 garbage-first heap   total 260096K, used 22036K [0x0000000080000000, 0x0000000100000000)
  region size 1024K, 6 young (6144K), 6 survivors (6144K)
 Metaspace       used 35086K, capacity 35838K, committed 35840K, reserved 1081344K
  class space    used 4543K, capacity 4864K, committed 4864K, reserved 1048576K
}
Event: 7.896 GC heap before
{Heap before GC invocations=6 (full 0):
 garbage-first heap   total 260096K, used 139796K [0x0000000080000000, 0x0000000100000000)
  region size 1024K, 118 young (120832K), 6 survivors (6144K)
 Metaspace       used 44208K, capacity 45178K, committed 45516K, reserved 1089536K
  class space    used 5669K, capacity 6005K, committed 6092K, reserved 1048576K
}
Event: 7.910 GC heap after
{Heap after GC invocations=7 (full 0):
 garbage-first heap   total 260096K, used 29184K [0x0000000080000000, 0x0000000100000000)
  region size 1024K, 13 young (13312K), 13 survivors (13312K)
 Metaspace       used 44208K, capacity 45178K, committed 45516K, reserved 1089536K
  class space    used 5669K, capacity 6005K, committed 6092K, reserved 1048576K
}
Event: 10.338 GC heap before
{Heap before GC invocations=7 (full 0):
 garbage-first heap   total 260096K, used 167424K [0x0000000080000000, 0x0000000100000000)
  region size 1024K, 145 young (148480K), 13 survivors (13312K)
 Metaspace       used 57457K, capacity 58842K, committed 58956K, reserved 1099776K
  class space    used 7259K, capacity 7748K, committed 7756K, reserved 1048576K
}
Event: 10.362 GC heap after
{Heap after GC invocations=8 (full 0):
 garbage-first heap   total 260096K, used 43757K [0x0000000080000000, 0x0000000100000000)
  region size 1024K, 18 young (18432K), 18 survivors (18432K)
 Metaspace       used 57457K, capacity 58842K, committed 58956K, reserved 1099776K
  class space    used 7259K, capacity 7748K, committed 7756K, reserved 1048576K
}
Event: 10.519 GC heap before
{Heap before GC invocations=8 (full 0):
 garbage-first heap   total 260096K, used 47853K [0x0000000080000000, 0x0000000100000000)
  region size 1024K, 23 young (23552K), 18 survivors (18432K)
 Metaspace       used 58645K, capacity 60134K, committed 60236K, reserved 1101824K
  class space    used 7409K, capacity 7943K, committed 8012K, reserved 1048576K
}
Event: 10.552 GC heap after
{Heap after GC invocations=9 (full 0):
 garbage-first heap   total 260096K, used 44861K [0x0000000080000000, 0x0000000100000000)
  region size 1024K, 2 young (2048K), 2 survivors (2048K)
 Metaspace       used 58645K, capacity 60134K, committed 60236K, reserved 1101824K
  class space    used 7409K, capacity 7943K, committed 8012K, reserved 1048576K
}
Event: 12.664 GC heap before
{Heap before GC invocations=10 (full 0):
 garbage-first heap   total 260096K, used 197437K [0x0000000080000000, 0x0000000100000000)
  region size 1024K, 151 young (154624K), 2 survivors (2048K)
 Metaspace       used 71454K, capacity 73136K, committed 73420K, reserved 1112064K
  class space    used 9234K, capacity 9858K, committed 9932K, reserved 1048576K
}
Event: 12.677 GC heap after
{Heap after GC invocations=11 (full 0):
 garbage-first heap   total 260096K, used 54397K [0x0000000080000000, 0x0000000100000000)
  region size 1024K, 12 young (12288K), 12 survivors (12288K)
 Metaspace       used 71454K, capacity 73136K, committed 73420K, reserved 1112064K
  class space    used 9234K, capacity 9858K, committed 9932K, reserved 1048576K
}
Event: 14.805 GC heap before
{Heap before GC invocations=11 (full 0):
 garbage-first heap   total 260096K, used 194685K [0x0000000080000000, 0x0000000100000000)
  region size 1024K, 150 young (153600K), 12 survivors (12288K)
 Metaspace       used 81950K, capacity 84240K, committed 84428K, reserved 1122304K
  class space    used 10633K, capacity 11446K, committed 11468K, reserved 1048576K
}
Event: 14.830 GC heap after
{Heap after GC invocations=12 (full 0):
 garbage-first heap   total 260096K, used 66069K [0x0000000080000000, 0x0000000100000000)
  region size 1024K, 12 young (12288K), 12 survivors (12288K)
 Metaspace       used 81950K, capacity 84240K, committed 84428K, reserved 1122304K
  class space    used 10633K, capacity 11446K, committed 11468K, reserved 1048576K
}
Event: 16.050 GC heap before
{Heap before GC invocations=12 (full 0):
 garbage-first heap   total 260096K, used 200213K [0x0000000080000000, 0x0000000100000000)
  region size 1024K, 144 young (147456K), 12 survivors (12288K)
 Metaspace       used 84868K, capacity 87172K, committed 87372K, reserved 1124352K
  class space    used 10968K, capacity 11839K, committed 11852K, reserved 1048576K
}
Event: 16.075 GC heap after
{Heap after GC invocations=13 (full 0):
 garbage-first heap   total 260096K, used 73345K [0x0000000080000000, 0x0000000100000000)
  region size 1024K, 8 young (8192K), 8 survivors (8192K)
 Metaspace       used 84868K, capacity 87172K, committed 87372K, reserved 1124352K
  class space    used 10968K, capacity 11839K, committed 11852K, reserved 1048576K
}

Deoptimization events (20 events):
Event: 16.559 Thread 0x00000186f3f53800 DEOPT PACKING pc=0x00000186a30e47c0 sp=0x000000013abfa1c0
Event: 16.559 Thread 0x00000186f3f53800 DEOPT UNPACKING pc=0x000001869b607aaf sp=0x000000013abfa160 mode 2
Event: 16.568 Thread 0x00000186f68f9800 DEOPT PACKING pc=0x000001869cdecd65 sp=0x000000013a9fc7d0
Event: 16.568 Thread 0x00000186f68f9800 DEOPT UNPACKING pc=0x000001869b6078ce sp=0x000000013a9fbcf0 mode 0
Event: 16.648 Thread 0x00000186f3f53800 Uncommon trap: trap_request=0xffffff4d fr.pc=0x00000186a357dd94 relative=0x00000000000001b4
Event: 16.648 Thread 0x00000186f3f53800 Uncommon trap: reason=unstable_if action=reinterpret pc=0x00000186a357dd94 method=com.google.common.collect.MapMakerInternalMap$Segment.getEntry(Ljava/lang/Object;I)Lcom/google/common/collect/MapMakerInternalMap$InternalEntry; @ 63 c2
Event: 16.648 Thread 0x00000186f3f53800 DEOPT PACKING pc=0x00000186a357dd94 sp=0x000000013abf89c0
Event: 16.648 Thread 0x00000186f3f53800 DEOPT UNPACKING pc=0x000001869b607aaf sp=0x000000013abf8978 mode 2
Event: 16.652 Thread 0x00000186f3f53800 Uncommon trap: trap_request=0xffffff4d fr.pc=0x00000186a365e61c relative=0x00000000000017bc
Event: 16.652 Thread 0x00000186f3f53800 Uncommon trap: reason=unstable_if action=reinterpret pc=0x00000186a365e61c method=java.util.concurrent.ConcurrentHashMap.putVal(Ljava/lang/Object;Ljava/lang/Object;Z)Ljava/lang/Object; @ 162 c2
Event: 16.652 Thread 0x00000186f3f53800 DEOPT PACKING pc=0x00000186a365e61c sp=0x000000013abfac60
Event: 16.652 Thread 0x00000186f3f53800 DEOPT UNPACKING pc=0x000001869b607aaf sp=0x000000013abfac08 mode 2
Event: 16.654 Thread 0x00000186f3f53800 DEOPT PACKING pc=0x000001869cdecd65 sp=0x000000013abfa990
Event: 16.654 Thread 0x00000186f3f53800 DEOPT UNPACKING pc=0x000001869b6078ce sp=0x000000013abf9eb0 mode 0
Event: 16.655 Thread 0x00000186f68f9800 DEOPT PACKING pc=0x000001869cdecd86 sp=0x000000013a9fce50
Event: 16.655 Thread 0x00000186f68f9800 DEOPT UNPACKING pc=0x000001869b6078ce sp=0x000000013a9fc370 mode 0
Event: 16.655 Thread 0x00000186f3f53800 Uncommon trap: trap_request=0xffffff4d fr.pc=0x00000186a315a744 relative=0x0000000000001264
Event: 16.655 Thread 0x00000186f3f53800 Uncommon trap: reason=unstable_if action=reinterpret pc=0x00000186a315a744 method=java.util.concurrent.ConcurrentHashMap.transfer([Ljava/util/concurrent/ConcurrentHashMap$Node;[Ljava/util/concurrent/ConcurrentHashMap$Node;)V @ 273 c2
Event: 16.655 Thread 0x00000186f3f53800 DEOPT PACKING pc=0x00000186a315a744 sp=0x000000013abfaa30
Event: 16.655 Thread 0x00000186f3f53800 DEOPT UNPACKING pc=0x000001869b607aaf sp=0x000000013abfa9b0 mode 2

Classes redefined (0 events):
No events

Internal exceptions (20 events):
Event: 15.540 Thread 0x00000186f68fd000 Exception <a 'java/lang/NoSuchMethodError'{0x000000008b606488}: <clinit>> (0x000000008b606488) thrown at [./src/hotspot/share/prims/jni.cpp, line 1362]
Event: 15.541 Thread 0x00000186f68fd000 Exception <a 'java/lang/NoSuchMethodError'{0x000000008b61f8e8}: <clinit>> (0x000000008b61f8e8) thrown at [./src/hotspot/share/prims/jni.cpp, line 1362]
Event: 15.541 Thread 0x00000186f68fd000 Exception <a 'java/lang/NoSuchMethodError'{0x000000008b620dc8}: <clinit>> (0x000000008b620dc8) thrown at [./src/hotspot/share/prims/jni.cpp, line 1362]
Event: 15.574 Thread 0x00000186f68fd000 Exception <a 'sun/nio/fs/WindowsException'{0x000000008b5ebfe0}> (0x000000008b5ebfe0) thrown at [./src/hotspot/share/prims/jni.cpp, line 615]
Event: 15.574 Thread 0x00000186f68fd000 Exception <a 'sun/nio/fs/WindowsException'{0x000000008b5ece68}> (0x000000008b5ece68) thrown at [./src/hotspot/share/prims/jni.cpp, line 615]
Event: 15.574 Thread 0x00000186f68fd000 Exception <a 'sun/nio/fs/WindowsException'{0x000000008b5ed230}> (0x000000008b5ed230) thrown at [./src/hotspot/share/prims/jni.cpp, line 615]
Event: 15.574 Thread 0x00000186f68fd000 Exception <a 'sun/nio/fs/WindowsException'{0x000000008b5ee098}> (0x000000008b5ee098) thrown at [./src/hotspot/share/prims/jni.cpp, line 615]
Event: 15.575 Thread 0x00000186f68fd000 Exception <a 'sun/nio/fs/WindowsException'{0x000000008b5ee378}> (0x000000008b5ee378) thrown at [./src/hotspot/share/prims/jni.cpp, line 615]
Event: 15.575 Thread 0x00000186f68fd000 Exception <a 'sun/nio/fs/WindowsException'{0x000000008b5ef1f8}> (0x000000008b5ef1f8) thrown at [./src/hotspot/share/prims/jni.cpp, line 615]
Event: 15.575 Thread 0x00000186f68fd000 Exception <a 'sun/nio/fs/WindowsException'{0x000000008b5ef478}> (0x000000008b5ef478) thrown at [./src/hotspot/share/prims/jni.cpp, line 615]
Event: 15.575 Thread 0x00000186f68fd000 Exception <a 'sun/nio/fs/WindowsException'{0x000000008b5f02c8}> (0x000000008b5f02c8) thrown at [./src/hotspot/share/prims/jni.cpp, line 615]
Event: 15.595 Thread 0x00000186f68fd000 Exception <a 'java/lang/NoSuchMethodError'{0x000000008b396518}: <clinit>> (0x000000008b396518) thrown at [./src/hotspot/share/prims/jni.cpp, line 1362]
Event: 15.599 Thread 0x00000186f68fd000 Exception <a 'java/lang/NoSuchMethodError'{0x000000008b3cc928}: <clinit>> (0x000000008b3cc928) thrown at [./src/hotspot/share/prims/jni.cpp, line 1362]
Event: 15.603 Thread 0x00000186f68fd000 Exception <a 'java/lang/NoSuchMethodError'{0x000000008b3fec60}: <clinit>> (0x000000008b3fec60) thrown at [./src/hotspot/share/prims/jni.cpp, line 1362]
Event: 15.604 Thread 0x00000186f68fd000 Exception <a 'java/lang/NoSuchMethodError'{0x000000008b211d68}: <clinit>> (0x000000008b211d68) thrown at [./src/hotspot/share/prims/jni.cpp, line 1362]
Event: 15.687 Thread 0x00000186f82db000 Implicit null exception at 0x00000186a3603052 to 0x00000186a36038f4
Event: 15.687 Thread 0x00000186f82dd800 Implicit null exception at 0x00000186a3603052 to 0x00000186a36038f4
Event: 15.687 Thread 0x00000186f82dc800 Implicit null exception at 0x00000186a3603052 to 0x00000186a36038f4
Event: 15.896 Thread 0x00000186f68fa800 Exception <a 'java/lang/NoSuchMethodError'{0x00000000893e4e40}: 'int java.lang.invoke.DirectMethodHandle$Holder.invokeSpecial(java.lang.Object, java.lang.Object, java.lang.Object, java.lang.Object, java.lang.Object)'> (0x00000000893e4e40) thrown at [./src/hotspot/share/interpreter/linkResolver.cpp, line 773]
Event: 16.631 Thread 0x00000186f3f53800 Exception <a 'sun/nio/fs/WindowsException'{0x000000008c071c28}> (0x000000008c071c28) thrown at [./src/hotspot/share/prims/jni.cpp, line 615]

Events (20 events):
Event: 16.684 loading class com/android/tools/r8/graph/G$f
Event: 16.684 loading class com/android/tools/r8/graph/G$f done
Event: 16.685 loading class com/android/tools/r8/graph/G
Event: 16.685 loading class com/android/tools/r8/graph/G done
Event: 16.685 loading class com/android/builder/internal/aapt/v2/Aapt2DaemonManager$leaseDaemon$1
Event: 16.685 loading class com/android/builder/internal/aapt/v2/Aapt2DaemonManager$leaseDaemon$1 done
Event: 16.685 loading class com/android/builder/internal/aapt/v2/Aapt2Daemon$WhenMappings
Event: 16.685 loading class com/android/builder/internal/aapt/v2/Aapt2Daemon$WhenMappings done
Event: 16.685 loading class com/android/tools/r8/graph/G$i
Event: 16.685 loading class com/android/tools/r8/graph/G$i done
Event: 16.685 loading class com/android/builder/internal/aapt/v2/Aapt2DaemonImpl$WaitForReadyOnStdOut
Event: 16.685 loading class com/android/builder/internal/aapt/v2/Aapt2DaemonImpl$WaitForReadyOnStdOut done
Event: 16.686 loading class java/lang/ProcessBuilder
Event: 16.687 loading class java/lang/ProcessBuilder done
Event: 16.687 loading class java/lang/ProcessImpl
Event: 16.688 loading class java/lang/ProcessImpl done
Event: 16.688 loading class com/android/tools/r8/internal/E9
Event: 16.688 loading class com/android/tools/r8/internal/E9 done
Event: 16.689 loading class com/android/tools/r8/internal/Vi
Event: 16.689 loading class com/android/tools/r8/internal/Vi done


Dynamic libraries:
0x00007ff77ac50000 - 0x00007ff77ac5a000 	D:\Android\AndroidStudio\jre\bin\java.exe
0x00007ffb437d0000 - 0x00007ffb439c5000 	C:\WINDOWS\SYSTEM32\ntdll.dll
0x00007ffb42050000 - 0x00007ffb4210e000 	C:\WINDOWS\System32\KERNEL32.DLL
0x00007ffb41200000 - 0x00007ffb414c8000 	C:\WINDOWS\System32\KERNELBASE.dll
0x00007ffb40f10000 - 0x00007ffb41010000 	C:\WINDOWS\System32\ucrtbase.dll
0x00007ffb09540000 - 0x00007ffb09557000 	D:\Android\AndroidStudio\jre\bin\VCRUNTIME140.dll
0x00007ffb04db0000 - 0x00007ffb04dc9000 	D:\Android\AndroidStudio\jre\bin\jli.dll
0x00007ffb419c0000 - 0x00007ffb41b61000 	C:\WINDOWS\System32\USER32.dll
0x00007ffb40ee0000 - 0x00007ffb40f02000 	C:\WINDOWS\System32\win32u.dll
0x00007ffb41990000 - 0x00007ffb419bb000 	C:\WINDOWS\System32\GDI32.dll
0x00007ffb41500000 - 0x00007ffb4160d000 	C:\WINDOWS\System32\gdi32full.dll
0x00007ffb41670000 - 0x00007ffb4170d000 	C:\WINDOWS\System32\msvcp_win.dll
0x00007ffb2a4e0000 - 0x00007ffb2a77a000 	C:\WINDOWS\WinSxS\amd64_microsoft.windows.common-controls_6595b64144ccf1df_6.0.19041.1110_none_60b5254171f9507e\COMCTL32.dll
0x00007ffb42f20000 - 0x00007ffb42fbe000 	C:\WINDOWS\System32\msvcrt.dll
0x00007ffb43440000 - 0x00007ffb43470000 	C:\WINDOWS\System32\IMM32.DLL
0x0000000070d40000 - 0x0000000070d4a000 	D:\360\360Safe\safemon\SafeWrapper.dll
0x00007ffb418e0000 - 0x00007ffb4198c000 	C:\WINDOWS\System32\ADVAPI32.dll
0x00007ffb435b0000 - 0x00007ffb4364b000 	C:\WINDOWS\System32\sechost.dll
0x00007ffb42570000 - 0x00007ffb4269a000 	C:\WINDOWS\System32\RPCRT4.dll
0x00007ffb2a190000 - 0x00007ffb2a222000 	D:\360\360Safe\safemon\libzdtp64.dll
0x00007ffb41870000 - 0x00007ffb418c5000 	C:\WINDOWS\System32\SHLWAPI.dll
0x00007ffb40a60000 - 0x00007ffb40a6a000 	C:\WINDOWS\SYSTEM32\VERSION.dll
0x00007ffaec260000 - 0x00007ffaec2fd000 	D:\Android\AndroidStudio\jre\bin\msvcp140.dll
0x00007ffafe390000 - 0x00007ffafee5f000 	D:\Android\AndroidStudio\jre\bin\server\jvm.dll
0x00007ffb418d0000 - 0x00007ffb418d8000 	C:\WINDOWS\System32\PSAPI.DLL
0x00007ffb1b820000 - 0x00007ffb1b829000 	C:\WINDOWS\SYSTEM32\WSOCK32.dll
0x00007ffb2a780000 - 0x00007ffb2a7a7000 	C:\WINDOWS\SYSTEM32\WINMM.dll
0x00007ffb43720000 - 0x00007ffb4378b000 	C:\WINDOWS\System32\WS2_32.dll
0x00007ffb3f6f0000 - 0x00007ffb3f702000 	C:\WINDOWS\SYSTEM32\kernel.appcore.dll
0x00007ffb3a850000 - 0x00007ffb3a861000 	D:\Android\AndroidStudio\jre\bin\verify.dll
0x00007ffb3f300000 - 0x00007ffb3f4e4000 	C:\WINDOWS\SYSTEM32\DBGHELP.DLL
0x00007ffb2b050000 - 0x00007ffb2b07c000 	C:\WINDOWS\SYSTEM32\dbgcore.DLL
0x00007ffb41010000 - 0x00007ffb41092000 	C:\WINDOWS\System32\bcryptPrimitives.dll
0x00007ffb3a820000 - 0x00007ffb3a849000 	D:\Android\AndroidStudio\jre\bin\java.dll
0x00007ffb39b20000 - 0x00007ffb39b2b000 	D:\Android\AndroidStudio\jre\bin\jimage.dll
0x00007ffb39b00000 - 0x00007ffb39b18000 	D:\Android\AndroidStudio\jre\bin\zip.dll
0x00007ffb427d0000 - 0x00007ffb42f14000 	C:\WINDOWS\System32\SHELL32.dll
0x00007ffb3ea90000 - 0x00007ffb3f224000 	C:\WINDOWS\SYSTEM32\windows.storage.dll
0x00007ffb41c90000 - 0x00007ffb41fe5000 	C:\WINDOWS\System32\combase.dll
0x00007ffb408c0000 - 0x00007ffb408ee000 	C:\WINDOWS\SYSTEM32\Wldp.dll
0x00007ffb42120000 - 0x00007ffb421cd000 	C:\WINDOWS\System32\SHCORE.dll
0x00007ffb40e20000 - 0x00007ffb40e3f000 	C:\WINDOWS\SYSTEM32\profapi.dll
0x00007ffb39ae0000 - 0x00007ffb39afa000 	D:\Android\AndroidStudio\jre\bin\net.dll
0x00007ffb2f9e0000 - 0x00007ffb2faec000 	C:\WINDOWS\SYSTEM32\WINHTTP.dll
0x00007ffb40620000 - 0x00007ffb4068a000 	C:\WINDOWS\system32\mswsock.dll
0x00007ffb39ac0000 - 0x00007ffb39ad4000 	D:\Android\AndroidStudio\jre\bin\nio.dll
0x00007ffb22820000 - 0x00007ffb22847000 	C:\Users\14185\.gradle\native\8bec1ad78214c89d9ad589b4d07fe93259594b29d510b10fafb7a158f7737e5d\windows-amd64\native-platform.dll
0x00007ffb03e80000 - 0x00007ffb03fbd000 	C:\Users\14185\.gradle\native\53dbd7edfb1c66fb8903c78663c9afc45aea4f116125fa6feffd364cf09443e8\windows-amd64\native-platform-file-events.dll
0x00007ffb39ab0000 - 0x00007ffb39aba000 	D:\Android\AndroidStudio\jre\bin\management.dll
0x00007ffb39aa0000 - 0x00007ffb39aac000 	D:\Android\AndroidStudio\jre\bin\management_ext.dll
0x00007ffb40810000 - 0x00007ffb40828000 	C:\WINDOWS\SYSTEM32\CRYPTSP.dll
0x00007ffb3ff30000 - 0x00007ffb3ff64000 	C:\WINDOWS\system32\rsaenh.dll
0x00007ffb414d0000 - 0x00007ffb414f7000 	C:\WINDOWS\System32\bcrypt.dll
0x00007ffb40da0000 - 0x00007ffb40dce000 	C:\WINDOWS\SYSTEM32\USERENV.dll
0x00007ffb40830000 - 0x00007ffb4083c000 	C:\WINDOWS\SYSTEM32\CRYPTBASE.dll
0x00007ffb402c0000 - 0x00007ffb402fb000 	C:\WINDOWS\SYSTEM32\IPHLPAPI.DLL
0x00007ffb42110000 - 0x00007ffb42118000 	C:\WINDOWS\System32\NSI.dll
0x00007ffb36be0000 - 0x00007ffb36bf7000 	C:\WINDOWS\SYSTEM32\dhcpcsvc6.DLL
0x00007ffb36dd0000 - 0x00007ffb36ded000 	C:\WINDOWS\SYSTEM32\dhcpcsvc.DLL
0x00007ffb40300000 - 0x00007ffb403cb000 	C:\WINDOWS\SYSTEM32\DNSAPI.dll

dbghelp: loaded successfully - version: 4.0.5 - missing functions: none
symbol engine: initialized successfully - sym options: 0x614 - pdb path: .;D:\Android\AndroidStudio\jre\bin;C:\WINDOWS\SYSTEM32;C:\WINDOWS\WinSxS\amd64_microsoft.windows.common-controls_6595b64144ccf1df_6.0.19041.1110_none_60b5254171f9507e;D:\360\360Safe\safemon;D:\Android\AndroidStudio\jre\bin\server;C:\Users\14185\.gradle\native\8bec1ad78214c89d9ad589b4d07fe93259594b29d510b10fafb7a158f7737e5d\windows-amd64;C:\Users\14185\.gradle\native\53dbd7edfb1c66fb8903c78663c9afc45aea4f116125fa6feffd364cf09443e8\windows-amd64

VM Arguments:
jvm_args: --add-opens=java.base/java.util=ALL-UNNAMED --add-opens=java.base/java.lang=ALL-UNNAMED --add-opens=java.base/java.lang.invoke=ALL-UNNAMED --add-opens=java.base/java.util=ALL-UNNAMED --add-opens=java.prefs/java.util.prefs=ALL-UNNAMED --add-opens=java.prefs/java.util.prefs=ALL-UNNAMED --add-opens=java.base/java.nio.charset=ALL-UNNAMED --add-opens=java.base/java.net=ALL-UNNAMED --add-opens=java.base/java.util.concurrent.atomic=ALL-UNNAMED -Xmx2048m -Dfile.encoding=UTF-8 -Duser.country=CN -Duser.language=zh -Duser.variant 
java_command: org.gradle.launcher.daemon.bootstrap.GradleDaemon 7.0.2
java_class_path (initial): C:\Users\14185\.gradle\wrapper\dists\gradle-7.0.2-bin\857tjihv64xamwrf0h14cai3r\gradle-7.0.2\lib\gradle-launcher-7.0.2.jar
Launcher Type: SUN_STANDARD

[Global flags]
     intx CICompilerCount                          = 4                                         {product} {ergonomic}
     uint ConcGCThreads                            = 2                                         {product} {ergonomic}
     uint G1ConcRefinementThreads                  = 8                                         {product} {ergonomic}
   size_t G1HeapRegionSize                         = 1048576                                   {product} {ergonomic}
    uintx GCDrainStackTargetSize                   = 64                                        {product} {ergonomic}
   size_t InitialHeapSize                          = 266338304                                 {product} {ergonomic}
   size_t MarkStackSize                            = 4194304                                   {product} {ergonomic}
   size_t MaxHeapSize                              = 2147483648                                {product} {command line}
   size_t MaxNewSize                               = 1287651328                                {product} {ergonomic}
   size_t MinHeapDeltaBytes                        = 1048576                                   {product} {ergonomic}
    uintx NonNMethodCodeHeapSize                   = 5836300                                {pd product} {ergonomic}
    uintx NonProfiledCodeHeapSize                  = 122910970                              {pd product} {ergonomic}
    uintx ProfiledCodeHeapSize                     = 122910970                              {pd product} {ergonomic}
    uintx ReservedCodeCacheSize                    = 251658240                              {pd product} {ergonomic}
     bool SegmentedCodeCache                       = true                                      {product} {ergonomic}
     bool UseCompressedClassPointers               = true                                 {lp64_product} {ergonomic}
     bool UseCompressedOops                        = true                                 {lp64_product} {ergonomic}
     bool UseG1GC                                  = true                                      {product} {ergonomic}
     bool UseLargePagesIndividualAllocation        = false                                  {pd product} {ergonomic}

Logging:
Log output configuration:
 #0: stdout all=warning uptime,level,tags
 #1: stderr all=off uptime,level,tags

Environment Variables:
JAVA_HOME=D:\JDK
PATH=C:\Program Files\PlasticSCM5\server;C:\Program Files\PlasticSCM5\client;C:\Program Files\Common Files\Oracle\Java\javapath;C:\windows\system32;C:\windows;C:\windows\System32\Wbem;C:\windows\System32\WindowsPowerShell\v1.0\;C:\windows\System32\OpenSSH\;C:\Program Files (x86)\NVIDIA Corporation\PhysX\Common;C:\WINDOWS\system32;C:\WINDOWS;C:\WINDOWS\System32\Wbem;C:\WINDOWS\System32\WindowsPowerShell\v1.0\;C:\WINDOWS\System32\OpenSSH\;"D:\JDK\bin;";C:\Program Files\Microsoft SQL Server\Client SDK\ODBC\130\Tools\Binn\;C:\Program Files (x86)\Microsoft SQL Server\130\Tools\Binn\;C:\Program Files\Microsoft SQL Server\130\Tools\Binn\;C:\Program Files\Microsoft SQL Server\130\DTS\Binn\;C:\Program Files (x86)\Microsoft SQL Server\150\DTS\Binn\;D:\Microsoft VS Code\bin;C:\Users\14185\AppData\Local\Programs\Python\Python39\;D:\Dev-Cpp\devcpp.exe
USERNAME=14185
OS=Windows_NT
PROCESSOR_IDENTIFIER=Intel64 Family 6 Model 142 Stepping 12, GenuineIntel



---------------  S Y S T E M  ---------------

OS: Windows 10 , 64 bit Build 19041 (10.0.19041.1348)
OS uptime: 0 days 0:02 hours

CPU:total 8 (initial active 8) (4 cores per cpu, 2 threads per core) family 6 model 142 stepping 12 microcode 0xca, cmov, cx8, fxsr, mmx, sse, sse2, sse3, ssse3, sse4.1, sse4.2, popcnt, avx, avx2, aes, clmul, erms, 3dnowpref, lzcnt, ht, tsc, tscinvbit, bmi1, bmi2, adx, fma

Memory: 4k page, system-wide physical 16221M (7485M free)
TotalPageFile size 24925M (AvailPageFile size 14703M)
current process WorkingSet (physical memory assigned to process): 505M, peak: 505M
current process commit charge ("private bytes"): 561M, peak: 561M

vm_info: OpenJDK 64-Bit Server VM (11.0.10+0-b96-7249189) for windows-amd64 JRE (11.0.10+0-b96-7249189), built on Mar 31 2021 21:44:00 by "builder" with MS VC++ 14.0 (VS2015)

END.
