#
# A fatal error has been detected by the Java Runtime Environment:
#
#  EXCEPTION_ACCESS_VIOLATION (0xc0000005) at pc=0x00007ffcc247c2b3, pid=13992, tid=18140
#
# JRE version: OpenJDK Runtime Environment (11.0.10) (build 11.0.10+0-b96-7249189)
# Java VM: OpenJDK 64-Bit Server VM (11.0.10+0-b96-7249189, mixed mode, tiered, compressed oops, g1 gc, windows-amd64)
# Problematic frame:
# C  [libzdtp64.dll+0x1c2b3]
#
# No core dump will be written. Minidumps are not enabled by default on client versions of Windows
#
# If you would like to submit a bug report, please visit:
#   https://bugreport.java.com/bugreport/crash.jsp
# The crash happened outside the Java Virtual Machine in native code.
# See problematic frame for where to report the bug.
#

---------------  S U M M A R Y ------------

Command Line: --add-opens=java.base/java.util=ALL-UNNAMED --add-opens=java.base/java.lang=ALL-UNNAMED --add-opens=java.base/java.lang.invoke=ALL-UNNAMED --add-opens=java.base/java.util=ALL-UNNAMED --add-opens=java.prefs/java.util.prefs=ALL-UNNAMED --add-opens=java.prefs/java.util.prefs=ALL-UNNAMED --add-opens=java.base/java.nio.charset=ALL-UNNAMED --add-opens=java.base/java.net=ALL-UNNAMED --add-opens=java.base/java.util.concurrent.atomic=ALL-UNNAMED -Xmx2048m -Dfile.encoding=UTF-8 -Duser.country=CN -Duser.language=zh -Duser.variant org.gradle.launcher.daemon.bootstrap.GradleDaemon 7.0.2

Host: Intel(R) Core(TM) i7-10510U CPU @ 1.80GHz, 8 cores, 15G,  Windows 10 , 64 bit Build 19041 (10.0.19041.1348)
Time: Mon Dec 27 11:13:35 2021 中国标准时间 elapsed time: 22.421639 seconds (0d 0h 0m 22s)

---------------  T H R E A D  ---------------

Current thread (0x0000013c69989800):  JavaThread "WorkerExecutor Queue Thread 3" [_thread_in_native, id=18140, stack(0x0000002bca400000,0x0000002bca500000)]

Stack: [0x0000002bca400000,0x0000002bca500000],  sp=0x0000002bca4fd300,  free space=1012k
Native frames: (J=compiled Java code, j=interpreted, Vv=VM code, C=native code)
C  [libzdtp64.dll+0x1c2b3]
C  [libzdtp64.dll+0x1cf8d]
C  0x0000013c4cdbff48

Java frames: (J=compiled Java code, j=interpreted, Vv=VM code)
j  java.lang.ProcessImpl.create(Ljava/lang/String;Ljava/lang/String;Ljava/lang/String;[JZ)J+0 java.base@11.0.10
j  java.lang.ProcessImpl.<init>([Ljava/lang/String;Ljava/lang/String;Ljava/lang/String;[JZ)V+264 java.base@11.0.10
j  java.lang.ProcessImpl.start([Ljava/lang/String;Ljava/util/Map;Ljava/lang/String;[Ljava/lang/ProcessBuilder$Redirect;Z)Ljava/lang/Process;+399 java.base@11.0.10
j  java.lang.ProcessBuilder.start([Ljava/lang/ProcessBuilder$Redirect;)Ljava/lang/Process;+163 java.base@11.0.10
j  java.lang.ProcessBuilder.start()Ljava/lang/Process;+5 java.base@11.0.10
j  com.android.builder.internal.aapt.v2.Aapt2DaemonImpl.startProcess()V+41
j  com.android.builder.internal.aapt.v2.Aapt2Daemon.checkStarted()V+66
j  com.android.builder.internal.aapt.v2.Aapt2Daemon.link(Lcom/android/builder/internal/aapt/AaptPackageConfig;Lcom/android/utils/ILogger;)V+13
j  com.android.builder.internal.aapt.v2.Aapt2DaemonManager$LeasedAaptDaemon.link(Lcom/android/builder/internal/aapt/AaptPackageConfig;Lcom/android/utils/ILogger;)V+34
j  com.android.builder.internal.aapt.v2.Aapt2DaemonManager$leasingAapt2Daemon$1.link(Lcom/android/builder/internal/aapt/AaptPackageConfig;Lcom/android/utils/ILogger;)V+49
j  com.android.build.gradle.internal.services.PartialInProcessResourceProcessor.link(Lcom/android/builder/internal/aapt/AaptPackageConfig;Lcom/android/utils/ILogger;)V+18
j  com.android.build.gradle.internal.res.Aapt2ProcessResourcesRunnableKt.processResources(Lcom/android/builder/internal/aapt/v2/Aapt2;Lcom/android/builder/internal/aapt/AaptPackageConfig;Ljava/io/File;Lorg/gradle/api/logging/Logger;Lcom/android/build/gradle/options/SyncOptions$ErrorFormatMode;Lkotlin/jvm/functions/Function1;)V+46
j  com.android.build.gradle.internal.res.LinkApplicationAndroidResourcesTask$Companion.invokeAaptForSplit(Lcom/android/build/api/variant/impl/VariantOutputImpl$SerializedForm;Lcom/android/build/api/variant/impl/BuiltArtifactImpl;ZLcom/android/builder/internal/aapt/v2/Aapt2;Ljava/io/File;Lcom/android/build/gradle/internal/res/LinkApplicationAndroidResourcesTask$TaskWorkActionParameters;)V+1428
j  com.android.build.gradle.internal.res.LinkApplicationAndroidResourcesTask$Companion.access$invokeAaptForSplit(Lcom/android/build/gradle/internal/res/LinkApplicationAndroidResourcesTask$Companion;Lcom/android/build/api/variant/impl/VariantOutputImpl$SerializedForm;Lcom/android/build/api/variant/impl/BuiltArtifactImpl;ZLcom/android/builder/internal/aapt/v2/Aapt2;Ljava/io/File;Lcom/android/build/gradle/internal/res/LinkApplicationAndroidResourcesTask$TaskWorkActionParameters;)V+10
j  com.android.build.gradle.internal.res.LinkApplicationAndroidResourcesTask$TaskAction.run()V+224
j  com.android.build.gradle.internal.profile.ProfileAwareWorkAction.execute()V+74
j  org.gradle.workers.internal.DefaultWorkerServer.execute(Lorg/gradle/workers/internal/SimpleActionExecutionSpec;)Lorg/gradle/workers/internal/DefaultWorkResult;+128
j  org.gradle.workers.internal.NoIsolationWorkerFactory$1$1.create()Lorg/gradle/workers/internal/DefaultWorkResult;+29
j  org.gradle.workers.internal.NoIsolationWorkerFactory$1$1.create()Ljava/lang/Object;+1
j  org.gradle.internal.classloader.ClassLoaderUtils.executeInClassloader(Ljava/lang/ClassLoader;Lorg/gradle/internal/Factory;)Ljava/lang/Object;+15
j  org.gradle.workers.internal.NoIsolationWorkerFactory$1.lambda$execute$0(Ljava/lang/ClassLoader;Lorg/gradle/workers/WorkerExecutor;Lorg/gradle/workers/internal/IsolatedParametersActionExecutionSpec;)Lorg/gradle/workers/internal/DefaultWorkResult;+10
j  org.gradle.workers.internal.NoIsolationWorkerFactory$1$$Lambda$1052.execute(Lorg/gradle/workers/internal/IsolatedParametersActionExecutionSpec;)Lorg/gradle/workers/internal/DefaultWorkResult;+13
j  org.gradle.workers.internal.AbstractWorker$1.call(Lorg/gradle/internal/operations/BuildOperationContext;)Lorg/gradle/workers/internal/DefaultWorkResult;+8
j  org.gradle.workers.internal.AbstractWorker$1.call(Lorg/gradle/internal/operations/BuildOperationContext;)Ljava/lang/Object;+2
J 9439 c1 org.gradle.internal.operations.DefaultBuildOperationRunner$CallableBuildOperationWorker.execute(Lorg/gradle/internal/operations/BuildOperation;Lorg/gradle/internal/operations/BuildOperationContext;)V (10 bytes) @ 0x0000013c4e71f114 [0x0000013c4e71f060+0x00000000000000b4]
J 6545 c1 org.gradle.internal.operations.DefaultBuildOperationRunner$3.execute(Lorg/gradle/internal/operations/BuildOperationDescriptor;Lorg/gradle/internal/operations/BuildOperationState;Lorg/gradle/internal/operations/BuildOperationState;Lorg/gradle/internal/operations/DefaultBuildOperationRunner$ReadableBuildOperationContext;Lorg/gradle/internal/operations/DefaultBuildOperationRunner$BuildOperationExecutionListener;)Lorg/gradle/internal/operations/BuildOperation; (110 bytes) @ 0x0000013c4e0c5a24 [0x0000013c4e0c5840+0x00000000000001e4]
J 6546 c1 org.gradle.internal.operations.DefaultBuildOperationRunner.execute(Lorg/gradle/internal/operations/BuildOperationDescriptor$Builder;Lorg/gradle/internal/operations/BuildOperationState;Lorg/gradle/internal/operations/DefaultBuildOperationRunner$BuildOperationExecution;)Ljava/lang/Object; (140 bytes) @ 0x0000013c4e0c35b4 [0x0000013c4e0c28a0+0x0000000000000d14]
J 8775 c1 org.gradle.internal.operations.DefaultBuildOperationRunner.call(Lorg/gradle/internal/operations/CallableBuildOperation;)Ljava/lang/Object; (24 bytes) @ 0x0000013c4e5aa95c [0x0000013c4e5aa260+0x00000000000006fc]
J 6671 c1 org.gradle.internal.operations.DefaultBuildOperationExecutor.call(Lorg/gradle/internal/operations/CallableBuildOperation;)Ljava/lang/Object; (19 bytes) @ 0x0000013c4e10c9cc [0x0000013c4e10c120+0x00000000000008ac]
j  org.gradle.workers.internal.AbstractWorker.executeWrappedInBuildOperation(Lorg/gradle/workers/internal/IsolatedParametersActionExecutionSpec;Lorg/gradle/internal/operations/BuildOperationRef;Lorg/gradle/workers/internal/AbstractWorker$Work;)Lorg/gradle/workers/internal/DefaultWorkResult;+15
j  org.gradle.workers.internal.NoIsolationWorkerFactory$1.execute(Lorg/gradle/workers/internal/IsolatedParametersActionExecutionSpec;Lorg/gradle/internal/operations/BuildOperationRef;)Lorg/gradle/workers/internal/DefaultWorkResult;+17
j  org.gradle.workers.internal.DefaultWorkerExecutor.lambda$submitWork$2(Lorg/gradle/workers/internal/WorkerFactory;Lorg/gradle/workers/internal/WorkerRequirement;Lorg/gradle/workers/internal/IsolatedParametersActionExecutionSpec;Lorg/gradle/internal/operations/BuildOperationRef;)Lorg/gradle/workers/internal/DefaultWorkResult;+13
j  org.gradle.workers.internal.DefaultWorkerExecutor$$Lambda$1050.call()Ljava/lang/Object;+16
J 7745 c1 java.util.concurrent.FutureTask.run()V java.base@11.0.10 (123 bytes) @ 0x0000013c4e3a6e44 [0x0000013c4e3a67a0+0x00000000000006a4]
j  org.gradle.internal.work.DefaultConditionalExecutionQueue$ExecutionRunner.runExecution(Lorg/gradle/internal/work/ConditionalExecution;)V+6
j  org.gradle.internal.work.DefaultConditionalExecutionQueue$ExecutionRunner.runBatch(Lorg/gradle/internal/work/ConditionalExecution;)V+8
j  org.gradle.internal.work.DefaultConditionalExecutionQueue$ExecutionRunner.run()V+11
j  java.util.concurrent.Executors$RunnableAdapter.call()Ljava/lang/Object;+4 java.base@11.0.10
J 7745 c1 java.util.concurrent.FutureTask.run()V java.base@11.0.10 (123 bytes) @ 0x0000013c4e3a6e44 [0x0000013c4e3a67a0+0x00000000000006a4]
J 9202 c1 org.gradle.internal.concurrent.ManagedExecutorImpl$1.run()V (57 bytes) @ 0x0000013c4e69d8cc [0x0000013c4e69d660+0x000000000000026c]
j  java.util.concurrent.ThreadPoolExecutor.runWorker(Ljava/util/concurrent/ThreadPoolExecutor$Worker;)V+92 java.base@11.0.10
j  java.util.concurrent.ThreadPoolExecutor$Worker.run()V+5 java.base@11.0.10
j  org.gradle.internal.concurrent.ThreadFactoryImpl$ManagedThreadRunnable.run()V+7
j  java.lang.Thread.run()V+11 java.base@11.0.10
v  ~StubRoutines::call_stub

siginfo: EXCEPTION_ACCESS_VIOLATION (0xc0000005), reading address 0x0000000000000018


Register to memory mapping:

RIP=0x00007ffcc247c2b3 libzdtp64.dll
RAX=0x0 is NULL
RBX=0x0 is NULL
RCX=0x0000002bca4fd4e0 is pointing into the stack for thread: 0x0000013c69989800
RDX=0x0 is NULL
RSP=0x0000002bca4fd300 is pointing into the stack for thread: 0x0000013c69989800
RBP=0x0000002bca4fd400 is pointing into the stack for thread: 0x0000013c69989800
RSI=0x0 is NULL
RDI=0x0000002bca4fd4e0 is pointing into the stack for thread: 0x0000013c69989800
R8 =0x0000000000000004 is an unknown value
R9 =0x0000000000000001 is an unknown value
R10=0x0000000000008000 is an unknown value
R11=0x0000002bca4fd3e0 is pointing into the stack for thread: 0x0000013c69989800
R12=0x0 is NULL
R13=0x0000013c6c1aa1e8 points into unknown readable memory: 0x0000000000000000 | 00 00 00 00 00 00 00 00
R14=0x0 is NULL
R15=0x0000000000000001 is an unknown value


Registers:
RAX=0x0000000000000000, RBX=0x0000000000000000, RCX=0x0000002bca4fd4e0, RDX=0x0000000000000000
RSP=0x0000002bca4fd300, RBP=0x0000002bca4fd400, RSI=0x0000000000000000, RDI=0x0000002bca4fd4e0
R8 =0x0000000000000004, R9 =0x0000000000000001, R10=0x0000000000008000, R11=0x0000002bca4fd3e0
R12=0x0000000000000000, R13=0x0000013c6c1aa1e8, R14=0x0000000000000000, R15=0x0000000000000001
RIP=0x00007ffcc247c2b3, EFLAGS=0x0000000000010293

Top of Stack: (sp=0x0000002bca4fd300)
0x0000002bca4fd300:   00007ffcda2fe670 0000002bca4fd2b8
0x0000002bca4fd310:   0000013c6c1aa1f8 0000000000000007
0x0000002bca4fd320:   0000013c6c1aa1e8 0000000000000000
0x0000002bca4fd330:   0000000000000004 0000000000000000
0x0000002bca4fd340:   0000002bca4fd440 00007ffcdc455ba1
0x0000002bca4fd350:   0000000000000000 0000000000000004
0x0000002bca4fd360:   0000013c69989b48 fffffffffffffffe
0x0000002bca4fd370:   0000000000000004 00007ffc7fdc047b
0x0000002bca4fd380:   0000013c6f7e3ae0 0000013c00000550
0x0000002bca4fd390:   0000013c69989800 0000013c6fc7e800
0x0000002bca4fd3a0:   0000013c6fc89350 0000013c6c1aa1e8
0x0000002bca4fd3b0:   0000013c47580000 0000002bca4fd450
0x0000002bca4fd3c0:   000000000000006c 0000002bca4fd460
0x0000002bca4fd3d0:   0000000000000000 00007ffcda07b430
0x0000002bca4fd3e0:   0000000000000000 000000000000000f
0x0000002bca4fd3f0:   0000013c6c1aa1e8 0000000000000000 

Instructions: (pc=0x00007ffcc247c2b3)
0x00007ffcc247c1b3:   48 8b 0f 48 8b 47 08 48 2b c1 48 c1 f8 05 49 63
0x00007ffcc247c1c3:   f6 48 83 c0 f6 48 3b f0 74 16 4d 8b c7 48 8d 15
0x00007ffcc247c1d3:   ad 87 04 00 48 8d 4d d0 e8 e0 99 fe ff 48 8b 0f
0x00007ffcc247c1e3:   41 ff c6 48 83 c3 20 48 8b 47 08 48 2b c1 48 c1
0x00007ffcc247c1f3:   f8 05 48 3b f0 72 8a 48 83 7d e0 00 0f 84 3a 06
0x00007ffcc247c203:   00 00 66 44 89 7c 24 40 0f 57 c0 f3 0f 7f 44 24
0x00007ffcc247c213:   48 4c 89 64 24 58 66 0f 6f 05 6f 59 05 00 f3 0f
0x00007ffcc247c223:   7f 45 a0 c6 45 90 00 41 b8 04 00 00 00 48 8d 15
0x00007ffcc247c233:   59 0a 05 00 48 8d 4d 90 e8 20 50 fe ff 90 66 0f
0x00007ffcc247c243:   6f 05 47 59 05 00 f3 0f 7f 45 80 c6 44 24 70 00
0x00007ffcc247c253:   41 b8 06 00 00 00 48 8d 15 34 81 04 00 48 8d 4c
0x00007ffcc247c263:   24 70 e8 f6 4f fe ff 90 48 8d 54 24 70 48 8d 4d
0x00007ffcc247c273:   f0 e8 97 e5 fe ff 90 48 8d 55 90 48 8d 4d 10 e8
0x00007ffcc247c283:   89 e5 fe ff c7 45 30 65 00 00 00 48 8b 44 24 50
0x00007ffcc247c293:   48 39 44 24 58 74 60 48 8d 55 f0 48 8b c8 e8 aa
0x00007ffcc247c2a3:   d0 ff ff 48 83 44 24 50 48 eb 5e 66 90 48 8b d3
0x00007ffcc247c2b3:   48 83 7b 18 10 72 03 48 8b 13 49 c7 c0 ff ff ff
0x00007ffcc247c2c3:   ff 49 ff c0 42 80 3c 02 00 75 f6 48 8d 4d d0 e8
0x00007ffcc247c2d3:   e9 98 fe ff 48 83 c3 20 48 3b 5f 08 0f 84 15 ff
0x00007ffcc247c2e3:   ff ff 4d 8b c7 48 8d 15 a5 86 04 00 48 8d 4d d0
0x00007ffcc247c2f3:   e8 c8 98 fe ff eb b6 4c 8d 45 f0 48 8b d0 48 8d
0x00007ffcc247c303:   4c 24 48 e8 45 23 00 00 90 48 8d 4d f0 e8 7b 93
0x00007ffcc247c313:   ff ff 90 48 8b 55 88 48 83 fa 10 72 33 48 ff c2
0x00007ffcc247c323:   48 8b 4c 24 70 48 8b c1 48 81 fa 00 10 00 00 72
0x00007ffcc247c333:   19 48 83 c2 27 48 8b 49 f8 48 2b c1 48 83 c0 f8
0x00007ffcc247c343:   48 83 f8 1f 0f 87 5d 05 00 00 e8 1e a9 00 00 90
0x00007ffcc247c353:   48 8b 55 a8 48 83 fa 10 72 31 48 ff c2 48 8b 4d
0x00007ffcc247c363:   90 48 8b c1 48 81 fa 00 10 00 00 72 19 48 83 c2
0x00007ffcc247c373:   27 48 8b 49 f8 48 2b c1 48 83 c0 f8 48 83 f8 1f
0x00007ffcc247c383:   0f 87 27 05 00 00 e8 e2 a8 00 00 66 0f 6f 05 fa
0x00007ffcc247c393:   57 05 00 f3 0f 7f 45 80 c6 44 24 70 00 41 b8 03
0x00007ffcc247c3a3:   00 00 00 48 8d 15 b7 85 04 00 48 8d 4c 24 70 e8 


Stack slot to memory mapping:
stack at sp + 0 slots: 0x00007ffcda2fe670 KERNELBASE.dll
stack at sp + 1 slots: 0x0000002bca4fd2b8 is pointing into the stack for thread: 0x0000013c69989800
stack at sp + 2 slots: 0x0000013c6c1aa1f8 points into unknown readable memory: 0x0000000000000000 | 00 00 00 00 00 00 00 00
stack at sp + 3 slots: 0x0000000000000007 is an unknown value
stack at sp + 4 slots: 0x0000013c6c1aa1e8 points into unknown readable memory: 0x0000000000000000 | 00 00 00 00 00 00 00 00
stack at sp + 5 slots: 0x0 is NULL
stack at sp + 6 slots: 0x0000000000000004 is an unknown value
stack at sp + 7 slots: 0x0 is NULL


---------------  P R O C E S S  ---------------

Threads class SMR info:
_java_thread_list=0x0000013c69d97360, length=73, elements={
0x0000013c48eb6800, 0x0000013c64754800, 0x0000013c64762800, 0x0000013c63eae000,
0x0000013c647ab000, 0x0000013c647ac000, 0x0000013c647af000, 0x0000013c647b6800,
0x0000013c647b9800, 0x0000013c6492a000, 0x0000013c66c79800, 0x0000013c64b9d800,
0x0000013c66a93800, 0x0000013c66e84800, 0x0000013c66e67000, 0x0000013c66e87000,
0x0000013c65c19000, 0x0000013c6695a800, 0x0000013c675c8800, 0x0000013c66e7d800,
0x0000013c66e7b800, 0x0000013c66e7c000, 0x0000013c66e7a800, 0x0000013c66e79800,
0x0000013c66e7d000, 0x0000013c66e78000, 0x0000013c66e7e800, 0x0000013c66e79000,
0x0000013c698c5800, 0x0000013c698c2800, 0x0000013c698c1800, 0x0000013c698c8000,
0x0000013c698c9000, 0x0000013c698c9800, 0x0000013c698c4000, 0x0000013c698cb800,
0x0000013c698c6800, 0x0000013c698c7800, 0x0000013c698d0000, 0x0000013c698ce000,
0x0000013c698ce800, 0x0000013c698ca800, 0x0000013c698cf800, 0x0000013c698cc000,
0x0000013c698cd000, 0x0000013c6bd65000, 0x0000013c6bd66000, 0x0000013c6bd62800,
0x0000013c6bd63800, 0x0000013c6bd62000, 0x0000013c6bd67000, 0x0000013c6bd61000,
0x0000013c6bd6d800, 0x0000013c6bd6a000, 0x0000013c6bd6c800, 0x0000013c6bd67800,
0x0000013c6bd6b800, 0x0000013c6bd6b000, 0x0000013c6bd6e000, 0x0000013c6bd68800,
0x0000013c6bd69800, 0x0000013c66dff000, 0x0000013c6bd6f000, 0x0000013c69bc8800,
0x0000013c6998d800, 0x0000013c69989800, 0x0000013c6998c000, 0x0000013c69990000,
0x0000013c6998c800, 0x0000013c6998e800, 0x0000013c6998a000, 0x0000013c6998b000,
0x0000013c69993000
}

Java Threads: ( => current thread )
  0x0000013c48eb6800 JavaThread "main" [_thread_blocked, id=17652, stack(0x0000002bc5400000,0x0000002bc5500000)]
  0x0000013c64754800 JavaThread "Reference Handler" daemon [_thread_blocked, id=7200, stack(0x0000002bc5b00000,0x0000002bc5c00000)]
  0x0000013c64762800 JavaThread "Finalizer" daemon [_thread_blocked, id=2456, stack(0x0000002bc5c00000,0x0000002bc5d00000)]
  0x0000013c63eae000 JavaThread "Signal Dispatcher" daemon [_thread_blocked, id=6016, stack(0x0000002bc5d00000,0x0000002bc5e00000)]
  0x0000013c647ab000 JavaThread "Attach Listener" daemon [_thread_blocked, id=2248, stack(0x0000002bc5e00000,0x0000002bc5f00000)]
  0x0000013c647ac000 JavaThread "Service Thread" daemon [_thread_blocked, id=9904, stack(0x0000002bc5f00000,0x0000002bc6000000)]
  0x0000013c647af000 JavaThread "C2 CompilerThread0" daemon [_thread_in_native, id=520, stack(0x0000002bc6000000,0x0000002bc6100000)]
  0x0000013c647b6800 JavaThread "C1 CompilerThread0" daemon [_thread_in_native, id=5472, stack(0x0000002bc6100000,0x0000002bc6200000)]
  0x0000013c647b9800 JavaThread "Sweeper thread" daemon [_thread_blocked, id=8336, stack(0x0000002bc6200000,0x0000002bc6300000)]
  0x0000013c6492a000 JavaThread "Common-Cleaner" daemon [_thread_blocked, id=11508, stack(0x0000002bc6300000,0x0000002bc6400000)]
  0x0000013c66c79800 JavaThread "Daemon health stats" [_thread_blocked, id=3832, stack(0x0000002bc6c00000,0x0000002bc6d00000)]
  0x0000013c64b9d800 JavaThread "Incoming local TCP Connector on port 59345" [_thread_in_native, id=10776, stack(0x0000002bc6500000,0x0000002bc6600000)]
  0x0000013c66a93800 JavaThread "Daemon periodic checks" [_thread_blocked, id=4144, stack(0x0000002bc6b00000,0x0000002bc6c00000)]
  0x0000013c66e84800 JavaThread "Daemon" [_thread_blocked, id=17252, stack(0x0000002bc6d00000,0x0000002bc6e00000)]
  0x0000013c66e67000 JavaThread "Handler for socket connection from /127.0.0.1:59345 to /127.0.0.1:59346" [_thread_in_native, id=11248, stack(0x0000002bc6e00000,0x0000002bc6f00000)]
  0x0000013c66e87000 JavaThread "Cancel handler" [_thread_blocked, id=11652, stack(0x0000002bc6f00000,0x0000002bc7000000)]
  0x0000013c65c19000 JavaThread "Daemon worker" [_thread_blocked, id=6660, stack(0x0000002bc7000000,0x0000002bc7100000)]
  0x0000013c6695a800 JavaThread "Asynchronous log dispatcher for DefaultDaemonConnection: socket connection from /127.0.0.1:59345 to /127.0.0.1:59346" [_thread_blocked, id=10476, stack(0x0000002bc7100000,0x0000002bc7200000)]
  0x0000013c675c8800 JavaThread "Stdin handler" [_thread_blocked, id=17208, stack(0x0000002bc7200000,0x0000002bc7300000)]
  0x0000013c66e7d800 JavaThread "Daemon client event forwarder" [_thread_blocked, id=6116, stack(0x0000002bc7300000,0x0000002bc7400000)]
  0x0000013c66e7b800 JavaThread "Cache worker for file hash cache (C:\Users\14185\.gradle\caches\7.0.2\fileHashes)" [_thread_blocked, id=8600, stack(0x0000002bc7400000,0x0000002bc7500000)]
  0x0000013c66e7c000 JavaThread "File lock request listener" [_thread_in_native, id=14656, stack(0x0000002bc7500000,0x0000002bc7600000)]
  0x0000013c66e7a800 JavaThread "Cache worker for journal cache (C:\Users\14185\.gradle\caches\journal-1)" [_thread_blocked, id=1140, stack(0x0000002bc7900000,0x0000002bc7a00000)]
  0x0000013c66e79800 JavaThread "Cache worker for file hash cache (D:\Android\LukeDict\.gradle\7.0.2\fileHashes)" [_thread_blocked, id=16780, stack(0x0000002bc7b00000,0x0000002bc7c00000)]
  0x0000013c66e7d000 JavaThread "File watcher server" daemon [_thread_in_native, id=16988, stack(0x0000002bc7c00000,0x0000002bc7d00000)]
  0x0000013c66e78000 JavaThread "File watcher consumer" daemon [_thread_blocked, id=7636, stack(0x0000002bc7d00000,0x0000002bc7e00000)]
  0x0000013c66e7e800 JavaThread "Cache worker for checksums cache (D:\Android\LukeDict\.gradle\checksums)" [_thread_blocked, id=4196, stack(0x0000002bc7e00000,0x0000002bc7f00000)]
  0x0000013c66e79000 JavaThread "Cache worker for cache directory md-supplier (C:\Users\14185\.gradle\caches\7.0.2\md-supplier)" [_thread_blocked, id=13704, stack(0x0000002bc7f00000,0x0000002bc8000000)]
  0x0000013c698c5800 JavaThread "Cache worker for cache directory md-rule (C:\Users\14185\.gradle\caches\7.0.2\md-rule)" [_thread_blocked, id=1616, stack(0x0000002bc8100000,0x0000002bc8200000)]
  0x0000013c698c2800 JavaThread "Cache worker for execution history cache (C:\Users\14185\.gradle\caches\7.0.2\executionHistory)" [_thread_blocked, id=14664, stack(0x0000002bc8200000,0x0000002bc8300000)]
  0x0000013c698c1800 JavaThread "jar transforms" [_thread_blocked, id=3996, stack(0x0000002bc8300000,0x0000002bc8400000)]
  0x0000013c698c8000 JavaThread "jar transforms Thread 2" [_thread_blocked, id=9240, stack(0x0000002bc8400000,0x0000002bc8500000)]
  0x0000013c698c9000 JavaThread "Cache worker for file content cache (C:\Users\14185\.gradle\caches\7.0.2\fileContent)" [_thread_blocked, id=5280, stack(0x0000002bc8500000,0x0000002bc8600000)]
  0x0000013c698c9800 JavaThread "Cache worker for dependencies-accessors (D:\Android\LukeDict\.gradle\7.0.2\dependencies-accessors)" [_thread_blocked, id=10404, stack(0x0000002bc8600000,0x0000002bc8700000)]
  0x0000013c698c4000 JavaThread "jar transforms Thread 3" [_thread_blocked, id=12528, stack(0x0000002bc8000000,0x0000002bc8100000)]
  0x0000013c698cb800 JavaThread "Cache worker for Build Output Cleanup Cache (D:\Android\LukeDict\.gradle\buildOutputCleanup)" [_thread_blocked, id=5184, stack(0x0000002bc8700000,0x0000002bc8800000)]
  0x0000013c698c6800 JavaThread "Build operations" [_thread_blocked, id=17988, stack(0x0000002bc8800000,0x0000002bc8900000)]
  0x0000013c698c7800 JavaThread "Build operations Thread 2" [_thread_blocked, id=16064, stack(0x0000002bc8900000,0x0000002bc8a00000)]
  0x0000013c698d0000 JavaThread "Build operations Thread 3" [_thread_blocked, id=13644, stack(0x0000002bc8a00000,0x0000002bc8b00000)]
  0x0000013c698ce000 JavaThread "Build operations Thread 4" [_thread_blocked, id=9124, stack(0x0000002bc8b00000,0x0000002bc8c00000)]
  0x0000013c698ce800 JavaThread "Build operations Thread 5" [_thread_blocked, id=5932, stack(0x0000002bc8c00000,0x0000002bc8d00000)]
  0x0000013c698ca800 JavaThread "Build operations Thread 6" [_thread_blocked, id=11492, stack(0x0000002bc8d00000,0x0000002bc8e00000)]
  0x0000013c698cf800 JavaThread "Build operations Thread 7" [_thread_blocked, id=928, stack(0x0000002bc8e00000,0x0000002bc8f00000)]
  0x0000013c698cc000 JavaThread "Build operations Thread 8" [_thread_blocked, id=7884, stack(0x0000002bc8f00000,0x0000002bc9000000)]
  0x0000013c698cd000 JavaThread "jar transforms Thread 4" [_thread_blocked, id=1768, stack(0x0000002bc9000000,0x0000002bc9100000)]
  0x0000013c6bd65000 JavaThread "jar transforms Thread 5" [_thread_blocked, id=11200, stack(0x0000002bc9100000,0x0000002bc9200000)]
  0x0000013c6bd66000 JavaThread "jar transforms Thread 6" [_thread_blocked, id=4764, stack(0x0000002bc9200000,0x0000002bc9300000)]
  0x0000013c6bd62800 JavaThread "jar transforms Thread 7" [_thread_blocked, id=17836, stack(0x0000002bc9300000,0x0000002bc9400000)]
  0x0000013c6bd63800 JavaThread "jar transforms Thread 8" [_thread_blocked, id=15028, stack(0x0000002bc9400000,0x0000002bc9500000)]
  0x0000013c6bd62000 JavaThread "Memory manager" [_thread_blocked, id=2008, stack(0x0000002bc9600000,0x0000002bc9700000)]
  0x0000013c6bd67000 JavaThread "build event listener" [_thread_blocked, id=14116, stack(0x0000002bc9700000,0x0000002bc9800000)]
  0x0000013c6bd61000 JavaThread "pool-3-thread-1" [_thread_blocked, id=17152, stack(0x0000002bc9800000,0x0000002bc9900000)]
  0x0000013c6bd6d800 JavaThread "build event listener" [_thread_blocked, id=9804, stack(0x0000002bc9900000,0x0000002bc9a00000)]
  0x0000013c6bd6a000 JavaThread "Execution worker for ':'" [_thread_blocked, id=12252, stack(0x0000002bc9a00000,0x0000002bc9b00000)]
  0x0000013c6bd6c800 JavaThread "Execution worker for ':' Thread 2" [_thread_blocked, id=3456, stack(0x0000002bc9b00000,0x0000002bc9c00000)]
  0x0000013c6bd67800 JavaThread "Execution worker for ':' Thread 3" [_thread_blocked, id=13864, stack(0x0000002bc9c00000,0x0000002bc9d00000)]
  0x0000013c6bd6b800 JavaThread "Execution worker for ':' Thread 4" [_thread_blocked, id=1752, stack(0x0000002bc9d00000,0x0000002bc9e00000)]
  0x0000013c6bd6b000 JavaThread "Execution worker for ':' Thread 5" [_thread_blocked, id=9352, stack(0x0000002bc9e00000,0x0000002bc9f00000)]
  0x0000013c6bd6e000 JavaThread "Execution worker for ':' Thread 6" [_thread_blocked, id=12568, stack(0x0000002bc9f00000,0x0000002bca000000)]
  0x0000013c6bd68800 JavaThread "Execution worker for ':' Thread 7" [_thread_blocked, id=14800, stack(0x0000002bca000000,0x0000002bca100000)]
  0x0000013c6bd69800 JavaThread "Cache worker for execution history cache (D:\Android\LukeDict\.gradle\7.0.2\executionHistory)" [_thread_blocked, id=12760, stack(0x0000002bca100000,0x0000002bca200000)]
  0x0000013c66dff000 JavaThread "C2 CompilerThread1" daemon [_thread_in_native, id=14856, stack(0x0000002bc7a00000,0x0000002bc7b00000)]
  0x0000013c6bd6f000 JavaThread "WorkerExecutor Queue" [_thread_blocked, id=10732, stack(0x0000002bc9500000,0x0000002bc9600000)]
  0x0000013c69bc8800 JavaThread "C2 CompilerThread2" daemon [_thread_in_native, id=13084, stack(0x0000002bca200000,0x0000002bca300000)]
  0x0000013c6998d800 JavaThread "WorkerExecutor Queue Thread 2" [_thread_blocked, id=16200, stack(0x0000002bca300000,0x0000002bca400000)]
=>0x0000013c69989800 JavaThread "WorkerExecutor Queue Thread 3" [_thread_in_native, id=18140, stack(0x0000002bca400000,0x0000002bca500000)]
  0x0000013c6998c000 JavaThread "WorkerExecutor Queue Thread 4" [_thread_in_Java, id=1124, stack(0x0000002bca500000,0x0000002bca600000)]
  0x0000013c69990000 JavaThread "WorkerExecutor Queue Thread 5" [_thread_blocked, id=12544, stack(0x0000002bca600000,0x0000002bca700000)]
  0x0000013c6998c800 JavaThread "WorkerExecutor Queue Thread 6" [_thread_blocked, id=11352, stack(0x0000002bca700000,0x0000002bca800000)]
  0x0000013c6998e800 JavaThread "WorkerExecutor Queue Thread 7" [_thread_blocked, id=2224, stack(0x0000002bca800000,0x0000002bca900000)]
  0x0000013c6998a000 JavaThread "WorkerExecutor Queue Thread 8" [_thread_blocked, id=12768, stack(0x0000002bca900000,0x0000002bcaa00000)]
  0x0000013c6998b000 JavaThread "WorkerExecutor Queue Thread 9" [_thread_blocked, id=14564, stack(0x0000002bcaa00000,0x0000002bcab00000)]
  0x0000013c69993000 JavaThread "pool-4-thread-1" [_thread_blocked, id=7608, stack(0x0000002bcab00000,0x0000002bcac00000)]

Other Threads:
  0x0000013c63e8e000 VMThread "VM Thread" [stack: 0x0000002bc5a00000,0x0000002bc5b00000] [id=15696]
  0x0000013c64935000 WatcherThread [stack: 0x0000002bc6400000,0x0000002bc6500000] [id=14144]
  0x0000013c48ecf800 GCTaskThread "GC Thread#0" [stack: 0x0000002bc5500000,0x0000002bc5600000] [id=5768]
  0x0000013c6551c800 GCTaskThread "GC Thread#1" [stack: 0x0000002bc6600000,0x0000002bc6700000] [id=16820]
  0x0000013c64e8f800 GCTaskThread "GC Thread#2" [stack: 0x0000002bc6700000,0x0000002bc6800000] [id=3796]
  0x0000013c650a4800 GCTaskThread "GC Thread#3" [stack: 0x0000002bc6800000,0x0000002bc6900000] [id=8856]
  0x0000013c65865800 GCTaskThread "GC Thread#4" [stack: 0x0000002bc6900000,0x0000002bc6a00000] [id=9552]
  0x0000013c65531000 GCTaskThread "GC Thread#5" [stack: 0x0000002bc6a00000,0x0000002bc6b00000] [id=18220]
  0x0000013c66710800 GCTaskThread "GC Thread#6" [stack: 0x0000002bc7600000,0x0000002bc7700000] [id=14124]
  0x0000013c668ac800 GCTaskThread "GC Thread#7" [stack: 0x0000002bc7700000,0x0000002bc7800000] [id=6692]
  0x0000013c48f01800 ConcurrentGCThread "G1 Main Marker" [stack: 0x0000002bc5600000,0x0000002bc5700000] [id=16288]
  0x0000013c48f02800 ConcurrentGCThread "G1 Conc#0" [stack: 0x0000002bc5700000,0x0000002bc5800000] [id=9396]
  0x0000013c675c9800 ConcurrentGCThread "G1 Conc#1" [stack: 0x0000002bc7800000,0x0000002bc7900000] [id=12280]
  0x0000013c63d77000 ConcurrentGCThread "G1 Refine#0" [stack: 0x0000002bc5800000,0x0000002bc5900000] [id=12024]
  0x0000013c63d78000 ConcurrentGCThread "G1 Young RemSet Sampling" [stack: 0x0000002bc5900000,0x0000002bc5a00000] [id=1540]

Threads with active compile tasks:
C2 CompilerThread0  22491 10847       4       java.util.zip.ZipFile$Source::getEntryPos (206 bytes)
C1 CompilerThread0  22491 10879       3       com.android.tools.r8.internal.UF::b (195 bytes)
C2 CompilerThread1  22492 10753       4       org.gradle.api.internal.cache.StringInterner::intern (9 bytes)
C2 CompilerThread2  22492 10690       4       org.gradle.api.internal.artifacts.transform.ConsumerProvidedVariantFinder::matchAttributes (68 bytes)

VM state:not at safepoint (normal execution)

VM Mutex/Monitor currently owned by a thread: None

Heap address: 0x0000000080000000, size: 2048 MB, Compressed Oops mode: 32-bit
Narrow klass base: 0x0000000000000000, Narrow klass shift: 3
Compressed class space size: 1073741824 Address: 0x0000000100000000

Heap:
 garbage-first heap   total 260096K, used 162177K [0x0000000080000000, 0x0000000100000000)
  region size 1024K, 77 young (78848K), 13 survivors (13312K)
 Metaspace       used 91849K, capacity 94112K, committed 94412K, reserved 1130496K
  class space    used 11825K, capacity 12664K, committed 12748K, reserved 1048576K
Heap Regions: E=young(eden), S=young(survivor), O=old, HS=humongous(starts), HC=humongous(continues), CS=collection set, F=free, A=archive, TAMS=top-at-mark-start (previous, next)
|   0|0x0000000080000000, 0x0000000080100000, 0x0000000080100000|100%| O|  |TAMS 0x0000000080100000, 0x0000000080000000| Untracked 
|   1|0x0000000080100000, 0x0000000080200000, 0x0000000080200000|100%| O|  |TAMS 0x0000000080200000, 0x0000000080100000| Untracked 
|   2|0x0000000080200000, 0x0000000080300000, 0x0000000080300000|100%| O|  |TAMS 0x0000000080300000, 0x0000000080200000| Untracked 
|   3|0x0000000080300000, 0x0000000080400000, 0x0000000080400000|100%|HS|  |TAMS 0x0000000080400000, 0x0000000080300000| Complete 
|   4|0x0000000080400000, 0x0000000080500000, 0x0000000080500000|100%|HC|  |TAMS 0x0000000080500000, 0x0000000080400000| Complete 
|   5|0x0000000080500000, 0x0000000080600000, 0x0000000080600000|100%|HC|  |TAMS 0x0000000080600000, 0x0000000080500000| Complete 
|   6|0x0000000080600000, 0x0000000080700000, 0x0000000080700000|100%| O|  |TAMS 0x0000000080700000, 0x0000000080600000| Untracked 
|   7|0x0000000080700000, 0x0000000080800000, 0x0000000080800000|100%| O|  |TAMS 0x0000000080800000, 0x0000000080700000| Untracked 
|   8|0x0000000080800000, 0x0000000080900000, 0x0000000080900000|100%| O|  |TAMS 0x0000000080900000, 0x0000000080800000| Untracked 
|   9|0x0000000080900000, 0x0000000080a00000, 0x0000000080a00000|100%| O|  |TAMS 0x0000000080a00000, 0x0000000080900000| Untracked 
|  10|0x0000000080a00000, 0x0000000080b00000, 0x0000000080b00000|100%| O|  |TAMS 0x0000000080b00000, 0x0000000080a00000| Untracked 
|  11|0x0000000080b00000, 0x0000000080c00000, 0x0000000080c00000|100%| O|  |TAMS 0x0000000080c00000, 0x0000000080b00000| Untracked 
|  12|0x0000000080c00000, 0x0000000080d00000, 0x0000000080d00000|100%| O|  |TAMS 0x0000000080d00000, 0x0000000080c00000| Untracked 
|  13|0x0000000080d00000, 0x0000000080e00000, 0x0000000080e00000|100%| O|  |TAMS 0x0000000080e00000, 0x0000000080d00000| Untracked 
|  14|0x0000000080e00000, 0x0000000080f00000, 0x0000000080f00000|100%| O|  |TAMS 0x0000000080f00000, 0x0000000080e00000| Untracked 
|  15|0x0000000080f00000, 0x0000000081000000, 0x0000000081000000|100%| O|  |TAMS 0x0000000081000000, 0x0000000080f00000| Untracked 
|  16|0x0000000081000000, 0x0000000081100000, 0x0000000081100000|100%|HS|  |TAMS 0x0000000081100000, 0x0000000081000000| Complete 
|  17|0x0000000081100000, 0x0000000081200000, 0x0000000081200000|100%|HS|  |TAMS 0x0000000081200000, 0x0000000081100000| Complete 
|  18|0x0000000081200000, 0x0000000081300000, 0x0000000081300000|100%|HS|  |TAMS 0x0000000081300000, 0x0000000081200000| Complete 
|  19|0x0000000081300000, 0x0000000081400000, 0x0000000081400000|100%|HC|  |TAMS 0x0000000081400000, 0x0000000081300000| Complete 
|  20|0x0000000081400000, 0x0000000081500000, 0x0000000081500000|100%| O|  |TAMS 0x0000000081500000, 0x0000000081400000| Untracked 
|  21|0x0000000081500000, 0x0000000081600000, 0x0000000081600000|100%| O|  |TAMS 0x0000000081600000, 0x0000000081500000| Untracked 
|  22|0x0000000081600000, 0x0000000081700000, 0x0000000081700000|100%| O|  |TAMS 0x0000000081700000, 0x0000000081600000| Untracked 
|  23|0x0000000081700000, 0x0000000081800000, 0x0000000081800000|100%| O|  |TAMS 0x0000000081800000, 0x0000000081700000| Untracked 
|  24|0x0000000081800000, 0x0000000081900000, 0x0000000081900000|100%| O|  |TAMS 0x0000000081900000, 0x0000000081800000| Untracked 
|  25|0x0000000081900000, 0x0000000081a00000, 0x0000000081a00000|100%| O|  |TAMS 0x0000000081a00000, 0x0000000081900000| Untracked 
|  26|0x0000000081a00000, 0x0000000081b00000, 0x0000000081b00000|100%| O|  |TAMS 0x0000000081b00000, 0x0000000081a00000| Untracked 
|  27|0x0000000081b00000, 0x0000000081c00000, 0x0000000081c00000|100%| O|  |TAMS 0x0000000081c00000, 0x0000000081b00000| Untracked 
|  28|0x0000000081c00000, 0x0000000081d00000, 0x0000000081d00000|100%| O|  |TAMS 0x0000000081d00000, 0x0000000081c00000| Untracked 
|  29|0x0000000081d00000, 0x0000000081e00000, 0x0000000081e00000|100%| O|  |TAMS 0x0000000081e00000, 0x0000000081d00000| Untracked 
|  30|0x0000000081e00000, 0x0000000081f00000, 0x0000000081f00000|100%| O|  |TAMS 0x0000000081f00000, 0x0000000081e00000| Untracked 
|  31|0x0000000081f00000, 0x0000000082000000, 0x0000000082000000|100%| O|  |TAMS 0x0000000082000000, 0x0000000081f00000| Untracked 
|  32|0x0000000082000000, 0x0000000082100000, 0x0000000082100000|100%| O|  |TAMS 0x0000000082100000, 0x0000000082000000| Untracked 
|  33|0x0000000082100000, 0x0000000082200000, 0x0000000082200000|100%| O|  |TAMS 0x0000000082200000, 0x0000000082100000| Untracked 
|  34|0x0000000082200000, 0x0000000082300000, 0x0000000082300000|100%| O|  |TAMS 0x0000000082300000, 0x0000000082200000| Untracked 
|  35|0x0000000082300000, 0x0000000082400000, 0x0000000082400000|100%| O|  |TAMS 0x0000000082400000, 0x0000000082300000| Untracked 
|  36|0x0000000082400000, 0x0000000082500000, 0x0000000082500000|100%| O|  |TAMS 0x0000000082500000, 0x0000000082400000| Untracked 
|  37|0x0000000082500000, 0x0000000082600000, 0x0000000082600000|100%| O|  |TAMS 0x0000000082600000, 0x0000000082500000| Untracked 
|  38|0x0000000082600000, 0x0000000082700000, 0x0000000082700000|100%| O|  |TAMS 0x0000000082700000, 0x0000000082600000| Untracked 
|  39|0x0000000082700000, 0x0000000082800000, 0x0000000082800000|100%| O|  |TAMS 0x0000000082800000, 0x0000000082700000| Untracked 
|  40|0x0000000082800000, 0x0000000082900000, 0x0000000082900000|100%| O|  |TAMS 0x000000008285d400, 0x0000000082800000| Untracked 
|  41|0x0000000082900000, 0x0000000082a00000, 0x0000000082a00000|100%| O|  |TAMS 0x0000000082900000, 0x0000000082900000| Untracked 
|  42|0x0000000082a00000, 0x0000000082b00000, 0x0000000082b00000|100%| O|  |TAMS 0x0000000082a00000, 0x0000000082a00000| Untracked 
|  43|0x0000000082b00000, 0x0000000082c00000, 0x0000000082c00000|100%| O|  |TAMS 0x0000000082b00000, 0x0000000082b00000| Untracked 
|  44|0x0000000082c00000, 0x0000000082d00000, 0x0000000082d00000|100%| O|  |TAMS 0x0000000082c00000, 0x0000000082c00000| Untracked 
|  45|0x0000000082d00000, 0x0000000082e00000, 0x0000000082e00000|100%| O|  |TAMS 0x0000000082d00000, 0x0000000082d00000| Untracked 
|  46|0x0000000082e00000, 0x0000000082f00000, 0x0000000082f00000|100%| O|  |TAMS 0x0000000082e00000, 0x0000000082e00000| Untracked 
|  47|0x0000000082f00000, 0x0000000083000000, 0x0000000083000000|100%| O|  |TAMS 0x0000000082f00000, 0x0000000082f00000| Untracked 
|  48|0x0000000083000000, 0x0000000083100000, 0x0000000083100000|100%| O|  |TAMS 0x0000000083000000, 0x0000000083000000| Untracked 
|  49|0x0000000083100000, 0x0000000083200000, 0x0000000083200000|100%| O|  |TAMS 0x0000000083100000, 0x0000000083100000| Untracked 
|  50|0x0000000083200000, 0x0000000083300000, 0x0000000083300000|100%| O|  |TAMS 0x0000000083200000, 0x0000000083200000| Untracked 
|  51|0x0000000083300000, 0x0000000083400000, 0x0000000083400000|100%| O|  |TAMS 0x0000000083300000, 0x0000000083300000| Untracked 
|  52|0x0000000083400000, 0x0000000083500000, 0x0000000083500000|100%| O|  |TAMS 0x0000000083400000, 0x0000000083400000| Untracked 
|  53|0x0000000083500000, 0x0000000083600000, 0x0000000083600000|100%| O|  |TAMS 0x0000000083500000, 0x0000000083500000| Untracked 
|  54|0x0000000083600000, 0x0000000083700000, 0x0000000083700000|100%| O|  |TAMS 0x0000000083600000, 0x0000000083600000| Untracked 
|  55|0x0000000083700000, 0x0000000083800000, 0x0000000083800000|100%| O|  |TAMS 0x0000000083700000, 0x0000000083700000| Untracked 
|  56|0x0000000083800000, 0x0000000083900000, 0x0000000083900000|100%| O|  |TAMS 0x0000000083800000, 0x0000000083800000| Untracked 
|  57|0x0000000083900000, 0x0000000083a00000, 0x0000000083a00000|100%| O|  |TAMS 0x0000000083900000, 0x0000000083900000| Untracked 
|  58|0x0000000083a00000, 0x0000000083b00000, 0x0000000083b00000|100%| O|  |TAMS 0x0000000083a00000, 0x0000000083a00000| Untracked 
|  59|0x0000000083b00000, 0x0000000083c00000, 0x0000000083c00000|100%| O|  |TAMS 0x0000000083b00000, 0x0000000083b00000| Untracked 
|  60|0x0000000083c00000, 0x0000000083c32a00, 0x0000000083d00000| 19%| O|  |TAMS 0x0000000083c00000, 0x0000000083c00000| Untracked 
|  61|0x0000000083d00000, 0x0000000083e00000, 0x0000000083e00000|100%|HS|  |TAMS 0x0000000083d00000, 0x0000000083d00000| Complete 
|  62|0x0000000083e00000, 0x0000000083f00000, 0x0000000083f00000|100%|HC|  |TAMS 0x0000000083e00000, 0x0000000083e00000| Complete 
|  63|0x0000000083f00000, 0x0000000084000000, 0x0000000084000000|100%|HS|  |TAMS 0x0000000083f00000, 0x0000000083f00000| Complete 
|  64|0x0000000084000000, 0x0000000084100000, 0x0000000084100000|100%|HS|  |TAMS 0x0000000084000000, 0x0000000084000000| Complete 
|  65|0x0000000084100000, 0x0000000084200000, 0x0000000084200000|100%|HS|  |TAMS 0x0000000084100000, 0x0000000084100000| Complete 
|  66|0x0000000084200000, 0x0000000084300000, 0x0000000084300000|100%|HC|  |TAMS 0x0000000084200000, 0x0000000084200000| Complete 
|  67|0x0000000084300000, 0x0000000084400000, 0x0000000084400000|100%|HS|  |TAMS 0x0000000084300000, 0x0000000084300000| Complete 
|  68|0x0000000084400000, 0x0000000084500000, 0x0000000084500000|100%|HC|  |TAMS 0x0000000084400000, 0x0000000084400000| Complete 
|  69|0x0000000084500000, 0x0000000084600000, 0x0000000084600000|100%|HS|  |TAMS 0x0000000084500000, 0x0000000084500000| Complete 
|  70|0x0000000084600000, 0x0000000084700000, 0x0000000084700000|100%|HC|  |TAMS 0x0000000084600000, 0x0000000084600000| Complete 
|  71|0x0000000084700000, 0x0000000084800000, 0x0000000084800000|100%|HS|  |TAMS 0x0000000084700000, 0x0000000084700000| Complete 
|  72|0x0000000084800000, 0x0000000084900000, 0x0000000084900000|100%|HC|  |TAMS 0x0000000084800000, 0x0000000084800000| Complete 
|  73|0x0000000084900000, 0x0000000084a00000, 0x0000000084a00000|100%|HS|  |TAMS 0x0000000084900000, 0x0000000084900000| Complete 
|  74|0x0000000084a00000, 0x0000000084b00000, 0x0000000084b00000|100%|HS|  |TAMS 0x0000000084a00000, 0x0000000084a00000| Complete 
|  75|0x0000000084b00000, 0x0000000084c00000, 0x0000000084c00000|100%|HS|  |TAMS 0x0000000084b00000, 0x0000000084b00000| Complete 
|  76|0x0000000084c00000, 0x0000000084d00000, 0x0000000084d00000|100%|HS|  |TAMS 0x0000000084c00000, 0x0000000084c00000| Complete 
|  77|0x0000000084d00000, 0x0000000084e00000, 0x0000000084e00000|100%|HS|  |TAMS 0x0000000084d00000, 0x0000000084d00000| Complete 
|  78|0x0000000084e00000, 0x0000000084f00000, 0x0000000084f00000|100%|HC|  |TAMS 0x0000000084e00000, 0x0000000084e00000| Complete 
|  79|0x0000000084f00000, 0x0000000085000000, 0x0000000085000000|100%|HS|  |TAMS 0x0000000084f00000, 0x0000000084f00000| Complete 
|  80|0x0000000085000000, 0x0000000085100000, 0x0000000085100000|100%|HC|  |TAMS 0x0000000085000000, 0x0000000085000000| Complete 
|  81|0x0000000085100000, 0x0000000085200000, 0x0000000085200000|100%|HS|  |TAMS 0x0000000085100000, 0x0000000085100000| Complete 
|  82|0x0000000085200000, 0x0000000085300000, 0x0000000085300000|100%|HC|  |TAMS 0x0000000085200000, 0x0000000085200000| Complete 
|  83|0x0000000085300000, 0x0000000085400000, 0x0000000085400000|100%|HS|  |TAMS 0x0000000085300000, 0x0000000085300000| Complete 
|  84|0x0000000085400000, 0x0000000085500000, 0x0000000085500000|100%|HC|  |TAMS 0x0000000085400000, 0x0000000085400000| Complete 
|  85|0x0000000085500000, 0x0000000085500000, 0x0000000085600000|  0%| F|  |TAMS 0x0000000085500000, 0x0000000085500000| Untracked 
|  86|0x0000000085600000, 0x0000000085600000, 0x0000000085700000|  0%| F|  |TAMS 0x0000000085600000, 0x0000000085600000| Untracked 
|  87|0x0000000085700000, 0x0000000085700000, 0x0000000085800000|  0%| F|  |TAMS 0x0000000085700000, 0x0000000085700000| Untracked 
|  88|0x0000000085800000, 0x0000000085800000, 0x0000000085900000|  0%| F|  |TAMS 0x0000000085800000, 0x0000000085800000| Untracked 
|  89|0x0000000085900000, 0x0000000085900000, 0x0000000085a00000|  0%| F|  |TAMS 0x0000000085900000, 0x0000000085900000| Untracked 
|  90|0x0000000085a00000, 0x0000000085a00000, 0x0000000085b00000|  0%| F|  |TAMS 0x0000000085a00000, 0x0000000085a00000| Untracked 
|  91|0x0000000085b00000, 0x0000000085b00000, 0x0000000085c00000|  0%| F|  |TAMS 0x0000000085b00000, 0x0000000085b00000| Untracked 
|  92|0x0000000085c00000, 0x0000000085c00000, 0x0000000085d00000|  0%| F|  |TAMS 0x0000000085c00000, 0x0000000085c00000| Untracked 
|  93|0x0000000085d00000, 0x0000000085d00000, 0x0000000085e00000|  0%| F|  |TAMS 0x0000000085d00000, 0x0000000085d00000| Untracked 
|  94|0x0000000085e00000, 0x0000000085e00000, 0x0000000085f00000|  0%| F|  |TAMS 0x0000000085e00000, 0x0000000085e00000| Untracked 
|  95|0x0000000085f00000, 0x0000000085f00000, 0x0000000086000000|  0%| F|  |TAMS 0x0000000085f00000, 0x0000000085f00000| Untracked 
|  96|0x0000000086000000, 0x0000000086000000, 0x0000000086100000|  0%| F|  |TAMS 0x0000000086000000, 0x0000000086000000| Untracked 
|  97|0x0000000086100000, 0x0000000086100000, 0x0000000086200000|  0%| F|  |TAMS 0x0000000086100000, 0x0000000086100000| Untracked 
|  98|0x0000000086200000, 0x0000000086200000, 0x0000000086300000|  0%| F|  |TAMS 0x0000000086200000, 0x0000000086200000| Untracked 
|  99|0x0000000086300000, 0x0000000086300000, 0x0000000086400000|  0%| F|  |TAMS 0x0000000086300000, 0x0000000086300000| Untracked 
| 100|0x0000000086400000, 0x0000000086400000, 0x0000000086500000|  0%| F|  |TAMS 0x0000000086400000, 0x0000000086400000| Untracked 
| 101|0x0000000086500000, 0x0000000086500000, 0x0000000086600000|  0%| F|  |TAMS 0x0000000086500000, 0x0000000086500000| Untracked 
| 102|0x0000000086600000, 0x0000000086600000, 0x0000000086700000|  0%| F|  |TAMS 0x0000000086600000, 0x0000000086600000| Untracked 
| 103|0x0000000086700000, 0x0000000086700000, 0x0000000086800000|  0%| F|  |TAMS 0x0000000086700000, 0x0000000086700000| Untracked 
| 104|0x0000000086800000, 0x0000000086800000, 0x0000000086900000|  0%| F|  |TAMS 0x0000000086800000, 0x0000000086800000| Untracked 
| 105|0x0000000086900000, 0x0000000086900000, 0x0000000086a00000|  0%| F|  |TAMS 0x0000000086900000, 0x0000000086900000| Untracked 
| 106|0x0000000086a00000, 0x0000000086a00000, 0x0000000086b00000|  0%| F|  |TAMS 0x0000000086a00000, 0x0000000086a00000| Untracked 
| 107|0x0000000086b00000, 0x0000000086b00000, 0x0000000086c00000|  0%| F|  |TAMS 0x0000000086b00000, 0x0000000086b00000| Untracked 
| 108|0x0000000086c00000, 0x0000000086c00000, 0x0000000086d00000|  0%| F|  |TAMS 0x0000000086c00000, 0x0000000086c00000| Untracked 
| 109|0x0000000086d00000, 0x0000000086d00000, 0x0000000086e00000|  0%| F|  |TAMS 0x0000000086d00000, 0x0000000086d00000| Untracked 
| 110|0x0000000086e00000, 0x0000000086e00000, 0x0000000086f00000|  0%| F|  |TAMS 0x0000000086e00000, 0x0000000086e00000| Untracked 
| 111|0x0000000086f00000, 0x0000000086f00000, 0x0000000087000000|  0%| F|  |TAMS 0x0000000086f00000, 0x0000000086f00000| Untracked 
| 112|0x0000000087000000, 0x0000000087000000, 0x0000000087100000|  0%| F|  |TAMS 0x0000000087000000, 0x0000000087000000| Untracked 
| 113|0x0000000087100000, 0x0000000087100000, 0x0000000087200000|  0%| F|  |TAMS 0x0000000087100000, 0x0000000087100000| Untracked 
| 114|0x0000000087200000, 0x0000000087200000, 0x0000000087300000|  0%| F|  |TAMS 0x0000000087200000, 0x0000000087200000| Untracked 
| 115|0x0000000087300000, 0x0000000087300000, 0x0000000087400000|  0%| F|  |TAMS 0x0000000087300000, 0x0000000087300000| Untracked 
| 116|0x0000000087400000, 0x0000000087400000, 0x0000000087500000|  0%| F|  |TAMS 0x0000000087400000, 0x0000000087400000| Untracked 
| 117|0x0000000087500000, 0x0000000087500000, 0x0000000087600000|  0%| F|  |TAMS 0x0000000087500000, 0x0000000087500000| Untracked 
| 118|0x0000000087600000, 0x0000000087600000, 0x0000000087700000|  0%| F|  |TAMS 0x0000000087600000, 0x0000000087600000| Untracked 
| 119|0x0000000087700000, 0x000000008772dcf8, 0x0000000087800000| 17%| S|CS|TAMS 0x0000000087700000, 0x0000000087700000| Complete 
| 120|0x0000000087800000, 0x0000000087900000, 0x0000000087900000|100%| S|CS|TAMS 0x0000000087800000, 0x0000000087800000| Complete 
| 121|0x0000000087900000, 0x0000000087a00000, 0x0000000087a00000|100%| S|CS|TAMS 0x0000000087900000, 0x0000000087900000| Complete 
| 122|0x0000000087a00000, 0x0000000087b00000, 0x0000000087b00000|100%| S|CS|TAMS 0x0000000087a00000, 0x0000000087a00000| Complete 
| 123|0x0000000087b00000, 0x0000000087c00000, 0x0000000087c00000|100%| S|CS|TAMS 0x0000000087b00000, 0x0000000087b00000| Complete 
| 124|0x0000000087c00000, 0x0000000087d00000, 0x0000000087d00000|100%| S|CS|TAMS 0x0000000087c00000, 0x0000000087c00000| Complete 
| 125|0x0000000087d00000, 0x0000000087e00000, 0x0000000087e00000|100%| S|CS|TAMS 0x0000000087d00000, 0x0000000087d00000| Complete 
| 126|0x0000000087e00000, 0x0000000087f00000, 0x0000000087f00000|100%| S|CS|TAMS 0x0000000087e00000, 0x0000000087e00000| Complete 
| 127|0x0000000087f00000, 0x0000000088000000, 0x0000000088000000|100%| S|CS|TAMS 0x0000000087f00000, 0x0000000087f00000| Complete 
| 128|0x0000000088000000, 0x0000000088100000, 0x0000000088100000|100%| S|CS|TAMS 0x0000000088000000, 0x0000000088000000| Complete 
| 129|0x0000000088100000, 0x0000000088200000, 0x0000000088200000|100%| S|CS|TAMS 0x0000000088100000, 0x0000000088100000| Complete 
| 130|0x0000000088200000, 0x0000000088300000, 0x0000000088300000|100%| S|CS|TAMS 0x0000000088200000, 0x0000000088200000| Complete 
| 131|0x0000000088300000, 0x0000000088300000, 0x0000000088400000|  0%| F|  |TAMS 0x0000000088300000, 0x0000000088300000| Untracked 
| 132|0x0000000088400000, 0x0000000088400000, 0x0000000088500000|  0%| F|  |TAMS 0x0000000088400000, 0x0000000088400000| Untracked 
| 133|0x0000000088500000, 0x0000000088500000, 0x0000000088600000|  0%| F|  |TAMS 0x0000000088500000, 0x0000000088500000| Untracked 
| 134|0x0000000088600000, 0x0000000088600000, 0x0000000088700000|  0%| F|  |TAMS 0x0000000088600000, 0x0000000088600000| Untracked 
| 135|0x0000000088700000, 0x0000000088700000, 0x0000000088800000|  0%| F|  |TAMS 0x0000000088700000, 0x0000000088700000| Untracked 
| 136|0x0000000088800000, 0x0000000088800000, 0x0000000088900000|  0%| F|  |TAMS 0x0000000088800000, 0x0000000088800000| Untracked 
| 137|0x0000000088900000, 0x0000000088900000, 0x0000000088a00000|  0%| F|  |TAMS 0x0000000088900000, 0x0000000088900000| Untracked 
| 138|0x0000000088a00000, 0x0000000088b00000, 0x0000000088b00000|100%| S|CS|TAMS 0x0000000088a00000, 0x0000000088a00000| Complete 
| 139|0x0000000088b00000, 0x0000000088b00000, 0x0000000088c00000|  0%| F|  |TAMS 0x0000000088b00000, 0x0000000088b00000| Untracked 
| 140|0x0000000088c00000, 0x0000000088c00000, 0x0000000088d00000|  0%| F|  |TAMS 0x0000000088c00000, 0x0000000088c00000| Untracked 
| 141|0x0000000088d00000, 0x0000000088d00000, 0x0000000088e00000|  0%| F|  |TAMS 0x0000000088d00000, 0x0000000088d00000| Untracked 
| 142|0x0000000088e00000, 0x0000000088e00000, 0x0000000088f00000|  0%| F|  |TAMS 0x0000000088e00000, 0x0000000088e00000| Untracked 
| 143|0x0000000088f00000, 0x0000000088f00000, 0x0000000089000000|  0%| F|  |TAMS 0x0000000088f00000, 0x0000000088f00000| Untracked 
| 144|0x0000000089000000, 0x0000000089000000, 0x0000000089100000|  0%| F|  |TAMS 0x0000000089000000, 0x0000000089000000| Untracked 
| 145|0x0000000089100000, 0x0000000089100000, 0x0000000089200000|  0%| F|  |TAMS 0x0000000089100000, 0x0000000089100000| Untracked 
| 146|0x0000000089200000, 0x0000000089200000, 0x0000000089300000|  0%| F|  |TAMS 0x0000000089200000, 0x0000000089200000| Untracked 
| 147|0x0000000089300000, 0x0000000089300000, 0x0000000089400000|  0%| F|  |TAMS 0x0000000089300000, 0x0000000089300000| Untracked 
| 148|0x0000000089400000, 0x0000000089400000, 0x0000000089500000|  0%| F|  |TAMS 0x0000000089400000, 0x0000000089400000| Untracked 
| 149|0x0000000089500000, 0x0000000089500000, 0x0000000089600000|  0%| F|  |TAMS 0x0000000089500000, 0x0000000089500000| Untracked 
| 150|0x0000000089600000, 0x0000000089600000, 0x0000000089700000|  0%| F|  |TAMS 0x0000000089600000, 0x0000000089600000| Untracked 
| 151|0x0000000089700000, 0x0000000089700000, 0x0000000089800000|  0%| F|  |TAMS 0x0000000089700000, 0x0000000089700000| Untracked 
| 152|0x0000000089800000, 0x0000000089800000, 0x0000000089900000|  0%| F|  |TAMS 0x0000000089800000, 0x0000000089800000| Untracked 
| 153|0x0000000089900000, 0x0000000089900000, 0x0000000089a00000|  0%| F|  |TAMS 0x0000000089900000, 0x0000000089900000| Untracked 
| 154|0x0000000089a00000, 0x0000000089a00000, 0x0000000089b00000|  0%| F|  |TAMS 0x0000000089a00000, 0x0000000089a00000| Untracked 
| 155|0x0000000089b00000, 0x0000000089b00000, 0x0000000089c00000|  0%| F|  |TAMS 0x0000000089b00000, 0x0000000089b00000| Untracked 
| 156|0x0000000089c00000, 0x0000000089c00000, 0x0000000089d00000|  0%| F|  |TAMS 0x0000000089c00000, 0x0000000089c00000| Untracked 
| 157|0x0000000089d00000, 0x0000000089d00000, 0x0000000089e00000|  0%| F|  |TAMS 0x0000000089d00000, 0x0000000089d00000| Untracked 
| 158|0x0000000089e00000, 0x0000000089e00000, 0x0000000089f00000|  0%| F|  |TAMS 0x0000000089e00000, 0x0000000089e00000| Untracked 
| 159|0x0000000089f00000, 0x0000000089f00000, 0x000000008a000000|  0%| F|  |TAMS 0x0000000089f00000, 0x0000000089f00000| Untracked 
| 160|0x000000008a000000, 0x000000008a000000, 0x000000008a100000|  0%| F|  |TAMS 0x000000008a000000, 0x000000008a000000| Untracked 
| 161|0x000000008a100000, 0x000000008a100000, 0x000000008a200000|  0%| F|  |TAMS 0x000000008a100000, 0x000000008a100000| Untracked 
| 162|0x000000008a200000, 0x000000008a200000, 0x000000008a300000|  0%| F|  |TAMS 0x000000008a200000, 0x000000008a200000| Untracked 
| 163|0x000000008a300000, 0x000000008a300000, 0x000000008a400000|  0%| F|  |TAMS 0x000000008a300000, 0x000000008a300000| Untracked 
| 164|0x000000008a400000, 0x000000008a400000, 0x000000008a500000|  0%| F|  |TAMS 0x000000008a400000, 0x000000008a400000| Untracked 
| 165|0x000000008a500000, 0x000000008a500000, 0x000000008a600000|  0%| F|  |TAMS 0x000000008a500000, 0x000000008a500000| Untracked 
| 166|0x000000008a600000, 0x000000008a600000, 0x000000008a700000|  0%| F|  |TAMS 0x000000008a600000, 0x000000008a600000| Untracked 
| 167|0x000000008a700000, 0x000000008a700000, 0x000000008a800000|  0%| F|  |TAMS 0x000000008a700000, 0x000000008a700000| Untracked 
| 168|0x000000008a800000, 0x000000008a800000, 0x000000008a900000|  0%| F|  |TAMS 0x000000008a800000, 0x000000008a800000| Untracked 
| 169|0x000000008a900000, 0x000000008a900000, 0x000000008aa00000|  0%| F|  |TAMS 0x000000008a900000, 0x000000008a900000| Untracked 
| 170|0x000000008aa00000, 0x000000008aa00000, 0x000000008ab00000|  0%| F|  |TAMS 0x000000008aa00000, 0x000000008aa00000| Untracked 
| 171|0x000000008ab00000, 0x000000008ab00000, 0x000000008ac00000|  0%| F|  |TAMS 0x000000008ab00000, 0x000000008ab00000| Untracked 
| 172|0x000000008ac00000, 0x000000008ac00000, 0x000000008ad00000|  0%| F|  |TAMS 0x000000008ac00000, 0x000000008ac00000| Untracked 
| 173|0x000000008ad00000, 0x000000008ad00000, 0x000000008ae00000|  0%| F|  |TAMS 0x000000008ad00000, 0x000000008ad00000| Untracked 
| 174|0x000000008ae00000, 0x000000008ae00000, 0x000000008af00000|  0%| F|  |TAMS 0x000000008ae00000, 0x000000008ae00000| Untracked 
| 175|0x000000008af00000, 0x000000008af00000, 0x000000008b000000|  0%| F|  |TAMS 0x000000008af00000, 0x000000008af00000| Untracked 
| 176|0x000000008b000000, 0x000000008b000000, 0x000000008b100000|  0%| F|  |TAMS 0x000000008b000000, 0x000000008b000000| Untracked 
| 177|0x000000008b100000, 0x000000008b100000, 0x000000008b200000|  0%| F|  |TAMS 0x000000008b100000, 0x000000008b100000| Untracked 
| 178|0x000000008b200000, 0x000000008b200000, 0x000000008b300000|  0%| F|  |TAMS 0x000000008b200000, 0x000000008b200000| Untracked 
| 179|0x000000008b300000, 0x000000008b300000, 0x000000008b400000|  0%| F|  |TAMS 0x000000008b300000, 0x000000008b300000| Untracked 
| 180|0x000000008b400000, 0x000000008b400000, 0x000000008b500000|  0%| F|  |TAMS 0x000000008b400000, 0x000000008b400000| Untracked 
| 181|0x000000008b500000, 0x000000008b500000, 0x000000008b600000|  0%| F|  |TAMS 0x000000008b500000, 0x000000008b500000| Untracked 
| 182|0x000000008b600000, 0x000000008b600000, 0x000000008b700000|  0%| F|  |TAMS 0x000000008b600000, 0x000000008b600000| Untracked 
| 183|0x000000008b700000, 0x000000008b700000, 0x000000008b800000|  0%| F|  |TAMS 0x000000008b700000, 0x000000008b700000| Untracked 
| 184|0x000000008b800000, 0x000000008b800000, 0x000000008b900000|  0%| F|  |TAMS 0x000000008b800000, 0x000000008b800000| Untracked 
| 185|0x000000008b900000, 0x000000008b900000, 0x000000008ba00000|  0%| F|  |TAMS 0x000000008b900000, 0x000000008b900000| Untracked 
| 186|0x000000008ba00000, 0x000000008ba00000, 0x000000008bb00000|  0%| F|  |TAMS 0x000000008ba00000, 0x000000008ba00000| Untracked 
| 187|0x000000008bb00000, 0x000000008bb00000, 0x000000008bc00000|  0%| F|  |TAMS 0x000000008bb00000, 0x000000008bb00000| Untracked 
| 188|0x000000008bc00000, 0x000000008bc00000, 0x000000008bd00000|  0%| F|  |TAMS 0x000000008bc00000, 0x000000008bc00000| Untracked 
| 189|0x000000008bd00000, 0x000000008bd42590, 0x000000008be00000| 25%| E|  |TAMS 0x000000008bd00000, 0x000000008bd00000| Complete 
| 190|0x000000008be00000, 0x000000008bf00000, 0x000000008bf00000|100%| E|CS|TAMS 0x000000008be00000, 0x000000008be00000| Complete 
| 191|0x000000008bf00000, 0x000000008c000000, 0x000000008c000000|100%| E|CS|TAMS 0x000000008bf00000, 0x000000008bf00000| Complete 
| 192|0x000000008c000000, 0x000000008c100000, 0x000000008c100000|100%| E|CS|TAMS 0x000000008c000000, 0x000000008c000000| Complete 
| 193|0x000000008c100000, 0x000000008c200000, 0x000000008c200000|100%| E|CS|TAMS 0x000000008c100000, 0x000000008c100000| Complete 
| 194|0x000000008c200000, 0x000000008c300000, 0x000000008c300000|100%| E|  |TAMS 0x000000008c200000, 0x000000008c200000| Complete 
| 195|0x000000008c300000, 0x000000008c400000, 0x000000008c400000|100%| E|CS|TAMS 0x000000008c300000, 0x000000008c300000| Complete 
| 196|0x000000008c400000, 0x000000008c500000, 0x000000008c500000|100%| E|CS|TAMS 0x000000008c400000, 0x000000008c400000| Complete 
| 197|0x000000008c500000, 0x000000008c600000, 0x000000008c600000|100%| E|CS|TAMS 0x000000008c500000, 0x000000008c500000| Complete 
| 198|0x000000008c600000, 0x000000008c700000, 0x000000008c700000|100%| E|CS|TAMS 0x000000008c600000, 0x000000008c600000| Complete 
| 199|0x000000008c700000, 0x000000008c800000, 0x000000008c800000|100%| E|CS|TAMS 0x000000008c700000, 0x000000008c700000| Complete 
| 200|0x000000008c800000, 0x000000008c900000, 0x000000008c900000|100%| E|CS|TAMS 0x000000008c800000, 0x000000008c800000| Complete 
| 201|0x000000008c900000, 0x000000008ca00000, 0x000000008ca00000|100%| E|CS|TAMS 0x000000008c900000, 0x000000008c900000| Complete 
| 202|0x000000008ca00000, 0x000000008cb00000, 0x000000008cb00000|100%| E|CS|TAMS 0x000000008ca00000, 0x000000008ca00000| Complete 
| 203|0x000000008cb00000, 0x000000008cc00000, 0x000000008cc00000|100%| E|CS|TAMS 0x000000008cb00000, 0x000000008cb00000| Complete 
| 204|0x000000008cc00000, 0x000000008cd00000, 0x000000008cd00000|100%| E|CS|TAMS 0x000000008cc00000, 0x000000008cc00000| Complete 
| 205|0x000000008cd00000, 0x000000008ce00000, 0x000000008ce00000|100%| E|CS|TAMS 0x000000008cd00000, 0x000000008cd00000| Complete 
| 206|0x000000008ce00000, 0x000000008cf00000, 0x000000008cf00000|100%| E|CS|TAMS 0x000000008ce00000, 0x000000008ce00000| Complete 
| 207|0x000000008cf00000, 0x000000008d000000, 0x000000008d000000|100%| E|CS|TAMS 0x000000008cf00000, 0x000000008cf00000| Complete 
| 208|0x000000008d000000, 0x000000008d100000, 0x000000008d100000|100%| E|CS|TAMS 0x000000008d000000, 0x000000008d000000| Complete 
| 209|0x000000008d100000, 0x000000008d200000, 0x000000008d200000|100%| E|CS|TAMS 0x000000008d100000, 0x000000008d100000| Complete 
| 210|0x000000008d200000, 0x000000008d300000, 0x000000008d300000|100%| E|CS|TAMS 0x000000008d200000, 0x000000008d200000| Complete 
| 211|0x000000008d300000, 0x000000008d400000, 0x000000008d400000|100%| E|CS|TAMS 0x000000008d300000, 0x000000008d300000| Complete 
| 212|0x000000008d400000, 0x000000008d500000, 0x000000008d500000|100%| E|CS|TAMS 0x000000008d400000, 0x000000008d400000| Complete 
| 213|0x000000008d500000, 0x000000008d600000, 0x000000008d600000|100%| E|CS|TAMS 0x000000008d500000, 0x000000008d500000| Complete 
| 214|0x000000008d600000, 0x000000008d700000, 0x000000008d700000|100%| E|CS|TAMS 0x000000008d600000, 0x000000008d600000| Complete 
| 215|0x000000008d700000, 0x000000008d800000, 0x000000008d800000|100%| E|CS|TAMS 0x000000008d700000, 0x000000008d700000| Complete 
| 216|0x000000008d800000, 0x000000008d900000, 0x000000008d900000|100%| E|CS|TAMS 0x000000008d800000, 0x000000008d800000| Complete 
| 217|0x000000008d900000, 0x000000008da00000, 0x000000008da00000|100%| E|CS|TAMS 0x000000008d900000, 0x000000008d900000| Complete 
| 218|0x000000008da00000, 0x000000008db00000, 0x000000008db00000|100%| E|CS|TAMS 0x000000008da00000, 0x000000008da00000| Complete 
| 219|0x000000008db00000, 0x000000008dc00000, 0x000000008dc00000|100%| E|CS|TAMS 0x000000008db00000, 0x000000008db00000| Complete 
| 220|0x000000008dc00000, 0x000000008dd00000, 0x000000008dd00000|100%| E|CS|TAMS 0x000000008dc00000, 0x000000008dc00000| Complete 
| 221|0x000000008dd00000, 0x000000008de00000, 0x000000008de00000|100%| E|CS|TAMS 0x000000008dd00000, 0x000000008dd00000| Complete 
| 222|0x000000008de00000, 0x000000008df00000, 0x000000008df00000|100%| E|CS|TAMS 0x000000008de00000, 0x000000008de00000| Complete 
| 223|0x000000008df00000, 0x000000008e000000, 0x000000008e000000|100%| E|CS|TAMS 0x000000008df00000, 0x000000008df00000| Complete 
| 224|0x000000008e000000, 0x000000008e100000, 0x000000008e100000|100%| E|CS|TAMS 0x000000008e000000, 0x000000008e000000| Complete 
| 225|0x000000008e100000, 0x000000008e200000, 0x000000008e200000|100%| E|CS|TAMS 0x000000008e100000, 0x000000008e100000| Complete 
| 226|0x000000008e200000, 0x000000008e300000, 0x000000008e300000|100%| E|CS|TAMS 0x000000008e200000, 0x000000008e200000| Complete 
| 227|0x000000008e300000, 0x000000008e400000, 0x000000008e400000|100%| E|CS|TAMS 0x000000008e300000, 0x000000008e300000| Complete 
| 228|0x000000008e400000, 0x000000008e500000, 0x000000008e500000|100%| E|CS|TAMS 0x000000008e400000, 0x000000008e400000| Complete 
| 229|0x000000008e500000, 0x000000008e600000, 0x000000008e600000|100%| E|CS|TAMS 0x000000008e500000, 0x000000008e500000| Complete 
| 230|0x000000008e600000, 0x000000008e700000, 0x000000008e700000|100%| E|CS|TAMS 0x000000008e600000, 0x000000008e600000| Complete 
| 231|0x000000008e700000, 0x000000008e800000, 0x000000008e800000|100%| E|CS|TAMS 0x000000008e700000, 0x000000008e700000| Complete 
| 232|0x000000008e800000, 0x000000008e900000, 0x000000008e900000|100%| E|CS|TAMS 0x000000008e800000, 0x000000008e800000| Complete 
| 233|0x000000008e900000, 0x000000008ea00000, 0x000000008ea00000|100%| E|CS|TAMS 0x000000008e900000, 0x000000008e900000| Complete 
| 234|0x000000008ea00000, 0x000000008eb00000, 0x000000008eb00000|100%| E|CS|TAMS 0x000000008ea00000, 0x000000008ea00000| Complete 
| 235|0x000000008eb00000, 0x000000008ec00000, 0x000000008ec00000|100%| E|CS|TAMS 0x000000008eb00000, 0x000000008eb00000| Complete 
| 236|0x000000008ec00000, 0x000000008ed00000, 0x000000008ed00000|100%| E|CS|TAMS 0x000000008ec00000, 0x000000008ec00000| Complete 
| 237|0x000000008ed00000, 0x000000008ee00000, 0x000000008ee00000|100%| E|CS|TAMS 0x000000008ed00000, 0x000000008ed00000| Complete 
| 238|0x000000008ee00000, 0x000000008ef00000, 0x000000008ef00000|100%| E|CS|TAMS 0x000000008ee00000, 0x000000008ee00000| Complete 
| 239|0x000000008ef00000, 0x000000008f000000, 0x000000008f000000|100%| E|CS|TAMS 0x000000008ef00000, 0x000000008ef00000| Complete 
| 240|0x000000008f000000, 0x000000008f100000, 0x000000008f100000|100%| E|CS|TAMS 0x000000008f000000, 0x000000008f000000| Complete 
| 241|0x000000008f100000, 0x000000008f200000, 0x000000008f200000|100%| E|CS|TAMS 0x000000008f100000, 0x000000008f100000| Complete 
| 242|0x000000008f200000, 0x000000008f300000, 0x000000008f300000|100%| E|CS|TAMS 0x000000008f200000, 0x000000008f200000| Complete 
| 243|0x000000008f300000, 0x000000008f400000, 0x000000008f400000|100%| E|CS|TAMS 0x000000008f300000, 0x000000008f300000| Complete 
| 244|0x000000008f400000, 0x000000008f500000, 0x000000008f500000|100%| E|CS|TAMS 0x000000008f400000, 0x000000008f400000| Complete 
| 245|0x000000008f500000, 0x000000008f600000, 0x000000008f600000|100%| E|CS|TAMS 0x000000008f500000, 0x000000008f500000| Complete 
| 246|0x000000008f600000, 0x000000008f700000, 0x000000008f700000|100%| E|CS|TAMS 0x000000008f600000, 0x000000008f600000| Complete 
| 247|0x000000008f700000, 0x000000008f800000, 0x000000008f800000|100%| E|CS|TAMS 0x000000008f700000, 0x000000008f700000| Complete 
| 248|0x000000008f800000, 0x000000008f900000, 0x000000008f900000|100%| E|CS|TAMS 0x000000008f800000, 0x000000008f800000| Complete 
| 249|0x000000008f900000, 0x000000008fa00000, 0x000000008fa00000|100%| E|CS|TAMS 0x000000008f900000, 0x000000008f900000| Complete 
| 250|0x000000008fa00000, 0x000000008fb00000, 0x000000008fb00000|100%| E|CS|TAMS 0x000000008fa00000, 0x000000008fa00000| Complete 
| 251|0x000000008fb00000, 0x000000008fc00000, 0x000000008fc00000|100%| E|CS|TAMS 0x000000008fb00000, 0x000000008fb00000| Complete 
| 252|0x000000008fc00000, 0x000000008fd00000, 0x000000008fd00000|100%| E|CS|TAMS 0x000000008fc00000, 0x000000008fc00000| Complete 
| 253|0x000000008fd00000, 0x000000008fe00000, 0x000000008fe00000|100%| E|CS|TAMS 0x000000008fd00000, 0x000000008fd00000| Complete 

Card table byte_map: [0x0000013c5cc20000,0x0000013c5d020000] _byte_map_base: 0x0000013c5c820000

Marking Bits (Prev, Next): (CMBitMap*) 0x0000013c48ef8890, (CMBitMap*) 0x0000013c48ef8858
 Prev Bits: [0x0000013c5f420000, 0x0000013c61420000)
 Next Bits: [0x0000013c5d420000, 0x0000013c5f420000)

Polling page: 0x0000013c47620000

Metaspace:

Usage:
  Non-class:     79.60 MB capacity,    78.16 MB ( 98%) used,     1.18 MB (  1%) free+waste,   265.13 KB ( <1%) overhead. 
      Class:     12.37 MB capacity,    11.55 MB ( 93%) used,   719.56 KB (  6%) free+waste,   119.44 KB ( <1%) overhead. 
       Both:     91.97 MB capacity,    89.71 MB ( 98%) used,     1.89 MB (  2%) free+waste,   384.56 KB ( <1%) overhead. 

Virtual space:
  Non-class space:       80.00 MB reserved,      79.75 MB (>99%) committed 
      Class space:        1.00 GB reserved,      12.45 MB (  1%) committed 
             Both:        1.08 GB reserved,      92.20 MB (  8%) committed 

Chunk freelists:
   Non-Class:  23.00 KB
       Class:  8.00 KB
        Both:  31.00 KB

MaxMetaspaceSize: 17179869184.00 GB
CompressedClassSpaceSize: 1.00 GB

CodeHeap 'non-profiled nmethods': size=120000Kb used=6381Kb max_used=6381Kb free=113618Kb
 bounds [0x0000013c54880000, 0x0000013c54ec0000, 0x0000013c5bdb0000]
CodeHeap 'profiled nmethods': size=120000Kb used=23656Kb max_used=23656Kb free=96343Kb
 bounds [0x0000013c4d350000, 0x0000013c4ea70000, 0x0000013c54880000]
CodeHeap 'non-nmethods': size=5760Kb used=2306Kb max_used=2345Kb free=3453Kb
 bounds [0x0000013c4cdb0000, 0x0000013c4d020000, 0x0000013c4d350000]
 total_blobs=11712 nmethods=10803 adapters=820
 compilation: enabled
              stopped_count=0, restarted_count=0
 full_count=0

Compilation events (20 events):
Event: 22.362 Thread 0x0000013c647b6800 10820   !   3       com.sun.proxy.$Proxy22::k (32 bytes)
Event: 22.362 Thread 0x0000013c647b6800 nmethod 10820 0x0000013c4ea25910 code [0x0000013c4ea25b00, 0x0000013c4ea25ef8]
Event: 22.362 Thread 0x0000013c647b6800 10821   !   3       com.sun.proxy.$Proxy22::d1 (29 bytes)
Event: 22.362 Thread 0x0000013c647b6800 nmethod 10821 0x0000013c4ea26110 code [0x0000013c4ea26300, 0x0000013c4ea266d8]
Event: 22.362 Thread 0x0000013c647b6800 10822   !   3       com.sun.proxy.$Proxy22::d2 (29 bytes)
Event: 22.363 Thread 0x0000013c647b6800 nmethod 10822 0x0000013c4ea26890 code [0x0000013c4ea26a80, 0x0000013c4ea26e58]
Event: 22.363 Thread 0x0000013c647b6800 10823   !   3       com.sun.proxy.$Proxy22::mv (29 bytes)
Event: 22.363 Thread 0x0000013c647b6800 nmethod 10823 0x0000013c4ea27010 code [0x0000013c4ea27200, 0x0000013c4ea275d8]
Event: 22.363 Thread 0x0000013c647b6800 10824   !   3       com.sun.proxy.$Proxy22::bv (29 bytes)
Event: 22.363 Thread 0x0000013c647b6800 nmethod 10824 0x0000013c4ea27790 code [0x0000013c4ea27980, 0x0000013c4ea27d58]
Event: 22.370 Thread 0x0000013c647b6800 10825       3       org.gradle.internal.classpath.Instrumented$$Lambda$339/0x00000001004ff440::systemPropertyQueried (7 bytes)
Event: 22.370 Thread 0x0000013c647b6800 nmethod 10825 0x0000013c4ea27f10 code [0x0000013c4ea280c0, 0x0000013c4ea28218]
Event: 22.370 Thread 0x0000013c647b6800 10826       3       org.gradle.internal.classpath.Instrumented::lambda$static$0 (1 bytes)
Event: 22.370 Thread 0x0000013c647b6800 nmethod 10826 0x0000013c4ea28310 code [0x0000013c4ea284c0, 0x0000013c4ea28598]
Event: 22.372 Thread 0x0000013c647b6800 10827       3       org.gradle.internal.classpath.Instrumented::systemProperty (30 bytes)
Event: 22.373 Thread 0x0000013c647b6800 nmethod 10827 0x0000013c4ea28610 code [0x0000013c4ea28880, 0x0000013c4ea29308]
Event: 22.373 Thread 0x0000013c647b6800 10828       3       org.gradle.internal.classpath.Instrumented::systemProperty (7 bytes)
Event: 22.374 Thread 0x0000013c647b6800 nmethod 10828 0x0000013c4ea29710 code [0x0000013c4ea299a0, 0x0000013c4ea2a468]
Event: 22.382 Thread 0x0000013c647b6800 10829   !   3       org.gradle.internal.snapshot.impl.DefaultValueSnapshotter::isolate (24 bytes)
Event: 22.383 Thread 0x0000013c647b6800 nmethod 10829 0x0000013c4ea2a890 code [0x0000013c4ea2aa60, 0x0000013c4ea2ad98]

GC Heap History (20 events):
Event: 3.360 GC heap before
{Heap before GC invocations=1 (full 0):
 garbage-first heap   total 260096K, used 106712K [0x0000000080000000, 0x0000000100000000)
  region size 1024K, 98 young (100352K), 3 survivors (3072K)
 Metaspace       used 20572K, capacity 21104K, committed 21248K, reserved 1067008K
  class space    used 2505K, capacity 2690K, committed 2816K, reserved 1048576K
}
Event: 3.370 GC heap after
{Heap after GC invocations=2 (full 0):
 garbage-first heap   total 260096K, used 16600K [0x0000000080000000, 0x0000000100000000)
  region size 1024K, 10 young (10240K), 10 survivors (10240K)
 Metaspace       used 20572K, capacity 21104K, committed 21248K, reserved 1067008K
  class space    used 2505K, capacity 2690K, committed 2816K, reserved 1048576K
}
Event: 3.733 GC heap before
{Heap before GC invocations=3 (full 0):
 garbage-first heap   total 260096K, used 51416K [0x0000000080000000, 0x0000000100000000)
  region size 1024K, 44 young (45056K), 10 survivors (10240K)
 Metaspace       used 23919K, capacity 24582K, committed 24832K, reserved 1071104K
  class space    used 3056K, capacity 3257K, committed 3328K, reserved 1048576K
}
Event: 3.740 GC heap after
{Heap after GC invocations=4 (full 0):
 garbage-first heap   total 260096K, used 17754K [0x0000000080000000, 0x0000000100000000)
  region size 1024K, 2 young (2048K), 2 survivors (2048K)
 Metaspace       used 23919K, capacity 24582K, committed 24832K, reserved 1071104K
  class space    used 3056K, capacity 3257K, committed 3328K, reserved 1048576K
}
Event: 5.082 GC heap before
{Heap before GC invocations=4 (full 0):
 garbage-first heap   total 260096K, used 93530K [0x0000000080000000, 0x0000000100000000)
  region size 1024K, 78 young (79872K), 2 survivors (2048K)
 Metaspace       used 35078K, capacity 35838K, committed 35840K, reserved 1081344K
  class space    used 4545K, capacity 4864K, committed 4864K, reserved 1048576K
}
Event: 5.096 GC heap after
{Heap after GC invocations=5 (full 0):
 garbage-first heap   total 260096K, used 21766K [0x0000000080000000, 0x0000000100000000)
  region size 1024K, 6 young (6144K), 6 survivors (6144K)
 Metaspace       used 35078K, capacity 35838K, committed 35840K, reserved 1081344K
  class space    used 4545K, capacity 4864K, committed 4864K, reserved 1048576K
}
Event: 6.977 GC heap before
{Heap before GC invocations=6 (full 0):
 garbage-first heap   total 260096K, used 122118K [0x0000000080000000, 0x0000000100000000)
  region size 1024K, 101 young (103424K), 6 survivors (6144K)
 Metaspace       used 43158K, capacity 44157K, committed 44364K, reserved 1087488K
  class space    used 5502K, capacity 5855K, committed 5964K, reserved 1048576K
}
Event: 6.989 GC heap after
{Heap after GC invocations=7 (full 0):
 garbage-first heap   total 260096K, used 27905K [0x0000000080000000, 0x0000000100000000)
  region size 1024K, 12 young (12288K), 12 survivors (12288K)
 Metaspace       used 43158K, capacity 44157K, committed 44364K, reserved 1087488K
  class space    used 5502K, capacity 5855K, committed 5964K, reserved 1048576K
}
Event: 11.979 GC heap before
{Heap before GC invocations=7 (full 0):
 garbage-first heap   total 260096K, used 149761K [0x0000000080000000, 0x0000000100000000)
  region size 1024K, 127 young (130048K), 12 survivors (12288K)
 Metaspace       used 52528K, capacity 53902K, committed 54092K, reserved 1095680K
  class space    used 6692K, capacity 7169K, committed 7244K, reserved 1048576K
}
Event: 12.001 GC heap after
{Heap after GC invocations=8 (full 0):
 garbage-first heap   total 260096K, used 41802K [0x0000000080000000, 0x0000000100000000)
  region size 1024K, 16 young (16384K), 16 survivors (16384K)
 Metaspace       used 52528K, capacity 53902K, committed 54092K, reserved 1095680K
  class space    used 6692K, capacity 7169K, committed 7244K, reserved 1048576K
}
Event: 13.197 GC heap before
{Heap before GC invocations=8 (full 0):
 garbage-first heap   total 260096K, used 77642K [0x0000000080000000, 0x0000000100000000)
  region size 1024K, 52 young (53248K), 16 survivors (16384K)
 Metaspace       used 58711K, capacity 60156K, committed 60288K, reserved 1101824K
  class space    used 7402K, capacity 7927K, committed 8012K, reserved 1048576K
}
Event: 13.232 GC heap after
{Heap after GC invocations=9 (full 0):
 garbage-first heap   total 260096K, used 44405K [0x0000000080000000, 0x0000000100000000)
  region size 1024K, 3 young (3072K), 3 survivors (3072K)
 Metaspace       used 58711K, capacity 60156K, committed 60288K, reserved 1101824K
  class space    used 7402K, capacity 7927K, committed 8012K, reserved 1048576K
}
Event: 16.379 GC heap before
{Heap before GC invocations=10 (full 0):
 garbage-first heap   total 260096K, used 160117K [0x0000000080000000, 0x0000000100000000)
  region size 1024K, 116 young (118784K), 3 survivors (3072K)
 Metaspace       used 68146K, capacity 69729K, committed 69836K, reserved 1110016K
  class space    used 8748K, capacity 9332K, committed 9420K, reserved 1048576K
}
Event: 16.393 GC heap after
{Heap after GC invocations=11 (full 0):
 garbage-first heap   total 260096K, used 52094K [0x0000000080000000, 0x0000000100000000)
  region size 1024K, 11 young (11264K), 11 survivors (11264K)
 Metaspace       used 68146K, capacity 69729K, committed 69836K, reserved 1110016K
  class space    used 8748K, capacity 9332K, committed 9420K, reserved 1048576K
}
Event: 19.121 GC heap before
{Heap before GC invocations=11 (full 0):
 garbage-first heap   total 260096K, used 168830K [0x0000000080000000, 0x0000000100000000)
  region size 1024K, 126 young (129024K), 11 survivors (11264K)
 Metaspace       used 80311K, capacity 82216K, committed 82508K, reserved 1120256K
  class space    used 10366K, capacity 11033K, committed 11084K, reserved 1048576K
}
Event: 19.145 GC heap after
{Heap after GC invocations=12 (full 0):
 garbage-first heap   total 260096K, used 61881K [0x0000000080000000, 0x0000000100000000)
  region size 1024K, 10 young (10240K), 10 survivors (10240K)
 Metaspace       used 80311K, capacity 82216K, committed 82508K, reserved 1120256K
  class space    used 10366K, capacity 11033K, committed 11084K, reserved 1048576K
}
Event: 20.725 GC heap before
{Heap before GC invocations=12 (full 0):
 garbage-first heap   total 260096K, used 177593K [0x0000000080000000, 0x0000000100000000)
  region size 1024K, 124 young (126976K), 10 survivors (10240K)
 Metaspace       used 83733K, capacity 85856K, committed 86092K, reserved 1124352K
  class space    used 10779K, capacity 11576K, committed 11596K, reserved 1048576K
}
Event: 20.740 GC heap after
{Heap after GC invocations=13 (full 0):
 garbage-first heap   total 260096K, used 69478K [0x0000000080000000, 0x0000000100000000)
  region size 1024K, 8 young (8192K), 8 survivors (8192K)
 Metaspace       used 83733K, capacity 85856K, committed 86092K, reserved 1124352K
  class space    used 10779K, capacity 11576K, committed 11596K, reserved 1048576K
}
Event: 21.985 GC heap before
{Heap before GC invocations=13 (full 0):
 garbage-first heap   total 260096K, used 185190K [0x0000000080000000, 0x0000000100000000)
  region size 1024K, 122 young (124928K), 8 survivors (8192K)
 Metaspace       used 88329K, capacity 90563K, committed 90828K, reserved 1128448K
  class space    used 11356K, capacity 12162K, committed 12236K, reserved 1048576K
}
Event: 21.998 GC heap after
{Heap after GC invocations=14 (full 0):
 garbage-first heap   total 260096K, used 74113K [0x0000000080000000, 0x0000000100000000)
  region size 1024K, 13 young (13312K), 13 survivors (13312K)
 Metaspace       used 88329K, capacity 90563K, committed 90828K, reserved 1128448K
  class space    used 11356K, capacity 12162K, committed 12236K, reserved 1048576K
}

Deoptimization events (20 events):
Event: 22.234 Thread 0x0000013c6998c000 DEOPT PACKING pc=0x0000013c54d8f648 sp=0x0000002bca5f8980
Event: 22.234 Thread 0x0000013c6998c000 DEOPT UNPACKING pc=0x0000013c4cdd78af sp=0x0000002bca5f8938 mode 2
Event: 22.250 Thread 0x0000013c698d0000 DEOPT PACKING pc=0x0000013c4e5f88f6 sp=0x0000002bc8afdd30
Event: 22.250 Thread 0x0000013c698cf800 DEOPT PACKING pc=0x0000013c4e5f88d5 sp=0x0000002bc8efdc50
Event: 22.250 Thread 0x0000013c698cf800 DEOPT UNPACKING pc=0x0000013c4cdd76ce sp=0x0000002bc8efd170 mode 0
Event: 22.250 Thread 0x0000013c698d0000 DEOPT UNPACKING pc=0x0000013c4cdd76ce sp=0x0000002bc8afd250 mode 0
Event: 22.298 Thread 0x0000013c6998c000 DEOPT PACKING pc=0x0000013c4e5f88d5 sp=0x0000002bca5fcbd0
Event: 22.298 Thread 0x0000013c6998c000 DEOPT UNPACKING pc=0x0000013c4cdd76ce sp=0x0000002bca5fc0f0 mode 0
Event: 22.320 Thread 0x0000013c6bd68800 Uncommon trap: trap_request=0xffffff4d fr.pc=0x0000013c54d2ceec relative=0x000000000000022c
Event: 22.320 Thread 0x0000013c6bd68800 Uncommon trap: reason=unstable_if action=reinterpret pc=0x0000013c54d2ceec method=org.gradle.internal.snapshot.impl.AbstractScalarValueSnapshot.equals(Ljava/lang/Object;)Z @ 19 c2
Event: 22.320 Thread 0x0000013c6bd68800 DEOPT PACKING pc=0x0000013c54d2ceec sp=0x0000002bca0fcb10
Event: 22.320 Thread 0x0000013c6bd68800 DEOPT UNPACKING pc=0x0000013c4cdd78af sp=0x0000002bca0fca38 mode 2
Event: 22.324 Thread 0x0000013c6bd68800 Uncommon trap: trap_request=0xffffff4d fr.pc=0x0000013c54daf730 relative=0x0000000000000cd0
Event: 22.324 Thread 0x0000013c6bd68800 Uncommon trap: reason=unstable_if action=reinterpret pc=0x0000013c54daf730 method=org.gradle.internal.snapshot.VfsRelativePath.compareToFirstSegment(Ljava/lang/String;Lorg/gradle/internal/snapshot/CaseSensitivity;)I @ 134 c2
Event: 22.324 Thread 0x0000013c6bd68800 DEOPT PACKING pc=0x0000013c54daf730 sp=0x0000002bca0fa430
Event: 22.324 Thread 0x0000013c6bd68800 DEOPT UNPACKING pc=0x0000013c4cdd78af sp=0x0000002bca0fa3b0 mode 2
Event: 22.339 Thread 0x0000013c6bd68800 Uncommon trap: trap_request=0xffffff4d fr.pc=0x0000013c54e36fc4 relative=0x0000000000000864
Event: 22.339 Thread 0x0000013c6bd68800 Uncommon trap: reason=unstable_if action=reinterpret pc=0x0000013c54e36fc4 method=java.lang.Integer.stringSize(I)I @ 19 c2
Event: 22.339 Thread 0x0000013c6bd68800 DEOPT PACKING pc=0x0000013c54e36fc4 sp=0x0000002bca0fa400
Event: 22.339 Thread 0x0000013c6bd68800 DEOPT UNPACKING pc=0x0000013c4cdd78af sp=0x0000002bca0fa358 mode 2

Classes redefined (0 events):
No events

Internal exceptions (20 events):
Event: 19.502 Thread 0x0000013c698d0000 Exception <a 'java/lang/NoSuchMethodError'{0x000000008efc9338}: 'java.lang.Object java.lang.invoke.DirectMethodHandle$Holder.invokeSpecialIFC(java.lang.Object, java.lang.Object, java.lang.Object)'> (0x000000008efc9338) thrown at [./src/hotspot/share/interpreter/linkResolver.cpp, line 773]
Event: 19.502 Thread 0x0000013c698c6800 Exception <a 'java/lang/NoSuchMethodError'{0x000000008f01a6b8}: 'java.lang.Object java.lang.invoke.DirectMethodHandle$Holder.invokeSpecialIFC(java.lang.Object, java.lang.Object, java.lang.Object)'> (0x000000008f01a6b8) thrown at [./src/hotspot/share/interpreter/linkResolver.cpp, line 773]
Event: 19.546 Thread 0x0000013c698ca800 Exception <a 'java/lang/NoSuchMethodError'{0x000000008eb1cfe0}: 'int java.lang.invoke.DirectMethodHandle$Holder.invokeStaticInit(java.lang.Object, java.lang.Object, java.lang.Object, java.lang.Object, java.lang.Object)'> (0x000000008eb1cfe0) thrown at [./src/hotspot/share/interpreter/linkResolver.cpp, line 773]
Event: 19.972 Thread 0x0000013c6bd6b800 Exception <a 'java/lang/IncompatibleClassChangeError'{0x000000008c36b4d8}: Found class java.lang.Object, but interface was expected> (0x000000008c36b4d8) thrown at [./src/hotspot/share/interpreter/linkResolver.cpp, line 839]
Event: 20.255 Thread 0x0000013c698ca800 Implicit null exception at 0x0000013c54de9ad2 to 0x0000013c54de9ed8
Event: 20.791 Thread 0x0000013c6bd68800 Exception <a 'java/lang/NoSuchMethodError'{0x000000008fa5b6b0}: 'void java.lang.invoke.DirectMethodHandle$Holder.invokeStatic(java.lang.Object, java.lang.Object, java.lang.Object, java.lang.Object, java.lang.Object, java.lang.Object, java.lang.Object)'> (0x000000008fa5b6b0) thrown at [./src/hotspot/share/interpreter/linkResolver.cpp, line 773]
Event: 20.801 Thread 0x0000013c66e7d800 Exception <a 'java/lang/NoSuchMethodError'{0x000000008f846dc0}: <clinit>> (0x000000008f846dc0) thrown at [./src/hotspot/share/prims/jni.cpp, line 1362]
Event: 21.624 Thread 0x0000013c6bd6b800 Exception <a 'java/lang/NoSuchMethodError'{0x000000008b083f78}: 'int java.lang.invoke.DirectMethodHandle$Holder.invokeSpecial(java.lang.Object, java.lang.Object, java.lang.Object, java.lang.Object, java.lang.Object)'> (0x000000008b083f78) thrown at [./src/hotspot/share/interpreter/linkResolver.cpp, line 773]
Event: 21.786 Thread 0x0000013c698ce800 Implicit null exception at 0x0000013c54e7273d to 0x0000013c54e72f90
Event: 21.786 Thread 0x0000013c698ca800 Implicit null exception at 0x0000013c54e7273d to 0x0000013c54e72f90
Event: 21.786 Thread 0x0000013c698cf800 Implicit null exception at 0x0000013c54e7273d to 0x0000013c54e72f90
Event: 22.218 Thread 0x0000013c6998c000 Exception <a 'sun/nio/fs/WindowsException'{0x000000008e2ba4b8}> (0x000000008e2ba4b8) thrown at [./src/hotspot/share/prims/jni.cpp, line 615]
Event: 22.314 Thread 0x0000013c6bd68800 Exception <a 'java/lang/NoSuchMethodError'{0x000000008d1e1348}: <clinit>> (0x000000008d1e1348) thrown at [./src/hotspot/share/prims/jni.cpp, line 1362]
Event: 22.315 Thread 0x0000013c6bd68800 Exception <a 'java/lang/NoSuchMethodError'{0x000000008d1e2668}: <clinit>> (0x000000008d1e2668) thrown at [./src/hotspot/share/prims/jni.cpp, line 1362]
Event: 22.315 Thread 0x0000013c6bd68800 Exception <a 'java/lang/NoSuchMethodError'{0x000000008d1e4dc8}: <clinit>> (0x000000008d1e4dc8) thrown at [./src/hotspot/share/prims/jni.cpp, line 1362]
Event: 22.316 Thread 0x0000013c6bd68800 Exception <a 'java/lang/NoSuchMethodError'{0x000000008d1fd408}: <clinit>> (0x000000008d1fd408) thrown at [./src/hotspot/share/prims/jni.cpp, line 1362]
Event: 22.316 Thread 0x0000013c6bd68800 Exception <a 'java/lang/NoSuchMethodError'{0x000000008d1fe8e8}: <clinit>> (0x000000008d1fe8e8) thrown at [./src/hotspot/share/prims/jni.cpp, line 1362]
Event: 22.341 Thread 0x0000013c6bd68800 Exception <a 'java/lang/NoSuchMethodError'{0x000000008ce289b0}: <clinit>> (0x000000008ce289b0) thrown at [./src/hotspot/share/prims/jni.cpp, line 1362]
Event: 22.344 Thread 0x0000013c6bd68800 Exception <a 'java/lang/NoSuchMethodError'{0x000000008ce5d2c0}: <clinit>> (0x000000008ce5d2c0) thrown at [./src/hotspot/share/prims/jni.cpp, line 1362]
Event: 22.345 Thread 0x0000013c6bd68800 Exception <a 'java/lang/NoSuchMethodError'{0x000000008ce70148}: <clinit>> (0x000000008ce70148) thrown at [./src/hotspot/share/prims/jni.cpp, line 1362]

Events (20 events):
Event: 22.401 loading class com/android/tools/r8/graph/f0$v done
Event: 22.402 loading class com/android/tools/r8/graph/f0$u
Event: 22.402 loading class com/android/tools/r8/graph/f0$u done
Event: 22.402 loading class java/lang/ProcessBuilder done
Event: 22.402 loading class java/lang/ProcessImpl
Event: 22.402 loading class com/android/tools/r8/graph/f0$h
Event: 22.402 loading class com/android/tools/r8/graph/f0$h done
Event: 22.402 loading class com/android/tools/r8/graph/f0$k
Event: 22.402 loading class com/android/tools/r8/graph/f0$k done
Event: 22.402 loading class com/android/tools/r8/graph/f0$n
Event: 22.402 loading class com/android/tools/r8/graph/f0$n done
Event: 22.402 loading class java/lang/ProcessImpl done
Event: 22.403 loading class com/android/tools/r8/graph/f0$l
Event: 22.403 loading class com/android/tools/r8/graph/f0$l done
Event: 22.403 loading class com/android/tools/r8/graph/f0$g
Event: 22.403 loading class com/android/tools/r8/graph/f0$g done
Event: 22.403 loading class com/android/tools/r8/graph/f0$t
Event: 22.403 loading class com/android/tools/r8/graph/f0$t done
Event: 22.403 loading class com/android/tools/r8/graph/f0$f
Event: 22.403 loading class com/android/tools/r8/graph/f0$f done


Dynamic libraries:
0x00007ff7b0220000 - 0x00007ff7b022a000 	D:\Android\AndroidStudio\jre\bin\java.exe
0x00007ffcdc430000 - 0x00007ffcdc625000 	C:\WINDOWS\SYSTEM32\ntdll.dll
0x00007ffcdc290000 - 0x00007ffcdc34e000 	C:\WINDOWS\System32\KERNEL32.DLL
0x00007ffcda060000 - 0x00007ffcda328000 	C:\WINDOWS\System32\KERNELBASE.dll
0x00007ffcd9ea0000 - 0x00007ffcd9fa0000 	C:\WINDOWS\System32\ucrtbase.dll
0x00007ffcc1bd0000 - 0x00007ffcc1be7000 	D:\Android\AndroidStudio\jre\bin\VCRUNTIME140.dll
0x00007ffcc1bb0000 - 0x00007ffcc1bc9000 	D:\Android\AndroidStudio\jre\bin\jli.dll
0x00007ffcdac20000 - 0x00007ffcdadc1000 	C:\WINDOWS\System32\USER32.dll
0x00007ffcda330000 - 0x00007ffcda352000 	C:\WINDOWS\System32\win32u.dll
0x00007ffcdbb80000 - 0x00007ffcdbbab000 	C:\WINDOWS\System32\GDI32.dll
0x00007ffcda360000 - 0x00007ffcda46d000 	C:\WINDOWS\System32\gdi32full.dll
0x00007ffcd9ba0000 - 0x00007ffcd9c3d000 	C:\WINDOWS\System32\msvcp_win.dll
0x00007ffcc2ac0000 - 0x00007ffcc2d5a000 	C:\WINDOWS\WinSxS\amd64_microsoft.windows.common-controls_6595b64144ccf1df_6.0.19041.1110_none_60b5254171f9507e\COMCTL32.dll
0x00007ffcdc350000 - 0x00007ffcdc3ee000 	C:\WINDOWS\System32\msvcrt.dll
0x00007ffcdb250000 - 0x00007ffcdb280000 	C:\WINDOWS\System32\IMM32.DLL
0x0000000072460000 - 0x000000007246a000 	D:\360\360Safe\safemon\SafeWrapper.dll
0x00007ffcdc1e0000 - 0x00007ffcdc28c000 	C:\WINDOWS\System32\ADVAPI32.dll
0x00007ffcdbbb0000 - 0x00007ffcdbc4b000 	C:\WINDOWS\System32\sechost.dll
0x00007ffcdbe50000 - 0x00007ffcdbf7a000 	C:\WINDOWS\System32\RPCRT4.dll
0x00007ffcc2460000 - 0x00007ffcc24f2000 	D:\360\360Safe\safemon\libzdtp64.dll
0x00007ffcdbac0000 - 0x00007ffcdbb15000 	C:\WINDOWS\System32\SHLWAPI.dll
0x00007ffcd96c0000 - 0x00007ffcd96ca000 	C:\WINDOWS\SYSTEM32\VERSION.dll
0x00007ffca6c40000 - 0x00007ffca6cdd000 	D:\Android\AndroidStudio\jre\bin\msvcp140.dll
0x00007ffc7f7e0000 - 0x00007ffc802af000 	D:\Android\AndroidStudio\jre\bin\server\jvm.dll
0x00007ffcdb9d0000 - 0x00007ffcdb9d8000 	C:\WINDOWS\System32\PSAPI.DLL
0x00007ffcd2930000 - 0x00007ffcd2939000 	C:\WINDOWS\SYSTEM32\WSOCK32.dll
0x00007ffcc2d60000 - 0x00007ffcc2d87000 	C:\WINDOWS\SYSTEM32\WINMM.dll
0x00007ffcdb9e0000 - 0x00007ffcdba4b000 	C:\WINDOWS\System32\WS2_32.dll
0x00007ffcd79c0000 - 0x00007ffcd79d2000 	C:\WINDOWS\SYSTEM32\kernel.appcore.dll
0x00007ffcd1290000 - 0x00007ffcd12a1000 	D:\Android\AndroidStudio\jre\bin\verify.dll
0x00007ffcc6f20000 - 0x00007ffcc7104000 	C:\WINDOWS\SYSTEM32\DBGHELP.DLL
0x00007ffcbcb90000 - 0x00007ffcbcbbc000 	C:\WINDOWS\SYSTEM32\dbgcore.DLL
0x00007ffcd9fd0000 - 0x00007ffcda052000 	C:\WINDOWS\System32\bcryptPrimitives.dll
0x00007ffcd1200000 - 0x00007ffcd1229000 	D:\Android\AndroidStudio\jre\bin\java.dll
0x00007ffcd13c0000 - 0x00007ffcd13cb000 	D:\Android\AndroidStudio\jre\bin\jimage.dll
0x00007ffcd0f40000 - 0x00007ffcd0f58000 	D:\Android\AndroidStudio\jre\bin\zip.dll
0x00007ffcdb280000 - 0x00007ffcdb9c4000 	C:\WINDOWS\System32\SHELL32.dll
0x00007ffcd7bc0000 - 0x00007ffcd8354000 	C:\WINDOWS\SYSTEM32\windows.storage.dll
0x00007ffcda470000 - 0x00007ffcda7c5000 	C:\WINDOWS\System32\combase.dll
0x00007ffcd9520000 - 0x00007ffcd954e000 	C:\WINDOWS\SYSTEM32\Wldp.dll
0x00007ffcda970000 - 0x00007ffcdaa1d000 	C:\WINDOWS\System32\SHCORE.dll
0x00007ffcd9a80000 - 0x00007ffcd9a9f000 	C:\WINDOWS\SYSTEM32\profapi.dll
0x00007ffcd0ec0000 - 0x00007ffcd0eda000 	D:\Android\AndroidStudio\jre\bin\net.dll
0x00007ffcc5f40000 - 0x00007ffcc604c000 	C:\WINDOWS\SYSTEM32\WINHTTP.dll
0x00007ffcd9280000 - 0x00007ffcd92ea000 	C:\WINDOWS\system32\mswsock.dll
0x00007ffcd05e0000 - 0x00007ffcd05f4000 	D:\Android\AndroidStudio\jre\bin\nio.dll
0x00007ffcc9cb0000 - 0x00007ffcc9cd7000 	C:\Users\14185\.gradle\native\8bec1ad78214c89d9ad589b4d07fe93259594b29d510b10fafb7a158f7737e5d\windows-amd64\native-platform.dll
0x00007ffc939d0000 - 0x00007ffc93b0d000 	C:\Users\14185\.gradle\native\53dbd7edfb1c66fb8903c78663c9afc45aea4f116125fa6feffd364cf09443e8\windows-amd64\native-platform-file-events.dll
0x00007ffcd0f30000 - 0x00007ffcd0f3a000 	D:\Android\AndroidStudio\jre\bin\management.dll
0x00007ffcd0eb0000 - 0x00007ffcd0ebc000 	D:\Android\AndroidStudio\jre\bin\management_ext.dll
0x00007ffcd9470000 - 0x00007ffcd9488000 	C:\WINDOWS\SYSTEM32\CRYPTSP.dll
0x00007ffcd8b90000 - 0x00007ffcd8bc4000 	C:\WINDOWS\system32\rsaenh.dll
0x00007ffcd9fa0000 - 0x00007ffcd9fc7000 	C:\WINDOWS\System32\bcrypt.dll
0x00007ffcd9a00000 - 0x00007ffcd9a2e000 	C:\WINDOWS\SYSTEM32\USERENV.dll
0x00007ffcd9490000 - 0x00007ffcd949c000 	C:\WINDOWS\SYSTEM32\CRYPTBASE.dll
0x00007ffcd8f20000 - 0x00007ffcd8f5b000 	C:\WINDOWS\SYSTEM32\IPHLPAPI.DLL
0x00007ffcdaa40000 - 0x00007ffcdaa48000 	C:\WINDOWS\System32\NSI.dll
0x00007ffccf950000 - 0x00007ffccf967000 	C:\WINDOWS\SYSTEM32\dhcpcsvc6.DLL
0x00007ffccfe30000 - 0x00007ffccfe4d000 	C:\WINDOWS\SYSTEM32\dhcpcsvc.DLL
0x00007ffcd8f60000 - 0x00007ffcd902b000 	C:\WINDOWS\SYSTEM32\DNSAPI.dll

dbghelp: loaded successfully - version: 4.0.5 - missing functions: none
symbol engine: initialized successfully - sym options: 0x614 - pdb path: .;D:\Android\AndroidStudio\jre\bin;C:\WINDOWS\SYSTEM32;C:\WINDOWS\WinSxS\amd64_microsoft.windows.common-controls_6595b64144ccf1df_6.0.19041.1110_none_60b5254171f9507e;D:\360\360Safe\safemon;D:\Android\AndroidStudio\jre\bin\server;C:\Users\14185\.gradle\native\8bec1ad78214c89d9ad589b4d07fe93259594b29d510b10fafb7a158f7737e5d\windows-amd64;C:\Users\14185\.gradle\native\53dbd7edfb1c66fb8903c78663c9afc45aea4f116125fa6feffd364cf09443e8\windows-amd64

VM Arguments:
jvm_args: --add-opens=java.base/java.util=ALL-UNNAMED --add-opens=java.base/java.lang=ALL-UNNAMED --add-opens=java.base/java.lang.invoke=ALL-UNNAMED --add-opens=java.base/java.util=ALL-UNNAMED --add-opens=java.prefs/java.util.prefs=ALL-UNNAMED --add-opens=java.prefs/java.util.prefs=ALL-UNNAMED --add-opens=java.base/java.nio.charset=ALL-UNNAMED --add-opens=java.base/java.net=ALL-UNNAMED --add-opens=java.base/java.util.concurrent.atomic=ALL-UNNAMED -Xmx2048m -Dfile.encoding=UTF-8 -Duser.country=CN -Duser.language=zh -Duser.variant 
java_command: org.gradle.launcher.daemon.bootstrap.GradleDaemon 7.0.2
java_class_path (initial): C:\Users\14185\.gradle\wrapper\dists\gradle-7.0.2-bin\857tjihv64xamwrf0h14cai3r\gradle-7.0.2\lib\gradle-launcher-7.0.2.jar
Launcher Type: SUN_STANDARD

[Global flags]
     intx CICompilerCount                          = 4                                         {product} {ergonomic}
     uint ConcGCThreads                            = 2                                         {product} {ergonomic}
     uint G1ConcRefinementThreads                  = 8                                         {product} {ergonomic}
   size_t G1HeapRegionSize                         = 1048576                                   {product} {ergonomic}
    uintx GCDrainStackTargetSize                   = 64                                        {product} {ergonomic}
   size_t InitialHeapSize                          = 266338304                                 {product} {ergonomic}
   size_t MarkStackSize                            = 4194304                                   {product} {ergonomic}
   size_t MaxHeapSize                              = 2147483648                                {product} {command line}
   size_t MaxNewSize                               = 1287651328                                {product} {ergonomic}
   size_t MinHeapDeltaBytes                        = 1048576                                   {product} {ergonomic}
    uintx NonNMethodCodeHeapSize                   = 5836300                                {pd product} {ergonomic}
    uintx NonProfiledCodeHeapSize                  = 122910970                              {pd product} {ergonomic}
    uintx ProfiledCodeHeapSize                     = 122910970                              {pd product} {ergonomic}
    uintx ReservedCodeCacheSize                    = 251658240                              {pd product} {ergonomic}
     bool SegmentedCodeCache                       = true                                      {product} {ergonomic}
     bool UseCompressedClassPointers               = true                                 {lp64_product} {ergonomic}
     bool UseCompressedOops                        = true                                 {lp64_product} {ergonomic}
     bool UseG1GC                                  = true                                      {product} {ergonomic}
     bool UseLargePagesIndividualAllocation        = false                                  {pd product} {ergonomic}

Logging:
Log output configuration:
 #0: stdout all=warning uptime,level,tags
 #1: stderr all=off uptime,level,tags

Environment Variables:
JAVA_HOME=D:\JDK
PATH=C:\Program Files\PlasticSCM5\server;C:\Program Files\PlasticSCM5\client;C:\Program Files\Common Files\Oracle\Java\javapath;C:\windows\system32;C:\windows;C:\windows\System32\Wbem;C:\windows\System32\WindowsPowerShell\v1.0\;C:\windows\System32\OpenSSH\;C:\Program Files (x86)\NVIDIA Corporation\PhysX\Common;C:\WINDOWS\system32;C:\WINDOWS;C:\WINDOWS\System32\Wbem;C:\WINDOWS\System32\WindowsPowerShell\v1.0\;C:\WINDOWS\System32\OpenSSH\;"D:\JDK\bin;";C:\Program Files\Microsoft SQL Server\Client SDK\ODBC\130\Tools\Binn\;C:\Program Files (x86)\Microsoft SQL Server\130\Tools\Binn\;C:\Program Files\Microsoft SQL Server\130\Tools\Binn\;C:\Program Files\Microsoft SQL Server\130\DTS\Binn\;C:\Program Files (x86)\Microsoft SQL Server\150\DTS\Binn\;D:\Microsoft VS Code\bin;C:\Users\14185\AppData\Local\Programs\Python\Python39\;D:\Dev-Cpp\devcpp.exe
USERNAME=14185
OS=Windows_NT
PROCESSOR_IDENTIFIER=Intel64 Family 6 Model 142 Stepping 12, GenuineIntel



---------------  S Y S T E M  ---------------

OS: Windows 10 , 64 bit Build 19041 (10.0.19041.1348)
OS uptime: 0 days 22:02 hours

CPU:total 8 (initial active 8) (4 cores per cpu, 2 threads per core) family 6 model 142 stepping 12 microcode 0xca, cmov, cx8, fxsr, mmx, sse, sse2, sse3, ssse3, sse4.1, sse4.2, popcnt, avx, avx2, aes, clmul, erms, 3dnowpref, lzcnt, ht, tsc, tscinvbit, bmi1, bmi2, adx, fma

Memory: 4k page, system-wide physical 16221M (5457M free)
TotalPageFile size 24925M (AvailPageFile size 12529M)
current process WorkingSet (physical memory assigned to process): 506M, peak: 509M
current process commit charge ("private bytes"): 574M, peak: 577M

vm_info: OpenJDK 64-Bit Server VM (11.0.10+0-b96-7249189) for windows-amd64 JRE (11.0.10+0-b96-7249189), built on Mar 31 2021 21:44:00 by "builder" with MS VC++ 14.0 (VS2015)

END.
