#
# A fatal error has been detected by the Java Runtime Environment:
#
#  EXCEPTION_ACCESS_VIOLATION (0xc0000005) at pc=0x00007ffb2a1ac2b3, pid=28684, tid=25920
#
# JRE version: OpenJDK Runtime Environment (11.0.10) (build 11.0.10+0-b96-7249189)
# Java VM: OpenJDK 64-Bit Server VM (11.0.10+0-b96-7249189, mixed mode, tiered, compressed oops, g1 gc, windows-amd64)
# Problematic frame:
# C  [libzdtp64.dll+0x1c2b3]
#
# No core dump will be written. Minidumps are not enabled by default on client versions of Windows
#
# If you would like to submit a bug report, please visit:
#   https://bugreport.java.com/bugreport/crash.jsp
# The crash happened outside the Java Virtual Machine in native code.
# See problematic frame for where to report the bug.
#

---------------  S U M M A R Y ------------

Command Line: --add-opens=java.base/java.util=ALL-UNNAMED --add-opens=java.base/java.lang=ALL-UNNAMED --add-opens=java.base/java.lang.invoke=ALL-UNNAMED --add-opens=java.base/java.util=ALL-UNNAMED --add-opens=java.prefs/java.util.prefs=ALL-UNNAMED --add-opens=java.prefs/java.util.prefs=ALL-UNNAMED --add-opens=java.base/java.nio.charset=ALL-UNNAMED --add-opens=java.base/java.net=ALL-UNNAMED --add-opens=java.base/java.util.concurrent.atomic=ALL-UNNAMED -Xmx2048m -Dfile.encoding=UTF-8 -Duser.country=CN -Duser.language=zh -Duser.variant org.gradle.launcher.daemon.bootstrap.GradleDaemon 7.0.2

Host: Intel(R) Core(TM) i7-10510U CPU @ 1.80GHz, 8 cores, 15G,  Windows 10 , 64 bit Build 19041 (10.0.19041.1348)
Time: Mon Dec 27 17:37:40 2021 中国标准时间 elapsed time: 28.899528 seconds (0d 0h 0m 28s)

---------------  T H R E A D  ---------------

Current thread (0x0000027a719cd800):  JavaThread "WorkerExecutor Queue" [_thread_in_native, id=25920, stack(0x000000eb93a00000,0x000000eb93b00000)]

Stack: [0x000000eb93a00000,0x000000eb93b00000],  sp=0x000000eb93afd020,  free space=1012k
Native frames: (J=compiled Java code, j=interpreted, Vv=VM code, C=native code)
C  [libzdtp64.dll+0x1c2b3]
C  [libzdtp64.dll+0x1cf8d]
C  0x0000027a5250ff48

Java frames: (J=compiled Java code, j=interpreted, Vv=VM code)
j  java.lang.ProcessImpl.create(Ljava/lang/String;Ljava/lang/String;Ljava/lang/String;[JZ)J+0 java.base@11.0.10
j  java.lang.ProcessImpl.<init>([Ljava/lang/String;Ljava/lang/String;Ljava/lang/String;[JZ)V+264 java.base@11.0.10
j  java.lang.ProcessImpl.start([Ljava/lang/String;Ljava/util/Map;Ljava/lang/String;[Ljava/lang/ProcessBuilder$Redirect;Z)Ljava/lang/Process;+399 java.base@11.0.10
j  java.lang.ProcessBuilder.start([Ljava/lang/ProcessBuilder$Redirect;)Ljava/lang/Process;+163 java.base@11.0.10
j  java.lang.ProcessBuilder.start()Ljava/lang/Process;+5 java.base@11.0.10
j  com.android.builder.internal.aapt.v2.Aapt2DaemonImpl.startProcess()V+41
j  com.android.builder.internal.aapt.v2.Aapt2Daemon.checkStarted()V+66
j  com.android.builder.internal.aapt.v2.Aapt2Daemon.link(Lcom/android/builder/internal/aapt/AaptPackageConfig;Lcom/android/utils/ILogger;)V+13
j  com.android.builder.internal.aapt.v2.Aapt2DaemonManager$LeasedAaptDaemon.link(Lcom/android/builder/internal/aapt/AaptPackageConfig;Lcom/android/utils/ILogger;)V+34
j  com.android.builder.internal.aapt.v2.Aapt2DaemonManager$leasingAapt2Daemon$1.link(Lcom/android/builder/internal/aapt/AaptPackageConfig;Lcom/android/utils/ILogger;)V+49
j  com.android.build.gradle.internal.services.PartialInProcessResourceProcessor.link(Lcom/android/builder/internal/aapt/AaptPackageConfig;Lcom/android/utils/ILogger;)V+18
j  com.android.build.gradle.internal.res.Aapt2ProcessResourcesRunnableKt.processResources(Lcom/android/builder/internal/aapt/v2/Aapt2;Lcom/android/builder/internal/aapt/AaptPackageConfig;Ljava/io/File;Lorg/gradle/api/logging/Logger;Lcom/android/build/gradle/options/SyncOptions$ErrorFormatMode;Lkotlin/jvm/functions/Function1;)V+46
j  com.android.build.gradle.internal.res.LinkApplicationAndroidResourcesTask$Companion.invokeAaptForSplit(Lcom/android/build/api/variant/impl/VariantOutputImpl$SerializedForm;Lcom/android/build/api/variant/impl/BuiltArtifactImpl;ZLcom/android/builder/internal/aapt/v2/Aapt2;Ljava/io/File;Lcom/android/build/gradle/internal/res/LinkApplicationAndroidResourcesTask$TaskWorkActionParameters;)V+1428
j  com.android.build.gradle.internal.res.LinkApplicationAndroidResourcesTask$Companion.access$invokeAaptForSplit(Lcom/android/build/gradle/internal/res/LinkApplicationAndroidResourcesTask$Companion;Lcom/android/build/api/variant/impl/VariantOutputImpl$SerializedForm;Lcom/android/build/api/variant/impl/BuiltArtifactImpl;ZLcom/android/builder/internal/aapt/v2/Aapt2;Ljava/io/File;Lcom/android/build/gradle/internal/res/LinkApplicationAndroidResourcesTask$TaskWorkActionParameters;)V+10
j  com.android.build.gradle.internal.res.LinkApplicationAndroidResourcesTask$TaskAction.run()V+224
j  com.android.build.gradle.internal.profile.ProfileAwareWorkAction.execute()V+74
j  org.gradle.workers.internal.DefaultWorkerServer.execute(Lorg/gradle/workers/internal/SimpleActionExecutionSpec;)Lorg/gradle/workers/internal/DefaultWorkResult;+128
j  org.gradle.workers.internal.NoIsolationWorkerFactory$1$1.create()Lorg/gradle/workers/internal/DefaultWorkResult;+29
j  org.gradle.workers.internal.NoIsolationWorkerFactory$1$1.create()Ljava/lang/Object;+1
j  org.gradle.internal.classloader.ClassLoaderUtils.executeInClassloader(Ljava/lang/ClassLoader;Lorg/gradle/internal/Factory;)Ljava/lang/Object;+15
j  org.gradle.workers.internal.NoIsolationWorkerFactory$1.lambda$execute$0(Ljava/lang/ClassLoader;Lorg/gradle/workers/WorkerExecutor;Lorg/gradle/workers/internal/IsolatedParametersActionExecutionSpec;)Lorg/gradle/workers/internal/DefaultWorkResult;+10
j  org.gradle.workers.internal.NoIsolationWorkerFactory$1$$Lambda$979.execute(Lorg/gradle/workers/internal/IsolatedParametersActionExecutionSpec;)Lorg/gradle/workers/internal/DefaultWorkResult;+13
j  org.gradle.workers.internal.AbstractWorker$1.call(Lorg/gradle/internal/operations/BuildOperationContext;)Lorg/gradle/workers/internal/DefaultWorkResult;+8
j  org.gradle.workers.internal.AbstractWorker$1.call(Lorg/gradle/internal/operations/BuildOperationContext;)Ljava/lang/Object;+2
J 8834 c1 org.gradle.internal.operations.DefaultBuildOperationRunner$CallableBuildOperationWorker.execute(Lorg/gradle/internal/operations/BuildOperation;Lorg/gradle/internal/operations/BuildOperationContext;)V (10 bytes) @ 0x0000027a53d0ec34 [0x0000027a53d0e9e0+0x0000000000000254]
J 6619 c1 org.gradle.internal.operations.DefaultBuildOperationRunner$3.execute(Lorg/gradle/internal/operations/BuildOperationDescriptor;Lorg/gradle/internal/operations/BuildOperationState;Lorg/gradle/internal/operations/BuildOperationState;Lorg/gradle/internal/operations/DefaultBuildOperationRunner$ReadableBuildOperationContext;Lorg/gradle/internal/operations/DefaultBuildOperationRunner$BuildOperationExecutionListener;)Lorg/gradle/internal/operations/BuildOperation; (110 bytes) @ 0x0000027a53846224 [0x0000027a53846040+0x00000000000001e4]
J 6545 c1 org.gradle.internal.operations.DefaultBuildOperationRunner.execute(Lorg/gradle/internal/operations/BuildOperationDescriptor$Builder;Lorg/gradle/internal/operations/BuildOperationState;Lorg/gradle/internal/operations/DefaultBuildOperationRunner$BuildOperationExecution;)Ljava/lang/Object; (140 bytes) @ 0x0000027a53818c34 [0x0000027a53817f20+0x0000000000000d14]
J 8831 c1 org.gradle.internal.operations.DefaultBuildOperationRunner.call(Lorg/gradle/internal/operations/CallableBuildOperation;)Ljava/lang/Object; (24 bytes) @ 0x0000027a53d0d8dc [0x0000027a53d0d1e0+0x00000000000006fc]
J 6595 c1 org.gradle.internal.operations.DefaultBuildOperationExecutor.call(Lorg/gradle/internal/operations/CallableBuildOperation;)Ljava/lang/Object; (19 bytes) @ 0x0000027a538371cc [0x0000027a53836920+0x00000000000008ac]
j  org.gradle.workers.internal.AbstractWorker.executeWrappedInBuildOperation(Lorg/gradle/workers/internal/IsolatedParametersActionExecutionSpec;Lorg/gradle/internal/operations/BuildOperationRef;Lorg/gradle/workers/internal/AbstractWorker$Work;)Lorg/gradle/workers/internal/DefaultWorkResult;+15
j  org.gradle.workers.internal.NoIsolationWorkerFactory$1.execute(Lorg/gradle/workers/internal/IsolatedParametersActionExecutionSpec;Lorg/gradle/internal/operations/BuildOperationRef;)Lorg/gradle/workers/internal/DefaultWorkResult;+17
j  org.gradle.workers.internal.DefaultWorkerExecutor.lambda$submitWork$2(Lorg/gradle/workers/internal/WorkerFactory;Lorg/gradle/workers/internal/WorkerRequirement;Lorg/gradle/workers/internal/IsolatedParametersActionExecutionSpec;Lorg/gradle/internal/operations/BuildOperationRef;)Lorg/gradle/workers/internal/DefaultWorkResult;+13
j  org.gradle.workers.internal.DefaultWorkerExecutor$$Lambda$977.call()Ljava/lang/Object;+16
J 7703 c1 java.util.concurrent.FutureTask.run()V java.base@11.0.10 (123 bytes) @ 0x0000027a53ad2944 [0x0000027a53ad22a0+0x00000000000006a4]
j  org.gradle.internal.work.DefaultConditionalExecutionQueue$ExecutionRunner.runExecution(Lorg/gradle/internal/work/ConditionalExecution;)V+6
j  org.gradle.internal.work.DefaultConditionalExecutionQueue$ExecutionRunner.runBatch(Lorg/gradle/internal/work/ConditionalExecution;)V+8
j  org.gradle.internal.work.DefaultConditionalExecutionQueue$ExecutionRunner.run()V+11
j  java.util.concurrent.Executors$RunnableAdapter.call()Ljava/lang/Object;+4 java.base@11.0.10
J 7703 c1 java.util.concurrent.FutureTask.run()V java.base@11.0.10 (123 bytes) @ 0x0000027a53ad2944 [0x0000027a53ad22a0+0x00000000000006a4]
J 9267 c1 org.gradle.internal.concurrent.ManagedExecutorImpl$1.run()V (57 bytes) @ 0x0000027a53df924c [0x0000027a53df8fe0+0x000000000000026c]
j  java.util.concurrent.ThreadPoolExecutor.runWorker(Ljava/util/concurrent/ThreadPoolExecutor$Worker;)V+92 java.base@11.0.10
j  java.util.concurrent.ThreadPoolExecutor$Worker.run()V+5 java.base@11.0.10
j  org.gradle.internal.concurrent.ThreadFactoryImpl$ManagedThreadRunnable.run()V+7
j  java.lang.Thread.run()V+11 java.base@11.0.10
v  ~StubRoutines::call_stub

siginfo: EXCEPTION_ACCESS_VIOLATION (0xc0000005), reading address 0x0000000000000018


Register to memory mapping:

RIP=0x00007ffb2a1ac2b3 libzdtp64.dll
RAX=0x0 is NULL
RBX=0x0 is NULL
RCX=0x000000eb93afd200 is pointing into the stack for thread: 0x0000027a719cd800
RDX=0x0 is NULL
RSP=0x000000eb93afd020 is pointing into the stack for thread: 0x0000027a719cd800
RBP=0x000000eb93afd120 is pointing into the stack for thread: 0x0000027a719cd800
RSI=0x0 is NULL
RDI=0x000000eb93afd200 is pointing into the stack for thread: 0x0000027a719cd800
R8 =0x0000000000000004 is an unknown value
R9 =0x0000000000000001 is an unknown value
R10=0x0000000000008000 is an unknown value
R11=0x000000eb93afd100 is pointing into the stack for thread: 0x0000027a719cd800
R12=0x0 is NULL
R13=0x0000027a74a13d98 points into unknown readable memory: 0x0000000000000000 | 00 00 00 00 00 00 00 00
R14=0x0 is NULL
R15=0x0000000000000001 is an unknown value


Registers:
RAX=0x0000000000000000, RBX=0x0000000000000000, RCX=0x000000eb93afd200, RDX=0x0000000000000000
RSP=0x000000eb93afd020, RBP=0x000000eb93afd120, RSI=0x0000000000000000, RDI=0x000000eb93afd200
R8 =0x0000000000000004, R9 =0x0000000000000001, R10=0x0000000000008000, R11=0x000000eb93afd100
R12=0x0000000000000000, R13=0x0000027a74a13d98, R14=0x0000000000000000, R15=0x0000000000000001
RIP=0x00007ffb2a1ac2b3, EFLAGS=0x0000000000010293

Top of Stack: (sp=0x000000eb93afd020)
0x000000eb93afd020:   00007ffb4149e670 000000eb93afcfd8
0x000000eb93afd030:   0000027a74a13da8 0000000000000007
0x000000eb93afd040:   0000027a74a13d98 0000000000000000
0x000000eb93afd050:   0000000000000004 0000000000000000
0x000000eb93afd060:   000000eb93afd160 00007ffb437f5ba1
0x000000eb93afd070:   0000000000000000 0000000000000004
0x000000eb93afd080:   0000027a719cdb48 fffffffffffffffe
0x000000eb93afd090:   0000000000000004 00007ffafc13047b
0x000000eb93afd0a0:   0000027a6a092290 0000027a000001a6
0x000000eb93afd0b0:   0000027a719cd800 0000027a72614fc0
0x000000eb93afd0c0:   0000027a726185d0 0000027a74a13d98
0x000000eb93afd0d0:   0000027a4cc20000 000000eb93afd170
0x000000eb93afd0e0:   000000000000006c 000000eb93afd180
0x000000eb93afd0f0:   0000000000000000 00007ffb4121b430
0x000000eb93afd100:   0000000000000000 000000000000000f
0x000000eb93afd110:   0000027a74a13d98 0000000000000000 

Instructions: (pc=0x00007ffb2a1ac2b3)
0x00007ffb2a1ac1b3:   48 8b 0f 48 8b 47 08 48 2b c1 48 c1 f8 05 49 63
0x00007ffb2a1ac1c3:   f6 48 83 c0 f6 48 3b f0 74 16 4d 8b c7 48 8d 15
0x00007ffb2a1ac1d3:   ad 87 04 00 48 8d 4d d0 e8 e0 99 fe ff 48 8b 0f
0x00007ffb2a1ac1e3:   41 ff c6 48 83 c3 20 48 8b 47 08 48 2b c1 48 c1
0x00007ffb2a1ac1f3:   f8 05 48 3b f0 72 8a 48 83 7d e0 00 0f 84 3a 06
0x00007ffb2a1ac203:   00 00 66 44 89 7c 24 40 0f 57 c0 f3 0f 7f 44 24
0x00007ffb2a1ac213:   48 4c 89 64 24 58 66 0f 6f 05 6f 59 05 00 f3 0f
0x00007ffb2a1ac223:   7f 45 a0 c6 45 90 00 41 b8 04 00 00 00 48 8d 15
0x00007ffb2a1ac233:   59 0a 05 00 48 8d 4d 90 e8 20 50 fe ff 90 66 0f
0x00007ffb2a1ac243:   6f 05 47 59 05 00 f3 0f 7f 45 80 c6 44 24 70 00
0x00007ffb2a1ac253:   41 b8 06 00 00 00 48 8d 15 34 81 04 00 48 8d 4c
0x00007ffb2a1ac263:   24 70 e8 f6 4f fe ff 90 48 8d 54 24 70 48 8d 4d
0x00007ffb2a1ac273:   f0 e8 97 e5 fe ff 90 48 8d 55 90 48 8d 4d 10 e8
0x00007ffb2a1ac283:   89 e5 fe ff c7 45 30 65 00 00 00 48 8b 44 24 50
0x00007ffb2a1ac293:   48 39 44 24 58 74 60 48 8d 55 f0 48 8b c8 e8 aa
0x00007ffb2a1ac2a3:   d0 ff ff 48 83 44 24 50 48 eb 5e 66 90 48 8b d3
0x00007ffb2a1ac2b3:   48 83 7b 18 10 72 03 48 8b 13 49 c7 c0 ff ff ff
0x00007ffb2a1ac2c3:   ff 49 ff c0 42 80 3c 02 00 75 f6 48 8d 4d d0 e8
0x00007ffb2a1ac2d3:   e9 98 fe ff 48 83 c3 20 48 3b 5f 08 0f 84 15 ff
0x00007ffb2a1ac2e3:   ff ff 4d 8b c7 48 8d 15 a5 86 04 00 48 8d 4d d0
0x00007ffb2a1ac2f3:   e8 c8 98 fe ff eb b6 4c 8d 45 f0 48 8b d0 48 8d
0x00007ffb2a1ac303:   4c 24 48 e8 45 23 00 00 90 48 8d 4d f0 e8 7b 93
0x00007ffb2a1ac313:   ff ff 90 48 8b 55 88 48 83 fa 10 72 33 48 ff c2
0x00007ffb2a1ac323:   48 8b 4c 24 70 48 8b c1 48 81 fa 00 10 00 00 72
0x00007ffb2a1ac333:   19 48 83 c2 27 48 8b 49 f8 48 2b c1 48 83 c0 f8
0x00007ffb2a1ac343:   48 83 f8 1f 0f 87 5d 05 00 00 e8 1e a9 00 00 90
0x00007ffb2a1ac353:   48 8b 55 a8 48 83 fa 10 72 31 48 ff c2 48 8b 4d
0x00007ffb2a1ac363:   90 48 8b c1 48 81 fa 00 10 00 00 72 19 48 83 c2
0x00007ffb2a1ac373:   27 48 8b 49 f8 48 2b c1 48 83 c0 f8 48 83 f8 1f
0x00007ffb2a1ac383:   0f 87 27 05 00 00 e8 e2 a8 00 00 66 0f 6f 05 fa
0x00007ffb2a1ac393:   57 05 00 f3 0f 7f 45 80 c6 44 24 70 00 41 b8 03
0x00007ffb2a1ac3a3:   00 00 00 48 8d 15 b7 85 04 00 48 8d 4c 24 70 e8 


Stack slot to memory mapping:
stack at sp + 0 slots: 0x00007ffb4149e670 KERNELBASE.dll
stack at sp + 1 slots: 0x000000eb93afcfd8 is pointing into the stack for thread: 0x0000027a719cd800
stack at sp + 2 slots: 0x0000027a74a13da8 points into unknown readable memory: 0x0000000000000000 | 00 00 00 00 00 00 00 00
stack at sp + 3 slots: 0x0000000000000007 is an unknown value
stack at sp + 4 slots: 0x0000027a74a13d98 points into unknown readable memory: 0x0000000000000000 | 00 00 00 00 00 00 00 00
stack at sp + 5 slots: 0x0 is NULL
stack at sp + 6 slots: 0x0000000000000004 is an unknown value
stack at sp + 7 slots: 0x0 is NULL


---------------  P R O C E S S  ---------------

Threads class SMR info:
_java_thread_list=0x0000027a749b1ac0, length=68, elements={
0x0000027a4ce35800, 0x0000027a69e3a000, 0x0000027a69e47800, 0x0000027a69eb3800,
0x0000027a69eb7000, 0x0000027a69eba000, 0x0000027a69ec3000, 0x0000027a69ed8000,
0x0000027a69f34000, 0x0000027a6a065800, 0x0000027a6c49e800, 0x0000027a6d896800,
0x0000027a6b35b800, 0x0000027a6a83d800, 0x0000027a6c74d800, 0x0000027a6c4e9800,
0x0000027a6d34b800, 0x0000027a6b3e5000, 0x0000027a6cbe5000, 0x0000027a6cbe1000,
0x0000027a6cbe2800, 0x0000027a6cbe6000, 0x0000027a6cbe0800, 0x0000027a6cbe2000,
0x0000027a6cbe7000, 0x0000027a6cbe3800, 0x0000027a6cbe4800, 0x0000027a6ca44000,
0x0000027a6ca42800, 0x0000027a6ca41000, 0x0000027a6ca45000, 0x0000027a6ca46000,
0x0000027a6ca40000, 0x0000027a6ca47800, 0x0000027a6ca41800, 0x0000027a6ca48000,
0x0000027a6ca49000, 0x0000027a6ca43800, 0x0000027a6ca4a000, 0x0000027a6ca4d000,
0x0000027a6ca4a800, 0x0000027a6ca4b800, 0x0000027a6ca4c800, 0x0000027a6ca4e000,
0x0000027a6e75e000, 0x0000027a6e761800, 0x0000027a6e75f000, 0x0000027a6e75b800,
0x0000027a6e762800, 0x0000027a6dfac000, 0x0000027a6e760000, 0x0000027a71514800,
0x0000027a6e763000, 0x0000027a6e75d800, 0x0000027a6e765800, 0x0000027a6e766800,
0x0000027a6e767000, 0x0000027a6e769800, 0x0000027a6e764800, 0x0000027a6e768000,
0x0000027a6e769000, 0x0000027a6e764000, 0x0000027a6e76a800, 0x0000027a719cd800,
0x0000027a719d1800, 0x0000027a719d4000, 0x0000027a719ce800, 0x0000027a719d5000
}

Java Threads: ( => current thread )
  0x0000027a4ce35800 JavaThread "main" [_thread_blocked, id=29384, stack(0x000000eb8ec00000,0x000000eb8ed00000)]
  0x0000027a69e3a000 JavaThread "Reference Handler" daemon [_thread_blocked, id=23880, stack(0x000000eb8f300000,0x000000eb8f400000)]
  0x0000027a69e47800 JavaThread "Finalizer" daemon [_thread_blocked, id=27332, stack(0x000000eb8f400000,0x000000eb8f500000)]
  0x0000027a69eb3800 JavaThread "Signal Dispatcher" daemon [_thread_blocked, id=13844, stack(0x000000eb8f500000,0x000000eb8f600000)]
  0x0000027a69eb7000 JavaThread "Attach Listener" daemon [_thread_blocked, id=25876, stack(0x000000eb8f600000,0x000000eb8f700000)]
  0x0000027a69eba000 JavaThread "Service Thread" daemon [_thread_blocked, id=27044, stack(0x000000eb8f700000,0x000000eb8f800000)]
  0x0000027a69ec3000 JavaThread "C2 CompilerThread0" daemon [_thread_blocked, id=25200, stack(0x000000eb8f800000,0x000000eb8f900000)]
  0x0000027a69ed8000 JavaThread "C1 CompilerThread0" daemon [_thread_in_native, id=25196, stack(0x000000eb8f900000,0x000000eb8fa00000)]
  0x0000027a69f34000 JavaThread "Sweeper thread" daemon [_thread_blocked, id=28368, stack(0x000000eb8fa00000,0x000000eb8fb00000)]
  0x0000027a6a065800 JavaThread "Common-Cleaner" daemon [_thread_blocked, id=25500, stack(0x000000eb8fb00000,0x000000eb8fc00000)]
  0x0000027a6c49e800 JavaThread "Daemon health stats" [_thread_blocked, id=23188, stack(0x000000eb90400000,0x000000eb90500000)]
  0x0000027a6d896800 JavaThread "Incoming local TCP Connector on port 57089" [_thread_in_native, id=24080, stack(0x000000eb8fd00000,0x000000eb8fe00000)]
  0x0000027a6b35b800 JavaThread "Daemon periodic checks" [_thread_blocked, id=27552, stack(0x000000eb90300000,0x000000eb90400000)]
  0x0000027a6a83d800 JavaThread "Daemon" [_thread_blocked, id=24500, stack(0x000000eb90500000,0x000000eb90600000)]
  0x0000027a6c74d800 JavaThread "Handler for socket connection from /127.0.0.1:57089 to /127.0.0.1:57090" [_thread_in_native, id=24516, stack(0x000000eb90600000,0x000000eb90700000)]
  0x0000027a6c4e9800 JavaThread "Cancel handler" [_thread_blocked, id=25104, stack(0x000000eb90700000,0x000000eb90800000)]
  0x0000027a6d34b800 JavaThread "Daemon worker" [_thread_blocked, id=20756, stack(0x000000eb90800000,0x000000eb90900000)]
  0x0000027a6b3e5000 JavaThread "Asynchronous log dispatcher for DefaultDaemonConnection: socket connection from /127.0.0.1:57089 to /127.0.0.1:57090" [_thread_blocked, id=25404, stack(0x000000eb90900000,0x000000eb90a00000)]
  0x0000027a6cbe5000 JavaThread "Stdin handler" [_thread_blocked, id=24876, stack(0x000000eb90a00000,0x000000eb90b00000)]
  0x0000027a6cbe1000 JavaThread "Daemon client event forwarder" [_thread_blocked, id=24784, stack(0x000000eb90b00000,0x000000eb90c00000)]
  0x0000027a6cbe2800 JavaThread "Cache worker for file hash cache (C:\Users\14185\.gradle\caches\7.0.2\fileHashes)" [_thread_blocked, id=27356, stack(0x000000eb90c00000,0x000000eb90d00000)]
  0x0000027a6cbe6000 JavaThread "File lock request listener" [_thread_in_native, id=26728, stack(0x000000eb90d00000,0x000000eb90e00000)]
  0x0000027a6cbe0800 JavaThread "Cache worker for journal cache (C:\Users\14185\.gradle\caches\journal-1)" [_thread_blocked, id=3228, stack(0x000000eb91100000,0x000000eb91200000)]
  0x0000027a6cbe2000 JavaThread "Cache worker for file hash cache (D:\Android\LukeDict\.gradle\7.0.2\fileHashes)" [_thread_blocked, id=20560, stack(0x000000eb91300000,0x000000eb91400000)]
  0x0000027a6cbe7000 JavaThread "File watcher server" daemon [_thread_in_native, id=26336, stack(0x000000eb91400000,0x000000eb91500000)]
  0x0000027a6cbe3800 JavaThread "File watcher consumer" daemon [_thread_blocked, id=16592, stack(0x000000eb91500000,0x000000eb91600000)]
  0x0000027a6cbe4800 JavaThread "Cache worker for checksums cache (D:\Android\LukeDict\.gradle\checksums)" [_thread_blocked, id=16360, stack(0x000000eb91600000,0x000000eb91700000)]
  0x0000027a6ca44000 JavaThread "Cache worker for cache directory md-supplier (C:\Users\14185\.gradle\caches\7.0.2\md-supplier)" [_thread_blocked, id=22172, stack(0x000000eb91700000,0x000000eb91800000)]
  0x0000027a6ca42800 JavaThread "Cache worker for cache directory md-rule (C:\Users\14185\.gradle\caches\7.0.2\md-rule)" [_thread_blocked, id=23952, stack(0x000000eb91800000,0x000000eb91900000)]
  0x0000027a6ca41000 JavaThread "Cache worker for execution history cache (C:\Users\14185\.gradle\caches\7.0.2\executionHistory)" [_thread_blocked, id=13856, stack(0x000000eb91200000,0x000000eb91300000)]
  0x0000027a6ca45000 JavaThread "jar transforms" [_thread_blocked, id=6316, stack(0x000000eb91b00000,0x000000eb91c00000)]
  0x0000027a6ca46000 JavaThread "jar transforms Thread 2" [_thread_blocked, id=26824, stack(0x000000eb91c00000,0x000000eb91d00000)]
  0x0000027a6ca40000 JavaThread "Cache worker for file content cache (C:\Users\14185\.gradle\caches\7.0.2\fileContent)" [_thread_blocked, id=23716, stack(0x000000eb91d00000,0x000000eb91e00000)]
  0x0000027a6ca47800 JavaThread "Cache worker for dependencies-accessors (D:\Android\LukeDict\.gradle\7.0.2\dependencies-accessors)" [_thread_blocked, id=8928, stack(0x000000eb91e00000,0x000000eb91f00000)]
  0x0000027a6ca41800 JavaThread "jar transforms Thread 3" [_thread_blocked, id=24264, stack(0x000000eb91f00000,0x000000eb92000000)]
  0x0000027a6ca48000 JavaThread "Cache worker for Build Output Cleanup Cache (D:\Android\LukeDict\.gradle\buildOutputCleanup)" [_thread_blocked, id=26452, stack(0x000000eb92000000,0x000000eb92100000)]
  0x0000027a6ca49000 JavaThread "Build operations" [_thread_blocked, id=24400, stack(0x000000eb92100000,0x000000eb92200000)]
  0x0000027a6ca43800 JavaThread "Build operations Thread 2" [_thread_blocked, id=27408, stack(0x000000eb92200000,0x000000eb92300000)]
  0x0000027a6ca4a000 JavaThread "Build operations Thread 3" [_thread_blocked, id=27572, stack(0x000000eb92300000,0x000000eb92400000)]
  0x0000027a6ca4d000 JavaThread "Build operations Thread 4" [_thread_blocked, id=24496, stack(0x000000eb92400000,0x000000eb92500000)]
  0x0000027a6ca4a800 JavaThread "Build operations Thread 5" [_thread_blocked, id=27776, stack(0x000000eb92500000,0x000000eb92600000)]
  0x0000027a6ca4b800 JavaThread "Build operations Thread 6" [_thread_blocked, id=28968, stack(0x000000eb92600000,0x000000eb92700000)]
  0x0000027a6ca4c800 JavaThread "Build operations Thread 7" [_thread_blocked, id=28584, stack(0x000000eb92700000,0x000000eb92800000)]
  0x0000027a6ca4e000 JavaThread "Build operations Thread 8" [_thread_blocked, id=28596, stack(0x000000eb92800000,0x000000eb92900000)]
  0x0000027a6e75e000 JavaThread "jar transforms Thread 4" [_thread_blocked, id=28856, stack(0x000000eb92900000,0x000000eb92a00000)]
  0x0000027a6e761800 JavaThread "jar transforms Thread 5" [_thread_blocked, id=28628, stack(0x000000eb92a00000,0x000000eb92b00000)]
  0x0000027a6e75f000 JavaThread "jar transforms Thread 6" [_thread_blocked, id=4072, stack(0x000000eb92b00000,0x000000eb92c00000)]
  0x0000027a6e75b800 JavaThread "jar transforms Thread 7" [_thread_blocked, id=28924, stack(0x000000eb92c00000,0x000000eb92d00000)]
  0x0000027a6e762800 JavaThread "jar transforms Thread 8" [_thread_blocked, id=28944, stack(0x000000eb92d00000,0x000000eb92e00000)]
  0x0000027a6dfac000 JavaThread "C2 CompilerThread1" daemon [_thread_blocked, id=28984, stack(0x000000eb91900000,0x000000eb91a00000)]
  0x0000027a6e760000 JavaThread "Memory manager" [_thread_blocked, id=29020, stack(0x000000eb92e00000,0x000000eb92f00000)]
  0x0000027a71514800 JavaThread "C2 CompilerThread2" daemon [_thread_in_native, id=29396, stack(0x000000eb91a00000,0x000000eb91b00000)]
  0x0000027a6e763000 JavaThread "build event listener" [_thread_blocked, id=29496, stack(0x000000eb92f00000,0x000000eb93000000)]
  0x0000027a6e75d800 JavaThread "pool-3-thread-1" [_thread_blocked, id=29232, stack(0x000000eb93000000,0x000000eb93100000)]
  0x0000027a6e765800 JavaThread "build event listener" [_thread_blocked, id=29536, stack(0x000000eb93100000,0x000000eb93200000)]
  0x0000027a6e766800 JavaThread "Execution worker for ':'" [_thread_blocked, id=26744, stack(0x000000eb93200000,0x000000eb93300000)]
  0x0000027a6e767000 JavaThread "Execution worker for ':' Thread 2" [_thread_blocked, id=29528, stack(0x000000eb93300000,0x000000eb93400000)]
  0x0000027a6e769800 JavaThread "Execution worker for ':' Thread 3" [_thread_blocked, id=3596, stack(0x000000eb93400000,0x000000eb93500000)]
  0x0000027a6e764800 JavaThread "Execution worker for ':' Thread 4" [_thread_blocked, id=28744, stack(0x000000eb93500000,0x000000eb93600000)]
  0x0000027a6e768000 JavaThread "Execution worker for ':' Thread 5" [_thread_blocked, id=28748, stack(0x000000eb93600000,0x000000eb93700000)]
  0x0000027a6e769000 JavaThread "Execution worker for ':' Thread 6" [_thread_blocked, id=29544, stack(0x000000eb93700000,0x000000eb93800000)]
  0x0000027a6e764000 JavaThread "Execution worker for ':' Thread 7" [_thread_blocked, id=29560, stack(0x000000eb93800000,0x000000eb93900000)]
  0x0000027a6e76a800 JavaThread "Cache worker for execution history cache (D:\Android\LukeDict\.gradle\7.0.2\executionHistory)" [_thread_blocked, id=29096, stack(0x000000eb93900000,0x000000eb93a00000)]
=>0x0000027a719cd800 JavaThread "WorkerExecutor Queue" [_thread_in_native, id=25920, stack(0x000000eb93a00000,0x000000eb93b00000)]
  0x0000027a719d1800 JavaThread "WorkerExecutor Queue Thread 2" [_thread_blocked, id=22348, stack(0x000000eb93b00000,0x000000eb93c00000)]
  0x0000027a719d4000 JavaThread "WorkerExecutor Queue Thread 3" [_thread_in_Java, id=22488, stack(0x000000eb93c00000,0x000000eb93d00000)]
  0x0000027a719ce800 JavaThread "WorkerExecutor Queue Thread 4" [_thread_blocked, id=26708, stack(0x000000eb93d00000,0x000000eb93e00000)]
  0x0000027a719d5000 JavaThread "pool-4-thread-1" [_thread_blocked, id=28636, stack(0x000000eb93e00000,0x000000eb93f00000)]

Other Threads:
  0x0000027a69e38000 VMThread "VM Thread" [stack: 0x000000eb8f200000,0x000000eb8f300000] [id=28648]
  0x0000027a6a072800 WatcherThread [stack: 0x000000eb8fc00000,0x000000eb8fd00000] [id=18520]
  0x0000027a4ce4d800 GCTaskThread "GC Thread#0" [stack: 0x000000eb8ed00000,0x000000eb8ee00000] [id=29260]
  0x0000027a6a8d3000 GCTaskThread "GC Thread#1" [stack: 0x000000eb8fe00000,0x000000eb8ff00000] [id=27280]
  0x0000027a6a96d000 GCTaskThread "GC Thread#2" [stack: 0x000000eb8ff00000,0x000000eb90000000] [id=29052]
  0x0000027a6ae47800 GCTaskThread "GC Thread#3" [stack: 0x000000eb90000000,0x000000eb90100000] [id=29000]
  0x0000027a6a3f6800 GCTaskThread "GC Thread#4" [stack: 0x000000eb90100000,0x000000eb90200000] [id=29004]
  0x0000027a6a6f1000 GCTaskThread "GC Thread#5" [stack: 0x000000eb90200000,0x000000eb90300000] [id=22456]
  0x0000027a6b4a2800 GCTaskThread "GC Thread#6" [stack: 0x000000eb90e00000,0x000000eb90f00000] [id=4256]
  0x0000027a6b8e8800 GCTaskThread "GC Thread#7" [stack: 0x000000eb90f00000,0x000000eb91000000] [id=13232]
  0x0000027a4ce81000 ConcurrentGCThread "G1 Main Marker" [stack: 0x000000eb8ee00000,0x000000eb8ef00000] [id=29236]
  0x0000027a4ce83000 ConcurrentGCThread "G1 Conc#0" [stack: 0x000000eb8ef00000,0x000000eb8f000000] [id=25844]
  0x0000027a6da9e800 ConcurrentGCThread "G1 Conc#1" [stack: 0x000000eb91000000,0x000000eb91100000] [id=1220]
  0x0000027a4cefe000 ConcurrentGCThread "G1 Refine#0" [stack: 0x000000eb8f000000,0x000000eb8f100000] [id=28908]
  0x0000027a6948a800 ConcurrentGCThread "G1 Young RemSet Sampling" [stack: 0x000000eb8f100000,0x000000eb8f200000] [id=28732]

Threads with active compile tasks:
C2 CompilerThread0  29006 10473       4       com.android.tools.r8.dex.c::d (31 bytes)
C2 CompilerThread1  29006 10472       4       java.nio.HeapByteBuffer::getInt (25 bytes)
C2 CompilerThread2  29006 10232       4       java.lang.reflect.Method::invoke (65 bytes)

VM state:not at safepoint (normal execution)

VM Mutex/Monitor currently owned by a thread: None

Heap address: 0x0000000080000000, size: 2048 MB, Compressed Oops mode: 32-bit
Narrow klass base: 0x0000000000000000, Narrow klass shift: 3
Compressed class space size: 1073741824 Address: 0x0000000100000000

Heap:
 garbage-first heap   total 260096K, used 204719K [0x0000000080000000, 0x0000000100000000)
  region size 1024K, 127 young (130048K), 8 survivors (8192K)
 Metaspace       used 89831K, capacity 92040K, committed 92364K, reserved 1128448K
  class space    used 11567K, capacity 12384K, committed 12492K, reserved 1048576K
Heap Regions: E=young(eden), S=young(survivor), O=old, HS=humongous(starts), HC=humongous(continues), CS=collection set, F=free, A=archive, TAMS=top-at-mark-start (previous, next)
|   0|0x0000000080000000, 0x0000000080100000, 0x0000000080100000|100%| O|  |TAMS 0x0000000080100000, 0x0000000080000000| Untracked 
|   1|0x0000000080100000, 0x0000000080200000, 0x0000000080200000|100%| O|  |TAMS 0x0000000080200000, 0x0000000080100000| Untracked 
|   2|0x0000000080200000, 0x0000000080300000, 0x0000000080300000|100%| O|  |TAMS 0x0000000080300000, 0x0000000080200000| Untracked 
|   3|0x0000000080300000, 0x0000000080400000, 0x0000000080400000|100%|HS|  |TAMS 0x0000000080400000, 0x0000000080300000| Complete 
|   4|0x0000000080400000, 0x0000000080500000, 0x0000000080500000|100%|HC|  |TAMS 0x0000000080500000, 0x0000000080400000| Complete 
|   5|0x0000000080500000, 0x0000000080600000, 0x0000000080600000|100%|HC|  |TAMS 0x0000000080600000, 0x0000000080500000| Complete 
|   6|0x0000000080600000, 0x0000000080700000, 0x0000000080700000|100%| O|  |TAMS 0x0000000080700000, 0x0000000080600000| Untracked 
|   7|0x0000000080700000, 0x0000000080800000, 0x0000000080800000|100%| O|  |TAMS 0x0000000080800000, 0x0000000080700000| Untracked 
|   8|0x0000000080800000, 0x0000000080900000, 0x0000000080900000|100%| O|  |TAMS 0x0000000080900000, 0x0000000080800000| Untracked 
|   9|0x0000000080900000, 0x0000000080a00000, 0x0000000080a00000|100%| O|  |TAMS 0x0000000080a00000, 0x0000000080900000| Untracked 
|  10|0x0000000080a00000, 0x0000000080b00000, 0x0000000080b00000|100%| O|  |TAMS 0x0000000080b00000, 0x0000000080a00000| Untracked 
|  11|0x0000000080b00000, 0x0000000080c00000, 0x0000000080c00000|100%| O|  |TAMS 0x0000000080c00000, 0x0000000080b00000| Untracked 
|  12|0x0000000080c00000, 0x0000000080d00000, 0x0000000080d00000|100%| O|  |TAMS 0x0000000080d00000, 0x0000000080c00000| Untracked 
|  13|0x0000000080d00000, 0x0000000080e00000, 0x0000000080e00000|100%| O|  |TAMS 0x0000000080e00000, 0x0000000080d00000| Untracked 
|  14|0x0000000080e00000, 0x0000000080f00000, 0x0000000080f00000|100%| O|  |TAMS 0x0000000080f00000, 0x0000000080e00000| Untracked 
|  15|0x0000000080f00000, 0x0000000081000000, 0x0000000081000000|100%| O|  |TAMS 0x0000000081000000, 0x0000000080f00000| Untracked 
|  16|0x0000000081000000, 0x0000000081100000, 0x0000000081100000|100%|HS|  |TAMS 0x0000000081100000, 0x0000000081000000| Complete 
|  17|0x0000000081100000, 0x0000000081200000, 0x0000000081200000|100%|HS|  |TAMS 0x0000000081200000, 0x0000000081100000| Complete 
|  18|0x0000000081200000, 0x0000000081300000, 0x0000000081300000|100%|HS|  |TAMS 0x0000000081300000, 0x0000000081200000| Complete 
|  19|0x0000000081300000, 0x0000000081400000, 0x0000000081400000|100%|HC|  |TAMS 0x0000000081400000, 0x0000000081300000| Complete 
|  20|0x0000000081400000, 0x0000000081500000, 0x0000000081500000|100%| O|  |TAMS 0x0000000081500000, 0x0000000081400000| Untracked 
|  21|0x0000000081500000, 0x0000000081600000, 0x0000000081600000|100%| O|  |TAMS 0x0000000081600000, 0x0000000081500000| Untracked 
|  22|0x0000000081600000, 0x0000000081700000, 0x0000000081700000|100%| O|  |TAMS 0x0000000081700000, 0x0000000081600000| Untracked 
|  23|0x0000000081700000, 0x0000000081800000, 0x0000000081800000|100%| O|  |TAMS 0x0000000081800000, 0x0000000081700000| Untracked 
|  24|0x0000000081800000, 0x0000000081900000, 0x0000000081900000|100%| O|  |TAMS 0x0000000081900000, 0x0000000081800000| Untracked 
|  25|0x0000000081900000, 0x0000000081a00000, 0x0000000081a00000|100%| O|  |TAMS 0x0000000081a00000, 0x0000000081900000| Untracked 
|  26|0x0000000081a00000, 0x0000000081b00000, 0x0000000081b00000|100%| O|  |TAMS 0x0000000081b00000, 0x0000000081a00000| Untracked 
|  27|0x0000000081b00000, 0x0000000081c00000, 0x0000000081c00000|100%| O|  |TAMS 0x0000000081c00000, 0x0000000081b00000| Untracked 
|  28|0x0000000081c00000, 0x0000000081d00000, 0x0000000081d00000|100%| O|  |TAMS 0x0000000081d00000, 0x0000000081c00000| Untracked 
|  29|0x0000000081d00000, 0x0000000081e00000, 0x0000000081e00000|100%| O|  |TAMS 0x0000000081e00000, 0x0000000081d00000| Untracked 
|  30|0x0000000081e00000, 0x0000000081f00000, 0x0000000081f00000|100%| O|  |TAMS 0x0000000081f00000, 0x0000000081e00000| Untracked 
|  31|0x0000000081f00000, 0x0000000082000000, 0x0000000082000000|100%| O|  |TAMS 0x0000000082000000, 0x0000000081f00000| Untracked 
|  32|0x0000000082000000, 0x0000000082100000, 0x0000000082100000|100%| O|  |TAMS 0x0000000082100000, 0x0000000082000000| Untracked 
|  33|0x0000000082100000, 0x0000000082200000, 0x0000000082200000|100%| O|  |TAMS 0x0000000082200000, 0x0000000082100000| Untracked 
|  34|0x0000000082200000, 0x0000000082300000, 0x0000000082300000|100%| O|  |TAMS 0x0000000082300000, 0x0000000082200000| Untracked 
|  35|0x0000000082300000, 0x0000000082400000, 0x0000000082400000|100%| O|  |TAMS 0x0000000082400000, 0x0000000082300000| Untracked 
|  36|0x0000000082400000, 0x0000000082500000, 0x0000000082500000|100%| O|  |TAMS 0x0000000082500000, 0x0000000082400000| Untracked 
|  37|0x0000000082500000, 0x0000000082600000, 0x0000000082600000|100%| O|  |TAMS 0x0000000082600000, 0x0000000082500000| Untracked 
|  38|0x0000000082600000, 0x0000000082700000, 0x0000000082700000|100%| O|  |TAMS 0x0000000082700000, 0x0000000082600000| Untracked 
|  39|0x0000000082700000, 0x0000000082800000, 0x0000000082800000|100%| O|  |TAMS 0x0000000082800000, 0x0000000082700000| Untracked 
|  40|0x0000000082800000, 0x0000000082900000, 0x0000000082900000|100%| O|  |TAMS 0x0000000082900000, 0x0000000082800000| Untracked 
|  41|0x0000000082900000, 0x0000000082a00000, 0x0000000082a00000|100%| O|  |TAMS 0x0000000082970800, 0x0000000082900000| Untracked 
|  42|0x0000000082a00000, 0x0000000082b00000, 0x0000000082b00000|100%| O|  |TAMS 0x0000000082a00000, 0x0000000082a00000| Untracked 
|  43|0x0000000082b00000, 0x0000000082c00000, 0x0000000082c00000|100%| O|  |TAMS 0x0000000082b00000, 0x0000000082b00000| Untracked 
|  44|0x0000000082c00000, 0x0000000082d00000, 0x0000000082d00000|100%| O|  |TAMS 0x0000000082c00000, 0x0000000082c00000| Untracked 
|  45|0x0000000082d00000, 0x0000000082e00000, 0x0000000082e00000|100%| O|  |TAMS 0x0000000082d00000, 0x0000000082d00000| Untracked 
|  46|0x0000000082e00000, 0x0000000082f00000, 0x0000000082f00000|100%| O|  |TAMS 0x0000000082e00000, 0x0000000082e00000| Untracked 
|  47|0x0000000082f00000, 0x0000000083000000, 0x0000000083000000|100%| O|  |TAMS 0x0000000082f00000, 0x0000000082f00000| Untracked 
|  48|0x0000000083000000, 0x0000000083100000, 0x0000000083100000|100%| O|  |TAMS 0x0000000083000000, 0x0000000083000000| Untracked 
|  49|0x0000000083100000, 0x0000000083200000, 0x0000000083200000|100%| O|  |TAMS 0x0000000083100000, 0x0000000083100000| Untracked 
|  50|0x0000000083200000, 0x0000000083300000, 0x0000000083300000|100%| O|  |TAMS 0x0000000083200000, 0x0000000083200000| Untracked 
|  51|0x0000000083300000, 0x0000000083400000, 0x0000000083400000|100%| O|  |TAMS 0x0000000083300000, 0x0000000083300000| Untracked 
|  52|0x0000000083400000, 0x0000000083500000, 0x0000000083500000|100%| O|  |TAMS 0x0000000083400000, 0x0000000083400000| Untracked 
|  53|0x0000000083500000, 0x0000000083600000, 0x0000000083600000|100%| O|  |TAMS 0x0000000083500000, 0x0000000083500000| Untracked 
|  54|0x0000000083600000, 0x0000000083700000, 0x0000000083700000|100%| O|  |TAMS 0x0000000083600000, 0x0000000083600000| Untracked 
|  55|0x0000000083700000, 0x0000000083800000, 0x0000000083800000|100%| O|  |TAMS 0x0000000083700000, 0x0000000083700000| Untracked 
|  56|0x0000000083800000, 0x0000000083900000, 0x0000000083900000|100%| O|  |TAMS 0x0000000083800000, 0x0000000083800000| Untracked 
|  57|0x0000000083900000, 0x0000000083a00000, 0x0000000083a00000|100%| O|  |TAMS 0x0000000083900000, 0x0000000083900000| Untracked 
|  58|0x0000000083a00000, 0x0000000083b00000, 0x0000000083b00000|100%| O|  |TAMS 0x0000000083a00000, 0x0000000083a00000| Untracked 
|  59|0x0000000083b00000, 0x0000000083c00000, 0x0000000083c00000|100%| O|  |TAMS 0x0000000083b00000, 0x0000000083b00000| Untracked 
|  60|0x0000000083c00000, 0x0000000083d00000, 0x0000000083d00000|100%| O|  |TAMS 0x0000000083c00000, 0x0000000083c00000| Untracked 
|  61|0x0000000083d00000, 0x0000000083e00000, 0x0000000083e00000|100%| O|  |TAMS 0x0000000083d00000, 0x0000000083d00000| Untracked 
|  62|0x0000000083e00000, 0x0000000083f00000, 0x0000000083f00000|100%|HS|  |TAMS 0x0000000083e00000, 0x0000000083e00000| Complete 
|  63|0x0000000083f00000, 0x0000000084000000, 0x0000000084000000|100%|HC|  |TAMS 0x0000000083f00000, 0x0000000083f00000| Complete 
|  64|0x0000000084000000, 0x0000000084100000, 0x0000000084100000|100%|HS|  |TAMS 0x0000000084000000, 0x0000000084000000| Complete 
|  65|0x0000000084100000, 0x0000000084200000, 0x0000000084200000|100%|HS|  |TAMS 0x0000000084100000, 0x0000000084100000| Complete 
|  66|0x0000000084200000, 0x0000000084300000, 0x0000000084300000|100%|HS|  |TAMS 0x0000000084200000, 0x0000000084200000| Complete 
|  67|0x0000000084300000, 0x0000000084400000, 0x0000000084400000|100%|HC|  |TAMS 0x0000000084300000, 0x0000000084300000| Complete 
|  68|0x0000000084400000, 0x0000000084500000, 0x0000000084500000|100%|HS|  |TAMS 0x0000000084400000, 0x0000000084400000| Complete 
|  69|0x0000000084500000, 0x0000000084600000, 0x0000000084600000|100%|HC|  |TAMS 0x0000000084500000, 0x0000000084500000| Complete 
|  70|0x0000000084600000, 0x0000000084700000, 0x0000000084700000|100%|HS|  |TAMS 0x0000000084600000, 0x0000000084600000| Complete 
|  71|0x0000000084700000, 0x0000000084800000, 0x0000000084800000|100%|HC|  |TAMS 0x0000000084700000, 0x0000000084700000| Complete 
|  72|0x0000000084800000, 0x0000000084900000, 0x0000000084900000|100%|HS|  |TAMS 0x0000000084800000, 0x0000000084800000| Complete 
|  73|0x0000000084900000, 0x0000000084a00000, 0x0000000084a00000|100%|HC|  |TAMS 0x0000000084900000, 0x0000000084900000| Complete 
|  74|0x0000000084a00000, 0x0000000084b00000, 0x0000000084b00000|100%|HS|  |TAMS 0x0000000084a00000, 0x0000000084a00000| Complete 
|  75|0x0000000084b00000, 0x0000000084c00000, 0x0000000084c00000|100%|HS|  |TAMS 0x0000000084b00000, 0x0000000084b00000| Complete 
|  76|0x0000000084c00000, 0x0000000084d00000, 0x0000000084d00000|100%| O|  |TAMS 0x0000000084c00000, 0x0000000084c00000| Untracked 
|  77|0x0000000084d00000, 0x0000000084dd67c8, 0x0000000084e00000| 83%| O|  |TAMS 0x0000000084d00000, 0x0000000084d00000| Untracked 
|  78|0x0000000084e00000, 0x0000000084e00000, 0x0000000084f00000|  0%| F|  |TAMS 0x0000000084e00000, 0x0000000084e00000| Untracked 
|  79|0x0000000084f00000, 0x0000000084f00000, 0x0000000085000000|  0%| F|  |TAMS 0x0000000084f00000, 0x0000000084f00000| Untracked 
|  80|0x0000000085000000, 0x0000000085000000, 0x0000000085100000|  0%| F|  |TAMS 0x0000000085000000, 0x0000000085000000| Untracked 
|  81|0x0000000085100000, 0x0000000085100000, 0x0000000085200000|  0%| F|  |TAMS 0x0000000085100000, 0x0000000085100000| Untracked 
|  82|0x0000000085200000, 0x0000000085200000, 0x0000000085300000|  0%| F|  |TAMS 0x0000000085200000, 0x0000000085200000| Untracked 
|  83|0x0000000085300000, 0x0000000085300000, 0x0000000085400000|  0%| F|  |TAMS 0x0000000085300000, 0x0000000085300000| Untracked 
|  84|0x0000000085400000, 0x0000000085400000, 0x0000000085500000|  0%| F|  |TAMS 0x0000000085400000, 0x0000000085400000| Untracked 
|  85|0x0000000085500000, 0x0000000085500000, 0x0000000085600000|  0%| F|  |TAMS 0x0000000085500000, 0x0000000085500000| Untracked 
|  86|0x0000000085600000, 0x0000000085600000, 0x0000000085700000|  0%| F|  |TAMS 0x0000000085600000, 0x0000000085600000| Untracked 
|  87|0x0000000085700000, 0x0000000085700000, 0x0000000085800000|  0%| F|  |TAMS 0x0000000085700000, 0x0000000085700000| Untracked 
|  88|0x0000000085800000, 0x0000000085800000, 0x0000000085900000|  0%| F|  |TAMS 0x0000000085800000, 0x0000000085800000| Untracked 
|  89|0x0000000085900000, 0x0000000085900000, 0x0000000085a00000|  0%| F|  |TAMS 0x0000000085900000, 0x0000000085900000| Untracked 
|  90|0x0000000085a00000, 0x0000000085a00000, 0x0000000085b00000|  0%| F|  |TAMS 0x0000000085a00000, 0x0000000085a00000| Untracked 
|  91|0x0000000085b00000, 0x0000000085b00000, 0x0000000085c00000|  0%| F|  |TAMS 0x0000000085b00000, 0x0000000085b00000| Untracked 
|  92|0x0000000085c00000, 0x0000000085c00000, 0x0000000085d00000|  0%| F|  |TAMS 0x0000000085c00000, 0x0000000085c00000| Untracked 
|  93|0x0000000085d00000, 0x0000000085d00000, 0x0000000085e00000|  0%| F|  |TAMS 0x0000000085d00000, 0x0000000085d00000| Untracked 
|  94|0x0000000085e00000, 0x0000000085e00000, 0x0000000085f00000|  0%| F|  |TAMS 0x0000000085e00000, 0x0000000085e00000| Untracked 
|  95|0x0000000085f00000, 0x0000000085f00000, 0x0000000086000000|  0%| F|  |TAMS 0x0000000085f00000, 0x0000000085f00000| Untracked 
|  96|0x0000000086000000, 0x0000000086000000, 0x0000000086100000|  0%| F|  |TAMS 0x0000000086000000, 0x0000000086000000| Untracked 
|  97|0x0000000086100000, 0x0000000086100000, 0x0000000086200000|  0%| F|  |TAMS 0x0000000086100000, 0x0000000086100000| Untracked 
|  98|0x0000000086200000, 0x0000000086200000, 0x0000000086300000|  0%| F|  |TAMS 0x0000000086200000, 0x0000000086200000| Untracked 
|  99|0x0000000086300000, 0x0000000086300000, 0x0000000086400000|  0%| F|  |TAMS 0x0000000086300000, 0x0000000086300000| Untracked 
| 100|0x0000000086400000, 0x0000000086400000, 0x0000000086500000|  0%| F|  |TAMS 0x0000000086400000, 0x0000000086400000| Untracked 
| 101|0x0000000086500000, 0x0000000086500000, 0x0000000086600000|  0%| F|  |TAMS 0x0000000086500000, 0x0000000086500000| Untracked 
| 102|0x0000000086600000, 0x0000000086600000, 0x0000000086700000|  0%| F|  |TAMS 0x0000000086600000, 0x0000000086600000| Untracked 
| 103|0x0000000086700000, 0x0000000086700000, 0x0000000086800000|  0%| F|  |TAMS 0x0000000086700000, 0x0000000086700000| Untracked 
| 104|0x0000000086800000, 0x0000000086800000, 0x0000000086900000|  0%| F|  |TAMS 0x0000000086800000, 0x0000000086800000| Untracked 
| 105|0x0000000086900000, 0x0000000086900000, 0x0000000086a00000|  0%| F|  |TAMS 0x0000000086900000, 0x0000000086900000| Untracked 
| 106|0x0000000086a00000, 0x0000000086a00000, 0x0000000086b00000|  0%| F|  |TAMS 0x0000000086a00000, 0x0000000086a00000| Untracked 
| 107|0x0000000086b00000, 0x0000000086b00000, 0x0000000086c00000|  0%| F|  |TAMS 0x0000000086b00000, 0x0000000086b00000| Untracked 
| 108|0x0000000086c00000, 0x0000000086c00000, 0x0000000086d00000|  0%| F|  |TAMS 0x0000000086c00000, 0x0000000086c00000| Untracked 
| 109|0x0000000086d00000, 0x0000000086d00000, 0x0000000086e00000|  0%| F|  |TAMS 0x0000000086d00000, 0x0000000086d00000| Untracked 
| 110|0x0000000086e00000, 0x0000000086f00000, 0x0000000086f00000|100%| S|CS|TAMS 0x0000000086e00000, 0x0000000086e00000| Complete 
| 111|0x0000000086f00000, 0x0000000087000000, 0x0000000087000000|100%| S|CS|TAMS 0x0000000086f00000, 0x0000000086f00000| Complete 
| 112|0x0000000087000000, 0x0000000087100000, 0x0000000087100000|100%| S|CS|TAMS 0x0000000087000000, 0x0000000087000000| Complete 
| 113|0x0000000087100000, 0x0000000087200000, 0x0000000087200000|100%| S|CS|TAMS 0x0000000087100000, 0x0000000087100000| Complete 
| 114|0x0000000087200000, 0x0000000087300000, 0x0000000087300000|100%| S|CS|TAMS 0x0000000087200000, 0x0000000087200000| Complete 
| 115|0x0000000087300000, 0x0000000087400000, 0x0000000087400000|100%| S|CS|TAMS 0x0000000087300000, 0x0000000087300000| Complete 
| 116|0x0000000087400000, 0x0000000087500000, 0x0000000087500000|100%| S|CS|TAMS 0x0000000087400000, 0x0000000087400000| Complete 
| 117|0x0000000087500000, 0x0000000087600000, 0x0000000087600000|100%| S|CS|TAMS 0x0000000087500000, 0x0000000087500000| Complete 
| 118|0x0000000087600000, 0x0000000087700000, 0x0000000087700000|100%| S|CS|TAMS 0x0000000087600000, 0x0000000087600000| Complete 
| 119|0x0000000087700000, 0x0000000087800000, 0x0000000087800000|100%| S|CS|TAMS 0x0000000087700000, 0x0000000087700000| Complete 
| 120|0x0000000087800000, 0x0000000087900000, 0x0000000087900000|100%| S|CS|TAMS 0x0000000087800000, 0x0000000087800000| Complete 
| 121|0x0000000087900000, 0x0000000087a00000, 0x0000000087a00000|100%| S|CS|TAMS 0x0000000087900000, 0x0000000087900000| Complete 
| 122|0x0000000087a00000, 0x0000000087a00000, 0x0000000087b00000|  0%| F|  |TAMS 0x0000000087a00000, 0x0000000087a00000| Untracked 
| 123|0x0000000087b00000, 0x0000000087b00000, 0x0000000087c00000|  0%| F|  |TAMS 0x0000000087b00000, 0x0000000087b00000| Untracked 
| 124|0x0000000087c00000, 0x0000000087c00000, 0x0000000087d00000|  0%| F|  |TAMS 0x0000000087c00000, 0x0000000087c00000| Untracked 
| 125|0x0000000087d00000, 0x0000000087d00000, 0x0000000087e00000|  0%| F|  |TAMS 0x0000000087d00000, 0x0000000087d00000| Untracked 
| 126|0x0000000087e00000, 0x0000000087e00000, 0x0000000087f00000|  0%| F|  |TAMS 0x0000000087e00000, 0x0000000087e00000| Untracked 
| 127|0x0000000087f00000, 0x0000000087f00000, 0x0000000088000000|  0%| F|  |TAMS 0x0000000087f00000, 0x0000000087f00000| Untracked 
| 128|0x0000000088000000, 0x0000000088100000, 0x0000000088100000|100%| S|CS|TAMS 0x0000000088000000, 0x0000000088000000| Complete 
| 129|0x0000000088100000, 0x0000000088200000, 0x0000000088200000|100%| S|CS|TAMS 0x0000000088100000, 0x0000000088100000| Complete 
| 130|0x0000000088200000, 0x0000000088200000, 0x0000000088300000|  0%| F|  |TAMS 0x0000000088200000, 0x0000000088200000| Untracked 
| 131|0x0000000088300000, 0x0000000088300000, 0x0000000088400000|  0%| F|  |TAMS 0x0000000088300000, 0x0000000088300000| Untracked 
| 132|0x0000000088400000, 0x0000000088500000, 0x0000000088500000|100%| S|CS|TAMS 0x0000000088400000, 0x0000000088400000| Complete 
| 133|0x0000000088500000, 0x0000000088600000, 0x0000000088600000|100%| S|CS|TAMS 0x0000000088500000, 0x0000000088500000| Complete 
| 134|0x0000000088600000, 0x0000000088600000, 0x0000000088700000|  0%| F|  |TAMS 0x0000000088600000, 0x0000000088600000| Untracked 
| 135|0x0000000088700000, 0x0000000088700000, 0x0000000088800000|  0%| F|  |TAMS 0x0000000088700000, 0x0000000088700000| Untracked 
| 136|0x0000000088800000, 0x0000000088800000, 0x0000000088900000|  0%| F|  |TAMS 0x0000000088800000, 0x0000000088800000| Untracked 
| 137|0x0000000088900000, 0x0000000088900000, 0x0000000088a00000|  0%| F|  |TAMS 0x0000000088900000, 0x0000000088900000| Untracked 
| 138|0x0000000088a00000, 0x0000000088a00000, 0x0000000088b00000|  0%| F|  |TAMS 0x0000000088a00000, 0x0000000088a00000| Untracked 
| 139|0x0000000088b00000, 0x0000000088b00000, 0x0000000088c00000|  0%| F|  |TAMS 0x0000000088b00000, 0x0000000088b00000| Untracked 
| 140|0x0000000088c00000, 0x0000000088c00000, 0x0000000088d00000|  0%| F|  |TAMS 0x0000000088c00000, 0x0000000088c00000| Untracked 
| 141|0x0000000088d00000, 0x0000000088d00000, 0x0000000088e00000|  0%| F|  |TAMS 0x0000000088d00000, 0x0000000088d00000| Untracked 
| 142|0x0000000088e00000, 0x0000000088e00000, 0x0000000088f00000|  0%| F|  |TAMS 0x0000000088e00000, 0x0000000088e00000| Untracked 
| 143|0x0000000088f00000, 0x0000000088f00000, 0x0000000089000000|  0%| F|  |TAMS 0x0000000088f00000, 0x0000000088f00000| Untracked 
| 144|0x0000000089000000, 0x0000000089000000, 0x0000000089100000|  0%| F|  |TAMS 0x0000000089000000, 0x0000000089000000| Untracked 
| 145|0x0000000089100000, 0x0000000089100000, 0x0000000089200000|  0%| F|  |TAMS 0x0000000089100000, 0x0000000089100000| Untracked 
| 146|0x0000000089200000, 0x0000000089200000, 0x0000000089300000|  0%| F|  |TAMS 0x0000000089200000, 0x0000000089200000| Untracked 
| 147|0x0000000089300000, 0x0000000089300000, 0x0000000089400000|  0%| F|  |TAMS 0x0000000089300000, 0x0000000089300000| Untracked 
| 148|0x0000000089400000, 0x0000000089400000, 0x0000000089500000|  0%| F|  |TAMS 0x0000000089400000, 0x0000000089400000| Untracked 
| 149|0x0000000089500000, 0x0000000089500000, 0x0000000089600000|  0%| F|  |TAMS 0x0000000089500000, 0x0000000089500000| Untracked 
| 150|0x0000000089600000, 0x0000000089600000, 0x0000000089700000|  0%| F|  |TAMS 0x0000000089600000, 0x0000000089600000| Untracked 
| 151|0x0000000089700000, 0x0000000089700000, 0x0000000089800000|  0%| F|  |TAMS 0x0000000089700000, 0x0000000089700000| Untracked 
| 152|0x0000000089800000, 0x0000000089800000, 0x0000000089900000|  0%| F|  |TAMS 0x0000000089800000, 0x0000000089800000| Untracked 
| 153|0x0000000089900000, 0x0000000089900000, 0x0000000089a00000|  0%| F|  |TAMS 0x0000000089900000, 0x0000000089900000| Untracked 
| 154|0x0000000089a00000, 0x0000000089a00000, 0x0000000089b00000|  0%| F|  |TAMS 0x0000000089a00000, 0x0000000089a00000| Untracked 
| 155|0x0000000089b00000, 0x0000000089b00000, 0x0000000089c00000|  0%| F|  |TAMS 0x0000000089b00000, 0x0000000089b00000| Untracked 
| 156|0x0000000089c00000, 0x0000000089c00000, 0x0000000089d00000|  0%| F|  |TAMS 0x0000000089c00000, 0x0000000089c00000| Untracked 
| 157|0x0000000089d00000, 0x0000000089d00000, 0x0000000089e00000|  0%| F|  |TAMS 0x0000000089d00000, 0x0000000089d00000| Untracked 
| 158|0x0000000089e00000, 0x0000000089e00000, 0x0000000089f00000|  0%| F|  |TAMS 0x0000000089e00000, 0x0000000089e00000| Untracked 
| 159|0x0000000089f00000, 0x0000000089f00000, 0x000000008a000000|  0%| F|  |TAMS 0x0000000089f00000, 0x0000000089f00000| Untracked 
| 160|0x000000008a000000, 0x000000008a000000, 0x000000008a100000|  0%| F|  |TAMS 0x000000008a000000, 0x000000008a000000| Untracked 
| 161|0x000000008a100000, 0x000000008a100000, 0x000000008a200000|  0%| F|  |TAMS 0x000000008a100000, 0x000000008a100000| Untracked 
| 162|0x000000008a200000, 0x000000008a200000, 0x000000008a300000|  0%| F|  |TAMS 0x000000008a200000, 0x000000008a200000| Untracked 
| 163|0x000000008a300000, 0x000000008a300000, 0x000000008a400000|  0%| F|  |TAMS 0x000000008a300000, 0x000000008a300000| Untracked 
| 164|0x000000008a400000, 0x000000008a400000, 0x000000008a500000|  0%| F|  |TAMS 0x000000008a400000, 0x000000008a400000| Untracked 
| 165|0x000000008a500000, 0x000000008a500000, 0x000000008a600000|  0%| F|  |TAMS 0x000000008a500000, 0x000000008a500000| Untracked 
| 166|0x000000008a600000, 0x000000008a600000, 0x000000008a700000|  0%| F|  |TAMS 0x000000008a600000, 0x000000008a600000| Untracked 
| 167|0x000000008a700000, 0x000000008a700000, 0x000000008a800000|  0%| F|  |TAMS 0x000000008a700000, 0x000000008a700000| Untracked 
| 168|0x000000008a800000, 0x000000008a800000, 0x000000008a900000|  0%| F|  |TAMS 0x000000008a800000, 0x000000008a800000| Untracked 
| 169|0x000000008a900000, 0x000000008a900000, 0x000000008aa00000|  0%| F|  |TAMS 0x000000008a900000, 0x000000008a900000| Untracked 
| 170|0x000000008aa00000, 0x000000008aa00000, 0x000000008ab00000|  0%| F|  |TAMS 0x000000008aa00000, 0x000000008aa00000| Untracked 
| 171|0x000000008ab00000, 0x000000008ab00000, 0x000000008ac00000|  0%| F|  |TAMS 0x000000008ab00000, 0x000000008ab00000| Untracked 
| 172|0x000000008ac00000, 0x000000008ac00000, 0x000000008ad00000|  0%| F|  |TAMS 0x000000008ac00000, 0x000000008ac00000| Untracked 
| 173|0x000000008ad00000, 0x000000008ad00000, 0x000000008ae00000|  0%| F|  |TAMS 0x000000008ad00000, 0x000000008ad00000| Untracked 
| 174|0x000000008ae00000, 0x000000008ae00000, 0x000000008af00000|  0%| F|  |TAMS 0x000000008ae00000, 0x000000008ae00000| Untracked 
| 175|0x000000008af00000, 0x000000008af00000, 0x000000008b000000|  0%| F|  |TAMS 0x000000008af00000, 0x000000008af00000| Untracked 
| 176|0x000000008b000000, 0x000000008b000000, 0x000000008b100000|  0%| F|  |TAMS 0x000000008b000000, 0x000000008b000000| Untracked 
| 177|0x000000008b100000, 0x000000008b100000, 0x000000008b200000|  0%| F|  |TAMS 0x000000008b100000, 0x000000008b100000| Untracked 
| 178|0x000000008b200000, 0x000000008b200000, 0x000000008b300000|  0%| F|  |TAMS 0x000000008b200000, 0x000000008b200000| Untracked 
| 179|0x000000008b300000, 0x000000008b300000, 0x000000008b400000|  0%| F|  |TAMS 0x000000008b300000, 0x000000008b300000| Untracked 
| 180|0x000000008b400000, 0x000000008b400000, 0x000000008b500000|  0%| F|  |TAMS 0x000000008b400000, 0x000000008b400000| Untracked 
| 181|0x000000008b500000, 0x000000008b500000, 0x000000008b600000|  0%| F|  |TAMS 0x000000008b500000, 0x000000008b500000| Untracked 
| 182|0x000000008b600000, 0x000000008b600000, 0x000000008b700000|  0%| F|  |TAMS 0x000000008b600000, 0x000000008b600000| Untracked 
| 183|0x000000008b700000, 0x000000008b700000, 0x000000008b800000|  0%| F|  |TAMS 0x000000008b700000, 0x000000008b700000| Untracked 
| 184|0x000000008b800000, 0x000000008b800000, 0x000000008b900000|  0%| F|  |TAMS 0x000000008b800000, 0x000000008b800000| Untracked 
| 185|0x000000008b900000, 0x000000008b900000, 0x000000008ba00000|  0%| F|  |TAMS 0x000000008b900000, 0x000000008b900000| Untracked 
| 186|0x000000008ba00000, 0x000000008ba00000, 0x000000008bb00000|  0%| F|  |TAMS 0x000000008ba00000, 0x000000008ba00000| Untracked 
| 187|0x000000008bb00000, 0x000000008bb00000, 0x000000008bc00000|  0%| F|  |TAMS 0x000000008bb00000, 0x000000008bb00000| Untracked 
| 188|0x000000008bc00000, 0x000000008bc00000, 0x000000008bd00000|  0%| F|  |TAMS 0x000000008bc00000, 0x000000008bc00000| Untracked 
| 189|0x000000008bd00000, 0x000000008bd00000, 0x000000008be00000|  0%| F|  |TAMS 0x000000008bd00000, 0x000000008bd00000| Untracked 
| 190|0x000000008be00000, 0x000000008be00000, 0x000000008bf00000|  0%| F|  |TAMS 0x000000008be00000, 0x000000008be00000| Untracked 
| 191|0x000000008bf00000, 0x000000008bf00000, 0x000000008c000000|  0%| F|  |TAMS 0x000000008bf00000, 0x000000008bf00000| Untracked 
| 192|0x000000008c000000, 0x000000008c000000, 0x000000008c100000|  0%| F|  |TAMS 0x000000008c000000, 0x000000008c000000| Untracked 
| 193|0x000000008c100000, 0x000000008c100000, 0x000000008c200000|  0%| F|  |TAMS 0x000000008c100000, 0x000000008c100000| Untracked 
| 194|0x000000008c200000, 0x000000008c200000, 0x000000008c300000|  0%| F|  |TAMS 0x000000008c200000, 0x000000008c200000| Untracked 
| 195|0x000000008c300000, 0x000000008c300000, 0x000000008c400000|  0%| F|  |TAMS 0x000000008c300000, 0x000000008c300000| Untracked 
| 196|0x000000008c400000, 0x000000008c400000, 0x000000008c500000|  0%| F|  |TAMS 0x000000008c400000, 0x000000008c400000| Untracked 
| 197|0x000000008c500000, 0x000000008c500000, 0x000000008c600000|  0%| F|  |TAMS 0x000000008c500000, 0x000000008c500000| Untracked 
| 198|0x000000008c600000, 0x000000008c600000, 0x000000008c700000|  0%| F|  |TAMS 0x000000008c600000, 0x000000008c600000| Untracked 
| 199|0x000000008c700000, 0x000000008c700000, 0x000000008c800000|  0%| F|  |TAMS 0x000000008c700000, 0x000000008c700000| Untracked 
| 200|0x000000008c800000, 0x000000008c800000, 0x000000008c900000|  0%| F|  |TAMS 0x000000008c800000, 0x000000008c800000| Untracked 
| 201|0x000000008c900000, 0x000000008c900000, 0x000000008ca00000|  0%| F|  |TAMS 0x000000008c900000, 0x000000008c900000| Untracked 
| 202|0x000000008ca00000, 0x000000008ca00000, 0x000000008cb00000|  0%| F|  |TAMS 0x000000008ca00000, 0x000000008ca00000| Untracked 
| 203|0x000000008cb00000, 0x000000008cb00000, 0x000000008cc00000|  0%| F|  |TAMS 0x000000008cb00000, 0x000000008cb00000| Untracked 
| 204|0x000000008cc00000, 0x000000008cc00000, 0x000000008cd00000|  0%| F|  |TAMS 0x000000008cc00000, 0x000000008cc00000| Untracked 
| 205|0x000000008cd00000, 0x000000008cd00000, 0x000000008ce00000|  0%| F|  |TAMS 0x000000008cd00000, 0x000000008cd00000| Untracked 
| 206|0x000000008ce00000, 0x000000008ce00000, 0x000000008cf00000|  0%| F|  |TAMS 0x000000008ce00000, 0x000000008ce00000| Untracked 
| 207|0x000000008cf00000, 0x000000008cf00000, 0x000000008d000000|  0%| F|  |TAMS 0x000000008cf00000, 0x000000008cf00000| Untracked 
| 208|0x000000008d000000, 0x000000008d000000, 0x000000008d100000|  0%| F|  |TAMS 0x000000008d000000, 0x000000008d000000| Untracked 
| 209|0x000000008d100000, 0x000000008d100000, 0x000000008d200000|  0%| F|  |TAMS 0x000000008d100000, 0x000000008d100000| Untracked 
| 210|0x000000008d200000, 0x000000008d200000, 0x000000008d300000|  0%| F|  |TAMS 0x000000008d200000, 0x000000008d200000| Untracked 
| 211|0x000000008d300000, 0x000000008d300000, 0x000000008d400000|  0%| F|  |TAMS 0x000000008d300000, 0x000000008d300000| Untracked 
| 212|0x000000008d400000, 0x000000008d400000, 0x000000008d500000|  0%| F|  |TAMS 0x000000008d400000, 0x000000008d400000| Untracked 
| 213|0x000000008d500000, 0x000000008d500000, 0x000000008d600000|  0%| F|  |TAMS 0x000000008d500000, 0x000000008d500000| Untracked 
| 214|0x000000008d600000, 0x000000008d600000, 0x000000008d700000|  0%| F|  |TAMS 0x000000008d600000, 0x000000008d600000| Untracked 
| 215|0x000000008d700000, 0x000000008d700000, 0x000000008d800000|  0%| F|  |TAMS 0x000000008d700000, 0x000000008d700000| Untracked 
| 216|0x000000008d800000, 0x000000008d800000, 0x000000008d900000|  0%| F|  |TAMS 0x000000008d800000, 0x000000008d800000| Untracked 
| 217|0x000000008d900000, 0x000000008d900000, 0x000000008da00000|  0%| F|  |TAMS 0x000000008d900000, 0x000000008d900000| Untracked 
| 218|0x000000008da00000, 0x000000008da00000, 0x000000008db00000|  0%| F|  |TAMS 0x000000008da00000, 0x000000008da00000| Untracked 
| 219|0x000000008db00000, 0x000000008db00000, 0x000000008dc00000|  0%| F|  |TAMS 0x000000008db00000, 0x000000008db00000| Untracked 
| 220|0x000000008dc00000, 0x000000008dc00000, 0x000000008dd00000|  0%| F|  |TAMS 0x000000008dc00000, 0x000000008dc00000| Untracked 
| 221|0x000000008dd00000, 0x000000008dd00000, 0x000000008de00000|  0%| F|  |TAMS 0x000000008dd00000, 0x000000008dd00000| Untracked 
| 222|0x000000008de00000, 0x000000008de00000, 0x000000008df00000|  0%| F|  |TAMS 0x000000008de00000, 0x000000008de00000| Untracked 
| 223|0x000000008df00000, 0x000000008df00000, 0x000000008e000000|  0%| F|  |TAMS 0x000000008df00000, 0x000000008df00000| Untracked 
| 224|0x000000008e000000, 0x000000008e000000, 0x000000008e100000|  0%| F|  |TAMS 0x000000008e000000, 0x000000008e000000| Untracked 
| 225|0x000000008e100000, 0x000000008e100000, 0x000000008e200000|  0%| F|  |TAMS 0x000000008e100000, 0x000000008e100000| Untracked 
| 226|0x000000008e200000, 0x000000008e200000, 0x000000008e300000|  0%| F|  |TAMS 0x000000008e200000, 0x000000008e200000| Untracked 
| 227|0x000000008e300000, 0x000000008e300000, 0x000000008e400000|  0%| F|  |TAMS 0x000000008e300000, 0x000000008e300000| Untracked 
| 228|0x000000008e400000, 0x000000008e400000, 0x000000008e500000|  0%| F|  |TAMS 0x000000008e400000, 0x000000008e400000| Untracked 
| 229|0x000000008e500000, 0x000000008e500000, 0x000000008e600000|  0%| F|  |TAMS 0x000000008e500000, 0x000000008e500000| Untracked 
| 230|0x000000008e600000, 0x000000008e600000, 0x000000008e700000|  0%| F|  |TAMS 0x000000008e600000, 0x000000008e600000| Untracked 
| 231|0x000000008e700000, 0x000000008e700000, 0x000000008e800000|  0%| F|  |TAMS 0x000000008e700000, 0x000000008e700000| Untracked 
| 232|0x000000008e800000, 0x000000008e800000, 0x000000008e900000|  0%| F|  |TAMS 0x000000008e800000, 0x000000008e800000| Untracked 
| 233|0x000000008e900000, 0x000000008e900000, 0x000000008ea00000|  0%| F|  |TAMS 0x000000008e900000, 0x000000008e900000| Untracked 
| 234|0x000000008ea00000, 0x000000008ea00000, 0x000000008eb00000|  0%| F|  |TAMS 0x000000008ea00000, 0x000000008ea00000| Untracked 
| 235|0x000000008eb00000, 0x000000008eb00000, 0x000000008ec00000|  0%| F|  |TAMS 0x000000008eb00000, 0x000000008eb00000| Untracked 
| 236|0x000000008ec00000, 0x000000008ec00000, 0x000000008ed00000|  0%| F|  |TAMS 0x000000008ec00000, 0x000000008ec00000| Untracked 
| 237|0x000000008ed00000, 0x000000008ed00000, 0x000000008ee00000|  0%| F|  |TAMS 0x000000008ed00000, 0x000000008ed00000| Untracked 
| 238|0x000000008ee00000, 0x000000008ee00000, 0x000000008ef00000|  0%| F|  |TAMS 0x000000008ee00000, 0x000000008ee00000| Untracked 
| 239|0x000000008ef00000, 0x000000008ef00000, 0x000000008f000000|  0%| F|  |TAMS 0x000000008ef00000, 0x000000008ef00000| Untracked 
| 240|0x000000008f000000, 0x000000008f000000, 0x000000008f100000|  0%| F|  |TAMS 0x000000008f000000, 0x000000008f000000| Untracked 
| 241|0x000000008f100000, 0x000000008f100000, 0x000000008f200000|  0%| F|  |TAMS 0x000000008f100000, 0x000000008f100000| Untracked 
| 242|0x000000008f200000, 0x000000008f200000, 0x000000008f300000|  0%| F|  |TAMS 0x000000008f200000, 0x000000008f200000| Untracked 
| 243|0x000000008f300000, 0x000000008f300000, 0x000000008f400000|  0%| F|  |TAMS 0x000000008f300000, 0x000000008f300000| Untracked 
| 244|0x000000008f400000, 0x000000008f400000, 0x000000008f500000|  0%| F|  |TAMS 0x000000008f400000, 0x000000008f400000| Untracked 
| 245|0x000000008f500000, 0x000000008f500000, 0x000000008f600000|  0%| F|  |TAMS 0x000000008f500000, 0x000000008f500000| Untracked 
| 246|0x000000008f600000, 0x000000008f600000, 0x000000008f700000|  0%| F|  |TAMS 0x000000008f600000, 0x000000008f600000| Untracked 
| 247|0x000000008f700000, 0x000000008f700000, 0x000000008f800000|  0%| F|  |TAMS 0x000000008f700000, 0x000000008f700000| Untracked 
| 248|0x000000008f800000, 0x000000008f800000, 0x000000008f900000|  0%| F|  |TAMS 0x000000008f800000, 0x000000008f800000| Untracked 
| 249|0x000000008f900000, 0x000000008f9c5520, 0x000000008fa00000| 77%| E|  |TAMS 0x000000008f900000, 0x000000008f900000| Complete 
| 250|0x000000008fa00000, 0x000000008fb00000, 0x000000008fb00000|100%| E|  |TAMS 0x000000008fa00000, 0x000000008fa00000| Complete 
| 251|0x000000008fb00000, 0x000000008fc00000, 0x000000008fc00000|100%| E|CS|TAMS 0x000000008fb00000, 0x000000008fb00000| Complete 
| 252|0x000000008fc00000, 0x000000008fd00000, 0x000000008fd00000|100%| E|CS|TAMS 0x000000008fc00000, 0x000000008fc00000| Complete 
| 253|0x000000008fd00000, 0x000000008fe00000, 0x000000008fe00000|100%| E|CS|TAMS 0x000000008fd00000, 0x000000008fd00000| Complete 

Card table byte_map: [0x0000027a62370000,0x0000027a62770000] _byte_map_base: 0x0000027a61f70000

Marking Bits (Prev, Next): (CMBitMap*) 0x0000027a4ce78380, (CMBitMap*) 0x0000027a4ce78348
 Prev Bits: [0x0000027a64b70000, 0x0000027a66b70000)
 Next Bits: [0x0000027a62b70000, 0x0000027a64b70000)

Polling page: 0x0000027a4ccf0000

Metaspace:

Usage:
  Non-class:     77.79 MB capacity,    76.44 MB ( 98%) used,     1.11 MB (  1%) free+waste,   253.31 KB ( <1%) overhead. 
      Class:     12.09 MB capacity,    11.30 MB ( 93%) used,   703.34 KB (  6%) free+waste,   113.56 KB ( <1%) overhead. 
       Both:     89.88 MB capacity,    87.73 MB ( 98%) used,     1.79 MB (  2%) free+waste,   366.88 KB ( <1%) overhead. 

Virtual space:
  Non-class space:       78.00 MB reserved,      78.00 MB (100%) committed 
      Class space:        1.00 GB reserved,      12.20 MB (  1%) committed 
             Both:        1.08 GB reserved,      90.20 MB (  8%) committed 

Chunk freelists:
   Non-Class:  24.00 KB
       Class:  0 bytes
        Both:  24.00 KB

MaxMetaspaceSize: 17179869184.00 GB
CompressedClassSpaceSize: 1.00 GB

CodeHeap 'non-profiled nmethods': size=120000Kb used=6565Kb max_used=6565Kb free=113434Kb
 bounds [0x0000027a59fd0000, 0x0000027a5a640000, 0x0000027a61500000]
CodeHeap 'profiled nmethods': size=120000Kb used=22608Kb max_used=22608Kb free=97391Kb
 bounds [0x0000027a52aa0000, 0x0000027a540c0000, 0x0000027a59fd0000]
CodeHeap 'non-nmethods': size=5760Kb used=2303Kb max_used=2341Kb free=3456Kb
 bounds [0x0000027a52500000, 0x0000027a52770000, 0x0000027a52aa0000]
 total_blobs=11321 nmethods=10415 adapters=817
 compilation: enabled
              stopped_count=0, restarted_count=0
 full_count=0

Compilation events (20 events):
Event: 28.791 Thread 0x0000027a69ed8000 10447       3       com.android.tools.r8.internal.Ye::d (140 bytes)
Event: 28.792 Thread 0x0000027a69ed8000 nmethod 10447 0x0000027a540aa390 code [0x0000027a540aa560, 0x0000027a540aab38]
Event: 28.792 Thread 0x0000027a69ed8000 10451       3       com.android.tools.r8.graph.h::equals (22 bytes)
Event: 28.792 Thread 0x0000027a69ed8000 nmethod 10451 0x0000027a540aac10 code [0x0000027a540aade0, 0x0000027a540ab028]
Event: 28.797 Thread 0x0000027a69ed8000 10453       3       com.android.tools.r8.graph.d0::r0 (22 bytes)
Event: 28.798 Thread 0x0000027a69ed8000 nmethod 10453 0x0000027a540ab110 code [0x0000027a540ab2c0, 0x0000027a540ab438]
Event: 28.801 Thread 0x0000027a69ed8000 10454       3       org.gradle.api.internal.file.collections.UnpackingVisitor::<init> (12 bytes)
Event: 28.801 Thread 0x0000027a69ed8000 nmethod 10454 0x0000027a540ab510 code [0x0000027a540ab6e0, 0x0000027a540aba18]
Event: 28.805 Thread 0x0000027a6dfac000 nmethod 10441 0x0000027a5a631690 code [0x0000027a5a631880, 0x0000027a5a6322c8]
Event: 28.808 Thread 0x0000027a6dfac000 10455       4       com.android.tools.r8.graph.c0::a (129 bytes)
Event: 28.809 Thread 0x0000027a69ed8000 10456       3       com.android.tools.r8.graph.b0::<init> (5 bytes)
Event: 28.809 Thread 0x0000027a69ed8000 nmethod 10456 0x0000027a540abb10 code [0x0000027a540abce0, 0x0000027a540abf58]
Event: 28.810 Thread 0x0000027a6dfac000 nmethod 10455 0x0000027a5a632890 code [0x0000027a5a632a20, 0x0000027a5a632ad8]
Event: 28.824 Thread 0x0000027a6dfac000 10457   !   4       java.util.concurrent.ConcurrentHashMap::transfer (828 bytes)
Event: 28.845 Thread 0x0000027a69ed8000 10460       3       com.android.tools.r8.graph.T::d (134 bytes)
Event: 28.845 Thread 0x0000027a69ed8000 nmethod 10460 0x0000027a540ac090 code [0x0000027a540ac280, 0x0000027a540ac708]
Event: 28.845 Thread 0x0000027a69ed8000 10461       3       com.android.tools.r8.graph.c0::g (45 bytes)
Event: 28.846 Thread 0x0000027a69ed8000 nmethod 10461 0x0000027a540ac890 code [0x0000027a540aca60, 0x0000027a540ace48]
Event: 28.846 Thread 0x0000027a69ed8000 10462       3       com.android.tools.r8.graph.d0::g (24 bytes)
Event: 28.846 Thread 0x0000027a69ed8000 nmethod 10462 0x0000027a540acf10 code [0x0000027a540ad100, 0x0000027a540ad568]

GC Heap History (20 events):
Event: 6.073 GC heap before
{Heap before GC invocations=2 (full 0):
 garbage-first heap   total 260096K, used 58117K [0x0000000080000000, 0x0000000100000000)
  region size 1024K, 48 young (49152K), 1 survivors (1024K)
 Metaspace       used 15810K, capacity 16261K, committed 16384K, reserved 1062912K
  class space    used 1797K, capacity 1933K, committed 2048K, reserved 1048576K
}
Event: 6.079 GC heap after
{Heap after GC invocations=3 (full 0):
 garbage-first heap   total 260096K, used 15756K [0x0000000080000000, 0x0000000100000000)
  region size 1024K, 6 young (6144K), 6 survivors (6144K)
 Metaspace       used 15810K, capacity 16261K, committed 16384K, reserved 1062912K
  class space    used 1797K, capacity 1933K, committed 2048K, reserved 1048576K
}
Event: 6.996 GC heap before
{Heap before GC invocations=3 (full 0):
 garbage-first heap   total 260096K, used 50572K [0x0000000080000000, 0x0000000100000000)
  region size 1024K, 41 young (41984K), 6 survivors (6144K)
 Metaspace       used 20599K, capacity 21104K, committed 21248K, reserved 1067008K
  class space    used 2505K, capacity 2690K, committed 2816K, reserved 1048576K
}
Event: 7.006 GC heap after
{Heap after GC invocations=4 (full 0):
 garbage-first heap   total 260096K, used 17511K [0x0000000080000000, 0x0000000100000000)
  region size 1024K, 8 young (8192K), 8 survivors (8192K)
 Metaspace       used 20599K, capacity 21104K, committed 21248K, reserved 1067008K
  class space    used 2505K, capacity 2690K, committed 2816K, reserved 1048576K
}
Event: 8.938 GC heap before
{Heap before GC invocations=5 (full 0):
 garbage-first heap   total 260096K, used 92263K [0x0000000080000000, 0x0000000100000000)
  region size 1024K, 81 young (82944K), 8 survivors (8192K)
 Metaspace       used 27862K, capacity 28580K, committed 28800K, reserved 1075200K
  class space    used 3690K, capacity 3932K, committed 3968K, reserved 1048576K
}
Event: 8.947 GC heap after
{Heap after GC invocations=6 (full 0):
 garbage-first heap   total 260096K, used 19445K [0x0000000080000000, 0x0000000100000000)
  region size 1024K, 4 young (4096K), 4 survivors (4096K)
 Metaspace       used 27862K, capacity 28580K, committed 28800K, reserved 1075200K
  class space    used 3690K, capacity 3932K, committed 3968K, reserved 1048576K
}
Event: 10.311 GC heap before
{Heap before GC invocations=6 (full 0):
 garbage-first heap   total 260096K, used 56309K [0x0000000080000000, 0x0000000100000000)
  region size 1024K, 41 young (41984K), 4 survivors (4096K)
 Metaspace       used 35065K, capacity 35838K, committed 35840K, reserved 1081344K
  class space    used 4542K, capacity 4864K, committed 4864K, reserved 1048576K
}
Event: 10.327 GC heap after
{Heap after GC invocations=7 (full 0):
 garbage-first heap   total 260096K, used 22211K [0x0000000080000000, 0x0000000100000000)
  region size 1024K, 7 young (7168K), 7 survivors (7168K)
 Metaspace       used 35065K, capacity 35838K, committed 35840K, reserved 1081344K
  class space    used 4542K, capacity 4864K, committed 4864K, reserved 1048576K
}
Event: 13.258 GC heap before
{Heap before GC invocations=8 (full 0):
 garbage-first heap   total 260096K, used 136899K [0x0000000080000000, 0x0000000100000000)
  region size 1024K, 116 young (118784K), 7 survivors (7168K)
 Metaspace       used 43934K, capacity 44943K, committed 45260K, reserved 1089536K
  class space    used 5631K, capacity 5970K, committed 6092K, reserved 1048576K
}
Event: 13.279 GC heap after
{Heap after GC invocations=9 (full 0):
 garbage-first heap   total 260096K, used 28612K [0x0000000080000000, 0x0000000100000000)
  region size 1024K, 13 young (13312K), 13 survivors (13312K)
 Metaspace       used 43934K, capacity 44943K, committed 45260K, reserved 1089536K
  class space    used 5631K, capacity 5970K, committed 6092K, reserved 1048576K
}
Event: 17.340 GC heap before
{Heap before GC invocations=9 (full 0):
 garbage-first heap   total 260096K, used 157636K [0x0000000080000000, 0x0000000100000000)
  region size 1024K, 136 young (139264K), 13 survivors (13312K)
 Metaspace       used 55664K, capacity 57058K, committed 57292K, reserved 1099776K
  class space    used 7035K, capacity 7539K, committed 7628K, reserved 1048576K
}
Event: 17.364 GC heap after
{Heap after GC invocations=10 (full 0):
 garbage-first heap   total 260096K, used 43261K [0x0000000080000000, 0x0000000100000000)
  region size 1024K, 17 young (17408K), 17 survivors (17408K)
 Metaspace       used 55664K, capacity 57058K, committed 57292K, reserved 1099776K
  class space    used 7035K, capacity 7539K, committed 7628K, reserved 1048576K
}
Event: 18.197 GC heap before
{Heap before GC invocations=10 (full 0):
 garbage-first heap   total 260096K, used 61693K [0x0000000080000000, 0x0000000100000000)
  region size 1024K, 36 young (36864K), 17 survivors (17408K)
 Metaspace       used 58757K, capacity 60172K, committed 60236K, reserved 1101824K
  class space    used 7414K, capacity 7955K, committed 8012K, reserved 1048576K
}
Event: 18.243 GC heap after
{Heap after GC invocations=11 (full 0):
 garbage-first heap   total 260096K, used 45457K [0x0000000080000000, 0x0000000100000000)
  region size 1024K, 3 young (3072K), 3 survivors (3072K)
 Metaspace       used 58757K, capacity 60172K, committed 60236K, reserved 1101824K
  class space    used 7414K, capacity 7955K, committed 8012K, reserved 1048576K
}
Event: 21.504 GC heap before
{Heap before GC invocations=12 (full 0):
 garbage-first heap   total 260096K, used 171409K [0x0000000080000000, 0x0000000100000000)
  region size 1024K, 126 young (129024K), 3 survivors (3072K)
 Metaspace       used 69320K, capacity 70910K, committed 70988K, reserved 1110016K
  class space    used 8928K, capacity 9530K, committed 9548K, reserved 1048576K
}
Event: 21.517 GC heap after
{Heap after GC invocations=13 (full 0):
 garbage-first heap   total 260096K, used 53079K [0x0000000080000000, 0x0000000100000000)
  region size 1024K, 11 young (11264K), 11 survivors (11264K)
 Metaspace       used 69320K, capacity 70910K, committed 70988K, reserved 1110016K
  class space    used 8928K, capacity 9530K, committed 9548K, reserved 1048576K
}
Event: 24.858 GC heap before
{Heap before GC invocations=13 (full 0):
 garbage-first heap   total 260096K, used 179031K [0x0000000080000000, 0x0000000100000000)
  region size 1024K, 135 young (138240K), 11 survivors (11264K)
 Metaspace       used 81369K, capacity 83404K, committed 83532K, reserved 1122304K
  class space    used 10521K, capacity 11270K, committed 11340K, reserved 1048576K
}
Event: 24.883 GC heap after
{Heap after GC invocations=14 (full 0):
 garbage-first heap   total 260096K, used 63353K [0x0000000080000000, 0x0000000100000000)
  region size 1024K, 11 young (11264K), 11 survivors (11264K)
 Metaspace       used 81369K, capacity 83404K, committed 83532K, reserved 1122304K
  class space    used 10521K, capacity 11270K, committed 11340K, reserved 1048576K
}
Event: 27.330 GC heap before
{Heap before GC invocations=14 (full 0):
 garbage-first heap   total 260096K, used 187257K [0x0000000080000000, 0x0000000100000000)
  region size 1024K, 133 young (136192K), 11 survivors (11264K)
 Metaspace       used 83432K, capacity 85629K, committed 85836K, reserved 1124352K
  class space    used 10726K, capacity 11540K, committed 11596K, reserved 1048576K
}
Event: 27.351 GC heap after
{Heap after GC invocations=15 (full 0):
 garbage-first heap   total 260096K, used 71599K [0x0000000080000000, 0x0000000100000000)
  region size 1024K, 8 young (8192K), 8 survivors (8192K)
 Metaspace       used 83432K, capacity 85629K, committed 85836K, reserved 1124352K
  class space    used 10726K, capacity 11540K, committed 11596K, reserved 1048576K
}

Deoptimization events (20 events):
Event: 28.437 Thread 0x0000027a6ca4a000 Uncommon trap: trap_request=0xffffff4d fr.pc=0x0000027a5a52b030 relative=0x0000000000000090
Event: 28.437 Thread 0x0000027a6ca4a000 Uncommon trap: reason=unstable_if action=reinterpret pc=0x0000027a5a52b030 method=com.google.common.cache.LongAdder.add(J)V @ 24 c2
Event: 28.437 Thread 0x0000027a6ca4a000 DEOPT PACKING pc=0x0000027a5a52b030 sp=0x000000eb923fcee0
Event: 28.437 Thread 0x0000027a6ca4a000 DEOPT UNPACKING pc=0x0000027a525278af sp=0x000000eb923fce20 mode 2
Event: 28.458 Thread 0x0000027a719d4000 Uncommon trap: trap_request=0x00000186 fr.pc=0x0000027a5a38e8b0 relative=0x00000000000003b0
Event: 28.458 Thread 0x0000027a719d4000 Uncommon trap: reason=unloaded action=reinterpret pc=0x0000027a5a38e8b0 method=java.util.regex.Pattern.newSlice([IIZ)Ljava/util/regex/Pattern$Node; @ 68 c2
Event: 28.458 Thread 0x0000027a719d4000 DEOPT PACKING pc=0x0000027a5a38e8b0 sp=0x000000eb93cfca10
Event: 28.458 Thread 0x0000027a719d4000 DEOPT UNPACKING pc=0x0000027a525278af sp=0x000000eb93cfc9e8 mode 2
Event: 28.603 Thread 0x0000027a719d4000 Uncommon trap: trap_request=0xffffff4d fr.pc=0x0000027a5a005340 relative=0x00000000000007e0
Event: 28.603 Thread 0x0000027a719d4000 Uncommon trap: reason=unstable_if action=reinterpret pc=0x0000027a5a005340 method=java.util.zip.ZipFile$Source.getEntryPos([BZ)I @ 105 c2
Event: 28.603 Thread 0x0000027a719d4000 DEOPT PACKING pc=0x0000027a5a005340 sp=0x000000eb93cf9c60
Event: 28.603 Thread 0x0000027a719d4000 DEOPT UNPACKING pc=0x0000027a525278af sp=0x000000eb93cf9c00 mode 2
Event: 28.700 Thread 0x0000027a719d4000 Uncommon trap: trap_request=0xffffff4d fr.pc=0x0000027a5a4f8114 relative=0x00000000000001b4
Event: 28.700 Thread 0x0000027a719d4000 Uncommon trap: reason=unstable_if action=reinterpret pc=0x0000027a5a4f8114 method=com.google.common.collect.MapMakerInternalMap$Segment.getEntry(Ljava/lang/Object;I)Lcom/google/common/collect/MapMakerInternalMap$InternalEntry; @ 63 c2
Event: 28.700 Thread 0x0000027a719d4000 DEOPT PACKING pc=0x0000027a5a4f8114 sp=0x000000eb93cf85f0
Event: 28.700 Thread 0x0000027a719d4000 DEOPT UNPACKING pc=0x0000027a525278af sp=0x000000eb93cf85a8 mode 2
Event: 28.727 Thread 0x0000027a719d4000 DEOPT PACKING pc=0x0000027a53db37f6 sp=0x000000eb93cf4900
Event: 28.727 Thread 0x0000027a719d4000 DEOPT UNPACKING pc=0x0000027a525276ce sp=0x000000eb93cf3e20 mode 0
Event: 28.824 Thread 0x0000027a719d4000 DEOPT PACKING pc=0x0000027a53db37f6 sp=0x000000eb93cfcca0
Event: 28.824 Thread 0x0000027a719d4000 DEOPT UNPACKING pc=0x0000027a525276ce sp=0x000000eb93cfc1c0 mode 0

Classes redefined (0 events):
No events

Internal exceptions (20 events):
Event: 26.926 Thread 0x0000027a6ca4d000 Implicit null exception at 0x0000027a5a58ff52 to 0x0000027a5a5907ec
Event: 26.990 Thread 0x0000027a6e767000 Exception <a 'java/lang/NoSuchMethodError'{0x00000000890ae2c0}: <clinit>> (0x00000000890ae2c0) thrown at [./src/hotspot/share/prims/jni.cpp, line 1362]
Event: 26.990 Thread 0x0000027a6e767000 Exception <a 'java/lang/NoSuchMethodError'{0x00000000890af5f8}: <clinit>> (0x00000000890af5f8) thrown at [./src/hotspot/share/prims/jni.cpp, line 1362]
Event: 26.991 Thread 0x0000027a6e767000 Exception <a 'java/lang/NoSuchMethodError'{0x00000000890b1d58}: <clinit>> (0x00000000890b1d58) thrown at [./src/hotspot/share/prims/jni.cpp, line 1362]
Event: 26.993 Thread 0x0000027a6e767000 Exception <a 'java/lang/NoSuchMethodError'{0x00000000890cb4e0}: <clinit>> (0x00000000890cb4e0) thrown at [./src/hotspot/share/prims/jni.cpp, line 1362]
Event: 26.993 Thread 0x0000027a6e767000 Exception <a 'java/lang/NoSuchMethodError'{0x00000000890cc9c0}: <clinit>> (0x00000000890cc9c0) thrown at [./src/hotspot/share/prims/jni.cpp, line 1362]
Event: 27.121 Thread 0x0000027a6e767000 Exception <a 'sun/nio/fs/WindowsException'{0x0000000088e90cf8}> (0x0000000088e90cf8) thrown at [./src/hotspot/share/prims/jni.cpp, line 615]
Event: 27.121 Thread 0x0000027a6e767000 Exception <a 'sun/nio/fs/WindowsException'{0x0000000088e91b80}> (0x0000000088e91b80) thrown at [./src/hotspot/share/prims/jni.cpp, line 615]
Event: 27.122 Thread 0x0000027a6e767000 Exception <a 'sun/nio/fs/WindowsException'{0x0000000088e91f48}> (0x0000000088e91f48) thrown at [./src/hotspot/share/prims/jni.cpp, line 615]
Event: 27.123 Thread 0x0000027a6e767000 Exception <a 'sun/nio/fs/WindowsException'{0x0000000088e92db0}> (0x0000000088e92db0) thrown at [./src/hotspot/share/prims/jni.cpp, line 615]
Event: 27.123 Thread 0x0000027a6e767000 Exception <a 'sun/nio/fs/WindowsException'{0x0000000088e93090}> (0x0000000088e93090) thrown at [./src/hotspot/share/prims/jni.cpp, line 615]
Event: 27.123 Thread 0x0000027a6e767000 Exception <a 'sun/nio/fs/WindowsException'{0x0000000088e93f10}> (0x0000000088e93f10) thrown at [./src/hotspot/share/prims/jni.cpp, line 615]
Event: 27.123 Thread 0x0000027a6e767000 Exception <a 'sun/nio/fs/WindowsException'{0x0000000088e94190}> (0x0000000088e94190) thrown at [./src/hotspot/share/prims/jni.cpp, line 615]
Event: 27.124 Thread 0x0000027a6e767000 Exception <a 'sun/nio/fs/WindowsException'{0x0000000088e94fe0}> (0x0000000088e94fe0) thrown at [./src/hotspot/share/prims/jni.cpp, line 615]
Event: 27.160 Thread 0x0000027a6e767000 Exception <a 'java/lang/NoSuchMethodError'{0x0000000088c19618}: <clinit>> (0x0000000088c19618) thrown at [./src/hotspot/share/prims/jni.cpp, line 1362]
Event: 27.185 Thread 0x0000027a6e767000 Exception <a 'java/lang/NoSuchMethodError'{0x0000000088c4f9e0}: <clinit>> (0x0000000088c4f9e0) thrown at [./src/hotspot/share/prims/jni.cpp, line 1362]
Event: 27.190 Thread 0x0000027a6e767000 Exception <a 'java/lang/NoSuchMethodError'{0x0000000088c81ad8}: <clinit>> (0x0000000088c81ad8) thrown at [./src/hotspot/share/prims/jni.cpp, line 1362]
Event: 27.191 Thread 0x0000027a6e767000 Exception <a 'java/lang/NoSuchMethodError'{0x0000000088c94880}: <clinit>> (0x0000000088c94880) thrown at [./src/hotspot/share/prims/jni.cpp, line 1362]
Event: 27.605 Thread 0x0000027a6e764800 Exception <a 'java/lang/NoSuchMethodError'{0x000000008e2b0cb0}: 'int java.lang.invoke.DirectMethodHandle$Holder.invokeSpecial(java.lang.Object, java.lang.Object, java.lang.Object, java.lang.Object, java.lang.Object)'> (0x000000008e2b0cb0) thrown at [./src/hotspot/share/interpreter/linkResolver.cpp, line 773]
Event: 28.682 Thread 0x0000027a719d4000 Exception <a 'sun/nio/fs/WindowsException'{0x000000008937be78}> (0x000000008937be78) thrown at [./src/hotspot/share/prims/jni.cpp, line 615]

Events (20 events):
Event: 28.867 loading class com/android/tools/r8/shaking/D1
Event: 28.867 loading class com/android/tools/r8/shaking/D1 done
Event: 28.867 loading class com/android/tools/r8/shaking/E1
Event: 28.867 loading class com/android/tools/r8/shaking/E1 done
Event: 28.867 loading class com/android/builder/internal/aapt/v2/Aapt2Daemon$WhenMappings
Event: 28.867 loading class com/android/builder/internal/aapt/v2/Aapt2Daemon$WhenMappings done
Event: 28.867 loading class com/android/tools/r8/shaking/D1$a
Event: 28.867 loading class com/android/tools/r8/shaking/D1$a done
Event: 28.867 loading class com/android/builder/internal/aapt/v2/Aapt2DaemonImpl$WaitForReadyOnStdOut
Event: 28.867 loading class com/android/builder/internal/aapt/v2/Aapt2DaemonImpl$WaitForReadyOnStdOut done
Event: 28.867 loading class com/android/tools/r8/shaking/G1
Event: 28.867 loading class com/android/tools/r8/shaking/G1 done
Event: 28.868 loading class com/android/tools/r8/shaking/F1
Event: 28.868 loading class com/android/tools/r8/shaking/F1 done
Event: 28.868 loading class java/lang/ProcessBuilder
Event: 28.868 loading class com/android/tools/r8/shaking/f1$d
Event: 28.868 loading class com/android/tools/r8/shaking/f1$d done
Event: 28.869 loading class java/lang/ProcessBuilder done
Event: 28.869 loading class java/lang/ProcessImpl
Event: 28.870 loading class java/lang/ProcessImpl done


Dynamic libraries:
0x00007ff6e9950000 - 0x00007ff6e995a000 	D:\Android\AndroidStudio\jre\bin\java.exe
0x00007ffb437d0000 - 0x00007ffb439c5000 	C:\WINDOWS\SYSTEM32\ntdll.dll
0x00007ffb42050000 - 0x00007ffb4210e000 	C:\WINDOWS\System32\KERNEL32.DLL
0x00007ffb41200000 - 0x00007ffb414c8000 	C:\WINDOWS\System32\KERNELBASE.dll
0x00007ffb40f10000 - 0x00007ffb41010000 	C:\WINDOWS\System32\ucrtbase.dll
0x00007ffb2eae0000 - 0x00007ffb2eaf9000 	D:\Android\AndroidStudio\jre\bin\jli.dll
0x00007ffb28e30000 - 0x00007ffb28e47000 	D:\Android\AndroidStudio\jre\bin\VCRUNTIME140.dll
0x00007ffb419c0000 - 0x00007ffb41b61000 	C:\WINDOWS\System32\USER32.dll
0x00007ffb40ee0000 - 0x00007ffb40f02000 	C:\WINDOWS\System32\win32u.dll
0x00007ffb41990000 - 0x00007ffb419bb000 	C:\WINDOWS\System32\GDI32.dll
0x00007ffb2a4e0000 - 0x00007ffb2a77a000 	C:\WINDOWS\WinSxS\amd64_microsoft.windows.common-controls_6595b64144ccf1df_6.0.19041.1110_none_60b5254171f9507e\COMCTL32.dll
0x00007ffb41500000 - 0x00007ffb4160d000 	C:\WINDOWS\System32\gdi32full.dll
0x00007ffb42f20000 - 0x00007ffb42fbe000 	C:\WINDOWS\System32\msvcrt.dll
0x00007ffb41670000 - 0x00007ffb4170d000 	C:\WINDOWS\System32\msvcp_win.dll
0x00007ffb43440000 - 0x00007ffb43470000 	C:\WINDOWS\System32\IMM32.DLL
0x0000000070d40000 - 0x0000000070d4a000 	D:\360\360Safe\safemon\SafeWrapper.dll
0x00007ffb418e0000 - 0x00007ffb4198c000 	C:\WINDOWS\System32\ADVAPI32.dll
0x00007ffb435b0000 - 0x00007ffb4364b000 	C:\WINDOWS\System32\sechost.dll
0x00007ffb42570000 - 0x00007ffb4269a000 	C:\WINDOWS\System32\RPCRT4.dll
0x00007ffb2a190000 - 0x00007ffb2a222000 	D:\360\360Safe\safemon\libzdtp64.dll
0x00007ffb41870000 - 0x00007ffb418c5000 	C:\WINDOWS\System32\SHLWAPI.dll
0x00007ffb40a60000 - 0x00007ffb40a6a000 	C:\WINDOWS\SYSTEM32\VERSION.dll
0x00007ffb0f500000 - 0x00007ffb0f59d000 	D:\Android\AndroidStudio\jre\bin\msvcp140.dll
0x00007ffafbb50000 - 0x00007ffafc61f000 	D:\Android\AndroidStudio\jre\bin\server\jvm.dll
0x00007ffb418d0000 - 0x00007ffb418d8000 	C:\WINDOWS\System32\PSAPI.DLL
0x00007ffb3d930000 - 0x00007ffb3d939000 	C:\WINDOWS\SYSTEM32\WSOCK32.dll
0x00007ffb43720000 - 0x00007ffb4378b000 	C:\WINDOWS\System32\WS2_32.dll
0x00007ffb2a780000 - 0x00007ffb2a7a7000 	C:\WINDOWS\SYSTEM32\WINMM.dll
0x00007ffb3f6f0000 - 0x00007ffb3f702000 	C:\WINDOWS\SYSTEM32\kernel.appcore.dll
0x00007ffb3c790000 - 0x00007ffb3c7a1000 	D:\Android\AndroidStudio\jre\bin\verify.dll
0x00007ffb3f300000 - 0x00007ffb3f4e4000 	C:\WINDOWS\SYSTEM32\DBGHELP.DLL
0x00007ffb2b050000 - 0x00007ffb2b07c000 	C:\WINDOWS\SYSTEM32\dbgcore.DLL
0x00007ffb41010000 - 0x00007ffb41092000 	C:\WINDOWS\System32\bcryptPrimitives.dll
0x00007ffb3c460000 - 0x00007ffb3c489000 	D:\Android\AndroidStudio\jre\bin\java.dll
0x00007ffb3c3c0000 - 0x00007ffb3c3cb000 	D:\Android\AndroidStudio\jre\bin\jimage.dll
0x00007ffb3aa60000 - 0x00007ffb3aa78000 	D:\Android\AndroidStudio\jre\bin\zip.dll
0x00007ffb427d0000 - 0x00007ffb42f14000 	C:\WINDOWS\System32\SHELL32.dll
0x00007ffb3ea90000 - 0x00007ffb3f224000 	C:\WINDOWS\SYSTEM32\windows.storage.dll
0x00007ffb41c90000 - 0x00007ffb41fe5000 	C:\WINDOWS\System32\combase.dll
0x00007ffb408c0000 - 0x00007ffb408ee000 	C:\WINDOWS\SYSTEM32\Wldp.dll
0x00007ffb42120000 - 0x00007ffb421cd000 	C:\WINDOWS\System32\SHCORE.dll
0x00007ffb40e20000 - 0x00007ffb40e3f000 	C:\WINDOWS\SYSTEM32\profapi.dll
0x00007ffb3a9a0000 - 0x00007ffb3a9ba000 	D:\Android\AndroidStudio\jre\bin\net.dll
0x00007ffb2f9e0000 - 0x00007ffb2faec000 	C:\WINDOWS\SYSTEM32\WINHTTP.dll
0x00007ffb40620000 - 0x00007ffb4068a000 	C:\WINDOWS\system32\mswsock.dll
0x00007ffb3a7a0000 - 0x00007ffb3a7b4000 	D:\Android\AndroidStudio\jre\bin\nio.dll
0x00007ffb382e0000 - 0x00007ffb38307000 	C:\Users\14185\.gradle\native\8bec1ad78214c89d9ad589b4d07fe93259594b29d510b10fafb7a158f7737e5d\windows-amd64\native-platform.dll
0x00007ffb291b0000 - 0x00007ffb292ed000 	C:\Users\14185\.gradle\native\53dbd7edfb1c66fb8903c78663c9afc45aea4f116125fa6feffd364cf09443e8\windows-amd64\native-platform-file-events.dll
0x00007ffb3a990000 - 0x00007ffb3a99a000 	D:\Android\AndroidStudio\jre\bin\management.dll
0x00007ffb39d40000 - 0x00007ffb39d4c000 	D:\Android\AndroidStudio\jre\bin\management_ext.dll
0x00007ffb40810000 - 0x00007ffb40828000 	C:\WINDOWS\SYSTEM32\CRYPTSP.dll
0x00007ffb3ff30000 - 0x00007ffb3ff64000 	C:\WINDOWS\system32\rsaenh.dll
0x00007ffb414d0000 - 0x00007ffb414f7000 	C:\WINDOWS\System32\bcrypt.dll
0x00007ffb40da0000 - 0x00007ffb40dce000 	C:\WINDOWS\SYSTEM32\USERENV.dll
0x00007ffb40830000 - 0x00007ffb4083c000 	C:\WINDOWS\SYSTEM32\CRYPTBASE.dll
0x00007ffb402c0000 - 0x00007ffb402fb000 	C:\WINDOWS\SYSTEM32\IPHLPAPI.DLL
0x00007ffb42110000 - 0x00007ffb42118000 	C:\WINDOWS\System32\NSI.dll
0x00007ffb36be0000 - 0x00007ffb36bf7000 	C:\WINDOWS\SYSTEM32\dhcpcsvc6.DLL
0x00007ffb36dd0000 - 0x00007ffb36ded000 	C:\WINDOWS\SYSTEM32\dhcpcsvc.DLL
0x00007ffb40300000 - 0x00007ffb403cb000 	C:\WINDOWS\SYSTEM32\DNSAPI.dll

dbghelp: loaded successfully - version: 4.0.5 - missing functions: none
symbol engine: initialized successfully - sym options: 0x614 - pdb path: .;D:\Android\AndroidStudio\jre\bin;C:\WINDOWS\SYSTEM32;C:\WINDOWS\WinSxS\amd64_microsoft.windows.common-controls_6595b64144ccf1df_6.0.19041.1110_none_60b5254171f9507e;D:\360\360Safe\safemon;D:\Android\AndroidStudio\jre\bin\server;C:\Users\14185\.gradle\native\8bec1ad78214c89d9ad589b4d07fe93259594b29d510b10fafb7a158f7737e5d\windows-amd64;C:\Users\14185\.gradle\native\53dbd7edfb1c66fb8903c78663c9afc45aea4f116125fa6feffd364cf09443e8\windows-amd64

VM Arguments:
jvm_args: --add-opens=java.base/java.util=ALL-UNNAMED --add-opens=java.base/java.lang=ALL-UNNAMED --add-opens=java.base/java.lang.invoke=ALL-UNNAMED --add-opens=java.base/java.util=ALL-UNNAMED --add-opens=java.prefs/java.util.prefs=ALL-UNNAMED --add-opens=java.prefs/java.util.prefs=ALL-UNNAMED --add-opens=java.base/java.nio.charset=ALL-UNNAMED --add-opens=java.base/java.net=ALL-UNNAMED --add-opens=java.base/java.util.concurrent.atomic=ALL-UNNAMED -Xmx2048m -Dfile.encoding=UTF-8 -Duser.country=CN -Duser.language=zh -Duser.variant 
java_command: org.gradle.launcher.daemon.bootstrap.GradleDaemon 7.0.2
java_class_path (initial): C:\Users\14185\.gradle\wrapper\dists\gradle-7.0.2-bin\857tjihv64xamwrf0h14cai3r\gradle-7.0.2\lib\gradle-launcher-7.0.2.jar
Launcher Type: SUN_STANDARD

[Global flags]
     intx CICompilerCount                          = 4                                         {product} {ergonomic}
     uint ConcGCThreads                            = 2                                         {product} {ergonomic}
     uint G1ConcRefinementThreads                  = 8                                         {product} {ergonomic}
   size_t G1HeapRegionSize                         = 1048576                                   {product} {ergonomic}
    uintx GCDrainStackTargetSize                   = 64                                        {product} {ergonomic}
   size_t InitialHeapSize                          = 266338304                                 {product} {ergonomic}
   size_t MarkStackSize                            = 4194304                                   {product} {ergonomic}
   size_t MaxHeapSize                              = 2147483648                                {product} {command line}
   size_t MaxNewSize                               = 1287651328                                {product} {ergonomic}
   size_t MinHeapDeltaBytes                        = 1048576                                   {product} {ergonomic}
    uintx NonNMethodCodeHeapSize                   = 5836300                                {pd product} {ergonomic}
    uintx NonProfiledCodeHeapSize                  = 122910970                              {pd product} {ergonomic}
    uintx ProfiledCodeHeapSize                     = 122910970                              {pd product} {ergonomic}
    uintx ReservedCodeCacheSize                    = 251658240                              {pd product} {ergonomic}
     bool SegmentedCodeCache                       = true                                      {product} {ergonomic}
     bool UseCompressedClassPointers               = true                                 {lp64_product} {ergonomic}
     bool UseCompressedOops                        = true                                 {lp64_product} {ergonomic}
     bool UseG1GC                                  = true                                      {product} {ergonomic}
     bool UseLargePagesIndividualAllocation        = false                                  {pd product} {ergonomic}

Logging:
Log output configuration:
 #0: stdout all=warning uptime,level,tags
 #1: stderr all=off uptime,level,tags

Environment Variables:
JAVA_HOME=D:\JDK
PATH=C:\Program Files\PlasticSCM5\server;C:\Program Files\PlasticSCM5\client;C:\Program Files\Common Files\Oracle\Java\javapath;C:\windows\system32;C:\windows;C:\windows\System32\Wbem;C:\windows\System32\WindowsPowerShell\v1.0\;C:\windows\System32\OpenSSH\;C:\Program Files (x86)\NVIDIA Corporation\PhysX\Common;C:\WINDOWS\system32;C:\WINDOWS;C:\WINDOWS\System32\Wbem;C:\WINDOWS\System32\WindowsPowerShell\v1.0\;C:\WINDOWS\System32\OpenSSH\;"D:\JDK\bin;";C:\Program Files\Microsoft SQL Server\Client SDK\ODBC\130\Tools\Binn\;C:\Program Files (x86)\Microsoft SQL Server\130\Tools\Binn\;C:\Program Files\Microsoft SQL Server\130\Tools\Binn\;C:\Program Files\Microsoft SQL Server\130\DTS\Binn\;C:\Program Files (x86)\Microsoft SQL Server\150\DTS\Binn\;D:\Microsoft VS Code\bin;C:\Users\14185\AppData\Local\Programs\Python\Python39\;D:\Dev-Cpp\devcpp.exe
USERNAME=14185
OS=Windows_NT
PROCESSOR_IDENTIFIER=Intel64 Family 6 Model 142 Stepping 12, GenuineIntel



---------------  S Y S T E M  ---------------

OS: Windows 10 , 64 bit Build 19041 (10.0.19041.1348)
OS uptime: 0 days 6:19 hours

CPU:total 8 (initial active 8) (4 cores per cpu, 2 threads per core) family 6 model 142 stepping 12 microcode 0xca, cmov, cx8, fxsr, mmx, sse, sse2, sse3, ssse3, sse4.1, sse4.2, popcnt, avx, avx2, aes, clmul, erms, 3dnowpref, lzcnt, ht, tsc, tscinvbit, bmi1, bmi2, adx, fma

Memory: 4k page, system-wide physical 16221M (6586M free)
TotalPageFile size 24925M (AvailPageFile size 13145M)
current process WorkingSet (physical memory assigned to process): 505M, peak: 505M
current process commit charge ("private bytes"): 562M, peak: 563M

vm_info: OpenJDK 64-Bit Server VM (11.0.10+0-b96-7249189) for windows-amd64 JRE (11.0.10+0-b96-7249189), built on Mar 31 2021 21:44:00 by "builder" with MS VC++ 14.0 (VS2015)

END.
