#
# A fatal error has been detected by the Java Runtime Environment:
#
#  EXCEPTION_ACCESS_VIOLATION (0xc0000005) at pc=0x00007ffcc247c2b3, pid=16116, tid=15532
#
# JRE version: OpenJDK Runtime Environment (11.0.10) (build 11.0.10+0-b96-7249189)
# Java VM: OpenJDK 64-Bit Server VM (11.0.10+0-b96-7249189, mixed mode, tiered, compressed oops, g1 gc, windows-amd64)
# Problematic frame:
# C  [libzdtp64.dll+0x1c2b3]
#
# No core dump will be written. Minidumps are not enabled by default on client versions of Windows
#
# If you would like to submit a bug report, please visit:
#   https://bugreport.java.com/bugreport/crash.jsp
# The crash happened outside the Java Virtual Machine in native code.
# See problematic frame for where to report the bug.
#

---------------  S U M M A R Y ------------

Command Line: --add-opens=java.base/java.util=ALL-UNNAMED --add-opens=java.base/java.lang=ALL-UNNAMED --add-opens=java.base/java.lang.invoke=ALL-UNNAMED --add-opens=java.base/java.util=ALL-UNNAMED --add-opens=java.prefs/java.util.prefs=ALL-UNNAMED --add-opens=java.prefs/java.util.prefs=ALL-UNNAMED --add-opens=java.base/java.nio.charset=ALL-UNNAMED --add-opens=java.base/java.net=ALL-UNNAMED --add-opens=java.base/java.util.concurrent.atomic=ALL-UNNAMED -Xmx2048m -Dfile.encoding=UTF-8 -Duser.country=CN -Duser.language=zh -Duser.variant org.gradle.launcher.daemon.bootstrap.GradleDaemon 7.0.2

Host: Intel(R) Core(TM) i7-10510U CPU @ 1.80GHz, 8 cores, 15G,  Windows 10 , 64 bit Build 19041 (10.0.19041.1348)
Time: Mon Dec 27 11:15:31 2021 中国标准时间 elapsed time: 14.741592 seconds (0d 0h 0m 14s)

---------------  T H R E A D  ---------------

Current thread (0x0000025ea3c1f800):  JavaThread "WorkerExecutor Queue" [_thread_in_native, id=15532, stack(0x000000d2f1400000,0x000000d2f1500000)]

Stack: [0x000000d2f1400000,0x000000d2f1500000],  sp=0x000000d2f14fd130,  free space=1012k
Native frames: (J=compiled Java code, j=interpreted, Vv=VM code, C=native code)
C  [libzdtp64.dll+0x1c2b3]
C  [libzdtp64.dll+0x1cf8d]
C  0x0000025e88d9ff48

Java frames: (J=compiled Java code, j=interpreted, Vv=VM code)
j  java.lang.ProcessImpl.create(Ljava/lang/String;Ljava/lang/String;Ljava/lang/String;[JZ)J+0 java.base@11.0.10
j  java.lang.ProcessImpl.<init>([Ljava/lang/String;Ljava/lang/String;Ljava/lang/String;[JZ)V+264 java.base@11.0.10
j  java.lang.ProcessImpl.start([Ljava/lang/String;Ljava/util/Map;Ljava/lang/String;[Ljava/lang/ProcessBuilder$Redirect;Z)Ljava/lang/Process;+399 java.base@11.0.10
j  java.lang.ProcessBuilder.start([Ljava/lang/ProcessBuilder$Redirect;)Ljava/lang/Process;+163 java.base@11.0.10
j  java.lang.ProcessBuilder.start()Ljava/lang/Process;+5 java.base@11.0.10
j  com.android.builder.internal.aapt.v2.Aapt2DaemonImpl.startProcess()V+41
j  com.android.builder.internal.aapt.v2.Aapt2Daemon.checkStarted()V+66
j  com.android.builder.internal.aapt.v2.Aapt2Daemon.link(Lcom/android/builder/internal/aapt/AaptPackageConfig;Lcom/android/utils/ILogger;)V+13
j  com.android.builder.internal.aapt.v2.Aapt2DaemonManager$LeasedAaptDaemon.link(Lcom/android/builder/internal/aapt/AaptPackageConfig;Lcom/android/utils/ILogger;)V+34
j  com.android.builder.internal.aapt.v2.Aapt2DaemonManager$leasingAapt2Daemon$1.link(Lcom/android/builder/internal/aapt/AaptPackageConfig;Lcom/android/utils/ILogger;)V+49
j  com.android.build.gradle.internal.services.PartialInProcessResourceProcessor.link(Lcom/android/builder/internal/aapt/AaptPackageConfig;Lcom/android/utils/ILogger;)V+18
j  com.android.build.gradle.internal.res.Aapt2ProcessResourcesRunnableKt.processResources(Lcom/android/builder/internal/aapt/v2/Aapt2;Lcom/android/builder/internal/aapt/AaptPackageConfig;Ljava/io/File;Lorg/gradle/api/logging/Logger;Lcom/android/build/gradle/options/SyncOptions$ErrorFormatMode;Lkotlin/jvm/functions/Function1;)V+46
j  com.android.build.gradle.internal.res.LinkApplicationAndroidResourcesTask$Companion.invokeAaptForSplit(Lcom/android/build/api/variant/impl/VariantOutputImpl$SerializedForm;Lcom/android/build/api/variant/impl/BuiltArtifactImpl;ZLcom/android/builder/internal/aapt/v2/Aapt2;Ljava/io/File;Lcom/android/build/gradle/internal/res/LinkApplicationAndroidResourcesTask$TaskWorkActionParameters;)V+1428
j  com.android.build.gradle.internal.res.LinkApplicationAndroidResourcesTask$Companion.access$invokeAaptForSplit(Lcom/android/build/gradle/internal/res/LinkApplicationAndroidResourcesTask$Companion;Lcom/android/build/api/variant/impl/VariantOutputImpl$SerializedForm;Lcom/android/build/api/variant/impl/BuiltArtifactImpl;ZLcom/android/builder/internal/aapt/v2/Aapt2;Ljava/io/File;Lcom/android/build/gradle/internal/res/LinkApplicationAndroidResourcesTask$TaskWorkActionParameters;)V+10
j  com.android.build.gradle.internal.res.LinkApplicationAndroidResourcesTask$TaskAction.run()V+224
j  com.android.build.gradle.internal.profile.ProfileAwareWorkAction.execute()V+74
j  org.gradle.workers.internal.DefaultWorkerServer.execute(Lorg/gradle/workers/internal/SimpleActionExecutionSpec;)Lorg/gradle/workers/internal/DefaultWorkResult;+128
j  org.gradle.workers.internal.NoIsolationWorkerFactory$1$1.create()Lorg/gradle/workers/internal/DefaultWorkResult;+29
j  org.gradle.workers.internal.NoIsolationWorkerFactory$1$1.create()Ljava/lang/Object;+1
j  org.gradle.internal.classloader.ClassLoaderUtils.executeInClassloader(Ljava/lang/ClassLoader;Lorg/gradle/internal/Factory;)Ljava/lang/Object;+15
j  org.gradle.workers.internal.NoIsolationWorkerFactory$1.lambda$execute$0(Ljava/lang/ClassLoader;Lorg/gradle/workers/WorkerExecutor;Lorg/gradle/workers/internal/IsolatedParametersActionExecutionSpec;)Lorg/gradle/workers/internal/DefaultWorkResult;+10
j  org.gradle.workers.internal.NoIsolationWorkerFactory$1$$Lambda$1115.execute(Lorg/gradle/workers/internal/IsolatedParametersActionExecutionSpec;)Lorg/gradle/workers/internal/DefaultWorkResult;+13
j  org.gradle.workers.internal.AbstractWorker$1.call(Lorg/gradle/internal/operations/BuildOperationContext;)Lorg/gradle/workers/internal/DefaultWorkResult;+8
j  org.gradle.workers.internal.AbstractWorker$1.call(Lorg/gradle/internal/operations/BuildOperationContext;)Ljava/lang/Object;+2
J 9004 c1 org.gradle.internal.operations.DefaultBuildOperationRunner$CallableBuildOperationWorker.execute(Lorg/gradle/internal/operations/BuildOperation;Lorg/gradle/internal/operations/BuildOperationContext;)V (10 bytes) @ 0x0000025e8a5f9824 [0x0000025e8a5f95e0+0x0000000000000244]
J 6483 c1 org.gradle.internal.operations.DefaultBuildOperationRunner$3.execute(Lorg/gradle/internal/operations/BuildOperationDescriptor;Lorg/gradle/internal/operations/BuildOperationState;Lorg/gradle/internal/operations/BuildOperationState;Lorg/gradle/internal/operations/DefaultBuildOperationRunner$ReadableBuildOperationContext;Lorg/gradle/internal/operations/DefaultBuildOperationRunner$BuildOperationExecutionListener;)Lorg/gradle/internal/operations/BuildOperation; (110 bytes) @ 0x0000025e8a07b5a4 [0x0000025e8a07b3c0+0x00000000000001e4]
J 6389 c1 org.gradle.internal.operations.DefaultBuildOperationRunner.execute(Lorg/gradle/internal/operations/BuildOperationDescriptor$Builder;Lorg/gradle/internal/operations/BuildOperationState;Lorg/gradle/internal/operations/DefaultBuildOperationRunner$BuildOperationExecution;)Ljava/lang/Object; (140 bytes) @ 0x0000025e8a04f734 [0x0000025e8a04ea20+0x0000000000000d14]
J 8652 c1 org.gradle.internal.operations.DefaultBuildOperationRunner.call(Lorg/gradle/internal/operations/CallableBuildOperation;)Ljava/lang/Object; (24 bytes) @ 0x0000025e8a5342dc [0x0000025e8a533be0+0x00000000000006fc]
J 6510 c1 org.gradle.internal.operations.DefaultBuildOperationExecutor.call(Lorg/gradle/internal/operations/CallableBuildOperation;)Ljava/lang/Object; (19 bytes) @ 0x0000025e8a08ddcc [0x0000025e8a08d520+0x00000000000008ac]
j  org.gradle.workers.internal.AbstractWorker.executeWrappedInBuildOperation(Lorg/gradle/workers/internal/IsolatedParametersActionExecutionSpec;Lorg/gradle/internal/operations/BuildOperationRef;Lorg/gradle/workers/internal/AbstractWorker$Work;)Lorg/gradle/workers/internal/DefaultWorkResult;+15
j  org.gradle.workers.internal.NoIsolationWorkerFactory$1.execute(Lorg/gradle/workers/internal/IsolatedParametersActionExecutionSpec;Lorg/gradle/internal/operations/BuildOperationRef;)Lorg/gradle/workers/internal/DefaultWorkResult;+17
j  org.gradle.workers.internal.DefaultWorkerExecutor.lambda$submitWork$2(Lorg/gradle/workers/internal/WorkerFactory;Lorg/gradle/workers/internal/WorkerRequirement;Lorg/gradle/workers/internal/IsolatedParametersActionExecutionSpec;Lorg/gradle/internal/operations/BuildOperationRef;)Lorg/gradle/workers/internal/DefaultWorkResult;+13
j  org.gradle.workers.internal.DefaultWorkerExecutor$$Lambda$1113.call()Ljava/lang/Object;+16
J 7583 c1 java.util.concurrent.FutureTask.run()V java.base@11.0.10 (123 bytes) @ 0x0000025e8a31f6c4 [0x0000025e8a31f020+0x00000000000006a4]
j  org.gradle.internal.work.DefaultConditionalExecutionQueue$ExecutionRunner.runExecution(Lorg/gradle/internal/work/ConditionalExecution;)V+6
j  org.gradle.internal.work.DefaultConditionalExecutionQueue$ExecutionRunner.runBatch(Lorg/gradle/internal/work/ConditionalExecution;)V+8
j  org.gradle.internal.work.DefaultConditionalExecutionQueue$ExecutionRunner.run()V+11
j  java.util.concurrent.Executors$RunnableAdapter.call()Ljava/lang/Object;+4 java.base@11.0.10
J 7583 c1 java.util.concurrent.FutureTask.run()V java.base@11.0.10 (123 bytes) @ 0x0000025e8a31f6c4 [0x0000025e8a31f020+0x00000000000006a4]
J 9245 c1 org.gradle.internal.concurrent.ManagedExecutorImpl$1.run()V (57 bytes) @ 0x0000025e8a68494c [0x0000025e8a6846e0+0x000000000000026c]
j  java.util.concurrent.ThreadPoolExecutor.runWorker(Ljava/util/concurrent/ThreadPoolExecutor$Worker;)V+92 java.base@11.0.10
j  java.util.concurrent.ThreadPoolExecutor$Worker.run()V+5 java.base@11.0.10
j  org.gradle.internal.concurrent.ThreadFactoryImpl$ManagedThreadRunnable.run()V+7
j  java.lang.Thread.run()V+11 java.base@11.0.10
v  ~StubRoutines::call_stub

siginfo: EXCEPTION_ACCESS_VIOLATION (0xc0000005), reading address 0x0000000000000018


Register to memory mapping:

RIP=0x00007ffcc247c2b3 libzdtp64.dll
RAX=0x0 is NULL
RBX=0x0 is NULL
RCX=0x000000d2f14fd310 is pointing into the stack for thread: 0x0000025ea3c1f800
RDX=0x0 is NULL
RSP=0x000000d2f14fd130 is pointing into the stack for thread: 0x0000025ea3c1f800
RBP=0x000000d2f14fd230 is pointing into the stack for thread: 0x0000025ea3c1f800
RSI=0x0 is NULL
RDI=0x000000d2f14fd310 is pointing into the stack for thread: 0x0000025ea3c1f800
R8 =0x0000000000000004 is an unknown value
R9 =0x0000000000000001 is an unknown value
R10=0x0000000000008000 is an unknown value
R11=0x000000d2f14fd210 is pointing into the stack for thread: 0x0000025ea3c1f800
R12=0x0 is NULL
R13=0x0000025eaaf4b058 points into unknown readable memory: 0x0000000000000000 | 00 00 00 00 00 00 00 00
R14=0x0 is NULL
R15=0x0000000000000001 is an unknown value


Registers:
RAX=0x0000000000000000, RBX=0x0000000000000000, RCX=0x000000d2f14fd310, RDX=0x0000000000000000
RSP=0x000000d2f14fd130, RBP=0x000000d2f14fd230, RSI=0x0000000000000000, RDI=0x000000d2f14fd310
R8 =0x0000000000000004, R9 =0x0000000000000001, R10=0x0000000000008000, R11=0x000000d2f14fd210
R12=0x0000000000000000, R13=0x0000025eaaf4b058, R14=0x0000000000000000, R15=0x0000000000000001
RIP=0x00007ffcc247c2b3, EFLAGS=0x0000000000010293

Top of Stack: (sp=0x000000d2f14fd130)
0x000000d2f14fd130:   00007ffcda2fe670 000000d2f14fd0e8
0x000000d2f14fd140:   0000025eaaf4b068 0000000000000007
0x000000d2f14fd150:   0000025eaaf4b058 0000000000000000
0x000000d2f14fd160:   0000000000000004 0000000000000000
0x000000d2f14fd170:   000000d2f14fd270 00007ffcdc455ba1
0x000000d2f14fd180:   0000000000000000 0000000000000004
0x000000d2f14fd190:   0000025ea3c1fb48 fffffffffffffffe
0x000000d2f14fd1a0:   0000000000000004 00007ffc7fdc047b
0x000000d2f14fd1b0:   0000025ea1b97b50 0000025e000006f8
0x000000d2f14fd1c0:   0000025ea3c1f800 0000025eaa8a2420
0x000000d2f14fd1d0:   0000025eaa8b0470 0000025eaaf4b058
0x000000d2f14fd1e0:   0000025e835a0000 000000d2f14fd280
0x000000d2f14fd1f0:   000000000000006c 000000d2f14fd290
0x000000d2f14fd200:   0000000000000000 00007ffcda07b430
0x000000d2f14fd210:   0000000000000000 000000000000000f
0x000000d2f14fd220:   0000025eaaf4b058 0000000000000000 

Instructions: (pc=0x00007ffcc247c2b3)
0x00007ffcc247c1b3:   48 8b 0f 48 8b 47 08 48 2b c1 48 c1 f8 05 49 63
0x00007ffcc247c1c3:   f6 48 83 c0 f6 48 3b f0 74 16 4d 8b c7 48 8d 15
0x00007ffcc247c1d3:   ad 87 04 00 48 8d 4d d0 e8 e0 99 fe ff 48 8b 0f
0x00007ffcc247c1e3:   41 ff c6 48 83 c3 20 48 8b 47 08 48 2b c1 48 c1
0x00007ffcc247c1f3:   f8 05 48 3b f0 72 8a 48 83 7d e0 00 0f 84 3a 06
0x00007ffcc247c203:   00 00 66 44 89 7c 24 40 0f 57 c0 f3 0f 7f 44 24
0x00007ffcc247c213:   48 4c 89 64 24 58 66 0f 6f 05 6f 59 05 00 f3 0f
0x00007ffcc247c223:   7f 45 a0 c6 45 90 00 41 b8 04 00 00 00 48 8d 15
0x00007ffcc247c233:   59 0a 05 00 48 8d 4d 90 e8 20 50 fe ff 90 66 0f
0x00007ffcc247c243:   6f 05 47 59 05 00 f3 0f 7f 45 80 c6 44 24 70 00
0x00007ffcc247c253:   41 b8 06 00 00 00 48 8d 15 34 81 04 00 48 8d 4c
0x00007ffcc247c263:   24 70 e8 f6 4f fe ff 90 48 8d 54 24 70 48 8d 4d
0x00007ffcc247c273:   f0 e8 97 e5 fe ff 90 48 8d 55 90 48 8d 4d 10 e8
0x00007ffcc247c283:   89 e5 fe ff c7 45 30 65 00 00 00 48 8b 44 24 50
0x00007ffcc247c293:   48 39 44 24 58 74 60 48 8d 55 f0 48 8b c8 e8 aa
0x00007ffcc247c2a3:   d0 ff ff 48 83 44 24 50 48 eb 5e 66 90 48 8b d3
0x00007ffcc247c2b3:   48 83 7b 18 10 72 03 48 8b 13 49 c7 c0 ff ff ff
0x00007ffcc247c2c3:   ff 49 ff c0 42 80 3c 02 00 75 f6 48 8d 4d d0 e8
0x00007ffcc247c2d3:   e9 98 fe ff 48 83 c3 20 48 3b 5f 08 0f 84 15 ff
0x00007ffcc247c2e3:   ff ff 4d 8b c7 48 8d 15 a5 86 04 00 48 8d 4d d0
0x00007ffcc247c2f3:   e8 c8 98 fe ff eb b6 4c 8d 45 f0 48 8b d0 48 8d
0x00007ffcc247c303:   4c 24 48 e8 45 23 00 00 90 48 8d 4d f0 e8 7b 93
0x00007ffcc247c313:   ff ff 90 48 8b 55 88 48 83 fa 10 72 33 48 ff c2
0x00007ffcc247c323:   48 8b 4c 24 70 48 8b c1 48 81 fa 00 10 00 00 72
0x00007ffcc247c333:   19 48 83 c2 27 48 8b 49 f8 48 2b c1 48 83 c0 f8
0x00007ffcc247c343:   48 83 f8 1f 0f 87 5d 05 00 00 e8 1e a9 00 00 90
0x00007ffcc247c353:   48 8b 55 a8 48 83 fa 10 72 31 48 ff c2 48 8b 4d
0x00007ffcc247c363:   90 48 8b c1 48 81 fa 00 10 00 00 72 19 48 83 c2
0x00007ffcc247c373:   27 48 8b 49 f8 48 2b c1 48 83 c0 f8 48 83 f8 1f
0x00007ffcc247c383:   0f 87 27 05 00 00 e8 e2 a8 00 00 66 0f 6f 05 fa
0x00007ffcc247c393:   57 05 00 f3 0f 7f 45 80 c6 44 24 70 00 41 b8 03
0x00007ffcc247c3a3:   00 00 00 48 8d 15 b7 85 04 00 48 8d 4c 24 70 e8 


Stack slot to memory mapping:
stack at sp + 0 slots: 0x00007ffcda2fe670 KERNELBASE.dll
stack at sp + 1 slots: 0x000000d2f14fd0e8 is pointing into the stack for thread: 0x0000025ea3c1f800
stack at sp + 2 slots: 0x0000025eaaf4b068 points into unknown readable memory: 0x0000000000000000 | 00 00 00 00 00 00 00 00
stack at sp + 3 slots: 0x0000000000000007 is an unknown value
stack at sp + 4 slots: 0x0000025eaaf4b058 points into unknown readable memory: 0x0000000000000000 | 00 00 00 00 00 00 00 00
stack at sp + 5 slots: 0x0 is NULL
stack at sp + 6 slots: 0x0000000000000004 is an unknown value
stack at sp + 7 slots: 0x0 is NULL


---------------  P R O C E S S  ---------------

Threads class SMR info:
_java_thread_list=0x0000025eaa7f0e60, length=68, elements={
0x0000025e84e65800, 0x0000025ea0670800, 0x0000025ea0679800, 0x0000025ea06a9000,
0x0000025ea06f8800, 0x0000025ea06f9800, 0x0000025ea06fc800, 0x0000025ea0701800,
0x0000025ea0708800, 0x0000025ea0874800, 0x0000025ea327b800, 0x0000025ea0938800,
0x0000025ea2a68000, 0x0000025ea43c1800, 0x0000025ea4600800, 0x0000025ea2f1f000,
0x0000025ea3d78800, 0x0000025ea3d79800, 0x0000025ea2c02800, 0x0000025ea2fe7800,
0x0000025ea295e000, 0x0000025ea295d000, 0x0000025ea2961000, 0x0000025ea295f000,
0x0000025ea2960800, 0x0000025ea295b800, 0x0000025ea2962000, 0x0000025ea295c800,
0x0000025ea295f800, 0x0000025ea38ff000, 0x0000025ea32fb800, 0x0000025ea38fe000,
0x0000025ea3901800, 0x0000025ea38fd000, 0x0000025ea38ff800, 0x0000025ea3905800,
0x0000025ea3903800, 0x0000025ea3900800, 0x0000025ea3909800, 0x0000025ea3908800,
0x0000025ea390a000, 0x0000025ea390b000, 0x0000025ea3906000, 0x0000025ea3907000,
0x0000025ea3908000, 0x0000025ea40b7800, 0x0000025ea40b3000, 0x0000025ea40b5800,
0x0000025ea40b4800, 0x0000025ea40b3800, 0x0000025ea40b2000, 0x0000025ea40bc000,
0x0000025ea40b7000, 0x0000025ea40b6000, 0x0000025ea40bc800, 0x0000025ea40bd800,
0x0000025ea40be000, 0x0000025ea40b8800, 0x0000025ea40bf000, 0x0000025ea40b9800,
0x0000025ea40c0000, 0x0000025ea40c0800, 0x0000025ea3c25000, 0x0000025ea3c1f800,
0x0000025ea3c21000, 0x0000025ea3c22000, 0x0000025ea3c26000, 0x0000025ea3c20800
}

Java Threads: ( => current thread )
  0x0000025e84e65800 JavaThread "main" [_thread_blocked, id=2416, stack(0x000000d2ec600000,0x000000d2ec700000)]
  0x0000025ea0670800 JavaThread "Reference Handler" daemon [_thread_blocked, id=8036, stack(0x000000d2ecd00000,0x000000d2ece00000)]
  0x0000025ea0679800 JavaThread "Finalizer" daemon [_thread_blocked, id=2232, stack(0x000000d2ece00000,0x000000d2ecf00000)]
  0x0000025ea06a9000 JavaThread "Signal Dispatcher" daemon [_thread_blocked, id=10196, stack(0x000000d2ecf00000,0x000000d2ed000000)]
  0x0000025ea06f8800 JavaThread "Attach Listener" daemon [_thread_blocked, id=4288, stack(0x000000d2ed000000,0x000000d2ed100000)]
  0x0000025ea06f9800 JavaThread "Service Thread" daemon [_thread_blocked, id=11632, stack(0x000000d2ed100000,0x000000d2ed200000)]
  0x0000025ea06fc800 JavaThread "C2 CompilerThread0" daemon [_thread_in_native, id=14416, stack(0x000000d2ed200000,0x000000d2ed300000)]
  0x0000025ea0701800 JavaThread "C1 CompilerThread0" daemon [_thread_blocked, id=10052, stack(0x000000d2ed300000,0x000000d2ed400000)]
  0x0000025ea0708800 JavaThread "Sweeper thread" daemon [_thread_blocked, id=15224, stack(0x000000d2ed400000,0x000000d2ed500000)]
  0x0000025ea0874800 JavaThread "Common-Cleaner" daemon [_thread_blocked, id=15228, stack(0x000000d2ed500000,0x000000d2ed600000)]
  0x0000025ea327b800 JavaThread "Daemon health stats" [_thread_blocked, id=612, stack(0x000000d2ede00000,0x000000d2edf00000)]
  0x0000025ea0938800 JavaThread "Incoming local TCP Connector on port 59567" [_thread_in_native, id=3692, stack(0x000000d2ed700000,0x000000d2ed800000)]
  0x0000025ea2a68000 JavaThread "Daemon periodic checks" [_thread_blocked, id=11792, stack(0x000000d2edd00000,0x000000d2ede00000)]
  0x0000025ea43c1800 JavaThread "Daemon" [_thread_blocked, id=13904, stack(0x000000d2edf00000,0x000000d2ee000000)]
  0x0000025ea4600800 JavaThread "Handler for socket connection from /127.0.0.1:59567 to /127.0.0.1:59568" [_thread_in_native, id=13636, stack(0x000000d2ee000000,0x000000d2ee100000)]
  0x0000025ea2f1f000 JavaThread "Cancel handler" [_thread_blocked, id=3820, stack(0x000000d2ee100000,0x000000d2ee200000)]
  0x0000025ea3d78800 JavaThread "Daemon worker" [_thread_blocked, id=8564, stack(0x000000d2ee200000,0x000000d2ee300000)]
  0x0000025ea3d79800 JavaThread "C2 CompilerThread1" daemon [_thread_in_native, id=10784, stack(0x000000d2ee300000,0x000000d2ee400000)]
  0x0000025ea2c02800 JavaThread "Asynchronous log dispatcher for DefaultDaemonConnection: socket connection from /127.0.0.1:59567 to /127.0.0.1:59568" [_thread_blocked, id=1936, stack(0x000000d2ee400000,0x000000d2ee500000)]
  0x0000025ea2fe7800 JavaThread "Stdin handler" [_thread_blocked, id=10156, stack(0x000000d2ee500000,0x000000d2ee600000)]
  0x0000025ea295e000 JavaThread "Daemon client event forwarder" [_thread_blocked, id=17948, stack(0x000000d2ee600000,0x000000d2ee700000)]
  0x0000025ea295d000 JavaThread "Cache worker for file hash cache (C:\Users\14185\.gradle\caches\7.0.2\fileHashes)" [_thread_blocked, id=11660, stack(0x000000d2ee900000,0x000000d2eea00000)]
  0x0000025ea2961000 JavaThread "File lock request listener" [_thread_in_native, id=11600, stack(0x000000d2eea00000,0x000000d2eeb00000)]
  0x0000025ea295f000 JavaThread "Cache worker for journal cache (C:\Users\14185\.gradle\caches\journal-1)" [_thread_blocked, id=18364, stack(0x000000d2eec00000,0x000000d2eed00000)]
  0x0000025ea2960800 JavaThread "Cache worker for file hash cache (D:\Android\LukeDict\.gradle\7.0.2\fileHashes)" [_thread_blocked, id=14540, stack(0x000000d2eed00000,0x000000d2eee00000)]
  0x0000025ea295b800 JavaThread "File watcher server" daemon [_thread_in_native, id=12680, stack(0x000000d2eee00000,0x000000d2eef00000)]
  0x0000025ea2962000 JavaThread "File watcher consumer" daemon [_thread_blocked, id=4720, stack(0x000000d2eef00000,0x000000d2ef000000)]
  0x0000025ea295c800 JavaThread "Cache worker for checksums cache (D:\Android\LukeDict\.gradle\checksums)" [_thread_blocked, id=1324, stack(0x000000d2ef000000,0x000000d2ef100000)]
  0x0000025ea295f800 JavaThread "Cache worker for cache directory md-supplier (C:\Users\14185\.gradle\caches\7.0.2\md-supplier)" [_thread_blocked, id=11500, stack(0x000000d2ef100000,0x000000d2ef200000)]
  0x0000025ea38ff000 JavaThread "Cache worker for cache directory md-rule (C:\Users\14185\.gradle\caches\7.0.2\md-rule)" [_thread_blocked, id=16244, stack(0x000000d2ef200000,0x000000d2ef300000)]
  0x0000025ea32fb800 JavaThread "C2 CompilerThread2" daemon [_thread_in_native, id=12124, stack(0x000000d2ef300000,0x000000d2ef400000)]
  0x0000025ea38fe000 JavaThread "Cache worker for execution history cache (C:\Users\14185\.gradle\caches\7.0.2\executionHistory)" [_thread_blocked, id=14176, stack(0x000000d2ef400000,0x000000d2ef500000)]
  0x0000025ea3901800 JavaThread "jar transforms" [_thread_blocked, id=1792, stack(0x000000d2ef500000,0x000000d2ef600000)]
  0x0000025ea38fd000 JavaThread "jar transforms Thread 2" [_thread_blocked, id=12932, stack(0x000000d2ef600000,0x000000d2ef700000)]
  0x0000025ea38ff800 JavaThread "Cache worker for file content cache (C:\Users\14185\.gradle\caches\7.0.2\fileContent)" [_thread_blocked, id=11616, stack(0x000000d2ef700000,0x000000d2ef800000)]
  0x0000025ea3905800 JavaThread "Cache worker for dependencies-accessors (D:\Android\LukeDict\.gradle\7.0.2\dependencies-accessors)" [_thread_blocked, id=9640, stack(0x000000d2ef800000,0x000000d2ef900000)]
  0x0000025ea3903800 JavaThread "jar transforms Thread 3" [_thread_blocked, id=5284, stack(0x000000d2ef900000,0x000000d2efa00000)]
  0x0000025ea3900800 JavaThread "Cache worker for Build Output Cleanup Cache (D:\Android\LukeDict\.gradle\buildOutputCleanup)" [_thread_blocked, id=17968, stack(0x000000d2efa00000,0x000000d2efb00000)]
  0x0000025ea3909800 JavaThread "Build operations" [_thread_blocked, id=6528, stack(0x000000d2efb00000,0x000000d2efc00000)]
  0x0000025ea3908800 JavaThread "Build operations Thread 2" [_thread_blocked, id=3316, stack(0x000000d2efc00000,0x000000d2efd00000)]
  0x0000025ea390a000 JavaThread "Build operations Thread 3" [_thread_blocked, id=2024, stack(0x000000d2efd00000,0x000000d2efe00000)]
  0x0000025ea390b000 JavaThread "Build operations Thread 4" [_thread_blocked, id=7076, stack(0x000000d2efe00000,0x000000d2eff00000)]
  0x0000025ea3906000 JavaThread "Build operations Thread 5" [_thread_blocked, id=7720, stack(0x000000d2eff00000,0x000000d2f0000000)]
  0x0000025ea3907000 JavaThread "Build operations Thread 6" [_thread_blocked, id=3672, stack(0x000000d2f0000000,0x000000d2f0100000)]
  0x0000025ea3908000 JavaThread "Build operations Thread 7" [_thread_blocked, id=4716, stack(0x000000d2f0100000,0x000000d2f0200000)]
  0x0000025ea40b7800 JavaThread "Build operations Thread 8" [_thread_blocked, id=15328, stack(0x000000d2f0200000,0x000000d2f0300000)]
  0x0000025ea40b3000 JavaThread "jar transforms Thread 4" [_thread_blocked, id=7332, stack(0x000000d2f0300000,0x000000d2f0400000)]
  0x0000025ea40b5800 JavaThread "jar transforms Thread 5" [_thread_blocked, id=3092, stack(0x000000d2f0400000,0x000000d2f0500000)]
  0x0000025ea40b4800 JavaThread "jar transforms Thread 6" [_thread_blocked, id=13536, stack(0x000000d2f0500000,0x000000d2f0600000)]
  0x0000025ea40b3800 JavaThread "jar transforms Thread 7" [_thread_blocked, id=1212, stack(0x000000d2f0600000,0x000000d2f0700000)]
  0x0000025ea40b2000 JavaThread "jar transforms Thread 8" [_thread_blocked, id=13828, stack(0x000000d2f0700000,0x000000d2f0800000)]
  0x0000025ea40bc000 JavaThread "Memory manager" [_thread_blocked, id=16036, stack(0x000000d2f0800000,0x000000d2f0900000)]
  0x0000025ea40b7000 JavaThread "build event listener" [_thread_blocked, id=16144, stack(0x000000d2f0900000,0x000000d2f0a00000)]
  0x0000025ea40b6000 JavaThread "pool-3-thread-1" [_thread_blocked, id=17124, stack(0x000000d2f0a00000,0x000000d2f0b00000)]
  0x0000025ea40bc800 JavaThread "build event listener" [_thread_blocked, id=3856, stack(0x000000d2f0b00000,0x000000d2f0c00000)]
  0x0000025ea40bd800 JavaThread "Execution worker for ':'" [_thread_blocked, id=11064, stack(0x000000d2f0c00000,0x000000d2f0d00000)]
  0x0000025ea40be000 JavaThread "Execution worker for ':' Thread 2" [_thread_blocked, id=15296, stack(0x000000d2f0d00000,0x000000d2f0e00000)]
  0x0000025ea40b8800 JavaThread "Execution worker for ':' Thread 3" [_thread_blocked, id=11016, stack(0x000000d2f0e00000,0x000000d2f0f00000)]
  0x0000025ea40bf000 JavaThread "Execution worker for ':' Thread 4" [_thread_blocked, id=9160, stack(0x000000d2f0f00000,0x000000d2f1000000)]
  0x0000025ea40b9800 JavaThread "Execution worker for ':' Thread 5" [_thread_blocked, id=524, stack(0x000000d2f1000000,0x000000d2f1100000)]
  0x0000025ea40c0000 JavaThread "Execution worker for ':' Thread 6" [_thread_blocked, id=16176, stack(0x000000d2f1100000,0x000000d2f1200000)]
  0x0000025ea40c0800 JavaThread "Execution worker for ':' Thread 7" [_thread_blocked, id=16012, stack(0x000000d2f1200000,0x000000d2f1300000)]
  0x0000025ea3c25000 JavaThread "Cache worker for execution history cache (D:\Android\LukeDict\.gradle\7.0.2\executionHistory)" [_thread_blocked, id=2912, stack(0x000000d2f1300000,0x000000d2f1400000)]
=>0x0000025ea3c1f800 JavaThread "WorkerExecutor Queue" [_thread_in_native, id=15532, stack(0x000000d2f1400000,0x000000d2f1500000)]
  0x0000025ea3c21000 JavaThread "WorkerExecutor Queue Thread 2" [_thread_blocked, id=13320, stack(0x000000d2f1500000,0x000000d2f1600000)]
  0x0000025ea3c22000 JavaThread "WorkerExecutor Queue Thread 3" [_thread_in_vm, id=7248, stack(0x000000d2f1600000,0x000000d2f1700000)]
  0x0000025ea3c26000 JavaThread "WorkerExecutor Queue Thread 4" [_thread_blocked, id=2844, stack(0x000000d2f1700000,0x000000d2f1800000)]
  0x0000025ea3c20800 JavaThread "pool-4-thread-1" [_thread_blocked, id=1712, stack(0x000000d2f1800000,0x000000d2f1900000)]

Other Threads:
  0x0000025ea0637800 VMThread "VM Thread" [stack: 0x000000d2ecc00000,0x000000d2ecd00000] [id=10964]
  0x0000025ea08b9000 WatcherThread [stack: 0x000000d2ed600000,0x000000d2ed700000] [id=12384]
  0x0000025e84e7e000 GCTaskThread "GC Thread#0" [stack: 0x000000d2ec700000,0x000000d2ec800000] [id=10096]
  0x0000025ea128e800 GCTaskThread "GC Thread#1" [stack: 0x000000d2ed800000,0x000000d2ed900000] [id=11140]
  0x0000025ea0e29800 GCTaskThread "GC Thread#2" [stack: 0x000000d2ed900000,0x000000d2eda00000] [id=14652]
  0x0000025ea1493000 GCTaskThread "GC Thread#3" [stack: 0x000000d2eda00000,0x000000d2edb00000] [id=13492]
  0x0000025ea10c8000 GCTaskThread "GC Thread#4" [stack: 0x000000d2edb00000,0x000000d2edc00000] [id=2600]
  0x0000025ea1537000 GCTaskThread "GC Thread#5" [stack: 0x000000d2edc00000,0x000000d2edd00000] [id=9192]
  0x0000025ea2bed000 GCTaskThread "GC Thread#6" [stack: 0x000000d2ee700000,0x000000d2ee800000] [id=4088]
  0x0000025ea2bbf800 GCTaskThread "GC Thread#7" [stack: 0x000000d2ee800000,0x000000d2ee900000] [id=17040]
  0x0000025e84eb1800 ConcurrentGCThread "G1 Main Marker" [stack: 0x000000d2ec800000,0x000000d2ec900000] [id=16552]
  0x0000025e84eb3000 ConcurrentGCThread "G1 Conc#0" [stack: 0x000000d2ec900000,0x000000d2eca00000] [id=4992]
  0x0000025ea3089000 ConcurrentGCThread "G1 Conc#1" [stack: 0x000000d2eeb00000,0x000000d2eec00000] [id=10068]
  0x0000025e84f2e800 ConcurrentGCThread "G1 Refine#0" [stack: 0x000000d2eca00000,0x000000d2ecb00000] [id=16264]
  0x0000025e9fcb0800 ConcurrentGCThread "G1 Young RemSet Sampling" [stack: 0x000000d2ecb00000,0x000000d2ecc00000] [id=17772]

Threads with active compile tasks:
C2 CompilerThread0  14813 10140       4       java.lang.reflect.Method::invoke (65 bytes)
C2 CompilerThread1  14813 10232       4       java.util.zip.ZipFile$Source::getEntryPos (206 bytes)
C2 CompilerThread2  14813 9872       4       org.gradle.cache.internal.DefaultCacheAccess$UnitOfWorkFileAccess::readFile (14 bytes)

VM state:not at safepoint (normal execution)

VM Mutex/Monitor currently owned by a thread: None

Heap address: 0x0000000080000000, size: 2048 MB, Compressed Oops mode: 32-bit
Narrow klass base: 0x0000000000000000, Narrow klass shift: 3
Compressed class space size: 1073741824 Address: 0x0000000100000000

Heap:
 garbage-first heap   total 260096K, used 176444K [0x0000000080000000, 0x0000000100000000)
  region size 1024K, 103 young (105472K), 8 survivors (8192K)
 Metaspace       used 89877K, capacity 92194K, committed 92492K, reserved 1128448K
  class space    used 11614K, capacity 12486K, committed 12620K, reserved 1048576K
Heap Regions: E=young(eden), S=young(survivor), O=old, HS=humongous(starts), HC=humongous(continues), CS=collection set, F=free, A=archive, TAMS=top-at-mark-start (previous, next)
|   0|0x0000000080000000, 0x0000000080100000, 0x0000000080100000|100%| O|  |TAMS 0x0000000080100000, 0x0000000080000000| Untracked 
|   1|0x0000000080100000, 0x0000000080200000, 0x0000000080200000|100%| O|  |TAMS 0x0000000080200000, 0x0000000080100000| Untracked 
|   2|0x0000000080200000, 0x0000000080300000, 0x0000000080300000|100%| O|  |TAMS 0x0000000080300000, 0x0000000080200000| Untracked 
|   3|0x0000000080300000, 0x0000000080400000, 0x0000000080400000|100%|HS|  |TAMS 0x0000000080400000, 0x0000000080300000| Complete 
|   4|0x0000000080400000, 0x0000000080500000, 0x0000000080500000|100%|HC|  |TAMS 0x0000000080500000, 0x0000000080400000| Complete 
|   5|0x0000000080500000, 0x0000000080600000, 0x0000000080600000|100%|HC|  |TAMS 0x0000000080600000, 0x0000000080500000| Complete 
|   6|0x0000000080600000, 0x0000000080700000, 0x0000000080700000|100%| O|  |TAMS 0x0000000080700000, 0x0000000080600000| Untracked 
|   7|0x0000000080700000, 0x0000000080800000, 0x0000000080800000|100%| O|  |TAMS 0x0000000080800000, 0x0000000080700000| Untracked 
|   8|0x0000000080800000, 0x0000000080900000, 0x0000000080900000|100%| O|  |TAMS 0x0000000080900000, 0x0000000080800000| Untracked 
|   9|0x0000000080900000, 0x0000000080a00000, 0x0000000080a00000|100%| O|  |TAMS 0x0000000080a00000, 0x0000000080900000| Untracked 
|  10|0x0000000080a00000, 0x0000000080b00000, 0x0000000080b00000|100%| O|  |TAMS 0x0000000080b00000, 0x0000000080a00000| Untracked 
|  11|0x0000000080b00000, 0x0000000080c00000, 0x0000000080c00000|100%| O|  |TAMS 0x0000000080c00000, 0x0000000080b00000| Untracked 
|  12|0x0000000080c00000, 0x0000000080d00000, 0x0000000080d00000|100%| O|  |TAMS 0x0000000080d00000, 0x0000000080c00000| Untracked 
|  13|0x0000000080d00000, 0x0000000080e00000, 0x0000000080e00000|100%| O|  |TAMS 0x0000000080e00000, 0x0000000080d00000| Untracked 
|  14|0x0000000080e00000, 0x0000000080f00000, 0x0000000080f00000|100%| O|  |TAMS 0x0000000080f00000, 0x0000000080e00000| Untracked 
|  15|0x0000000080f00000, 0x0000000081000000, 0x0000000081000000|100%| O|  |TAMS 0x0000000081000000, 0x0000000080f00000| Untracked 
|  16|0x0000000081000000, 0x0000000081100000, 0x0000000081100000|100%| O|  |TAMS 0x0000000081100000, 0x0000000081000000| Untracked 
|  17|0x0000000081100000, 0x0000000081200000, 0x0000000081200000|100%|HS|  |TAMS 0x0000000081200000, 0x0000000081100000| Complete 
|  18|0x0000000081200000, 0x0000000081300000, 0x0000000081300000|100%|HS|  |TAMS 0x0000000081300000, 0x0000000081200000| Complete 
|  19|0x0000000081300000, 0x0000000081400000, 0x0000000081400000|100%|HS|  |TAMS 0x0000000081400000, 0x0000000081300000| Complete 
|  20|0x0000000081400000, 0x0000000081500000, 0x0000000081500000|100%|HC|  |TAMS 0x0000000081500000, 0x0000000081400000| Complete 
|  21|0x0000000081500000, 0x0000000081600000, 0x0000000081600000|100%| O|  |TAMS 0x0000000081600000, 0x0000000081500000| Untracked 
|  22|0x0000000081600000, 0x0000000081700000, 0x0000000081700000|100%| O|  |TAMS 0x0000000081700000, 0x0000000081600000| Untracked 
|  23|0x0000000081700000, 0x0000000081800000, 0x0000000081800000|100%| O|  |TAMS 0x0000000081800000, 0x0000000081700000| Untracked 
|  24|0x0000000081800000, 0x0000000081900000, 0x0000000081900000|100%| O|  |TAMS 0x0000000081900000, 0x0000000081800000| Untracked 
|  25|0x0000000081900000, 0x0000000081a00000, 0x0000000081a00000|100%| O|  |TAMS 0x0000000081a00000, 0x0000000081900000| Untracked 
|  26|0x0000000081a00000, 0x0000000081b00000, 0x0000000081b00000|100%| O|  |TAMS 0x0000000081b00000, 0x0000000081a00000| Untracked 
|  27|0x0000000081b00000, 0x0000000081c00000, 0x0000000081c00000|100%| O|  |TAMS 0x0000000081c00000, 0x0000000081b00000| Untracked 
|  28|0x0000000081c00000, 0x0000000081d00000, 0x0000000081d00000|100%| O|  |TAMS 0x0000000081d00000, 0x0000000081c00000| Untracked 
|  29|0x0000000081d00000, 0x0000000081e00000, 0x0000000081e00000|100%| O|  |TAMS 0x0000000081e00000, 0x0000000081d00000| Untracked 
|  30|0x0000000081e00000, 0x0000000081f00000, 0x0000000081f00000|100%| O|  |TAMS 0x0000000081f00000, 0x0000000081e00000| Untracked 
|  31|0x0000000081f00000, 0x0000000082000000, 0x0000000082000000|100%| O|  |TAMS 0x0000000082000000, 0x0000000081f00000| Untracked 
|  32|0x0000000082000000, 0x0000000082100000, 0x0000000082100000|100%| O|  |TAMS 0x0000000082100000, 0x0000000082000000| Untracked 
|  33|0x0000000082100000, 0x0000000082200000, 0x0000000082200000|100%| O|  |TAMS 0x0000000082200000, 0x0000000082100000| Untracked 
|  34|0x0000000082200000, 0x0000000082300000, 0x0000000082300000|100%| O|  |TAMS 0x0000000082300000, 0x0000000082200000| Untracked 
|  35|0x0000000082300000, 0x0000000082400000, 0x0000000082400000|100%| O|  |TAMS 0x0000000082400000, 0x0000000082300000| Untracked 
|  36|0x0000000082400000, 0x0000000082500000, 0x0000000082500000|100%| O|  |TAMS 0x0000000082500000, 0x0000000082400000| Untracked 
|  37|0x0000000082500000, 0x0000000082600000, 0x0000000082600000|100%| O|  |TAMS 0x0000000082600000, 0x0000000082500000| Untracked 
|  38|0x0000000082600000, 0x0000000082700000, 0x0000000082700000|100%| O|  |TAMS 0x0000000082700000, 0x0000000082600000| Untracked 
|  39|0x0000000082700000, 0x0000000082800000, 0x0000000082800000|100%| O|  |TAMS 0x0000000082800000, 0x0000000082700000| Untracked 
|  40|0x0000000082800000, 0x0000000082900000, 0x0000000082900000|100%| O|  |TAMS 0x0000000082900000, 0x0000000082800000| Untracked 
|  41|0x0000000082900000, 0x0000000082a00000, 0x0000000082a00000|100%| O|  |TAMS 0x0000000082a00000, 0x0000000082900000| Untracked 
|  42|0x0000000082a00000, 0x0000000082b00000, 0x0000000082b00000|100%| O|  |TAMS 0x0000000082adf800, 0x0000000082a00000| Untracked 
|  43|0x0000000082b00000, 0x0000000082c00000, 0x0000000082c00000|100%| O|  |TAMS 0x0000000082b00000, 0x0000000082b00000| Untracked 
|  44|0x0000000082c00000, 0x0000000082d00000, 0x0000000082d00000|100%| O|  |TAMS 0x0000000082c00000, 0x0000000082c00000| Untracked 
|  45|0x0000000082d00000, 0x0000000082e00000, 0x0000000082e00000|100%| O|  |TAMS 0x0000000082d00000, 0x0000000082d00000| Untracked 
|  46|0x0000000082e00000, 0x0000000082f00000, 0x0000000082f00000|100%| O|  |TAMS 0x0000000082e00000, 0x0000000082e00000| Untracked 
|  47|0x0000000082f00000, 0x0000000083000000, 0x0000000083000000|100%| O|  |TAMS 0x0000000082f00000, 0x0000000082f00000| Untracked 
|  48|0x0000000083000000, 0x0000000083100000, 0x0000000083100000|100%| O|  |TAMS 0x0000000083000000, 0x0000000083000000| Untracked 
|  49|0x0000000083100000, 0x0000000083200000, 0x0000000083200000|100%| O|  |TAMS 0x0000000083100000, 0x0000000083100000| Untracked 
|  50|0x0000000083200000, 0x0000000083300000, 0x0000000083300000|100%| O|  |TAMS 0x0000000083200000, 0x0000000083200000| Untracked 
|  51|0x0000000083300000, 0x0000000083400000, 0x0000000083400000|100%| O|  |TAMS 0x0000000083300000, 0x0000000083300000| Untracked 
|  52|0x0000000083400000, 0x0000000083500000, 0x0000000083500000|100%| O|  |TAMS 0x0000000083400000, 0x0000000083400000| Untracked 
|  53|0x0000000083500000, 0x0000000083600000, 0x0000000083600000|100%| O|  |TAMS 0x0000000083500000, 0x0000000083500000| Untracked 
|  54|0x0000000083600000, 0x0000000083700000, 0x0000000083700000|100%| O|  |TAMS 0x0000000083600000, 0x0000000083600000| Untracked 
|  55|0x0000000083700000, 0x0000000083800000, 0x0000000083800000|100%| O|  |TAMS 0x0000000083700000, 0x0000000083700000| Untracked 
|  56|0x0000000083800000, 0x0000000083900000, 0x0000000083900000|100%| O|  |TAMS 0x0000000083800000, 0x0000000083800000| Untracked 
|  57|0x0000000083900000, 0x0000000083a00000, 0x0000000083a00000|100%| O|  |TAMS 0x0000000083900000, 0x0000000083900000| Untracked 
|  58|0x0000000083a00000, 0x0000000083b00000, 0x0000000083b00000|100%| O|  |TAMS 0x0000000083a00000, 0x0000000083a00000| Untracked 
|  59|0x0000000083b00000, 0x0000000083c00000, 0x0000000083c00000|100%| O|  |TAMS 0x0000000083b00000, 0x0000000083b00000| Untracked 
|  60|0x0000000083c00000, 0x0000000083d00000, 0x0000000083d00000|100%| O|  |TAMS 0x0000000083c00000, 0x0000000083c00000| Untracked 
|  61|0x0000000083d00000, 0x0000000083e00000, 0x0000000083e00000|100%| O|  |TAMS 0x0000000083d00000, 0x0000000083d00000| Untracked 
|  62|0x0000000083e00000, 0x0000000083f00000, 0x0000000083f00000|100%| O|  |TAMS 0x0000000083e00000, 0x0000000083e00000| Untracked 
|  63|0x0000000083f00000, 0x0000000083f96400, 0x0000000084000000| 58%| O|  |TAMS 0x0000000083f00000, 0x0000000083f00000| Untracked 
|  64|0x0000000084000000, 0x0000000084100000, 0x0000000084100000|100%|HS|  |TAMS 0x0000000084000000, 0x0000000084000000| Complete 
|  65|0x0000000084100000, 0x0000000084200000, 0x0000000084200000|100%|HC|  |TAMS 0x0000000084100000, 0x0000000084100000| Complete 
|  66|0x0000000084200000, 0x0000000084300000, 0x0000000084300000|100%|HS|  |TAMS 0x0000000084200000, 0x0000000084200000| Complete 
|  67|0x0000000084300000, 0x0000000084400000, 0x0000000084400000|100%|HS|  |TAMS 0x0000000084300000, 0x0000000084300000| Complete 
|  68|0x0000000084400000, 0x0000000084500000, 0x0000000084500000|100%|HS|  |TAMS 0x0000000084400000, 0x0000000084400000| Complete 
|  69|0x0000000084500000, 0x0000000084600000, 0x0000000084600000|100%|HC|  |TAMS 0x0000000084500000, 0x0000000084500000| Complete 
|  70|0x0000000084600000, 0x0000000084700000, 0x0000000084700000|100%|HS|  |TAMS 0x0000000084600000, 0x0000000084600000| Complete 
|  71|0x0000000084700000, 0x0000000084800000, 0x0000000084800000|100%|HC|  |TAMS 0x0000000084700000, 0x0000000084700000| Complete 
|  72|0x0000000084800000, 0x0000000084800000, 0x0000000084900000|  0%| F|  |TAMS 0x0000000084800000, 0x0000000084800000| Untracked 
|  73|0x0000000084900000, 0x0000000084900000, 0x0000000084a00000|  0%| F|  |TAMS 0x0000000084900000, 0x0000000084900000| Untracked 
|  74|0x0000000084a00000, 0x0000000084a00000, 0x0000000084b00000|  0%| F|  |TAMS 0x0000000084a00000, 0x0000000084a00000| Untracked 
|  75|0x0000000084b00000, 0x0000000084b00000, 0x0000000084c00000|  0%| F|  |TAMS 0x0000000084b00000, 0x0000000084b00000| Untracked 
|  76|0x0000000084c00000, 0x0000000084c00000, 0x0000000084d00000|  0%| F|  |TAMS 0x0000000084c00000, 0x0000000084c00000| Untracked 
|  77|0x0000000084d00000, 0x0000000084d00000, 0x0000000084e00000|  0%| F|  |TAMS 0x0000000084d00000, 0x0000000084d00000| Untracked 
|  78|0x0000000084e00000, 0x0000000084e00000, 0x0000000084f00000|  0%| F|  |TAMS 0x0000000084e00000, 0x0000000084e00000| Untracked 
|  79|0x0000000084f00000, 0x0000000084f00000, 0x0000000085000000|  0%| F|  |TAMS 0x0000000084f00000, 0x0000000084f00000| Untracked 
|  80|0x0000000085000000, 0x0000000085000000, 0x0000000085100000|  0%| F|  |TAMS 0x0000000085000000, 0x0000000085000000| Untracked 
|  81|0x0000000085100000, 0x0000000085100000, 0x0000000085200000|  0%| F|  |TAMS 0x0000000085100000, 0x0000000085100000| Untracked 
|  82|0x0000000085200000, 0x0000000085200000, 0x0000000085300000|  0%| F|  |TAMS 0x0000000085200000, 0x0000000085200000| Untracked 
|  83|0x0000000085300000, 0x0000000085300000, 0x0000000085400000|  0%| F|  |TAMS 0x0000000085300000, 0x0000000085300000| Untracked 
|  84|0x0000000085400000, 0x0000000085400000, 0x0000000085500000|  0%| F|  |TAMS 0x0000000085400000, 0x0000000085400000| Untracked 
|  85|0x0000000085500000, 0x0000000085500000, 0x0000000085600000|  0%| F|  |TAMS 0x0000000085500000, 0x0000000085500000| Untracked 
|  86|0x0000000085600000, 0x0000000085600000, 0x0000000085700000|  0%| F|  |TAMS 0x0000000085600000, 0x0000000085600000| Untracked 
|  87|0x0000000085700000, 0x0000000085700000, 0x0000000085800000|  0%| F|  |TAMS 0x0000000085700000, 0x0000000085700000| Untracked 
|  88|0x0000000085800000, 0x0000000085800000, 0x0000000085900000|  0%| F|  |TAMS 0x0000000085800000, 0x0000000085800000| Untracked 
|  89|0x0000000085900000, 0x0000000085900000, 0x0000000085a00000|  0%| F|  |TAMS 0x0000000085900000, 0x0000000085900000| Untracked 
|  90|0x0000000085a00000, 0x0000000085a00000, 0x0000000085b00000|  0%| F|  |TAMS 0x0000000085a00000, 0x0000000085a00000| Untracked 
|  91|0x0000000085b00000, 0x0000000085b00000, 0x0000000085c00000|  0%| F|  |TAMS 0x0000000085b00000, 0x0000000085b00000| Untracked 
|  92|0x0000000085c00000, 0x0000000085c00000, 0x0000000085d00000|  0%| F|  |TAMS 0x0000000085c00000, 0x0000000085c00000| Untracked 
|  93|0x0000000085d00000, 0x0000000085d00000, 0x0000000085e00000|  0%| F|  |TAMS 0x0000000085d00000, 0x0000000085d00000| Untracked 
|  94|0x0000000085e00000, 0x0000000085e00000, 0x0000000085f00000|  0%| F|  |TAMS 0x0000000085e00000, 0x0000000085e00000| Untracked 
|  95|0x0000000085f00000, 0x0000000085f00000, 0x0000000086000000|  0%| F|  |TAMS 0x0000000085f00000, 0x0000000085f00000| Untracked 
|  96|0x0000000086000000, 0x0000000086000000, 0x0000000086100000|  0%| F|  |TAMS 0x0000000086000000, 0x0000000086000000| Untracked 
|  97|0x0000000086100000, 0x0000000086100000, 0x0000000086200000|  0%| F|  |TAMS 0x0000000086100000, 0x0000000086100000| Untracked 
|  98|0x0000000086200000, 0x0000000086200000, 0x0000000086300000|  0%| F|  |TAMS 0x0000000086200000, 0x0000000086200000| Untracked 
|  99|0x0000000086300000, 0x0000000086300000, 0x0000000086400000|  0%| F|  |TAMS 0x0000000086300000, 0x0000000086300000| Untracked 
| 100|0x0000000086400000, 0x0000000086400000, 0x0000000086500000|  0%| F|  |TAMS 0x0000000086400000, 0x0000000086400000| Untracked 
| 101|0x0000000086500000, 0x0000000086500000, 0x0000000086600000|  0%| F|  |TAMS 0x0000000086500000, 0x0000000086500000| Untracked 
| 102|0x0000000086600000, 0x0000000086600000, 0x0000000086700000|  0%| F|  |TAMS 0x0000000086600000, 0x0000000086600000| Untracked 
| 103|0x0000000086700000, 0x0000000086700000, 0x0000000086800000|  0%| F|  |TAMS 0x0000000086700000, 0x0000000086700000| Untracked 
| 104|0x0000000086800000, 0x0000000086800000, 0x0000000086900000|  0%| F|  |TAMS 0x0000000086800000, 0x0000000086800000| Untracked 
| 105|0x0000000086900000, 0x0000000086900000, 0x0000000086a00000|  0%| F|  |TAMS 0x0000000086900000, 0x0000000086900000| Untracked 
| 106|0x0000000086a00000, 0x0000000086a00000, 0x0000000086b00000|  0%| F|  |TAMS 0x0000000086a00000, 0x0000000086a00000| Untracked 
| 107|0x0000000086b00000, 0x0000000086b00000, 0x0000000086c00000|  0%| F|  |TAMS 0x0000000086b00000, 0x0000000086b00000| Untracked 
| 108|0x0000000086c00000, 0x0000000086c00000, 0x0000000086d00000|  0%| F|  |TAMS 0x0000000086c00000, 0x0000000086c00000| Untracked 
| 109|0x0000000086d00000, 0x0000000086d00000, 0x0000000086e00000|  0%| F|  |TAMS 0x0000000086d00000, 0x0000000086d00000| Untracked 
| 110|0x0000000086e00000, 0x0000000086e00000, 0x0000000086f00000|  0%| F|  |TAMS 0x0000000086e00000, 0x0000000086e00000| Untracked 
| 111|0x0000000086f00000, 0x0000000086f00000, 0x0000000087000000|  0%| F|  |TAMS 0x0000000086f00000, 0x0000000086f00000| Untracked 
| 112|0x0000000087000000, 0x0000000087000000, 0x0000000087100000|  0%| F|  |TAMS 0x0000000087000000, 0x0000000087000000| Untracked 
| 113|0x0000000087100000, 0x0000000087100000, 0x0000000087200000|  0%| F|  |TAMS 0x0000000087100000, 0x0000000087100000| Untracked 
| 114|0x0000000087200000, 0x0000000087200000, 0x0000000087300000|  0%| F|  |TAMS 0x0000000087200000, 0x0000000087200000| Untracked 
| 115|0x0000000087300000, 0x0000000087300000, 0x0000000087400000|  0%| F|  |TAMS 0x0000000087300000, 0x0000000087300000| Untracked 
| 116|0x0000000087400000, 0x00000000874b8d40, 0x0000000087500000| 72%| S|CS|TAMS 0x0000000087400000, 0x0000000087400000| Complete 
| 117|0x0000000087500000, 0x0000000087500000, 0x0000000087600000|  0%| F|  |TAMS 0x0000000087500000, 0x0000000087500000| Untracked 
| 118|0x0000000087600000, 0x0000000087600000, 0x0000000087700000|  0%| F|  |TAMS 0x0000000087600000, 0x0000000087600000| Untracked 
| 119|0x0000000087700000, 0x0000000087700000, 0x0000000087800000|  0%| F|  |TAMS 0x0000000087700000, 0x0000000087700000| Untracked 
| 120|0x0000000087800000, 0x0000000087900000, 0x0000000087900000|100%| S|CS|TAMS 0x0000000087800000, 0x0000000087800000| Complete 
| 121|0x0000000087900000, 0x0000000087a00000, 0x0000000087a00000|100%| S|CS|TAMS 0x0000000087900000, 0x0000000087900000| Complete 
| 122|0x0000000087a00000, 0x0000000087b00000, 0x0000000087b00000|100%| S|CS|TAMS 0x0000000087a00000, 0x0000000087a00000| Complete 
| 123|0x0000000087b00000, 0x0000000087c00000, 0x0000000087c00000|100%| S|CS|TAMS 0x0000000087b00000, 0x0000000087b00000| Complete 
| 124|0x0000000087c00000, 0x0000000087d00000, 0x0000000087d00000|100%| S|CS|TAMS 0x0000000087c00000, 0x0000000087c00000| Complete 
| 125|0x0000000087d00000, 0x0000000087e00000, 0x0000000087e00000|100%| S|CS|TAMS 0x0000000087d00000, 0x0000000087d00000| Complete 
| 126|0x0000000087e00000, 0x0000000087f00000, 0x0000000087f00000|100%| S|CS|TAMS 0x0000000087e00000, 0x0000000087e00000| Complete 
| 127|0x0000000087f00000, 0x0000000087f00000, 0x0000000088000000|  0%| F|  |TAMS 0x0000000087f00000, 0x0000000087f00000| Untracked 
| 128|0x0000000088000000, 0x0000000088000000, 0x0000000088100000|  0%| F|  |TAMS 0x0000000088000000, 0x0000000088000000| Untracked 
| 129|0x0000000088100000, 0x0000000088100000, 0x0000000088200000|  0%| F|  |TAMS 0x0000000088100000, 0x0000000088100000| Untracked 
| 130|0x0000000088200000, 0x0000000088200000, 0x0000000088300000|  0%| F|  |TAMS 0x0000000088200000, 0x0000000088200000| Untracked 
| 131|0x0000000088300000, 0x0000000088300000, 0x0000000088400000|  0%| F|  |TAMS 0x0000000088300000, 0x0000000088300000| Untracked 
| 132|0x0000000088400000, 0x0000000088400000, 0x0000000088500000|  0%| F|  |TAMS 0x0000000088400000, 0x0000000088400000| Untracked 
| 133|0x0000000088500000, 0x0000000088500000, 0x0000000088600000|  0%| F|  |TAMS 0x0000000088500000, 0x0000000088500000| Untracked 
| 134|0x0000000088600000, 0x0000000088600000, 0x0000000088700000|  0%| F|  |TAMS 0x0000000088600000, 0x0000000088600000| Untracked 
| 135|0x0000000088700000, 0x0000000088700000, 0x0000000088800000|  0%| F|  |TAMS 0x0000000088700000, 0x0000000088700000| Untracked 
| 136|0x0000000088800000, 0x0000000088800000, 0x0000000088900000|  0%| F|  |TAMS 0x0000000088800000, 0x0000000088800000| Untracked 
| 137|0x0000000088900000, 0x0000000088900000, 0x0000000088a00000|  0%| F|  |TAMS 0x0000000088900000, 0x0000000088900000| Untracked 
| 138|0x0000000088a00000, 0x0000000088a00000, 0x0000000088b00000|  0%| F|  |TAMS 0x0000000088a00000, 0x0000000088a00000| Untracked 
| 139|0x0000000088b00000, 0x0000000088b00000, 0x0000000088c00000|  0%| F|  |TAMS 0x0000000088b00000, 0x0000000088b00000| Untracked 
| 140|0x0000000088c00000, 0x0000000088c00000, 0x0000000088d00000|  0%| F|  |TAMS 0x0000000088c00000, 0x0000000088c00000| Untracked 
| 141|0x0000000088d00000, 0x0000000088d00000, 0x0000000088e00000|  0%| F|  |TAMS 0x0000000088d00000, 0x0000000088d00000| Untracked 
| 142|0x0000000088e00000, 0x0000000088e00000, 0x0000000088f00000|  0%| F|  |TAMS 0x0000000088e00000, 0x0000000088e00000| Untracked 
| 143|0x0000000088f00000, 0x0000000088f00000, 0x0000000089000000|  0%| F|  |TAMS 0x0000000088f00000, 0x0000000088f00000| Untracked 
| 144|0x0000000089000000, 0x0000000089000000, 0x0000000089100000|  0%| F|  |TAMS 0x0000000089000000, 0x0000000089000000| Untracked 
| 145|0x0000000089100000, 0x0000000089100000, 0x0000000089200000|  0%| F|  |TAMS 0x0000000089100000, 0x0000000089100000| Untracked 
| 146|0x0000000089200000, 0x0000000089200000, 0x0000000089300000|  0%| F|  |TAMS 0x0000000089200000, 0x0000000089200000| Untracked 
| 147|0x0000000089300000, 0x0000000089300000, 0x0000000089400000|  0%| F|  |TAMS 0x0000000089300000, 0x0000000089300000| Untracked 
| 148|0x0000000089400000, 0x0000000089400000, 0x0000000089500000|  0%| F|  |TAMS 0x0000000089400000, 0x0000000089400000| Untracked 
| 149|0x0000000089500000, 0x0000000089500000, 0x0000000089600000|  0%| F|  |TAMS 0x0000000089500000, 0x0000000089500000| Untracked 
| 150|0x0000000089600000, 0x0000000089600000, 0x0000000089700000|  0%| F|  |TAMS 0x0000000089600000, 0x0000000089600000| Untracked 
| 151|0x0000000089700000, 0x0000000089700000, 0x0000000089800000|  0%| F|  |TAMS 0x0000000089700000, 0x0000000089700000| Untracked 
| 152|0x0000000089800000, 0x0000000089800000, 0x0000000089900000|  0%| F|  |TAMS 0x0000000089800000, 0x0000000089800000| Untracked 
| 153|0x0000000089900000, 0x0000000089900000, 0x0000000089a00000|  0%| F|  |TAMS 0x0000000089900000, 0x0000000089900000| Untracked 
| 154|0x0000000089a00000, 0x0000000089a00000, 0x0000000089b00000|  0%| F|  |TAMS 0x0000000089a00000, 0x0000000089a00000| Untracked 
| 155|0x0000000089b00000, 0x0000000089b00000, 0x0000000089c00000|  0%| F|  |TAMS 0x0000000089b00000, 0x0000000089b00000| Untracked 
| 156|0x0000000089c00000, 0x0000000089c00000, 0x0000000089d00000|  0%| F|  |TAMS 0x0000000089c00000, 0x0000000089c00000| Untracked 
| 157|0x0000000089d00000, 0x0000000089d00000, 0x0000000089e00000|  0%| F|  |TAMS 0x0000000089d00000, 0x0000000089d00000| Untracked 
| 158|0x0000000089e00000, 0x0000000089e00000, 0x0000000089f00000|  0%| F|  |TAMS 0x0000000089e00000, 0x0000000089e00000| Untracked 
| 159|0x0000000089f00000, 0x000000008a000000, 0x000000008a000000|100%| E|  |TAMS 0x0000000089f00000, 0x0000000089f00000| Complete 
| 160|0x000000008a000000, 0x000000008a100000, 0x000000008a100000|100%| E|CS|TAMS 0x000000008a000000, 0x000000008a000000| Complete 
| 161|0x000000008a100000, 0x000000008a200000, 0x000000008a200000|100%| E|CS|TAMS 0x000000008a100000, 0x000000008a100000| Complete 
| 162|0x000000008a200000, 0x000000008a300000, 0x000000008a300000|100%| E|CS|TAMS 0x000000008a200000, 0x000000008a200000| Complete 
| 163|0x000000008a300000, 0x000000008a400000, 0x000000008a400000|100%| E|CS|TAMS 0x000000008a300000, 0x000000008a300000| Complete 
| 164|0x000000008a400000, 0x000000008a500000, 0x000000008a500000|100%| E|CS|TAMS 0x000000008a400000, 0x000000008a400000| Complete 
| 165|0x000000008a500000, 0x000000008a600000, 0x000000008a600000|100%| E|CS|TAMS 0x000000008a500000, 0x000000008a500000| Complete 
| 166|0x000000008a600000, 0x000000008a700000, 0x000000008a700000|100%| E|CS|TAMS 0x000000008a600000, 0x000000008a600000| Complete 
| 167|0x000000008a700000, 0x000000008a800000, 0x000000008a800000|100%| E|  |TAMS 0x000000008a700000, 0x000000008a700000| Complete 
| 168|0x000000008a800000, 0x000000008a900000, 0x000000008a900000|100%| E|CS|TAMS 0x000000008a800000, 0x000000008a800000| Complete 
| 169|0x000000008a900000, 0x000000008aa00000, 0x000000008aa00000|100%| E|CS|TAMS 0x000000008a900000, 0x000000008a900000| Complete 
| 170|0x000000008aa00000, 0x000000008ab00000, 0x000000008ab00000|100%| E|CS|TAMS 0x000000008aa00000, 0x000000008aa00000| Complete 
| 171|0x000000008ab00000, 0x000000008ac00000, 0x000000008ac00000|100%| E|CS|TAMS 0x000000008ab00000, 0x000000008ab00000| Complete 
| 172|0x000000008ac00000, 0x000000008ad00000, 0x000000008ad00000|100%| E|CS|TAMS 0x000000008ac00000, 0x000000008ac00000| Complete 
| 173|0x000000008ad00000, 0x000000008ae00000, 0x000000008ae00000|100%| E|CS|TAMS 0x000000008ad00000, 0x000000008ad00000| Complete 
| 174|0x000000008ae00000, 0x000000008af00000, 0x000000008af00000|100%| E|CS|TAMS 0x000000008ae00000, 0x000000008ae00000| Complete 
| 175|0x000000008af00000, 0x000000008b000000, 0x000000008b000000|100%| E|CS|TAMS 0x000000008af00000, 0x000000008af00000| Complete 
| 176|0x000000008b000000, 0x000000008b100000, 0x000000008b100000|100%| E|CS|TAMS 0x000000008b000000, 0x000000008b000000| Complete 
| 177|0x000000008b100000, 0x000000008b200000, 0x000000008b200000|100%| E|CS|TAMS 0x000000008b100000, 0x000000008b100000| Complete 
| 178|0x000000008b200000, 0x000000008b300000, 0x000000008b300000|100%| E|CS|TAMS 0x000000008b200000, 0x000000008b200000| Complete 
| 179|0x000000008b300000, 0x000000008b400000, 0x000000008b400000|100%| E|CS|TAMS 0x000000008b300000, 0x000000008b300000| Complete 
| 180|0x000000008b400000, 0x000000008b500000, 0x000000008b500000|100%| E|CS|TAMS 0x000000008b400000, 0x000000008b400000| Complete 
| 181|0x000000008b500000, 0x000000008b600000, 0x000000008b600000|100%| E|CS|TAMS 0x000000008b500000, 0x000000008b500000| Complete 
| 182|0x000000008b600000, 0x000000008b700000, 0x000000008b700000|100%| E|CS|TAMS 0x000000008b600000, 0x000000008b600000| Complete 
| 183|0x000000008b700000, 0x000000008b800000, 0x000000008b800000|100%| E|CS|TAMS 0x000000008b700000, 0x000000008b700000| Complete 
| 184|0x000000008b800000, 0x000000008b900000, 0x000000008b900000|100%| E|CS|TAMS 0x000000008b800000, 0x000000008b800000| Complete 
| 185|0x000000008b900000, 0x000000008ba00000, 0x000000008ba00000|100%| E|CS|TAMS 0x000000008b900000, 0x000000008b900000| Complete 
| 186|0x000000008ba00000, 0x000000008bb00000, 0x000000008bb00000|100%| E|CS|TAMS 0x000000008ba00000, 0x000000008ba00000| Complete 
| 187|0x000000008bb00000, 0x000000008bc00000, 0x000000008bc00000|100%| E|CS|TAMS 0x000000008bb00000, 0x000000008bb00000| Complete 
| 188|0x000000008bc00000, 0x000000008bd00000, 0x000000008bd00000|100%| E|CS|TAMS 0x000000008bc00000, 0x000000008bc00000| Complete 
| 189|0x000000008bd00000, 0x000000008be00000, 0x000000008be00000|100%| E|CS|TAMS 0x000000008bd00000, 0x000000008bd00000| Complete 
| 190|0x000000008be00000, 0x000000008bf00000, 0x000000008bf00000|100%| E|CS|TAMS 0x000000008be00000, 0x000000008be00000| Complete 
| 191|0x000000008bf00000, 0x000000008c000000, 0x000000008c000000|100%| E|CS|TAMS 0x000000008bf00000, 0x000000008bf00000| Complete 
| 192|0x000000008c000000, 0x000000008c100000, 0x000000008c100000|100%| E|CS|TAMS 0x000000008c000000, 0x000000008c000000| Complete 
| 193|0x000000008c100000, 0x000000008c200000, 0x000000008c200000|100%| E|CS|TAMS 0x000000008c100000, 0x000000008c100000| Complete 
| 194|0x000000008c200000, 0x000000008c300000, 0x000000008c300000|100%| E|CS|TAMS 0x000000008c200000, 0x000000008c200000| Complete 
| 195|0x000000008c300000, 0x000000008c400000, 0x000000008c400000|100%| E|CS|TAMS 0x000000008c300000, 0x000000008c300000| Complete 
| 196|0x000000008c400000, 0x000000008c500000, 0x000000008c500000|100%| E|CS|TAMS 0x000000008c400000, 0x000000008c400000| Complete 
| 197|0x000000008c500000, 0x000000008c600000, 0x000000008c600000|100%| E|CS|TAMS 0x000000008c500000, 0x000000008c500000| Complete 
| 198|0x000000008c600000, 0x000000008c700000, 0x000000008c700000|100%| E|CS|TAMS 0x000000008c600000, 0x000000008c600000| Complete 
| 199|0x000000008c700000, 0x000000008c800000, 0x000000008c800000|100%| E|CS|TAMS 0x000000008c700000, 0x000000008c700000| Complete 
| 200|0x000000008c800000, 0x000000008c900000, 0x000000008c900000|100%| E|CS|TAMS 0x000000008c800000, 0x000000008c800000| Complete 
| 201|0x000000008c900000, 0x000000008ca00000, 0x000000008ca00000|100%| E|CS|TAMS 0x000000008c900000, 0x000000008c900000| Complete 
| 202|0x000000008ca00000, 0x000000008cb00000, 0x000000008cb00000|100%| E|CS|TAMS 0x000000008ca00000, 0x000000008ca00000| Complete 
| 203|0x000000008cb00000, 0x000000008cc00000, 0x000000008cc00000|100%| E|CS|TAMS 0x000000008cb00000, 0x000000008cb00000| Complete 
| 204|0x000000008cc00000, 0x000000008cd00000, 0x000000008cd00000|100%| E|CS|TAMS 0x000000008cc00000, 0x000000008cc00000| Complete 
| 205|0x000000008cd00000, 0x000000008ce00000, 0x000000008ce00000|100%| E|CS|TAMS 0x000000008cd00000, 0x000000008cd00000| Complete 
| 206|0x000000008ce00000, 0x000000008cf00000, 0x000000008cf00000|100%| E|CS|TAMS 0x000000008ce00000, 0x000000008ce00000| Complete 
| 207|0x000000008cf00000, 0x000000008d000000, 0x000000008d000000|100%| E|CS|TAMS 0x000000008cf00000, 0x000000008cf00000| Complete 
| 208|0x000000008d000000, 0x000000008d100000, 0x000000008d100000|100%| E|CS|TAMS 0x000000008d000000, 0x000000008d000000| Complete 
| 209|0x000000008d100000, 0x000000008d200000, 0x000000008d200000|100%| E|CS|TAMS 0x000000008d100000, 0x000000008d100000| Complete 
| 210|0x000000008d200000, 0x000000008d300000, 0x000000008d300000|100%| E|CS|TAMS 0x000000008d200000, 0x000000008d200000| Complete 
| 211|0x000000008d300000, 0x000000008d400000, 0x000000008d400000|100%| E|CS|TAMS 0x000000008d300000, 0x000000008d300000| Complete 
| 212|0x000000008d400000, 0x000000008d500000, 0x000000008d500000|100%| E|CS|TAMS 0x000000008d400000, 0x000000008d400000| Complete 
| 213|0x000000008d500000, 0x000000008d600000, 0x000000008d600000|100%| E|CS|TAMS 0x000000008d500000, 0x000000008d500000| Complete 
| 214|0x000000008d600000, 0x000000008d700000, 0x000000008d700000|100%| E|CS|TAMS 0x000000008d600000, 0x000000008d600000| Complete 
| 215|0x000000008d700000, 0x000000008d800000, 0x000000008d800000|100%| E|CS|TAMS 0x000000008d700000, 0x000000008d700000| Complete 
| 216|0x000000008d800000, 0x000000008d900000, 0x000000008d900000|100%| E|CS|TAMS 0x000000008d800000, 0x000000008d800000| Complete 
| 217|0x000000008d900000, 0x000000008da00000, 0x000000008da00000|100%| E|CS|TAMS 0x000000008d900000, 0x000000008d900000| Complete 
| 218|0x000000008da00000, 0x000000008db00000, 0x000000008db00000|100%| E|CS|TAMS 0x000000008da00000, 0x000000008da00000| Complete 
| 219|0x000000008db00000, 0x000000008dc00000, 0x000000008dc00000|100%| E|CS|TAMS 0x000000008db00000, 0x000000008db00000| Complete 
| 220|0x000000008dc00000, 0x000000008dd00000, 0x000000008dd00000|100%| E|CS|TAMS 0x000000008dc00000, 0x000000008dc00000| Complete 
| 221|0x000000008dd00000, 0x000000008de00000, 0x000000008de00000|100%| E|CS|TAMS 0x000000008dd00000, 0x000000008dd00000| Complete 
| 222|0x000000008de00000, 0x000000008df00000, 0x000000008df00000|100%| E|CS|TAMS 0x000000008de00000, 0x000000008de00000| Complete 
| 223|0x000000008df00000, 0x000000008e000000, 0x000000008e000000|100%| E|CS|TAMS 0x000000008df00000, 0x000000008df00000| Complete 
| 224|0x000000008e000000, 0x000000008e100000, 0x000000008e100000|100%| E|CS|TAMS 0x000000008e000000, 0x000000008e000000| Complete 
| 225|0x000000008e100000, 0x000000008e200000, 0x000000008e200000|100%| E|CS|TAMS 0x000000008e100000, 0x000000008e100000| Complete 
| 226|0x000000008e200000, 0x000000008e300000, 0x000000008e300000|100%| E|CS|TAMS 0x000000008e200000, 0x000000008e200000| Complete 
| 227|0x000000008e300000, 0x000000008e400000, 0x000000008e400000|100%| E|CS|TAMS 0x000000008e300000, 0x000000008e300000| Complete 
| 228|0x000000008e400000, 0x000000008e500000, 0x000000008e500000|100%| E|CS|TAMS 0x000000008e400000, 0x000000008e400000| Complete 
| 229|0x000000008e500000, 0x000000008e600000, 0x000000008e600000|100%| E|CS|TAMS 0x000000008e500000, 0x000000008e500000| Complete 
| 230|0x000000008e600000, 0x000000008e700000, 0x000000008e700000|100%| E|CS|TAMS 0x000000008e600000, 0x000000008e600000| Complete 
| 231|0x000000008e700000, 0x000000008e800000, 0x000000008e800000|100%| E|CS|TAMS 0x000000008e700000, 0x000000008e700000| Complete 
| 232|0x000000008e800000, 0x000000008e900000, 0x000000008e900000|100%| E|CS|TAMS 0x000000008e800000, 0x000000008e800000| Complete 
| 233|0x000000008e900000, 0x000000008ea00000, 0x000000008ea00000|100%| E|CS|TAMS 0x000000008e900000, 0x000000008e900000| Complete 
| 234|0x000000008ea00000, 0x000000008eb00000, 0x000000008eb00000|100%| E|CS|TAMS 0x000000008ea00000, 0x000000008ea00000| Complete 
| 235|0x000000008eb00000, 0x000000008ec00000, 0x000000008ec00000|100%| E|CS|TAMS 0x000000008eb00000, 0x000000008eb00000| Complete 
| 236|0x000000008ec00000, 0x000000008ed00000, 0x000000008ed00000|100%| E|CS|TAMS 0x000000008ec00000, 0x000000008ec00000| Complete 
| 237|0x000000008ed00000, 0x000000008ee00000, 0x000000008ee00000|100%| E|CS|TAMS 0x000000008ed00000, 0x000000008ed00000| Complete 
| 238|0x000000008ee00000, 0x000000008ef00000, 0x000000008ef00000|100%| E|CS|TAMS 0x000000008ee00000, 0x000000008ee00000| Complete 
| 239|0x000000008ef00000, 0x000000008f000000, 0x000000008f000000|100%| E|CS|TAMS 0x000000008ef00000, 0x000000008ef00000| Complete 
| 240|0x000000008f000000, 0x000000008f100000, 0x000000008f100000|100%| E|CS|TAMS 0x000000008f000000, 0x000000008f000000| Complete 
| 241|0x000000008f100000, 0x000000008f200000, 0x000000008f200000|100%| E|CS|TAMS 0x000000008f100000, 0x000000008f100000| Complete 
| 242|0x000000008f200000, 0x000000008f300000, 0x000000008f300000|100%| E|CS|TAMS 0x000000008f200000, 0x000000008f200000| Complete 
| 243|0x000000008f300000, 0x000000008f400000, 0x000000008f400000|100%| E|CS|TAMS 0x000000008f300000, 0x000000008f300000| Complete 
| 244|0x000000008f400000, 0x000000008f500000, 0x000000008f500000|100%| E|CS|TAMS 0x000000008f400000, 0x000000008f400000| Complete 
| 245|0x000000008f500000, 0x000000008f600000, 0x000000008f600000|100%| E|CS|TAMS 0x000000008f500000, 0x000000008f500000| Complete 
| 246|0x000000008f600000, 0x000000008f700000, 0x000000008f700000|100%| E|CS|TAMS 0x000000008f600000, 0x000000008f600000| Complete 
| 247|0x000000008f700000, 0x000000008f800000, 0x000000008f800000|100%| E|CS|TAMS 0x000000008f700000, 0x000000008f700000| Complete 
| 248|0x000000008f800000, 0x000000008f900000, 0x000000008f900000|100%| E|CS|TAMS 0x000000008f800000, 0x000000008f800000| Complete 
| 249|0x000000008f900000, 0x000000008fa00000, 0x000000008fa00000|100%| E|CS|TAMS 0x000000008f900000, 0x000000008f900000| Complete 
| 250|0x000000008fa00000, 0x000000008fb00000, 0x000000008fb00000|100%| E|CS|TAMS 0x000000008fa00000, 0x000000008fa00000| Complete 
| 251|0x000000008fb00000, 0x000000008fc00000, 0x000000008fc00000|100%| E|CS|TAMS 0x000000008fb00000, 0x000000008fb00000| Complete 
| 252|0x000000008fc00000, 0x000000008fd00000, 0x000000008fd00000|100%| E|CS|TAMS 0x000000008fc00000, 0x000000008fc00000| Complete 
| 253|0x000000008fd00000, 0x000000008fe00000, 0x000000008fe00000|100%| E|CS|TAMS 0x000000008fd00000, 0x000000008fd00000| Complete 

Card table byte_map: [0x0000025e98b00000,0x0000025e98f00000] _byte_map_base: 0x0000025e98700000

Marking Bits (Prev, Next): (CMBitMap*) 0x0000025e84ea8ad8, (CMBitMap*) 0x0000025e84ea8b10
 Prev Bits: [0x0000025e99300000, 0x0000025e9b300000)
 Next Bits: [0x0000025e9b300000, 0x0000025e9d300000)

Polling page: 0x0000025e83670000

Metaspace:

Usage:
  Non-class:     77.91 MB capacity,    76.46 MB ( 98%) used,     1.19 MB (  2%) free+waste,   264.88 KB ( <1%) overhead. 
      Class:     12.20 MB capacity,    11.35 MB ( 93%) used,   748.82 KB (  6%) free+waste,   120.31 KB ( <1%) overhead. 
       Both:     90.11 MB capacity,    87.81 MB ( 97%) used,     1.92 MB (  2%) free+waste,   385.19 KB ( <1%) overhead. 

Virtual space:
  Non-class space:       78.00 MB reserved,      78.00 MB (100%) committed 
      Class space:        1.00 GB reserved,      12.32 MB (  1%) committed 
             Both:        1.08 GB reserved,      90.32 MB (  8%) committed 

Chunk freelists:
   Non-Class:  30.00 KB
       Class:  20.00 KB
        Both:  50.00 KB

MaxMetaspaceSize: 17179869184.00 GB
CompressedClassSpaceSize: 1.00 GB

CodeHeap 'non-profiled nmethods': size=120000Kb used=5917Kb max_used=5917Kb free=114082Kb
 bounds [0x0000025e90860000, 0x0000025e90e30000, 0x0000025e97d90000]
CodeHeap 'profiled nmethods': size=120000Kb used=21790Kb max_used=21790Kb free=98209Kb
 bounds [0x0000025e89330000, 0x0000025e8a880000, 0x0000025e90860000]
CodeHeap 'non-nmethods': size=5760Kb used=2303Kb max_used=2336Kb free=3456Kb
 bounds [0x0000025e88d90000, 0x0000025e89000000, 0x0000025e89330000]
 total_blobs=11070 nmethods=10164 adapters=817
 compilation: enabled
              stopped_count=0, restarted_count=0
 full_count=0

Compilation events (20 events):
Event: 14.700 Thread 0x0000025ea0701800 10221       3       com.android.tools.r8.graph.c0::F (16 bytes)
Event: 14.700 Thread 0x0000025ea0701800 nmethod 10221 0x0000025e8a871310 code [0x0000025e8a8714c0, 0x0000025e8a871608]
Event: 14.701 Thread 0x0000025ea0701800 10222       3       com.android.tools.r8.graph.c0::<init> (21 bytes)
Event: 14.702 Thread 0x0000025ea0701800 nmethod 10222 0x0000025e8a871690 code [0x0000025e8a871880, 0x0000025e8a871ca8]
Event: 14.702 Thread 0x0000025ea0701800 10223       3       com.android.tools.r8.graph.T::c (23 bytes)
Event: 14.702 Thread 0x0000025ea0701800 nmethod 10223 0x0000025e8a871e90 code [0x0000025e8a8720a0, 0x0000025e8a872698]
Event: 14.703 Thread 0x0000025ea0701800 10224       3       com.android.tools.r8.internal.Ye::c (23 bytes)
Event: 14.703 Thread 0x0000025ea0701800 nmethod 10224 0x0000025e8a872910 code [0x0000025e8a872ae0, 0x0000025e8a872cd8]
Event: 14.703 Thread 0x0000025ea0701800 10225       3       com.android.tools.r8.internal.Ye::d (140 bytes)
Event: 14.703 Thread 0x0000025ea0701800 nmethod 10225 0x0000025e8a872d90 code [0x0000025e8a872f60, 0x0000025e8a873538]
Event: 14.706 Thread 0x0000025ea0701800 10226       3       com.android.tools.r8.graph.h::equals (22 bytes)
Event: 14.706 Thread 0x0000025ea0701800 nmethod 10226 0x0000025e8a873610 code [0x0000025e8a8737e0, 0x0000025e8a873a28]
Event: 14.708 Thread 0x0000025ea0701800 10227       3       com.android.tools.r8.graph.b0::<init> (5 bytes)
Event: 14.709 Thread 0x0000025ea0701800 nmethod 10227 0x0000025e8a873b10 code [0x0000025e8a873ce0, 0x0000025e8a873f58]
Event: 14.709 Thread 0x0000025ea0701800 10228       3       com.android.tools.r8.graph.T::d (134 bytes)
Event: 14.709 Thread 0x0000025ea0701800 nmethod 10228 0x0000025e8a874090 code [0x0000025e8a874280, 0x0000025e8a874708]
Event: 14.712 Thread 0x0000025ea0701800 10229       3       com.android.tools.r8.graph.d0::r0 (22 bytes)
Event: 14.712 Thread 0x0000025ea0701800 nmethod 10229 0x0000025e8a874890 code [0x0000025e8a874a40, 0x0000025e8a874bb8]
Event: 14.719 Thread 0x0000025ea3d79800 nmethod 9871 0x0000025e90e19a10 code [0x0000025e90e19ee0, 0x0000025e90e1f418]
Event: 14.719 Thread 0x0000025ea3d79800 10210   !   4       java.util.concurrent.ConcurrentHashMap::computeIfAbsent (576 bytes)

GC Heap History (20 events):
Event: 3.770 GC heap before
{Heap before GC invocations=2 (full 0):
 garbage-first heap   total 260096K, used 65402K [0x0000000080000000, 0x0000000100000000)
  region size 1024K, 54 young (55296K), 1 survivors (1024K)
 Metaspace       used 17966K, capacity 18397K, committed 18432K, reserved 1064960K
  class space    used 2136K, capacity 2272K, committed 2304K, reserved 1048576K
}
Event: 3.774 GC heap after
{Heap after GC invocations=3 (full 0):
 garbage-first heap   total 260096K, used 16182K [0x0000000080000000, 0x0000000100000000)
  region size 1024K, 7 young (7168K), 7 survivors (7168K)
 Metaspace       used 17966K, capacity 18397K, committed 18432K, reserved 1064960K
  class space    used 2136K, capacity 2272K, committed 2304K, reserved 1048576K
}
Event: 4.029 GC heap before
{Heap before GC invocations=3 (full 0):
 garbage-first heap   total 260096K, used 36662K [0x0000000080000000, 0x0000000100000000)
  region size 1024K, 28 young (28672K), 7 survivors (7168K)
 Metaspace       used 20580K, capacity 21104K, committed 21248K, reserved 1067008K
  class space    used 2508K, capacity 2690K, committed 2816K, reserved 1048576K
}
Event: 4.039 GC heap after
{Heap after GC invocations=4 (full 0):
 garbage-first heap   total 260096K, used 17418K [0x0000000080000000, 0x0000000100000000)
  region size 1024K, 1 young (1024K), 1 survivors (1024K)
 Metaspace       used 20580K, capacity 21104K, committed 21248K, reserved 1067008K
  class space    used 2508K, capacity 2690K, committed 2816K, reserved 1048576K
}
Event: 5.180 GC heap before
{Heap before GC invocations=5 (full 0):
 garbage-first heap   total 260096K, used 101386K [0x0000000080000000, 0x0000000100000000)
  region size 1024K, 83 young (84992K), 1 survivors (1024K)
 Metaspace       used 28477K, capacity 29194K, committed 29440K, reserved 1075200K
  class space    used 3790K, capacity 4030K, committed 4096K, reserved 1048576K
}
Event: 5.185 GC heap after
{Heap after GC invocations=6 (full 0):
 garbage-first heap   total 260096K, used 19881K [0x0000000080000000, 0x0000000100000000)
  region size 1024K, 4 young (4096K), 4 survivors (4096K)
 Metaspace       used 28477K, capacity 29194K, committed 29440K, reserved 1075200K
  class space    used 3790K, capacity 4030K, committed 4096K, reserved 1048576K
}
Event: 5.740 GC heap before
{Heap before GC invocations=6 (full 0):
 garbage-first heap   total 260096K, used 48553K [0x0000000080000000, 0x0000000100000000)
  region size 1024K, 33 young (33792K), 4 survivors (4096K)
 Metaspace       used 35066K, capacity 35837K, committed 35840K, reserved 1081344K
  class space    used 4543K, capacity 4864K, committed 4864K, reserved 1048576K
}
Event: 5.750 GC heap after
{Heap after GC invocations=7 (full 0):
 garbage-first heap   total 260096K, used 22653K [0x0000000080000000, 0x0000000100000000)
  region size 1024K, 6 young (6144K), 6 survivors (6144K)
 Metaspace       used 35066K, capacity 35837K, committed 35840K, reserved 1081344K
  class space    used 4543K, capacity 4864K, committed 4864K, reserved 1048576K
}
Event: 7.121 GC heap before
{Heap before GC invocations=8 (full 0):
 garbage-first heap   total 260096K, used 147581K [0x0000000080000000, 0x0000000100000000)
  region size 1024K, 125 young (128000K), 6 survivors (6144K)
 Metaspace       used 44749K, capacity 45850K, committed 46156K, reserved 1089536K
  class space    used 5750K, capacity 6146K, committed 6220K, reserved 1048576K
}
Event: 7.134 GC heap after
{Heap after GC invocations=9 (full 0):
 garbage-first heap   total 260096K, used 29323K [0x0000000080000000, 0x0000000100000000)
  region size 1024K, 13 young (13312K), 13 survivors (13312K)
 Metaspace       used 44749K, capacity 45850K, committed 46156K, reserved 1089536K
  class space    used 5750K, capacity 6146K, committed 6220K, reserved 1048576K
}
Event: 9.154 GC heap before
{Heap before GC invocations=9 (full 0):
 garbage-first heap   total 260096K, used 165515K [0x0000000080000000, 0x0000000100000000)
  region size 1024K, 143 young (146432K), 13 survivors (13312K)
 Metaspace       used 58689K, capacity 60166K, committed 60236K, reserved 1101824K
  class space    used 7416K, capacity 7976K, committed 8012K, reserved 1048576K
}
Event: 9.171 GC heap after
{Heap after GC invocations=10 (full 0):
 garbage-first heap   total 260096K, used 44474K [0x0000000080000000, 0x0000000100000000)
  region size 1024K, 18 young (18432K), 18 survivors (18432K)
 Metaspace       used 58689K, capacity 60166K, committed 60236K, reserved 1101824K
  class space    used 7416K, capacity 7976K, committed 8012K, reserved 1048576K
}
Event: 9.173 GC heap before
{Heap before GC invocations=10 (full 0):
 garbage-first heap   total 260096K, used 44474K [0x0000000080000000, 0x0000000100000000)
  region size 1024K, 19 young (19456K), 18 survivors (18432K)
 Metaspace       used 58697K, capacity 60166K, committed 60236K, reserved 1101824K
  class space    used 7417K, capacity 7976K, committed 8012K, reserved 1048576K
}
Event: 9.199 GC heap after
{Heap after GC invocations=11 (full 0):
 garbage-first heap   total 260096K, used 46291K [0x0000000080000000, 0x0000000100000000)
  region size 1024K, 3 young (3072K), 3 survivors (3072K)
 Metaspace       used 58697K, capacity 60166K, committed 60236K, reserved 1101824K
  class space    used 7417K, capacity 7976K, committed 8012K, reserved 1048576K
}
Event: 10.792 GC heap before
{Heap before GC invocations=12 (full 0):
 garbage-first heap   total 260096K, used 183507K [0x0000000080000000, 0x0000000100000000)
  region size 1024K, 137 young (140288K), 3 survivors (3072K)
 Metaspace       used 70215K, capacity 71900K, committed 72140K, reserved 1112064K
  class space    used 9049K, capacity 9663K, committed 9676K, reserved 1048576K
}
Event: 10.805 GC heap after
{Heap after GC invocations=13 (full 0):
 garbage-first heap   total 260096K, used 54142K [0x0000000080000000, 0x0000000100000000)
  region size 1024K, 10 young (10240K), 10 survivors (10240K)
 Metaspace       used 70215K, capacity 71900K, committed 72140K, reserved 1112064K
  class space    used 9049K, capacity 9663K, committed 9676K, reserved 1048576K
}
Event: 12.896 GC heap before
{Heap before GC invocations=14 (full 0):
 garbage-first heap   total 260096K, used 190334K [0x0000000080000000, 0x0000000100000000)
  region size 1024K, 144 young (147456K), 10 survivors (10240K)
 Metaspace       used 81685K, capacity 83890K, committed 84172K, reserved 1122304K
  class space    used 10608K, capacity 11420K, committed 11468K, reserved 1048576K
}
Event: 12.913 GC heap after
{Heap after GC invocations=15 (full 0):
 garbage-first heap   total 260096K, used 65084K [0x0000000080000000, 0x0000000100000000)
  region size 1024K, 11 young (11264K), 11 survivors (11264K)
 Metaspace       used 81685K, capacity 83890K, committed 84172K, reserved 1122304K
  class space    used 10608K, capacity 11420K, committed 11468K, reserved 1048576K
}
Event: 14.047 GC heap before
{Heap before GC invocations=15 (full 0):
 garbage-first heap   total 260096K, used 194108K [0x0000000080000000, 0x0000000100000000)
  region size 1024K, 138 young (141312K), 11 survivors (11264K)
 Metaspace       used 84191K, capacity 86531K, committed 86732K, reserved 1124352K
  class space    used 10867K, capacity 11712K, committed 11724K, reserved 1048576K
}
Event: 14.065 GC heap after
{Heap after GC invocations=16 (full 0):
 garbage-first heap   total 260096K, used 73020K [0x0000000080000000, 0x0000000100000000)
  region size 1024K, 8 young (8192K), 8 survivors (8192K)
 Metaspace       used 84191K, capacity 86531K, committed 86732K, reserved 1124352K
  class space    used 10867K, capacity 11712K, committed 11724K, reserved 1048576K
}

Deoptimization events (20 events):
Event: 14.479 Thread 0x0000025ea3907000 Uncommon trap: trap_request=0xfffffff4 fr.pc=0x0000025e90dfa340 relative=0x0000000000000aa0
Event: 14.479 Thread 0x0000025ea3907000 Uncommon trap: reason=null_check action=make_not_entrant pc=0x0000025e90dfa340 method=org.gradle.tooling.internal.provider.runner.SubtreeFilteringBuildOperationListener.started(Lorg/gradle/internal/operations/BuildOperationDescriptor;Lorg/gradle/internal/
Event: 14.479 Thread 0x0000025ea3907000 DEOPT PACKING pc=0x0000025e90dfa340 sp=0x000000d2f00fe390
Event: 14.479 Thread 0x0000025ea3907000 DEOPT UNPACKING pc=0x0000025e88db78af sp=0x000000d2f00fe340 mode 2
Event: 14.584 Thread 0x0000025ea3c22000 Uncommon trap: trap_request=0xffffff4d fr.pc=0x0000025e908921c0 relative=0x00000000000007e0
Event: 14.584 Thread 0x0000025ea3c22000 Uncommon trap: reason=unstable_if action=reinterpret pc=0x0000025e908921c0 method=java.util.zip.ZipFile$Source.getEntryPos([BZ)I @ 105 c2
Event: 14.584 Thread 0x0000025ea3c22000 DEOPT PACKING pc=0x0000025e908921c0 sp=0x000000d2f16f9e50
Event: 14.584 Thread 0x0000025ea3c22000 DEOPT UNPACKING pc=0x0000025e88db78af sp=0x000000d2f16f9df0 mode 2
Event: 14.653 Thread 0x0000025ea3c22000 Uncommon trap: trap_request=0xffffff4d fr.pc=0x0000025e90d493c8 relative=0x0000000000000168
Event: 14.653 Thread 0x0000025ea3c22000 Uncommon trap: reason=unstable_if action=reinterpret pc=0x0000025e90d493c8 method=com.google.common.collect.MapMakerInternalMap$Segment.getEntry(Ljava/lang/Object;I)Lcom/google/common/collect/MapMakerInternalMap$InternalEntry; @ 63 c2
Event: 14.653 Thread 0x0000025ea3c22000 DEOPT PACKING pc=0x0000025e90d493c8 sp=0x000000d2f16f8860
Event: 14.653 Thread 0x0000025ea3c22000 DEOPT UNPACKING pc=0x0000025e88db78af sp=0x000000d2f16f8818 mode 2
Event: 14.668 Thread 0x0000025ea3c1f800 DEOPT PACKING pc=0x0000025e8a56edd5 sp=0x000000d2f14fc4b0
Event: 14.668 Thread 0x0000025ea3c1f800 DEOPT UNPACKING pc=0x0000025e88db76ce sp=0x000000d2f14fb9d0 mode 0
Event: 14.669 Thread 0x0000025ea3c22000 DEOPT PACKING pc=0x0000025e8a56edd5 sp=0x000000d2f16fa240
Event: 14.669 Thread 0x0000025ea3c22000 DEOPT UNPACKING pc=0x0000025e88db76ce sp=0x000000d2f16f9760 mode 0
Event: 14.670 Thread 0x0000025ea3c1f800 Uncommon trap: trap_request=0xffffff4d fr.pc=0x0000025e9090bd04 relative=0x0000000000001224
Event: 14.670 Thread 0x0000025ea3c1f800 Uncommon trap: reason=unstable_if action=reinterpret pc=0x0000025e9090bd04 method=java.util.concurrent.ConcurrentHashMap.transfer([Ljava/util/concurrent/ConcurrentHashMap$Node;[Ljava/util/concurrent/ConcurrentHashMap$Node;)V @ 273 c2
Event: 14.670 Thread 0x0000025ea3c1f800 DEOPT PACKING pc=0x0000025e9090bd04 sp=0x000000d2f14fc550
Event: 14.670 Thread 0x0000025ea3c1f800 DEOPT UNPACKING pc=0x0000025e88db78af sp=0x000000d2f14fc4d0 mode 2

Classes redefined (0 events):
No events

Internal exceptions (20 events):
Event: 13.741 Thread 0x0000025ea40b9800 Exception <a 'java/lang/NoSuchMethodError'{0x000000008a3badc8}: <clinit>> (0x000000008a3badc8) thrown at [./src/hotspot/share/prims/jni.cpp, line 1362]
Event: 13.741 Thread 0x0000025ea40b9800 Exception <a 'java/lang/NoSuchMethodError'{0x000000008a3bc100}: <clinit>> (0x000000008a3bc100) thrown at [./src/hotspot/share/prims/jni.cpp, line 1362]
Event: 13.741 Thread 0x0000025ea40b9800 Exception <a 'java/lang/NoSuchMethodError'{0x000000008a3be860}: <clinit>> (0x000000008a3be860) thrown at [./src/hotspot/share/prims/jni.cpp, line 1362]
Event: 13.743 Thread 0x0000025ea40b9800 Exception <a 'java/lang/NoSuchMethodError'{0x000000008a3d7cc0}: <clinit>> (0x000000008a3d7cc0) thrown at [./src/hotspot/share/prims/jni.cpp, line 1362]
Event: 13.743 Thread 0x0000025ea40b9800 Exception <a 'java/lang/NoSuchMethodError'{0x000000008a3d91a0}: <clinit>> (0x000000008a3d91a0) thrown at [./src/hotspot/share/prims/jni.cpp, line 1362]
Event: 13.769 Thread 0x0000025ea40b9800 Exception <a 'sun/nio/fs/WindowsException'{0x000000008a1697a0}> (0x000000008a1697a0) thrown at [./src/hotspot/share/prims/jni.cpp, line 615]
Event: 13.769 Thread 0x0000025ea40b9800 Exception <a 'sun/nio/fs/WindowsException'{0x000000008a16a628}> (0x000000008a16a628) thrown at [./src/hotspot/share/prims/jni.cpp, line 615]
Event: 13.770 Thread 0x0000025ea40b9800 Exception <a 'sun/nio/fs/WindowsException'{0x000000008a16a9f0}> (0x000000008a16a9f0) thrown at [./src/hotspot/share/prims/jni.cpp, line 615]
Event: 13.771 Thread 0x0000025ea40b9800 Exception <a 'sun/nio/fs/WindowsException'{0x000000008a16b858}> (0x000000008a16b858) thrown at [./src/hotspot/share/prims/jni.cpp, line 615]
Event: 13.771 Thread 0x0000025ea40b9800 Exception <a 'sun/nio/fs/WindowsException'{0x000000008a16bb38}> (0x000000008a16bb38) thrown at [./src/hotspot/share/prims/jni.cpp, line 615]
Event: 13.771 Thread 0x0000025ea40b9800 Exception <a 'sun/nio/fs/WindowsException'{0x000000008a16c9b8}> (0x000000008a16c9b8) thrown at [./src/hotspot/share/prims/jni.cpp, line 615]
Event: 13.771 Thread 0x0000025ea40b9800 Exception <a 'sun/nio/fs/WindowsException'{0x000000008a16cc38}> (0x000000008a16cc38) thrown at [./src/hotspot/share/prims/jni.cpp, line 615]
Event: 13.771 Thread 0x0000025ea40b9800 Exception <a 'sun/nio/fs/WindowsException'{0x000000008a16da88}> (0x000000008a16da88) thrown at [./src/hotspot/share/prims/jni.cpp, line 615]
Event: 13.788 Thread 0x0000025ea40b9800 Exception <a 'java/lang/NoSuchMethodError'{0x000000008a0f1910}: <clinit>> (0x000000008a0f1910) thrown at [./src/hotspot/share/prims/jni.cpp, line 1362]
Event: 13.791 Thread 0x0000025ea40b9800 Exception <a 'java/lang/NoSuchMethodError'{0x0000000089f28270}: <clinit>> (0x0000000089f28270) thrown at [./src/hotspot/share/prims/jni.cpp, line 1362]
Event: 13.793 Thread 0x0000025ea40b9800 Exception <a 'java/lang/NoSuchMethodError'{0x0000000089f5a5c0}: <clinit>> (0x0000000089f5a5c0) thrown at [./src/hotspot/share/prims/jni.cpp, line 1362]
Event: 13.794 Thread 0x0000025ea40b9800 Exception <a 'java/lang/NoSuchMethodError'{0x0000000089f6d118}: <clinit>> (0x0000000089f6d118) thrown at [./src/hotspot/share/prims/jni.cpp, line 1362]
Event: 14.079 Thread 0x0000025ea40b8800 Exception <a 'java/lang/NoSuchMethodError'{0x000000008fb9e150}: 'int java.lang.invoke.DirectMethodHandle$Holder.invokeSpecial(java.lang.Object, java.lang.Object, java.lang.Object, java.lang.Object, java.lang.Object)'> (0x000000008fb9e150) thrown at [./src/hotspot/share/interpreter/linkResolver.cpp, line 773]
Event: 14.479 Thread 0x0000025ea3907000 Implicit null exception at 0x0000025e90df9abe to 0x0000025e90dfa320
Event: 14.640 Thread 0x0000025ea3c22000 Exception <a 'sun/nio/fs/WindowsException'{0x000000008a9c9c88}> (0x000000008a9c9c88) thrown at [./src/hotspot/share/prims/jni.cpp, line 615]

Events (20 events):
Event: 14.718 loading class java/lang/ProcessBuilder
Event: 14.718 loading class com/android/tools/r8/internal/pe
Event: 14.718 loading class com/android/tools/r8/internal/pe done
Event: 14.719 loading class com/android/tools/r8/internal/xq
Event: 14.719 loading class com/android/tools/r8/internal/xq done
Event: 14.719 loading class java/lang/ProcessBuilder done
Event: 14.719 loading class java/lang/ProcessImpl
Event: 14.719 loading class com/android/tools/r8/internal/me
Event: 14.719 loading class com/android/tools/r8/internal/me done
Event: 14.720 loading class java/lang/ProcessImpl done
Event: 14.720 loading class com/android/tools/r8/internal/Of$a
Event: 14.720 loading class com/android/tools/r8/internal/Of$a done
Event: 14.720 loading class com/android/tools/r8/internal/ff
Event: 14.720 loading class com/android/tools/r8/internal/ff done
Event: 14.721 loading class com/android/tools/r8/internal/wq
Event: 14.721 loading class com/android/tools/r8/internal/wq done
Event: 14.721 loading class com/android/tools/r8/internal/vq
Event: 14.721 loading class com/android/tools/r8/internal/vq done
Event: 14.721 loading class com/android/tools/r8/internal/iC
Event: 14.721 loading class com/android/tools/r8/internal/iC done


Dynamic libraries:
0x00007ff7b0220000 - 0x00007ff7b022a000 	D:\Android\AndroidStudio\jre\bin\java.exe
0x00007ffcdc430000 - 0x00007ffcdc625000 	C:\WINDOWS\SYSTEM32\ntdll.dll
0x00007ffcdc290000 - 0x00007ffcdc34e000 	C:\WINDOWS\System32\KERNEL32.DLL
0x00007ffcda060000 - 0x00007ffcda328000 	C:\WINDOWS\System32\KERNELBASE.dll
0x00007ffcd9ea0000 - 0x00007ffcd9fa0000 	C:\WINDOWS\System32\ucrtbase.dll
0x00007ffcd3780000 - 0x00007ffcd3799000 	D:\Android\AndroidStudio\jre\bin\jli.dll
0x00007ffcc9f10000 - 0x00007ffcc9f27000 	D:\Android\AndroidStudio\jre\bin\VCRUNTIME140.dll
0x00007ffcdac20000 - 0x00007ffcdadc1000 	C:\WINDOWS\System32\USER32.dll
0x00007ffcda330000 - 0x00007ffcda352000 	C:\WINDOWS\System32\win32u.dll
0x00007ffcdbb80000 - 0x00007ffcdbbab000 	C:\WINDOWS\System32\GDI32.dll
0x00007ffcda360000 - 0x00007ffcda46d000 	C:\WINDOWS\System32\gdi32full.dll
0x00007ffcd9ba0000 - 0x00007ffcd9c3d000 	C:\WINDOWS\System32\msvcp_win.dll
0x00007ffcc2ac0000 - 0x00007ffcc2d5a000 	C:\WINDOWS\WinSxS\amd64_microsoft.windows.common-controls_6595b64144ccf1df_6.0.19041.1110_none_60b5254171f9507e\COMCTL32.dll
0x00007ffcdc350000 - 0x00007ffcdc3ee000 	C:\WINDOWS\System32\msvcrt.dll
0x00007ffcdb250000 - 0x00007ffcdb280000 	C:\WINDOWS\System32\IMM32.DLL
0x0000000072460000 - 0x000000007246a000 	D:\360\360Safe\safemon\SafeWrapper.dll
0x00007ffcdc1e0000 - 0x00007ffcdc28c000 	C:\WINDOWS\System32\ADVAPI32.dll
0x00007ffcdbbb0000 - 0x00007ffcdbc4b000 	C:\WINDOWS\System32\sechost.dll
0x00007ffcdbe50000 - 0x00007ffcdbf7a000 	C:\WINDOWS\System32\RPCRT4.dll
0x00007ffcc2460000 - 0x00007ffcc24f2000 	D:\360\360Safe\safemon\libzdtp64.dll
0x00007ffcdbac0000 - 0x00007ffcdbb15000 	C:\WINDOWS\System32\SHLWAPI.dll
0x00007ffcd96c0000 - 0x00007ffcd96ca000 	C:\WINDOWS\SYSTEM32\VERSION.dll
0x00007ffcc9d90000 - 0x00007ffcc9e2d000 	D:\Android\AndroidStudio\jre\bin\msvcp140.dll
0x00007ffc7f7e0000 - 0x00007ffc802af000 	D:\Android\AndroidStudio\jre\bin\server\jvm.dll
0x00007ffcdb9d0000 - 0x00007ffcdb9d8000 	C:\WINDOWS\System32\PSAPI.DLL
0x00007ffcd2930000 - 0x00007ffcd2939000 	C:\WINDOWS\SYSTEM32\WSOCK32.dll
0x00007ffcdb9e0000 - 0x00007ffcdba4b000 	C:\WINDOWS\System32\WS2_32.dll
0x00007ffcc2d60000 - 0x00007ffcc2d87000 	C:\WINDOWS\SYSTEM32\WINMM.dll
0x00007ffcd79c0000 - 0x00007ffcd79d2000 	C:\WINDOWS\SYSTEM32\kernel.appcore.dll
0x00007ffcd1290000 - 0x00007ffcd12a1000 	D:\Android\AndroidStudio\jre\bin\verify.dll
0x00007ffcc6f20000 - 0x00007ffcc7104000 	C:\WINDOWS\SYSTEM32\DBGHELP.DLL
0x00007ffcbcb90000 - 0x00007ffcbcbbc000 	C:\WINDOWS\SYSTEM32\dbgcore.DLL
0x00007ffcd9fd0000 - 0x00007ffcda052000 	C:\WINDOWS\System32\bcryptPrimitives.dll
0x00007ffcd1200000 - 0x00007ffcd1229000 	D:\Android\AndroidStudio\jre\bin\java.dll
0x00007ffcd13c0000 - 0x00007ffcd13cb000 	D:\Android\AndroidStudio\jre\bin\jimage.dll
0x00007ffcd0f40000 - 0x00007ffcd0f58000 	D:\Android\AndroidStudio\jre\bin\zip.dll
0x00007ffcdb280000 - 0x00007ffcdb9c4000 	C:\WINDOWS\System32\SHELL32.dll
0x00007ffcd7bc0000 - 0x00007ffcd8354000 	C:\WINDOWS\SYSTEM32\windows.storage.dll
0x00007ffcda470000 - 0x00007ffcda7c5000 	C:\WINDOWS\System32\combase.dll
0x00007ffcd9520000 - 0x00007ffcd954e000 	C:\WINDOWS\SYSTEM32\Wldp.dll
0x00007ffcda970000 - 0x00007ffcdaa1d000 	C:\WINDOWS\System32\SHCORE.dll
0x00007ffcd9a80000 - 0x00007ffcd9a9f000 	C:\WINDOWS\SYSTEM32\profapi.dll
0x00007ffcd0ec0000 - 0x00007ffcd0eda000 	D:\Android\AndroidStudio\jre\bin\net.dll
0x00007ffcc5f40000 - 0x00007ffcc604c000 	C:\WINDOWS\SYSTEM32\WINHTTP.dll
0x00007ffcd9280000 - 0x00007ffcd92ea000 	C:\WINDOWS\system32\mswsock.dll
0x00007ffcd05e0000 - 0x00007ffcd05f4000 	D:\Android\AndroidStudio\jre\bin\nio.dll
0x00007ffcc9cb0000 - 0x00007ffcc9cd7000 	C:\Users\14185\.gradle\native\8bec1ad78214c89d9ad589b4d07fe93259594b29d510b10fafb7a158f7737e5d\windows-amd64\native-platform.dll
0x00007ffc939d0000 - 0x00007ffc93b0d000 	C:\Users\14185\.gradle\native\53dbd7edfb1c66fb8903c78663c9afc45aea4f116125fa6feffd364cf09443e8\windows-amd64\native-platform-file-events.dll
0x00007ffcd0f30000 - 0x00007ffcd0f3a000 	D:\Android\AndroidStudio\jre\bin\management.dll
0x00007ffcd0eb0000 - 0x00007ffcd0ebc000 	D:\Android\AndroidStudio\jre\bin\management_ext.dll
0x00007ffcd9470000 - 0x00007ffcd9488000 	C:\WINDOWS\SYSTEM32\CRYPTSP.dll
0x00007ffcd8b90000 - 0x00007ffcd8bc4000 	C:\WINDOWS\system32\rsaenh.dll
0x00007ffcd9fa0000 - 0x00007ffcd9fc7000 	C:\WINDOWS\System32\bcrypt.dll
0x00007ffcd9a00000 - 0x00007ffcd9a2e000 	C:\WINDOWS\SYSTEM32\USERENV.dll
0x00007ffcd9490000 - 0x00007ffcd949c000 	C:\WINDOWS\SYSTEM32\CRYPTBASE.dll
0x00007ffcd8f20000 - 0x00007ffcd8f5b000 	C:\WINDOWS\SYSTEM32\IPHLPAPI.DLL
0x00007ffcdaa40000 - 0x00007ffcdaa48000 	C:\WINDOWS\System32\NSI.dll
0x00007ffccf950000 - 0x00007ffccf967000 	C:\WINDOWS\SYSTEM32\dhcpcsvc6.DLL
0x00007ffccfe30000 - 0x00007ffccfe4d000 	C:\WINDOWS\SYSTEM32\dhcpcsvc.DLL
0x00007ffcd8f60000 - 0x00007ffcd902b000 	C:\WINDOWS\SYSTEM32\DNSAPI.dll

dbghelp: loaded successfully - version: 4.0.5 - missing functions: none
symbol engine: initialized successfully - sym options: 0x614 - pdb path: .;D:\Android\AndroidStudio\jre\bin;C:\WINDOWS\SYSTEM32;C:\WINDOWS\WinSxS\amd64_microsoft.windows.common-controls_6595b64144ccf1df_6.0.19041.1110_none_60b5254171f9507e;D:\360\360Safe\safemon;D:\Android\AndroidStudio\jre\bin\server;C:\Users\14185\.gradle\native\8bec1ad78214c89d9ad589b4d07fe93259594b29d510b10fafb7a158f7737e5d\windows-amd64;C:\Users\14185\.gradle\native\53dbd7edfb1c66fb8903c78663c9afc45aea4f116125fa6feffd364cf09443e8\windows-amd64

VM Arguments:
jvm_args: --add-opens=java.base/java.util=ALL-UNNAMED --add-opens=java.base/java.lang=ALL-UNNAMED --add-opens=java.base/java.lang.invoke=ALL-UNNAMED --add-opens=java.base/java.util=ALL-UNNAMED --add-opens=java.prefs/java.util.prefs=ALL-UNNAMED --add-opens=java.prefs/java.util.prefs=ALL-UNNAMED --add-opens=java.base/java.nio.charset=ALL-UNNAMED --add-opens=java.base/java.net=ALL-UNNAMED --add-opens=java.base/java.util.concurrent.atomic=ALL-UNNAMED -Xmx2048m -Dfile.encoding=UTF-8 -Duser.country=CN -Duser.language=zh -Duser.variant 
java_command: org.gradle.launcher.daemon.bootstrap.GradleDaemon 7.0.2
java_class_path (initial): C:\Users\14185\.gradle\wrapper\dists\gradle-7.0.2-bin\857tjihv64xamwrf0h14cai3r\gradle-7.0.2\lib\gradle-launcher-7.0.2.jar
Launcher Type: SUN_STANDARD

[Global flags]
     intx CICompilerCount                          = 4                                         {product} {ergonomic}
     uint ConcGCThreads                            = 2                                         {product} {ergonomic}
     uint G1ConcRefinementThreads                  = 8                                         {product} {ergonomic}
   size_t G1HeapRegionSize                         = 1048576                                   {product} {ergonomic}
    uintx GCDrainStackTargetSize                   = 64                                        {product} {ergonomic}
   size_t InitialHeapSize                          = 266338304                                 {product} {ergonomic}
   size_t MarkStackSize                            = 4194304                                   {product} {ergonomic}
   size_t MaxHeapSize                              = 2147483648                                {product} {command line}
   size_t MaxNewSize                               = 1287651328                                {product} {ergonomic}
   size_t MinHeapDeltaBytes                        = 1048576                                   {product} {ergonomic}
    uintx NonNMethodCodeHeapSize                   = 5836300                                {pd product} {ergonomic}
    uintx NonProfiledCodeHeapSize                  = 122910970                              {pd product} {ergonomic}
    uintx ProfiledCodeHeapSize                     = 122910970                              {pd product} {ergonomic}
    uintx ReservedCodeCacheSize                    = 251658240                              {pd product} {ergonomic}
     bool SegmentedCodeCache                       = true                                      {product} {ergonomic}
     bool UseCompressedClassPointers               = true                                 {lp64_product} {ergonomic}
     bool UseCompressedOops                        = true                                 {lp64_product} {ergonomic}
     bool UseG1GC                                  = true                                      {product} {ergonomic}
     bool UseLargePagesIndividualAllocation        = false                                  {pd product} {ergonomic}

Logging:
Log output configuration:
 #0: stdout all=warning uptime,level,tags
 #1: stderr all=off uptime,level,tags

Environment Variables:
JAVA_HOME=D:\JDK
PATH=C:\Program Files\PlasticSCM5\server;C:\Program Files\PlasticSCM5\client;C:\Program Files\Common Files\Oracle\Java\javapath;C:\windows\system32;C:\windows;C:\windows\System32\Wbem;C:\windows\System32\WindowsPowerShell\v1.0\;C:\windows\System32\OpenSSH\;C:\Program Files (x86)\NVIDIA Corporation\PhysX\Common;C:\WINDOWS\system32;C:\WINDOWS;C:\WINDOWS\System32\Wbem;C:\WINDOWS\System32\WindowsPowerShell\v1.0\;C:\WINDOWS\System32\OpenSSH\;"D:\JDK\bin;";C:\Program Files\Microsoft SQL Server\Client SDK\ODBC\130\Tools\Binn\;C:\Program Files (x86)\Microsoft SQL Server\130\Tools\Binn\;C:\Program Files\Microsoft SQL Server\130\Tools\Binn\;C:\Program Files\Microsoft SQL Server\130\DTS\Binn\;C:\Program Files (x86)\Microsoft SQL Server\150\DTS\Binn\;D:\Microsoft VS Code\bin;C:\Users\14185\AppData\Local\Programs\Python\Python39\;D:\Dev-Cpp\devcpp.exe
USERNAME=14185
OS=Windows_NT
PROCESSOR_IDENTIFIER=Intel64 Family 6 Model 142 Stepping 12, GenuineIntel



---------------  S Y S T E M  ---------------

OS: Windows 10 , 64 bit Build 19041 (10.0.19041.1348)
OS uptime: 0 days 22:04 hours

CPU:total 8 (initial active 8) (4 cores per cpu, 2 threads per core) family 6 model 142 stepping 12 microcode 0xca, cmov, cx8, fxsr, mmx, sse, sse2, sse3, ssse3, sse4.1, sse4.2, popcnt, avx, avx2, aes, clmul, erms, 3dnowpref, lzcnt, ht, tsc, tscinvbit, bmi1, bmi2, adx, fma

Memory: 4k page, system-wide physical 16221M (5967M free)
TotalPageFile size 24925M (AvailPageFile size 12863M)
current process WorkingSet (physical memory assigned to process): 522M, peak: 522M
current process commit charge ("private bytes"): 571M, peak: 571M

vm_info: OpenJDK 64-Bit Server VM (11.0.10+0-b96-7249189) for windows-amd64 JRE (11.0.10+0-b96-7249189), built on Mar 31 2021 21:44:00 by "builder" with MS VC++ 14.0 (VS2015)

END.
