#
# A fatal error has been detected by the Java Runtime Environment:
#
#  EXCEPTION_ACCESS_VIOLATION (0xc0000005) at pc=0x00007ffb2a1ac2b3, pid=4488, tid=2664
#
# JRE version: OpenJDK Runtime Environment (11.0.10) (build 11.0.10+0-b96-7249189)
# Java VM: OpenJDK 64-Bit Server VM (11.0.10+0-b96-7249189, mixed mode, tiered, compressed oops, g1 gc, windows-amd64)
# Problematic frame:
# C  [libzdtp64.dll+0x1c2b3]
#
# No core dump will be written. Minidumps are not enabled by default on client versions of Windows
#
# If you would like to submit a bug report, please visit:
#   https://bugreport.java.com/bugreport/crash.jsp
# The crash happened outside the Java Virtual Machine in native code.
# See problematic frame for where to report the bug.
#

---------------  S U M M A R Y ------------

Command Line: --add-opens=java.base/java.util=ALL-UNNAMED --add-opens=java.base/java.lang=ALL-UNNAMED --add-opens=java.base/java.lang.invoke=ALL-UNNAMED --add-opens=java.base/java.util=ALL-UNNAMED --add-opens=java.prefs/java.util.prefs=ALL-UNNAMED --add-opens=java.prefs/java.util.prefs=ALL-UNNAMED --add-opens=java.base/java.nio.charset=ALL-UNNAMED --add-opens=java.base/java.net=ALL-UNNAMED --add-opens=java.base/java.util.concurrent.atomic=ALL-UNNAMED -Xmx2048m -Dfile.encoding=UTF-8 -Duser.country=CN -Duser.language=zh -Duser.variant org.gradle.launcher.daemon.bootstrap.GradleDaemon 7.0.2

Host: Intel(R) Core(TM) i7-10510U CPU @ 1.80GHz, 8 cores, 15G,  Windows 10 , 64 bit Build 19041 (10.0.19041.1348)
Time: Mon Dec 27 11:19:56 2021 中国标准时间 elapsed time: 17.607992 seconds (0d 0h 0m 17s)

---------------  T H R E A D  ---------------

Current thread (0x000002112a00f800):  JavaThread "WorkerExecutor Queue" [_thread_in_native, id=2664, stack(0x0000001179d00000,0x0000001179e00000)]

Stack: [0x0000001179d00000,0x0000001179e00000],  sp=0x0000001179dfd220,  free space=1012k
Native frames: (J=compiled Java code, j=interpreted, Vv=VM code, C=native code)
C  [libzdtp64.dll+0x1c2b3]
C  [libzdtp64.dll+0x1cf8d]
C  0x000002111158ff48

Java frames: (J=compiled Java code, j=interpreted, Vv=VM code)
j  java.lang.ProcessImpl.create(Ljava/lang/String;Ljava/lang/String;Ljava/lang/String;[JZ)J+0 java.base@11.0.10
j  java.lang.ProcessImpl.<init>([Ljava/lang/String;Ljava/lang/String;Ljava/lang/String;[JZ)V+264 java.base@11.0.10
j  java.lang.ProcessImpl.start([Ljava/lang/String;Ljava/util/Map;Ljava/lang/String;[Ljava/lang/ProcessBuilder$Redirect;Z)Ljava/lang/Process;+399 java.base@11.0.10
j  java.lang.ProcessBuilder.start([Ljava/lang/ProcessBuilder$Redirect;)Ljava/lang/Process;+163 java.base@11.0.10
j  java.lang.ProcessBuilder.start()Ljava/lang/Process;+5 java.base@11.0.10
j  com.android.builder.internal.aapt.v2.Aapt2DaemonImpl.startProcess()V+41
j  com.android.builder.internal.aapt.v2.Aapt2Daemon.checkStarted()V+66
j  com.android.builder.internal.aapt.v2.Aapt2Daemon.link(Lcom/android/builder/internal/aapt/AaptPackageConfig;Lcom/android/utils/ILogger;)V+13
j  com.android.builder.internal.aapt.v2.Aapt2DaemonManager$LeasedAaptDaemon.link(Lcom/android/builder/internal/aapt/AaptPackageConfig;Lcom/android/utils/ILogger;)V+34
j  com.android.builder.internal.aapt.v2.Aapt2DaemonManager$leasingAapt2Daemon$1.link(Lcom/android/builder/internal/aapt/AaptPackageConfig;Lcom/android/utils/ILogger;)V+49
j  com.android.build.gradle.internal.services.PartialInProcessResourceProcessor.link(Lcom/android/builder/internal/aapt/AaptPackageConfig;Lcom/android/utils/ILogger;)V+18
j  com.android.build.gradle.internal.res.Aapt2ProcessResourcesRunnableKt.processResources(Lcom/android/builder/internal/aapt/v2/Aapt2;Lcom/android/builder/internal/aapt/AaptPackageConfig;Ljava/io/File;Lorg/gradle/api/logging/Logger;Lcom/android/build/gradle/options/SyncOptions$ErrorFormatMode;Lkotlin/jvm/functions/Function1;)V+46
j  com.android.build.gradle.internal.res.LinkApplicationAndroidResourcesTask$Companion.invokeAaptForSplit(Lcom/android/build/api/variant/impl/VariantOutputImpl$SerializedForm;Lcom/android/build/api/variant/impl/BuiltArtifactImpl;ZLcom/android/builder/internal/aapt/v2/Aapt2;Ljava/io/File;Lcom/android/build/gradle/internal/res/LinkApplicationAndroidResourcesTask$TaskWorkActionParameters;)V+1428
j  com.android.build.gradle.internal.res.LinkApplicationAndroidResourcesTask$Companion.access$invokeAaptForSplit(Lcom/android/build/gradle/internal/res/LinkApplicationAndroidResourcesTask$Companion;Lcom/android/build/api/variant/impl/VariantOutputImpl$SerializedForm;Lcom/android/build/api/variant/impl/BuiltArtifactImpl;ZLcom/android/builder/internal/aapt/v2/Aapt2;Ljava/io/File;Lcom/android/build/gradle/internal/res/LinkApplicationAndroidResourcesTask$TaskWorkActionParameters;)V+10
j  com.android.build.gradle.internal.res.LinkApplicationAndroidResourcesTask$TaskAction.run()V+224
j  com.android.build.gradle.internal.profile.ProfileAwareWorkAction.execute()V+74
j  org.gradle.workers.internal.DefaultWorkerServer.execute(Lorg/gradle/workers/internal/SimpleActionExecutionSpec;)Lorg/gradle/workers/internal/DefaultWorkResult;+128
j  org.gradle.workers.internal.NoIsolationWorkerFactory$1$1.create()Lorg/gradle/workers/internal/DefaultWorkResult;+29
j  org.gradle.workers.internal.NoIsolationWorkerFactory$1$1.create()Ljava/lang/Object;+1
j  org.gradle.internal.classloader.ClassLoaderUtils.executeInClassloader(Ljava/lang/ClassLoader;Lorg/gradle/internal/Factory;)Ljava/lang/Object;+15
j  org.gradle.workers.internal.NoIsolationWorkerFactory$1.lambda$execute$0(Ljava/lang/ClassLoader;Lorg/gradle/workers/WorkerExecutor;Lorg/gradle/workers/internal/IsolatedParametersActionExecutionSpec;)Lorg/gradle/workers/internal/DefaultWorkResult;+10
j  org.gradle.workers.internal.NoIsolationWorkerFactory$1$$Lambda$1083.execute(Lorg/gradle/workers/internal/IsolatedParametersActionExecutionSpec;)Lorg/gradle/workers/internal/DefaultWorkResult;+13
j  org.gradle.workers.internal.AbstractWorker$1.call(Lorg/gradle/internal/operations/BuildOperationContext;)Lorg/gradle/workers/internal/DefaultWorkResult;+8
j  org.gradle.workers.internal.AbstractWorker$1.call(Lorg/gradle/internal/operations/BuildOperationContext;)Ljava/lang/Object;+2
J 9058 c1 org.gradle.internal.operations.DefaultBuildOperationRunner$CallableBuildOperationWorker.execute(Lorg/gradle/internal/operations/BuildOperation;Lorg/gradle/internal/operations/BuildOperationContext;)V (10 bytes) @ 0x0000021112dd8c24 [0x0000021112dd89e0+0x0000000000000244]
J 6525 c1 org.gradle.internal.operations.DefaultBuildOperationRunner$3.execute(Lorg/gradle/internal/operations/BuildOperationDescriptor;Lorg/gradle/internal/operations/BuildOperationState;Lorg/gradle/internal/operations/BuildOperationState;Lorg/gradle/internal/operations/DefaultBuildOperationRunner$ReadableBuildOperationContext;Lorg/gradle/internal/operations/DefaultBuildOperationRunner$BuildOperationExecutionListener;)Lorg/gradle/internal/operations/BuildOperation; (110 bytes) @ 0x000002111287c6a4 [0x000002111287c4c0+0x00000000000001e4]
J 6435 c1 org.gradle.internal.operations.DefaultBuildOperationRunner.execute(Lorg/gradle/internal/operations/BuildOperationDescriptor$Builder;Lorg/gradle/internal/operations/BuildOperationState;Lorg/gradle/internal/operations/DefaultBuildOperationRunner$BuildOperationExecution;)Ljava/lang/Object; (140 bytes) @ 0x000002111284d3b4 [0x000002111284c6a0+0x0000000000000d14]
J 8652 c1 org.gradle.internal.operations.DefaultBuildOperationRunner.call(Lorg/gradle/internal/operations/CallableBuildOperation;)Ljava/lang/Object; (24 bytes) @ 0x0000021112cfb8dc [0x0000021112cfb1e0+0x00000000000006fc]
J 6555 c1 org.gradle.internal.operations.DefaultBuildOperationExecutor.call(Lorg/gradle/internal/operations/CallableBuildOperation;)Ljava/lang/Object; (19 bytes) @ 0x0000021112891e4c [0x00000211128915a0+0x00000000000008ac]
j  org.gradle.workers.internal.AbstractWorker.executeWrappedInBuildOperation(Lorg/gradle/workers/internal/IsolatedParametersActionExecutionSpec;Lorg/gradle/internal/operations/BuildOperationRef;Lorg/gradle/workers/internal/AbstractWorker$Work;)Lorg/gradle/workers/internal/DefaultWorkResult;+15
j  org.gradle.workers.internal.NoIsolationWorkerFactory$1.execute(Lorg/gradle/workers/internal/IsolatedParametersActionExecutionSpec;Lorg/gradle/internal/operations/BuildOperationRef;)Lorg/gradle/workers/internal/DefaultWorkResult;+17
j  org.gradle.workers.internal.DefaultWorkerExecutor.lambda$submitWork$2(Lorg/gradle/workers/internal/WorkerFactory;Lorg/gradle/workers/internal/WorkerRequirement;Lorg/gradle/workers/internal/IsolatedParametersActionExecutionSpec;Lorg/gradle/internal/operations/BuildOperationRef;)Lorg/gradle/workers/internal/DefaultWorkResult;+13
j  org.gradle.workers.internal.DefaultWorkerExecutor$$Lambda$1081.call()Ljava/lang/Object;+16
J 7622 c1 java.util.concurrent.FutureTask.run()V java.base@11.0.10 (123 bytes) @ 0x0000021112b08d44 [0x0000021112b086a0+0x00000000000006a4]
j  org.gradle.internal.work.DefaultConditionalExecutionQueue$ExecutionRunner.runExecution(Lorg/gradle/internal/work/ConditionalExecution;)V+6
j  org.gradle.internal.work.DefaultConditionalExecutionQueue$ExecutionRunner.runBatch(Lorg/gradle/internal/work/ConditionalExecution;)V+8
j  org.gradle.internal.work.DefaultConditionalExecutionQueue$ExecutionRunner.run()V+11
j  java.util.concurrent.Executors$RunnableAdapter.call()Ljava/lang/Object;+4 java.base@11.0.10
J 7622 c1 java.util.concurrent.FutureTask.run()V java.base@11.0.10 (123 bytes) @ 0x0000021112b08d44 [0x0000021112b086a0+0x00000000000006a4]
J 8755 c1 org.gradle.internal.concurrent.ManagedExecutorImpl$1.run()V (57 bytes) @ 0x0000021112d359dc [0x0000021112d35760+0x000000000000027c]
j  java.util.concurrent.ThreadPoolExecutor.runWorker(Ljava/util/concurrent/ThreadPoolExecutor$Worker;)V+92 java.base@11.0.10
j  java.util.concurrent.ThreadPoolExecutor$Worker.run()V+5 java.base@11.0.10
j  org.gradle.internal.concurrent.ThreadFactoryImpl$ManagedThreadRunnable.run()V+7
j  java.lang.Thread.run()V+11 java.base@11.0.10
v  ~StubRoutines::call_stub

siginfo: EXCEPTION_ACCESS_VIOLATION (0xc0000005), reading address 0x0000000000000018


Register to memory mapping:

RIP=0x00007ffb2a1ac2b3 libzdtp64.dll
RAX=0x0 is NULL
RBX=0x0 is NULL
RCX=0x0000001179dfd400 is pointing into the stack for thread: 0x000002112a00f800
RDX=0x0 is NULL
RSP=0x0000001179dfd220 is pointing into the stack for thread: 0x000002112a00f800
RBP=0x0000001179dfd320 is pointing into the stack for thread: 0x000002112a00f800
RSI=0x0 is NULL
RDI=0x0000001179dfd400 is pointing into the stack for thread: 0x000002112a00f800
R8 =0x0000000000000004 is an unknown value
R9 =0x0000000000000001 is an unknown value
R10=0x0000000000008000 is an unknown value
R11=0x0000001179dfd300 is pointing into the stack for thread: 0x000002112a00f800
R12=0x0 is NULL
R13=0x0000021130467ed8 points into unknown readable memory: 0x0000000000000000 | 00 00 00 00 00 00 00 00
R14=0x0 is NULL
R15=0x0000000000000001 is an unknown value


Registers:
RAX=0x0000000000000000, RBX=0x0000000000000000, RCX=0x0000001179dfd400, RDX=0x0000000000000000
RSP=0x0000001179dfd220, RBP=0x0000001179dfd320, RSI=0x0000000000000000, RDI=0x0000001179dfd400
R8 =0x0000000000000004, R9 =0x0000000000000001, R10=0x0000000000008000, R11=0x0000001179dfd300
R12=0x0000000000000000, R13=0x0000021130467ed8, R14=0x0000000000000000, R15=0x0000000000000001
RIP=0x00007ffb2a1ac2b3, EFLAGS=0x0000000000010293

Top of Stack: (sp=0x0000001179dfd220)
0x0000001179dfd220:   00007ffb4149e670 0000001179dfd1d8
0x0000001179dfd230:   0000021130467ee8 0000000000000007
0x0000001179dfd240:   0000021130467ed8 0000000000000000
0x0000001179dfd250:   0000000000000004 0000000000000000
0x0000001179dfd260:   0000001179dfd360 00007ffb437f5ba1
0x0000001179dfd270:   0000000000000000 0000000000000004
0x0000001179dfd280:   000002112a00fb48 fffffffffffffffe
0x0000001179dfd290:   0000000000000004 00007ffafe97047b
0x0000001179dfd2a0:   000002112920ea40 0000021100000089
0x0000001179dfd2b0:   000002112a00f800 00000211344b17f0
0x0000001179dfd2c0:   00000211344b29a0 0000021130467ed8
0x0000001179dfd2d0:   000002110bdf0000 0000001179dfd370
0x0000001179dfd2e0:   000000000000006c 0000001179dfd380
0x0000001179dfd2f0:   0000000000000000 00007ffb4121b430
0x0000001179dfd300:   0000000000000000 000000000000000f
0x0000001179dfd310:   0000021130467ed8 0000000000000000 

Instructions: (pc=0x00007ffb2a1ac2b3)
0x00007ffb2a1ac1b3:   48 8b 0f 48 8b 47 08 48 2b c1 48 c1 f8 05 49 63
0x00007ffb2a1ac1c3:   f6 48 83 c0 f6 48 3b f0 74 16 4d 8b c7 48 8d 15
0x00007ffb2a1ac1d3:   ad 87 04 00 48 8d 4d d0 e8 e0 99 fe ff 48 8b 0f
0x00007ffb2a1ac1e3:   41 ff c6 48 83 c3 20 48 8b 47 08 48 2b c1 48 c1
0x00007ffb2a1ac1f3:   f8 05 48 3b f0 72 8a 48 83 7d e0 00 0f 84 3a 06
0x00007ffb2a1ac203:   00 00 66 44 89 7c 24 40 0f 57 c0 f3 0f 7f 44 24
0x00007ffb2a1ac213:   48 4c 89 64 24 58 66 0f 6f 05 6f 59 05 00 f3 0f
0x00007ffb2a1ac223:   7f 45 a0 c6 45 90 00 41 b8 04 00 00 00 48 8d 15
0x00007ffb2a1ac233:   59 0a 05 00 48 8d 4d 90 e8 20 50 fe ff 90 66 0f
0x00007ffb2a1ac243:   6f 05 47 59 05 00 f3 0f 7f 45 80 c6 44 24 70 00
0x00007ffb2a1ac253:   41 b8 06 00 00 00 48 8d 15 34 81 04 00 48 8d 4c
0x00007ffb2a1ac263:   24 70 e8 f6 4f fe ff 90 48 8d 54 24 70 48 8d 4d
0x00007ffb2a1ac273:   f0 e8 97 e5 fe ff 90 48 8d 55 90 48 8d 4d 10 e8
0x00007ffb2a1ac283:   89 e5 fe ff c7 45 30 65 00 00 00 48 8b 44 24 50
0x00007ffb2a1ac293:   48 39 44 24 58 74 60 48 8d 55 f0 48 8b c8 e8 aa
0x00007ffb2a1ac2a3:   d0 ff ff 48 83 44 24 50 48 eb 5e 66 90 48 8b d3
0x00007ffb2a1ac2b3:   48 83 7b 18 10 72 03 48 8b 13 49 c7 c0 ff ff ff
0x00007ffb2a1ac2c3:   ff 49 ff c0 42 80 3c 02 00 75 f6 48 8d 4d d0 e8
0x00007ffb2a1ac2d3:   e9 98 fe ff 48 83 c3 20 48 3b 5f 08 0f 84 15 ff
0x00007ffb2a1ac2e3:   ff ff 4d 8b c7 48 8d 15 a5 86 04 00 48 8d 4d d0
0x00007ffb2a1ac2f3:   e8 c8 98 fe ff eb b6 4c 8d 45 f0 48 8b d0 48 8d
0x00007ffb2a1ac303:   4c 24 48 e8 45 23 00 00 90 48 8d 4d f0 e8 7b 93
0x00007ffb2a1ac313:   ff ff 90 48 8b 55 88 48 83 fa 10 72 33 48 ff c2
0x00007ffb2a1ac323:   48 8b 4c 24 70 48 8b c1 48 81 fa 00 10 00 00 72
0x00007ffb2a1ac333:   19 48 83 c2 27 48 8b 49 f8 48 2b c1 48 83 c0 f8
0x00007ffb2a1ac343:   48 83 f8 1f 0f 87 5d 05 00 00 e8 1e a9 00 00 90
0x00007ffb2a1ac353:   48 8b 55 a8 48 83 fa 10 72 31 48 ff c2 48 8b 4d
0x00007ffb2a1ac363:   90 48 8b c1 48 81 fa 00 10 00 00 72 19 48 83 c2
0x00007ffb2a1ac373:   27 48 8b 49 f8 48 2b c1 48 83 c0 f8 48 83 f8 1f
0x00007ffb2a1ac383:   0f 87 27 05 00 00 e8 e2 a8 00 00 66 0f 6f 05 fa
0x00007ffb2a1ac393:   57 05 00 f3 0f 7f 45 80 c6 44 24 70 00 41 b8 03
0x00007ffb2a1ac3a3:   00 00 00 48 8d 15 b7 85 04 00 48 8d 4c 24 70 e8 


Stack slot to memory mapping:
stack at sp + 0 slots: 0x00007ffb4149e670 KERNELBASE.dll
stack at sp + 1 slots: 0x0000001179dfd1d8 is pointing into the stack for thread: 0x000002112a00f800
stack at sp + 2 slots: 0x0000021130467ee8 points into unknown readable memory: 0x0000000000000000 | 00 00 00 00 00 00 00 00
stack at sp + 3 slots: 0x0000000000000007 is an unknown value
stack at sp + 4 slots: 0x0000021130467ed8 points into unknown readable memory: 0x0000000000000000 | 00 00 00 00 00 00 00 00
stack at sp + 5 slots: 0x0 is NULL
stack at sp + 6 slots: 0x0000000000000004 is an unknown value
stack at sp + 7 slots: 0x0 is NULL


---------------  P R O C E S S  ---------------

Threads class SMR info:
_java_thread_list=0x00000211300715e0, length=67, elements={
0x000002110d6d8000, 0x0000021128eaf800, 0x0000021128ebb000, 0x0000021128f25000,
0x0000021128f26000, 0x0000021128f2b000, 0x0000021128f2c000, 0x0000021128f2f800,
0x0000021128f38000, 0x000002112909a800, 0x000002112b158000, 0x000002112a8d4800,
0x000002112a831000, 0x000002112b2b9800, 0x000002112aa78800, 0x000002112b1a0800,
0x000002112c3aa800, 0x000002112b1d4800, 0x000002112a964800, 0x000002112a966000,
0x000002112a963800, 0x000002112a965000, 0x000002112b366800, 0x000002112b014000,
0x000002112b368000, 0x000002112b365800, 0x000002112b369800, 0x000002112b36a800,
0x000002112b367000, 0x000002112b364800, 0x000002112b36b000, 0x000002112b36c000,
0x000002112b368800, 0x000002112b36f800, 0x000002112b371800, 0x000002112b372800,
0x000002112b373800, 0x000002112b36d800, 0x000002112b36e800, 0x000002112b370000,
0x000002112ddd7800, 0x000002112ddd5000, 0x000002112ddd4000, 0x000002112ddd5800,
0x000002112ddd6800, 0x000002112ddd8000, 0x000002112ddd9000, 0x000002112ddd3000,
0x000002112dddc000, 0x000002112dddd000, 0x000002112b059800, 0x000002112dddb800,
0x000002112ddde800, 0x000002112dddf800, 0x000002112ddda000, 0x000002112dde0800,
0x000002112ddda800, 0x000002112dde1000, 0x000002112dde2000, 0x000002112a011000,
0x000002112a012800, 0x000002112a012000, 0x000002112a00d000, 0x000002112a00f800,
0x000002112a00d800, 0x000002112a014000, 0x000002112a00e800
}

Java Threads: ( => current thread )
  0x000002110d6d8000 JavaThread "main" [_thread_blocked, id=5100, stack(0x0000001174e00000,0x0000001174f00000)]
  0x0000021128eaf800 JavaThread "Reference Handler" daemon [_thread_blocked, id=5880, stack(0x0000001175500000,0x0000001175600000)]
  0x0000021128ebb000 JavaThread "Finalizer" daemon [_thread_blocked, id=6012, stack(0x0000001175600000,0x0000001175700000)]
  0x0000021128f25000 JavaThread "Signal Dispatcher" daemon [_thread_blocked, id=6020, stack(0x0000001175700000,0x0000001175800000)]
  0x0000021128f26000 JavaThread "Attach Listener" daemon [_thread_blocked, id=6276, stack(0x0000001175800000,0x0000001175900000)]
  0x0000021128f2b000 JavaThread "Service Thread" daemon [_thread_blocked, id=6016, stack(0x0000001175900000,0x0000001175a00000)]
  0x0000021128f2c000 JavaThread "C2 CompilerThread0" daemon [_thread_in_native, id=6028, stack(0x0000001175a00000,0x0000001175b00000)]
  0x0000021128f2f800 JavaThread "C1 CompilerThread0" daemon [_thread_blocked, id=5824, stack(0x0000001175b00000,0x0000001175c00000)]
  0x0000021128f38000 JavaThread "Sweeper thread" daemon [_thread_blocked, id=6060, stack(0x0000001175c00000,0x0000001175d00000)]
  0x000002112909a800 JavaThread "Common-Cleaner" daemon [_thread_blocked, id=6052, stack(0x0000001175d00000,0x0000001175e00000)]
  0x000002112b158000 JavaThread "Daemon health stats" [_thread_blocked, id=7936, stack(0x0000001176600000,0x0000001176700000)]
  0x000002112a8d4800 JavaThread "Incoming local TCP Connector on port 49828" [_thread_in_native, id=3880, stack(0x0000001175f00000,0x0000001176000000)]
  0x000002112a831000 JavaThread "Daemon periodic checks" [_thread_blocked, id=7472, stack(0x0000001176500000,0x0000001176600000)]
  0x000002112b2b9800 JavaThread "Daemon" [_thread_blocked, id=4048, stack(0x0000001176700000,0x0000001176800000)]
  0x000002112aa78800 JavaThread "Handler for socket connection from /127.0.0.1:49828 to /127.0.0.1:49829" [_thread_in_native, id=6404, stack(0x0000001176800000,0x0000001176900000)]
  0x000002112b1a0800 JavaThread "Cancel handler" [_thread_blocked, id=5416, stack(0x0000001176900000,0x0000001176a00000)]
  0x000002112c3aa800 JavaThread "Daemon worker" [_thread_blocked, id=9232, stack(0x0000001176a00000,0x0000001176b00000)]
  0x000002112b1d4800 JavaThread "Asynchronous log dispatcher for DefaultDaemonConnection: socket connection from /127.0.0.1:49828 to /127.0.0.1:49829" [_thread_blocked, id=11924, stack(0x0000001176c00000,0x0000001176d00000)]
  0x000002112a964800 JavaThread "Stdin handler" [_thread_blocked, id=5220, stack(0x0000001176d00000,0x0000001176e00000)]
  0x000002112a966000 JavaThread "Daemon client event forwarder" [_thread_blocked, id=5216, stack(0x0000001176e00000,0x0000001176f00000)]
  0x000002112a963800 JavaThread "Cache worker for file hash cache (C:\Users\14185\.gradle\caches\7.0.2\fileHashes)" [_thread_blocked, id=5256, stack(0x0000001176b00000,0x0000001176c00000)]
  0x000002112a965000 JavaThread "File lock request listener" [_thread_in_native, id=5264, stack(0x0000001176f00000,0x0000001177000000)]
  0x000002112b366800 JavaThread "Cache worker for journal cache (C:\Users\14185\.gradle\caches\journal-1)" [_thread_blocked, id=11552, stack(0x0000001177300000,0x0000001177400000)]
  0x000002112b014000 JavaThread "C2 CompilerThread1" daemon [_thread_in_native, id=768, stack(0x0000001177400000,0x0000001177500000)]
  0x000002112b368000 JavaThread "Cache worker for file hash cache (D:\Android\LukeDict\.gradle\7.0.2\fileHashes)" [_thread_blocked, id=9424, stack(0x0000001177500000,0x0000001177600000)]
  0x000002112b365800 JavaThread "File watcher server" daemon [_thread_in_native, id=5580, stack(0x0000001177600000,0x0000001177700000)]
  0x000002112b369800 JavaThread "File watcher consumer" daemon [_thread_blocked, id=7196, stack(0x0000001177700000,0x0000001177800000)]
  0x000002112b36a800 JavaThread "Cache worker for checksums cache (D:\Android\LukeDict\.gradle\checksums)" [_thread_blocked, id=9292, stack(0x0000001177800000,0x0000001177900000)]
  0x000002112b367000 JavaThread "Cache worker for cache directory md-supplier (C:\Users\14185\.gradle\caches\7.0.2\md-supplier)" [_thread_blocked, id=8492, stack(0x0000001177900000,0x0000001177a00000)]
  0x000002112b364800 JavaThread "Cache worker for cache directory md-rule (C:\Users\14185\.gradle\caches\7.0.2\md-rule)" [_thread_blocked, id=1236, stack(0x0000001177c00000,0x0000001177d00000)]
  0x000002112b36b000 JavaThread "Cache worker for execution history cache (C:\Users\14185\.gradle\caches\7.0.2\executionHistory)" [_thread_blocked, id=924, stack(0x0000001177d00000,0x0000001177e00000)]
  0x000002112b36c000 JavaThread "jar transforms" [_thread_blocked, id=4008, stack(0x0000001177e00000,0x0000001177f00000)]
  0x000002112b368800 JavaThread "jar transforms Thread 2" [_thread_blocked, id=2632, stack(0x0000001177f00000,0x0000001178000000)]
  0x000002112b36f800 JavaThread "Cache worker for file content cache (C:\Users\14185\.gradle\caches\7.0.2\fileContent)" [_thread_blocked, id=4244, stack(0x0000001178000000,0x0000001178100000)]
  0x000002112b371800 JavaThread "Cache worker for dependencies-accessors (D:\Android\LukeDict\.gradle\7.0.2\dependencies-accessors)" [_thread_blocked, id=4952, stack(0x0000001178100000,0x0000001178200000)]
  0x000002112b372800 JavaThread "jar transforms Thread 3" [_thread_blocked, id=6596, stack(0x0000001178200000,0x0000001178300000)]
  0x000002112b373800 JavaThread "Cache worker for Build Output Cleanup Cache (D:\Android\LukeDict\.gradle\buildOutputCleanup)" [_thread_blocked, id=10636, stack(0x0000001178300000,0x0000001178400000)]
  0x000002112b36d800 JavaThread "Build operations" [_thread_blocked, id=6128, stack(0x0000001178400000,0x0000001178500000)]
  0x000002112b36e800 JavaThread "Build operations Thread 2" [_thread_blocked, id=8384, stack(0x0000001178500000,0x0000001178600000)]
  0x000002112b370000 JavaThread "Build operations Thread 3" [_thread_blocked, id=8244, stack(0x0000001178600000,0x0000001178700000)]
  0x000002112ddd7800 JavaThread "Build operations Thread 4" [_thread_blocked, id=8256, stack(0x0000001178700000,0x0000001178800000)]
  0x000002112ddd5000 JavaThread "Build operations Thread 5" [_thread_blocked, id=8412, stack(0x0000001178800000,0x0000001178900000)]
  0x000002112ddd4000 JavaThread "Build operations Thread 6" [_thread_blocked, id=8288, stack(0x0000001178900000,0x0000001178a00000)]
  0x000002112ddd5800 JavaThread "Build operations Thread 7" [_thread_blocked, id=8420, stack(0x0000001178a00000,0x0000001178b00000)]
  0x000002112ddd6800 JavaThread "Build operations Thread 8" [_thread_blocked, id=8248, stack(0x0000001178b00000,0x0000001178c00000)]
  0x000002112ddd8000 JavaThread "jar transforms Thread 4" [_thread_blocked, id=7464, stack(0x0000001178c00000,0x0000001178d00000)]
  0x000002112ddd9000 JavaThread "jar transforms Thread 5" [_thread_blocked, id=7456, stack(0x0000001178d00000,0x0000001178e00000)]
  0x000002112ddd3000 JavaThread "jar transforms Thread 6" [_thread_blocked, id=4012, stack(0x0000001178e00000,0x0000001178f00000)]
  0x000002112dddc000 JavaThread "jar transforms Thread 7" [_thread_blocked, id=6304, stack(0x0000001178f00000,0x0000001179000000)]
  0x000002112dddd000 JavaThread "jar transforms Thread 8" [_thread_blocked, id=6264, stack(0x0000001179000000,0x0000001179100000)]
  0x000002112b059800 JavaThread "C2 CompilerThread2" daemon [_thread_in_native, id=832, stack(0x0000001177b00000,0x0000001177c00000)]
  0x000002112dddb800 JavaThread "Memory manager" [_thread_blocked, id=960, stack(0x0000001179100000,0x0000001179200000)]
  0x000002112ddde800 JavaThread "build event listener" [_thread_blocked, id=11952, stack(0x0000001179200000,0x0000001179300000)]
  0x000002112dddf800 JavaThread "pool-3-thread-1" [_thread_blocked, id=11956, stack(0x0000001179300000,0x0000001179400000)]
  0x000002112ddda000 JavaThread "build event listener" [_thread_blocked, id=2540, stack(0x0000001179400000,0x0000001179500000)]
  0x000002112dde0800 JavaThread "Execution worker for ':'" [_thread_blocked, id=2712, stack(0x0000001179500000,0x0000001179600000)]
  0x000002112ddda800 JavaThread "Execution worker for ':' Thread 2" [_thread_blocked, id=2672, stack(0x0000001179600000,0x0000001179700000)]
  0x000002112dde1000 JavaThread "Execution worker for ':' Thread 3" [_thread_blocked, id=2516, stack(0x0000001179700000,0x0000001179800000)]
  0x000002112dde2000 JavaThread "Execution worker for ':' Thread 4" [_thread_blocked, id=11808, stack(0x0000001179800000,0x0000001179900000)]
  0x000002112a011000 JavaThread "Execution worker for ':' Thread 5" [_thread_blocked, id=11804, stack(0x0000001179900000,0x0000001179a00000)]
  0x000002112a012800 JavaThread "Execution worker for ':' Thread 6" [_thread_blocked, id=2416, stack(0x0000001179a00000,0x0000001179b00000)]
  0x000002112a012000 JavaThread "Execution worker for ':' Thread 7" [_thread_blocked, id=536, stack(0x0000001179b00000,0x0000001179c00000)]
  0x000002112a00d000 JavaThread "Cache worker for execution history cache (D:\Android\LukeDict\.gradle\7.0.2\executionHistory)" [_thread_blocked, id=12096, stack(0x0000001179c00000,0x0000001179d00000)]
=>0x000002112a00f800 JavaThread "WorkerExecutor Queue" [_thread_in_native, id=2664, stack(0x0000001179d00000,0x0000001179e00000)]
  0x000002112a00d800 JavaThread "WorkerExecutor Queue Thread 2" [_thread_blocked, id=2532, stack(0x0000001179e00000,0x0000001179f00000)]
  0x000002112a014000 JavaThread "WorkerExecutor Queue Thread 3" [_thread_in_vm, id=2572, stack(0x0000001179f00000,0x000000117a000000)]
  0x000002112a00e800 JavaThread "pool-4-thread-1" [_thread_blocked, id=2512, stack(0x000000117a000000,0x000000117a100000)]

Other Threads:
  0x0000021128eae000 VMThread "VM Thread" [stack: 0x0000001175400000,0x0000001175500000] [id=5852]
  0x00000211290a9800 WatcherThread [stack: 0x0000001175e00000,0x0000001175f00000] [id=12208]
  0x000002110d6f1000 GCTaskThread "GC Thread#0" [stack: 0x0000001174f00000,0x0000001175000000] [id=4120]
  0x0000021129dff800 GCTaskThread "GC Thread#1" [stack: 0x0000001176000000,0x0000001176100000] [id=7032]
  0x0000021129d40000 GCTaskThread "GC Thread#2" [stack: 0x0000001176100000,0x0000001176200000] [id=7724]
  0x00000211295c0800 GCTaskThread "GC Thread#3" [stack: 0x0000001176200000,0x0000001176300000] [id=7756]
  0x0000021129376000 GCTaskThread "GC Thread#4" [stack: 0x0000001176300000,0x0000001176400000] [id=7912]
  0x0000021129bd2000 GCTaskThread "GC Thread#5" [stack: 0x0000001176400000,0x0000001176500000] [id=7904]
  0x000002112b1bc000 GCTaskThread "GC Thread#6" [stack: 0x0000001177000000,0x0000001177100000] [id=5196]
  0x000002112b6aa000 GCTaskThread "GC Thread#7" [stack: 0x0000001177100000,0x0000001177200000] [id=5192]
  0x000002110d722800 ConcurrentGCThread "G1 Main Marker" [stack: 0x0000001175000000,0x0000001175100000] [id=2600]
  0x000002110d724800 ConcurrentGCThread "G1 Conc#0" [stack: 0x0000001175100000,0x0000001175200000] [id=5504]
  0x000002112a0e6800 ConcurrentGCThread "G1 Conc#1" [stack: 0x0000001177200000,0x0000001177300000] [id=5160]
  0x00000211284f2800 ConcurrentGCThread "G1 Refine#0" [stack: 0x0000001175200000,0x0000001175300000] [id=5576]
  0x00000211284f5000 ConcurrentGCThread "G1 Young RemSet Sampling" [stack: 0x0000001175300000,0x0000001175400000] [id=10312]

Threads with active compile tasks:
C2 CompilerThread0  17682 10091       4       java.lang.reflect.Method::invoke (65 bytes)
C2 CompilerThread1  17682 10239       4       java.util.regex.Pattern::split (290 bytes)
C2 CompilerThread2  17682 10205       4       java.lang.reflect.AccessibleObject::checkAccess (40 bytes)

VM state:not at safepoint (normal execution)

VM Mutex/Monitor currently owned by a thread: None

Heap address: 0x0000000080000000, size: 2048 MB, Compressed Oops mode: 32-bit
Narrow klass base: 0x0000000000000000, Narrow klass shift: 3
Compressed class space size: 1073741824 Address: 0x0000000100000000

Heap:
 garbage-first heap   total 260096K, used 160159K [0x0000000080000000, 0x0000000100000000)
  region size 1024K, 87 young (89088K), 8 survivors (8192K)
 Metaspace       used 89664K, capacity 91961K, committed 92108K, reserved 1128448K
  class space    used 11578K, capacity 12429K, committed 12492K, reserved 1048576K
Heap Regions: E=young(eden), S=young(survivor), O=old, HS=humongous(starts), HC=humongous(continues), CS=collection set, F=free, A=archive, TAMS=top-at-mark-start (previous, next)
|   0|0x0000000080000000, 0x0000000080100000, 0x0000000080100000|100%| O|  |TAMS 0x0000000080100000, 0x0000000080000000| Untracked 
|   1|0x0000000080100000, 0x0000000080200000, 0x0000000080200000|100%| O|  |TAMS 0x0000000080200000, 0x0000000080100000| Untracked 
|   2|0x0000000080200000, 0x0000000080300000, 0x0000000080300000|100%| O|  |TAMS 0x0000000080300000, 0x0000000080200000| Untracked 
|   3|0x0000000080300000, 0x0000000080400000, 0x0000000080400000|100%|HS|  |TAMS 0x0000000080400000, 0x0000000080300000| Complete 
|   4|0x0000000080400000, 0x0000000080500000, 0x0000000080500000|100%|HC|  |TAMS 0x0000000080500000, 0x0000000080400000| Complete 
|   5|0x0000000080500000, 0x0000000080600000, 0x0000000080600000|100%|HC|  |TAMS 0x0000000080600000, 0x0000000080500000| Complete 
|   6|0x0000000080600000, 0x0000000080700000, 0x0000000080700000|100%| O|  |TAMS 0x0000000080700000, 0x0000000080600000| Untracked 
|   7|0x0000000080700000, 0x0000000080800000, 0x0000000080800000|100%| O|  |TAMS 0x0000000080800000, 0x0000000080700000| Untracked 
|   8|0x0000000080800000, 0x0000000080900000, 0x0000000080900000|100%| O|  |TAMS 0x0000000080900000, 0x0000000080800000| Untracked 
|   9|0x0000000080900000, 0x0000000080a00000, 0x0000000080a00000|100%| O|  |TAMS 0x0000000080a00000, 0x0000000080900000| Untracked 
|  10|0x0000000080a00000, 0x0000000080b00000, 0x0000000080b00000|100%| O|  |TAMS 0x0000000080b00000, 0x0000000080a00000| Untracked 
|  11|0x0000000080b00000, 0x0000000080c00000, 0x0000000080c00000|100%| O|  |TAMS 0x0000000080c00000, 0x0000000080b00000| Untracked 
|  12|0x0000000080c00000, 0x0000000080d00000, 0x0000000080d00000|100%| O|  |TAMS 0x0000000080d00000, 0x0000000080c00000| Untracked 
|  13|0x0000000080d00000, 0x0000000080e00000, 0x0000000080e00000|100%| O|  |TAMS 0x0000000080e00000, 0x0000000080d00000| Untracked 
|  14|0x0000000080e00000, 0x0000000080f00000, 0x0000000080f00000|100%| O|  |TAMS 0x0000000080f00000, 0x0000000080e00000| Untracked 
|  15|0x0000000080f00000, 0x0000000081000000, 0x0000000081000000|100%| O|  |TAMS 0x0000000081000000, 0x0000000080f00000| Untracked 
|  16|0x0000000081000000, 0x0000000081100000, 0x0000000081100000|100%| O|  |TAMS 0x0000000081100000, 0x0000000081000000| Untracked 
|  17|0x0000000081100000, 0x0000000081200000, 0x0000000081200000|100%|HS|  |TAMS 0x0000000081200000, 0x0000000081100000| Complete 
|  18|0x0000000081200000, 0x0000000081300000, 0x0000000081300000|100%|HS|  |TAMS 0x0000000081300000, 0x0000000081200000| Complete 
|  19|0x0000000081300000, 0x0000000081400000, 0x0000000081400000|100%|HS|  |TAMS 0x0000000081400000, 0x0000000081300000| Complete 
|  20|0x0000000081400000, 0x0000000081500000, 0x0000000081500000|100%|HC|  |TAMS 0x0000000081500000, 0x0000000081400000| Complete 
|  21|0x0000000081500000, 0x0000000081600000, 0x0000000081600000|100%| O|  |TAMS 0x0000000081600000, 0x0000000081500000| Untracked 
|  22|0x0000000081600000, 0x0000000081700000, 0x0000000081700000|100%| O|  |TAMS 0x0000000081700000, 0x0000000081600000| Untracked 
|  23|0x0000000081700000, 0x0000000081800000, 0x0000000081800000|100%| O|  |TAMS 0x0000000081800000, 0x0000000081700000| Untracked 
|  24|0x0000000081800000, 0x0000000081900000, 0x0000000081900000|100%| O|  |TAMS 0x0000000081900000, 0x0000000081800000| Untracked 
|  25|0x0000000081900000, 0x0000000081a00000, 0x0000000081a00000|100%| O|  |TAMS 0x0000000081a00000, 0x0000000081900000| Untracked 
|  26|0x0000000081a00000, 0x0000000081b00000, 0x0000000081b00000|100%| O|  |TAMS 0x0000000081b00000, 0x0000000081a00000| Untracked 
|  27|0x0000000081b00000, 0x0000000081c00000, 0x0000000081c00000|100%| O|  |TAMS 0x0000000081c00000, 0x0000000081b00000| Untracked 
|  28|0x0000000081c00000, 0x0000000081d00000, 0x0000000081d00000|100%| O|  |TAMS 0x0000000081d00000, 0x0000000081c00000| Untracked 
|  29|0x0000000081d00000, 0x0000000081e00000, 0x0000000081e00000|100%| O|  |TAMS 0x0000000081e00000, 0x0000000081d00000| Untracked 
|  30|0x0000000081e00000, 0x0000000081f00000, 0x0000000081f00000|100%| O|  |TAMS 0x0000000081f00000, 0x0000000081e00000| Untracked 
|  31|0x0000000081f00000, 0x0000000082000000, 0x0000000082000000|100%| O|  |TAMS 0x0000000082000000, 0x0000000081f00000| Untracked 
|  32|0x0000000082000000, 0x0000000082100000, 0x0000000082100000|100%| O|  |TAMS 0x0000000082100000, 0x0000000082000000| Untracked 
|  33|0x0000000082100000, 0x0000000082200000, 0x0000000082200000|100%| O|  |TAMS 0x0000000082200000, 0x0000000082100000| Untracked 
|  34|0x0000000082200000, 0x0000000082300000, 0x0000000082300000|100%| O|  |TAMS 0x0000000082300000, 0x0000000082200000| Untracked 
|  35|0x0000000082300000, 0x0000000082400000, 0x0000000082400000|100%| O|  |TAMS 0x0000000082400000, 0x0000000082300000| Untracked 
|  36|0x0000000082400000, 0x0000000082500000, 0x0000000082500000|100%| O|  |TAMS 0x0000000082500000, 0x0000000082400000| Untracked 
|  37|0x0000000082500000, 0x0000000082600000, 0x0000000082600000|100%| O|  |TAMS 0x0000000082600000, 0x0000000082500000| Untracked 
|  38|0x0000000082600000, 0x0000000082700000, 0x0000000082700000|100%| O|  |TAMS 0x0000000082700000, 0x0000000082600000| Untracked 
|  39|0x0000000082700000, 0x0000000082800000, 0x0000000082800000|100%| O|  |TAMS 0x0000000082800000, 0x0000000082700000| Untracked 
|  40|0x0000000082800000, 0x0000000082900000, 0x0000000082900000|100%| O|  |TAMS 0x0000000082900000, 0x0000000082800000| Untracked 
|  41|0x0000000082900000, 0x0000000082a00000, 0x0000000082a00000|100%| O|  |TAMS 0x0000000082a00000, 0x0000000082900000| Untracked 
|  42|0x0000000082a00000, 0x0000000082b00000, 0x0000000082b00000|100%| O|  |TAMS 0x0000000082a2e800, 0x0000000082a00000| Untracked 
|  43|0x0000000082b00000, 0x0000000082c00000, 0x0000000082c00000|100%| O|  |TAMS 0x0000000082b00000, 0x0000000082b00000| Untracked 
|  44|0x0000000082c00000, 0x0000000082d00000, 0x0000000082d00000|100%| O|  |TAMS 0x0000000082c00000, 0x0000000082c00000| Untracked 
|  45|0x0000000082d00000, 0x0000000082e00000, 0x0000000082e00000|100%| O|  |TAMS 0x0000000082d00000, 0x0000000082d00000| Untracked 
|  46|0x0000000082e00000, 0x0000000082f00000, 0x0000000082f00000|100%| O|  |TAMS 0x0000000082e00000, 0x0000000082e00000| Untracked 
|  47|0x0000000082f00000, 0x0000000083000000, 0x0000000083000000|100%| O|  |TAMS 0x0000000082f00000, 0x0000000082f00000| Untracked 
|  48|0x0000000083000000, 0x0000000083100000, 0x0000000083100000|100%| O|  |TAMS 0x0000000083000000, 0x0000000083000000| Untracked 
|  49|0x0000000083100000, 0x0000000083200000, 0x0000000083200000|100%| O|  |TAMS 0x0000000083100000, 0x0000000083100000| Untracked 
|  50|0x0000000083200000, 0x0000000083300000, 0x0000000083300000|100%| O|  |TAMS 0x0000000083200000, 0x0000000083200000| Untracked 
|  51|0x0000000083300000, 0x0000000083400000, 0x0000000083400000|100%| O|  |TAMS 0x0000000083300000, 0x0000000083300000| Untracked 
|  52|0x0000000083400000, 0x0000000083500000, 0x0000000083500000|100%| O|  |TAMS 0x0000000083400000, 0x0000000083400000| Untracked 
|  53|0x0000000083500000, 0x0000000083600000, 0x0000000083600000|100%| O|  |TAMS 0x0000000083500000, 0x0000000083500000| Untracked 
|  54|0x0000000083600000, 0x0000000083700000, 0x0000000083700000|100%| O|  |TAMS 0x0000000083600000, 0x0000000083600000| Untracked 
|  55|0x0000000083700000, 0x0000000083800000, 0x0000000083800000|100%| O|  |TAMS 0x0000000083700000, 0x0000000083700000| Untracked 
|  56|0x0000000083800000, 0x0000000083900000, 0x0000000083900000|100%| O|  |TAMS 0x0000000083800000, 0x0000000083800000| Untracked 
|  57|0x0000000083900000, 0x0000000083a00000, 0x0000000083a00000|100%| O|  |TAMS 0x0000000083900000, 0x0000000083900000| Untracked 
|  58|0x0000000083a00000, 0x0000000083b00000, 0x0000000083b00000|100%| O|  |TAMS 0x0000000083a00000, 0x0000000083a00000| Untracked 
|  59|0x0000000083b00000, 0x0000000083c00000, 0x0000000083c00000|100%| O|  |TAMS 0x0000000083b00000, 0x0000000083b00000| Untracked 
|  60|0x0000000083c00000, 0x0000000083d00000, 0x0000000083d00000|100%| O|  |TAMS 0x0000000083c00000, 0x0000000083c00000| Untracked 
|  61|0x0000000083d00000, 0x0000000083e00000, 0x0000000083e00000|100%| O|  |TAMS 0x0000000083d00000, 0x0000000083d00000| Untracked 
|  62|0x0000000083e00000, 0x0000000083f00000, 0x0000000083f00000|100%| O|  |TAMS 0x0000000083e00000, 0x0000000083e00000| Untracked 
|  63|0x0000000083f00000, 0x0000000083f6ac00, 0x0000000084000000| 41%| O|  |TAMS 0x0000000083f00000, 0x0000000083f00000| Untracked 
|  64|0x0000000084000000, 0x0000000084100000, 0x0000000084100000|100%|HS|  |TAMS 0x0000000084000000, 0x0000000084000000| Complete 
|  65|0x0000000084100000, 0x0000000084200000, 0x0000000084200000|100%|HC|  |TAMS 0x0000000084100000, 0x0000000084100000| Complete 
|  66|0x0000000084200000, 0x0000000084300000, 0x0000000084300000|100%|HS|  |TAMS 0x0000000084200000, 0x0000000084200000| Complete 
|  67|0x0000000084300000, 0x0000000084400000, 0x0000000084400000|100%|HS|  |TAMS 0x0000000084300000, 0x0000000084300000| Complete 
|  68|0x0000000084400000, 0x0000000084500000, 0x0000000084500000|100%|HS|  |TAMS 0x0000000084400000, 0x0000000084400000| Complete 
|  69|0x0000000084500000, 0x0000000084600000, 0x0000000084600000|100%|HC|  |TAMS 0x0000000084500000, 0x0000000084500000| Complete 
|  70|0x0000000084600000, 0x0000000084700000, 0x0000000084700000|100%|HS|  |TAMS 0x0000000084600000, 0x0000000084600000| Complete 
|  71|0x0000000084700000, 0x0000000084800000, 0x0000000084800000|100%|HC|  |TAMS 0x0000000084700000, 0x0000000084700000| Complete 
|  72|0x0000000084800000, 0x0000000084800000, 0x0000000084900000|  0%| F|  |TAMS 0x0000000084800000, 0x0000000084800000| Untracked 
|  73|0x0000000084900000, 0x0000000084900000, 0x0000000084a00000|  0%| F|  |TAMS 0x0000000084900000, 0x0000000084900000| Untracked 
|  74|0x0000000084a00000, 0x0000000084a00000, 0x0000000084b00000|  0%| F|  |TAMS 0x0000000084a00000, 0x0000000084a00000| Untracked 
|  75|0x0000000084b00000, 0x0000000084b00000, 0x0000000084c00000|  0%| F|  |TAMS 0x0000000084b00000, 0x0000000084b00000| Untracked 
|  76|0x0000000084c00000, 0x0000000084c00000, 0x0000000084d00000|  0%| F|  |TAMS 0x0000000084c00000, 0x0000000084c00000| Untracked 
|  77|0x0000000084d00000, 0x0000000084d00000, 0x0000000084e00000|  0%| F|  |TAMS 0x0000000084d00000, 0x0000000084d00000| Untracked 
|  78|0x0000000084e00000, 0x0000000084e00000, 0x0000000084f00000|  0%| F|  |TAMS 0x0000000084e00000, 0x0000000084e00000| Untracked 
|  79|0x0000000084f00000, 0x0000000084f00000, 0x0000000085000000|  0%| F|  |TAMS 0x0000000084f00000, 0x0000000084f00000| Untracked 
|  80|0x0000000085000000, 0x0000000085000000, 0x0000000085100000|  0%| F|  |TAMS 0x0000000085000000, 0x0000000085000000| Untracked 
|  81|0x0000000085100000, 0x0000000085100000, 0x0000000085200000|  0%| F|  |TAMS 0x0000000085100000, 0x0000000085100000| Untracked 
|  82|0x0000000085200000, 0x0000000085200000, 0x0000000085300000|  0%| F|  |TAMS 0x0000000085200000, 0x0000000085200000| Untracked 
|  83|0x0000000085300000, 0x0000000085300000, 0x0000000085400000|  0%| F|  |TAMS 0x0000000085300000, 0x0000000085300000| Untracked 
|  84|0x0000000085400000, 0x0000000085400000, 0x0000000085500000|  0%| F|  |TAMS 0x0000000085400000, 0x0000000085400000| Untracked 
|  85|0x0000000085500000, 0x0000000085500000, 0x0000000085600000|  0%| F|  |TAMS 0x0000000085500000, 0x0000000085500000| Untracked 
|  86|0x0000000085600000, 0x0000000085600000, 0x0000000085700000|  0%| F|  |TAMS 0x0000000085600000, 0x0000000085600000| Untracked 
|  87|0x0000000085700000, 0x0000000085700000, 0x0000000085800000|  0%| F|  |TAMS 0x0000000085700000, 0x0000000085700000| Untracked 
|  88|0x0000000085800000, 0x0000000085800000, 0x0000000085900000|  0%| F|  |TAMS 0x0000000085800000, 0x0000000085800000| Untracked 
|  89|0x0000000085900000, 0x0000000085900000, 0x0000000085a00000|  0%| F|  |TAMS 0x0000000085900000, 0x0000000085900000| Untracked 
|  90|0x0000000085a00000, 0x0000000085a00000, 0x0000000085b00000|  0%| F|  |TAMS 0x0000000085a00000, 0x0000000085a00000| Untracked 
|  91|0x0000000085b00000, 0x0000000085b00000, 0x0000000085c00000|  0%| F|  |TAMS 0x0000000085b00000, 0x0000000085b00000| Untracked 
|  92|0x0000000085c00000, 0x0000000085c00000, 0x0000000085d00000|  0%| F|  |TAMS 0x0000000085c00000, 0x0000000085c00000| Untracked 
|  93|0x0000000085d00000, 0x0000000085d00000, 0x0000000085e00000|  0%| F|  |TAMS 0x0000000085d00000, 0x0000000085d00000| Untracked 
|  94|0x0000000085e00000, 0x0000000085e00000, 0x0000000085f00000|  0%| F|  |TAMS 0x0000000085e00000, 0x0000000085e00000| Untracked 
|  95|0x0000000085f00000, 0x0000000085f00000, 0x0000000086000000|  0%| F|  |TAMS 0x0000000085f00000, 0x0000000085f00000| Untracked 
|  96|0x0000000086000000, 0x0000000086000000, 0x0000000086100000|  0%| F|  |TAMS 0x0000000086000000, 0x0000000086000000| Untracked 
|  97|0x0000000086100000, 0x0000000086100000, 0x0000000086200000|  0%| F|  |TAMS 0x0000000086100000, 0x0000000086100000| Untracked 
|  98|0x0000000086200000, 0x0000000086200000, 0x0000000086300000|  0%| F|  |TAMS 0x0000000086200000, 0x0000000086200000| Untracked 
|  99|0x0000000086300000, 0x0000000086300000, 0x0000000086400000|  0%| F|  |TAMS 0x0000000086300000, 0x0000000086300000| Untracked 
| 100|0x0000000086400000, 0x0000000086400000, 0x0000000086500000|  0%| F|  |TAMS 0x0000000086400000, 0x0000000086400000| Untracked 
| 101|0x0000000086500000, 0x0000000086500000, 0x0000000086600000|  0%| F|  |TAMS 0x0000000086500000, 0x0000000086500000| Untracked 
| 102|0x0000000086600000, 0x0000000086600000, 0x0000000086700000|  0%| F|  |TAMS 0x0000000086600000, 0x0000000086600000| Untracked 
| 103|0x0000000086700000, 0x0000000086700000, 0x0000000086800000|  0%| F|  |TAMS 0x0000000086700000, 0x0000000086700000| Untracked 
| 104|0x0000000086800000, 0x0000000086800000, 0x0000000086900000|  0%| F|  |TAMS 0x0000000086800000, 0x0000000086800000| Untracked 
| 105|0x0000000086900000, 0x0000000086900000, 0x0000000086a00000|  0%| F|  |TAMS 0x0000000086900000, 0x0000000086900000| Untracked 
| 106|0x0000000086a00000, 0x0000000086a00000, 0x0000000086b00000|  0%| F|  |TAMS 0x0000000086a00000, 0x0000000086a00000| Untracked 
| 107|0x0000000086b00000, 0x0000000086b00000, 0x0000000086c00000|  0%| F|  |TAMS 0x0000000086b00000, 0x0000000086b00000| Untracked 
| 108|0x0000000086c00000, 0x0000000086cfd160, 0x0000000086d00000| 98%| S|CS|TAMS 0x0000000086c00000, 0x0000000086c00000| Complete 
| 109|0x0000000086d00000, 0x0000000086e00000, 0x0000000086e00000|100%| S|CS|TAMS 0x0000000086d00000, 0x0000000086d00000| Complete 
| 110|0x0000000086e00000, 0x0000000086e00000, 0x0000000086f00000|  0%| F|  |TAMS 0x0000000086e00000, 0x0000000086e00000| Untracked 
| 111|0x0000000086f00000, 0x0000000086f00000, 0x0000000087000000|  0%| F|  |TAMS 0x0000000086f00000, 0x0000000086f00000| Untracked 
| 112|0x0000000087000000, 0x0000000087000000, 0x0000000087100000|  0%| F|  |TAMS 0x0000000087000000, 0x0000000087000000| Untracked 
| 113|0x0000000087100000, 0x0000000087100000, 0x0000000087200000|  0%| F|  |TAMS 0x0000000087100000, 0x0000000087100000| Untracked 
| 114|0x0000000087200000, 0x0000000087200000, 0x0000000087300000|  0%| F|  |TAMS 0x0000000087200000, 0x0000000087200000| Untracked 
| 115|0x0000000087300000, 0x0000000087300000, 0x0000000087400000|  0%| F|  |TAMS 0x0000000087300000, 0x0000000087300000| Untracked 
| 116|0x0000000087400000, 0x0000000087400000, 0x0000000087500000|  0%| F|  |TAMS 0x0000000087400000, 0x0000000087400000| Untracked 
| 117|0x0000000087500000, 0x0000000087600000, 0x0000000087600000|100%| S|CS|TAMS 0x0000000087500000, 0x0000000087500000| Complete 
| 118|0x0000000087600000, 0x0000000087700000, 0x0000000087700000|100%| S|CS|TAMS 0x0000000087600000, 0x0000000087600000| Complete 
| 119|0x0000000087700000, 0x0000000087800000, 0x0000000087800000|100%| S|CS|TAMS 0x0000000087700000, 0x0000000087700000| Complete 
| 120|0x0000000087800000, 0x0000000087900000, 0x0000000087900000|100%| S|CS|TAMS 0x0000000087800000, 0x0000000087800000| Complete 
| 121|0x0000000087900000, 0x0000000087a00000, 0x0000000087a00000|100%| S|CS|TAMS 0x0000000087900000, 0x0000000087900000| Complete 
| 122|0x0000000087a00000, 0x0000000087b00000, 0x0000000087b00000|100%| S|CS|TAMS 0x0000000087a00000, 0x0000000087a00000| Complete 
| 123|0x0000000087b00000, 0x0000000087b00000, 0x0000000087c00000|  0%| F|  |TAMS 0x0000000087b00000, 0x0000000087b00000| Untracked 
| 124|0x0000000087c00000, 0x0000000087c00000, 0x0000000087d00000|  0%| F|  |TAMS 0x0000000087c00000, 0x0000000087c00000| Untracked 
| 125|0x0000000087d00000, 0x0000000087d00000, 0x0000000087e00000|  0%| F|  |TAMS 0x0000000087d00000, 0x0000000087d00000| Untracked 
| 126|0x0000000087e00000, 0x0000000087e00000, 0x0000000087f00000|  0%| F|  |TAMS 0x0000000087e00000, 0x0000000087e00000| Untracked 
| 127|0x0000000087f00000, 0x0000000087f00000, 0x0000000088000000|  0%| F|  |TAMS 0x0000000087f00000, 0x0000000087f00000| Untracked 
| 128|0x0000000088000000, 0x0000000088000000, 0x0000000088100000|  0%| F|  |TAMS 0x0000000088000000, 0x0000000088000000| Untracked 
| 129|0x0000000088100000, 0x0000000088100000, 0x0000000088200000|  0%| F|  |TAMS 0x0000000088100000, 0x0000000088100000| Untracked 
| 130|0x0000000088200000, 0x0000000088200000, 0x0000000088300000|  0%| F|  |TAMS 0x0000000088200000, 0x0000000088200000| Untracked 
| 131|0x0000000088300000, 0x0000000088300000, 0x0000000088400000|  0%| F|  |TAMS 0x0000000088300000, 0x0000000088300000| Untracked 
| 132|0x0000000088400000, 0x0000000088400000, 0x0000000088500000|  0%| F|  |TAMS 0x0000000088400000, 0x0000000088400000| Untracked 
| 133|0x0000000088500000, 0x0000000088500000, 0x0000000088600000|  0%| F|  |TAMS 0x0000000088500000, 0x0000000088500000| Untracked 
| 134|0x0000000088600000, 0x0000000088600000, 0x0000000088700000|  0%| F|  |TAMS 0x0000000088600000, 0x0000000088600000| Untracked 
| 135|0x0000000088700000, 0x0000000088700000, 0x0000000088800000|  0%| F|  |TAMS 0x0000000088700000, 0x0000000088700000| Untracked 
| 136|0x0000000088800000, 0x0000000088800000, 0x0000000088900000|  0%| F|  |TAMS 0x0000000088800000, 0x0000000088800000| Untracked 
| 137|0x0000000088900000, 0x0000000088900000, 0x0000000088a00000|  0%| F|  |TAMS 0x0000000088900000, 0x0000000088900000| Untracked 
| 138|0x0000000088a00000, 0x0000000088a00000, 0x0000000088b00000|  0%| F|  |TAMS 0x0000000088a00000, 0x0000000088a00000| Untracked 
| 139|0x0000000088b00000, 0x0000000088b00000, 0x0000000088c00000|  0%| F|  |TAMS 0x0000000088b00000, 0x0000000088b00000| Untracked 
| 140|0x0000000088c00000, 0x0000000088c00000, 0x0000000088d00000|  0%| F|  |TAMS 0x0000000088c00000, 0x0000000088c00000| Untracked 
| 141|0x0000000088d00000, 0x0000000088d00000, 0x0000000088e00000|  0%| F|  |TAMS 0x0000000088d00000, 0x0000000088d00000| Untracked 
| 142|0x0000000088e00000, 0x0000000088e00000, 0x0000000088f00000|  0%| F|  |TAMS 0x0000000088e00000, 0x0000000088e00000| Untracked 
| 143|0x0000000088f00000, 0x0000000088f00000, 0x0000000089000000|  0%| F|  |TAMS 0x0000000088f00000, 0x0000000088f00000| Untracked 
| 144|0x0000000089000000, 0x0000000089000000, 0x0000000089100000|  0%| F|  |TAMS 0x0000000089000000, 0x0000000089000000| Untracked 
| 145|0x0000000089100000, 0x0000000089100000, 0x0000000089200000|  0%| F|  |TAMS 0x0000000089100000, 0x0000000089100000| Untracked 
| 146|0x0000000089200000, 0x0000000089200000, 0x0000000089300000|  0%| F|  |TAMS 0x0000000089200000, 0x0000000089200000| Untracked 
| 147|0x0000000089300000, 0x0000000089300000, 0x0000000089400000|  0%| F|  |TAMS 0x0000000089300000, 0x0000000089300000| Untracked 
| 148|0x0000000089400000, 0x0000000089400000, 0x0000000089500000|  0%| F|  |TAMS 0x0000000089400000, 0x0000000089400000| Untracked 
| 149|0x0000000089500000, 0x0000000089500000, 0x0000000089600000|  0%| F|  |TAMS 0x0000000089500000, 0x0000000089500000| Untracked 
| 150|0x0000000089600000, 0x0000000089600000, 0x0000000089700000|  0%| F|  |TAMS 0x0000000089600000, 0x0000000089600000| Untracked 
| 151|0x0000000089700000, 0x0000000089700000, 0x0000000089800000|  0%| F|  |TAMS 0x0000000089700000, 0x0000000089700000| Untracked 
| 152|0x0000000089800000, 0x0000000089800000, 0x0000000089900000|  0%| F|  |TAMS 0x0000000089800000, 0x0000000089800000| Untracked 
| 153|0x0000000089900000, 0x0000000089900000, 0x0000000089a00000|  0%| F|  |TAMS 0x0000000089900000, 0x0000000089900000| Untracked 
| 154|0x0000000089a00000, 0x0000000089a00000, 0x0000000089b00000|  0%| F|  |TAMS 0x0000000089a00000, 0x0000000089a00000| Untracked 
| 155|0x0000000089b00000, 0x0000000089b00000, 0x0000000089c00000|  0%| F|  |TAMS 0x0000000089b00000, 0x0000000089b00000| Untracked 
| 156|0x0000000089c00000, 0x0000000089c00000, 0x0000000089d00000|  0%| F|  |TAMS 0x0000000089c00000, 0x0000000089c00000| Untracked 
| 157|0x0000000089d00000, 0x0000000089d00000, 0x0000000089e00000|  0%| F|  |TAMS 0x0000000089d00000, 0x0000000089d00000| Untracked 
| 158|0x0000000089e00000, 0x0000000089e00000, 0x0000000089f00000|  0%| F|  |TAMS 0x0000000089e00000, 0x0000000089e00000| Untracked 
| 159|0x0000000089f00000, 0x0000000089f00000, 0x000000008a000000|  0%| F|  |TAMS 0x0000000089f00000, 0x0000000089f00000| Untracked 
| 160|0x000000008a000000, 0x000000008a000000, 0x000000008a100000|  0%| F|  |TAMS 0x000000008a000000, 0x000000008a000000| Untracked 
| 161|0x000000008a100000, 0x000000008a100000, 0x000000008a200000|  0%| F|  |TAMS 0x000000008a100000, 0x000000008a100000| Untracked 
| 162|0x000000008a200000, 0x000000008a200000, 0x000000008a300000|  0%| F|  |TAMS 0x000000008a200000, 0x000000008a200000| Untracked 
| 163|0x000000008a300000, 0x000000008a300000, 0x000000008a400000|  0%| F|  |TAMS 0x000000008a300000, 0x000000008a300000| Untracked 
| 164|0x000000008a400000, 0x000000008a400000, 0x000000008a500000|  0%| F|  |TAMS 0x000000008a400000, 0x000000008a400000| Untracked 
| 165|0x000000008a500000, 0x000000008a500000, 0x000000008a600000|  0%| F|  |TAMS 0x000000008a500000, 0x000000008a500000| Untracked 
| 166|0x000000008a600000, 0x000000008a600000, 0x000000008a700000|  0%| F|  |TAMS 0x000000008a600000, 0x000000008a600000| Untracked 
| 167|0x000000008a700000, 0x000000008a700000, 0x000000008a800000|  0%| F|  |TAMS 0x000000008a700000, 0x000000008a700000| Untracked 
| 168|0x000000008a800000, 0x000000008a800000, 0x000000008a900000|  0%| F|  |TAMS 0x000000008a800000, 0x000000008a800000| Untracked 
| 169|0x000000008a900000, 0x000000008a900000, 0x000000008aa00000|  0%| F|  |TAMS 0x000000008a900000, 0x000000008a900000| Untracked 
| 170|0x000000008aa00000, 0x000000008aa00000, 0x000000008ab00000|  0%| F|  |TAMS 0x000000008aa00000, 0x000000008aa00000| Untracked 
| 171|0x000000008ab00000, 0x000000008ab00000, 0x000000008ac00000|  0%| F|  |TAMS 0x000000008ab00000, 0x000000008ab00000| Untracked 
| 172|0x000000008ac00000, 0x000000008ac00000, 0x000000008ad00000|  0%| F|  |TAMS 0x000000008ac00000, 0x000000008ac00000| Untracked 
| 173|0x000000008ad00000, 0x000000008ad00000, 0x000000008ae00000|  0%| F|  |TAMS 0x000000008ad00000, 0x000000008ad00000| Untracked 
| 174|0x000000008ae00000, 0x000000008ae00000, 0x000000008af00000|  0%| F|  |TAMS 0x000000008ae00000, 0x000000008ae00000| Untracked 
| 175|0x000000008af00000, 0x000000008af7bdf0, 0x000000008b000000| 48%| E|  |TAMS 0x000000008af00000, 0x000000008af00000| Complete 
| 176|0x000000008b000000, 0x000000008b100000, 0x000000008b100000|100%| E|CS|TAMS 0x000000008b000000, 0x000000008b000000| Complete 
| 177|0x000000008b100000, 0x000000008b200000, 0x000000008b200000|100%| E|  |TAMS 0x000000008b100000, 0x000000008b100000| Complete 
| 178|0x000000008b200000, 0x000000008b300000, 0x000000008b300000|100%| E|CS|TAMS 0x000000008b200000, 0x000000008b200000| Complete 
| 179|0x000000008b300000, 0x000000008b400000, 0x000000008b400000|100%| E|CS|TAMS 0x000000008b300000, 0x000000008b300000| Complete 
| 180|0x000000008b400000, 0x000000008b500000, 0x000000008b500000|100%| E|CS|TAMS 0x000000008b400000, 0x000000008b400000| Complete 
| 181|0x000000008b500000, 0x000000008b600000, 0x000000008b600000|100%| E|CS|TAMS 0x000000008b500000, 0x000000008b500000| Complete 
| 182|0x000000008b600000, 0x000000008b700000, 0x000000008b700000|100%| E|CS|TAMS 0x000000008b600000, 0x000000008b600000| Complete 
| 183|0x000000008b700000, 0x000000008b800000, 0x000000008b800000|100%| E|CS|TAMS 0x000000008b700000, 0x000000008b700000| Complete 
| 184|0x000000008b800000, 0x000000008b900000, 0x000000008b900000|100%| E|CS|TAMS 0x000000008b800000, 0x000000008b800000| Complete 
| 185|0x000000008b900000, 0x000000008ba00000, 0x000000008ba00000|100%| E|CS|TAMS 0x000000008b900000, 0x000000008b900000| Complete 
| 186|0x000000008ba00000, 0x000000008bb00000, 0x000000008bb00000|100%| E|CS|TAMS 0x000000008ba00000, 0x000000008ba00000| Complete 
| 187|0x000000008bb00000, 0x000000008bc00000, 0x000000008bc00000|100%| E|CS|TAMS 0x000000008bb00000, 0x000000008bb00000| Complete 
| 188|0x000000008bc00000, 0x000000008bd00000, 0x000000008bd00000|100%| E|CS|TAMS 0x000000008bc00000, 0x000000008bc00000| Complete 
| 189|0x000000008bd00000, 0x000000008be00000, 0x000000008be00000|100%| E|CS|TAMS 0x000000008bd00000, 0x000000008bd00000| Complete 
| 190|0x000000008be00000, 0x000000008bf00000, 0x000000008bf00000|100%| E|CS|TAMS 0x000000008be00000, 0x000000008be00000| Complete 
| 191|0x000000008bf00000, 0x000000008c000000, 0x000000008c000000|100%| E|CS|TAMS 0x000000008bf00000, 0x000000008bf00000| Complete 
| 192|0x000000008c000000, 0x000000008c100000, 0x000000008c100000|100%| E|CS|TAMS 0x000000008c000000, 0x000000008c000000| Complete 
| 193|0x000000008c100000, 0x000000008c200000, 0x000000008c200000|100%| E|CS|TAMS 0x000000008c100000, 0x000000008c100000| Complete 
| 194|0x000000008c200000, 0x000000008c300000, 0x000000008c300000|100%| E|CS|TAMS 0x000000008c200000, 0x000000008c200000| Complete 
| 195|0x000000008c300000, 0x000000008c400000, 0x000000008c400000|100%| E|CS|TAMS 0x000000008c300000, 0x000000008c300000| Complete 
| 196|0x000000008c400000, 0x000000008c500000, 0x000000008c500000|100%| E|CS|TAMS 0x000000008c400000, 0x000000008c400000| Complete 
| 197|0x000000008c500000, 0x000000008c600000, 0x000000008c600000|100%| E|CS|TAMS 0x000000008c500000, 0x000000008c500000| Complete 
| 198|0x000000008c600000, 0x000000008c700000, 0x000000008c700000|100%| E|CS|TAMS 0x000000008c600000, 0x000000008c600000| Complete 
| 199|0x000000008c700000, 0x000000008c800000, 0x000000008c800000|100%| E|CS|TAMS 0x000000008c700000, 0x000000008c700000| Complete 
| 200|0x000000008c800000, 0x000000008c900000, 0x000000008c900000|100%| E|CS|TAMS 0x000000008c800000, 0x000000008c800000| Complete 
| 201|0x000000008c900000, 0x000000008ca00000, 0x000000008ca00000|100%| E|CS|TAMS 0x000000008c900000, 0x000000008c900000| Complete 
| 202|0x000000008ca00000, 0x000000008cb00000, 0x000000008cb00000|100%| E|CS|TAMS 0x000000008ca00000, 0x000000008ca00000| Complete 
| 203|0x000000008cb00000, 0x000000008cc00000, 0x000000008cc00000|100%| E|CS|TAMS 0x000000008cb00000, 0x000000008cb00000| Complete 
| 204|0x000000008cc00000, 0x000000008cd00000, 0x000000008cd00000|100%| E|CS|TAMS 0x000000008cc00000, 0x000000008cc00000| Complete 
| 205|0x000000008cd00000, 0x000000008ce00000, 0x000000008ce00000|100%| E|CS|TAMS 0x000000008cd00000, 0x000000008cd00000| Complete 
| 206|0x000000008ce00000, 0x000000008cf00000, 0x000000008cf00000|100%| E|CS|TAMS 0x000000008ce00000, 0x000000008ce00000| Complete 
| 207|0x000000008cf00000, 0x000000008d000000, 0x000000008d000000|100%| E|CS|TAMS 0x000000008cf00000, 0x000000008cf00000| Complete 
| 208|0x000000008d000000, 0x000000008d100000, 0x000000008d100000|100%| E|CS|TAMS 0x000000008d000000, 0x000000008d000000| Complete 
| 209|0x000000008d100000, 0x000000008d200000, 0x000000008d200000|100%| E|CS|TAMS 0x000000008d100000, 0x000000008d100000| Complete 
| 210|0x000000008d200000, 0x000000008d300000, 0x000000008d300000|100%| E|CS|TAMS 0x000000008d200000, 0x000000008d200000| Complete 
| 211|0x000000008d300000, 0x000000008d400000, 0x000000008d400000|100%| E|CS|TAMS 0x000000008d300000, 0x000000008d300000| Complete 
| 212|0x000000008d400000, 0x000000008d500000, 0x000000008d500000|100%| E|CS|TAMS 0x000000008d400000, 0x000000008d400000| Complete 
| 213|0x000000008d500000, 0x000000008d600000, 0x000000008d600000|100%| E|CS|TAMS 0x000000008d500000, 0x000000008d500000| Complete 
| 214|0x000000008d600000, 0x000000008d700000, 0x000000008d700000|100%| E|CS|TAMS 0x000000008d600000, 0x000000008d600000| Complete 
| 215|0x000000008d700000, 0x000000008d800000, 0x000000008d800000|100%| E|CS|TAMS 0x000000008d700000, 0x000000008d700000| Complete 
| 216|0x000000008d800000, 0x000000008d900000, 0x000000008d900000|100%| E|CS|TAMS 0x000000008d800000, 0x000000008d800000| Complete 
| 217|0x000000008d900000, 0x000000008da00000, 0x000000008da00000|100%| E|CS|TAMS 0x000000008d900000, 0x000000008d900000| Complete 
| 218|0x000000008da00000, 0x000000008db00000, 0x000000008db00000|100%| E|CS|TAMS 0x000000008da00000, 0x000000008da00000| Complete 
| 219|0x000000008db00000, 0x000000008dc00000, 0x000000008dc00000|100%| E|CS|TAMS 0x000000008db00000, 0x000000008db00000| Complete 
| 220|0x000000008dc00000, 0x000000008dd00000, 0x000000008dd00000|100%| E|CS|TAMS 0x000000008dc00000, 0x000000008dc00000| Complete 
| 221|0x000000008dd00000, 0x000000008de00000, 0x000000008de00000|100%| E|CS|TAMS 0x000000008dd00000, 0x000000008dd00000| Complete 
| 222|0x000000008de00000, 0x000000008df00000, 0x000000008df00000|100%| E|CS|TAMS 0x000000008de00000, 0x000000008de00000| Complete 
| 223|0x000000008df00000, 0x000000008e000000, 0x000000008e000000|100%| E|CS|TAMS 0x000000008df00000, 0x000000008df00000| Complete 
| 224|0x000000008e000000, 0x000000008e100000, 0x000000008e100000|100%| E|CS|TAMS 0x000000008e000000, 0x000000008e000000| Complete 
| 225|0x000000008e100000, 0x000000008e200000, 0x000000008e200000|100%| E|CS|TAMS 0x000000008e100000, 0x000000008e100000| Complete 
| 226|0x000000008e200000, 0x000000008e300000, 0x000000008e300000|100%| E|CS|TAMS 0x000000008e200000, 0x000000008e200000| Complete 
| 227|0x000000008e300000, 0x000000008e400000, 0x000000008e400000|100%| E|CS|TAMS 0x000000008e300000, 0x000000008e300000| Complete 
| 228|0x000000008e400000, 0x000000008e500000, 0x000000008e500000|100%| E|CS|TAMS 0x000000008e400000, 0x000000008e400000| Complete 
| 229|0x000000008e500000, 0x000000008e600000, 0x000000008e600000|100%| E|CS|TAMS 0x000000008e500000, 0x000000008e500000| Complete 
| 230|0x000000008e600000, 0x000000008e700000, 0x000000008e700000|100%| E|CS|TAMS 0x000000008e600000, 0x000000008e600000| Complete 
| 231|0x000000008e700000, 0x000000008e800000, 0x000000008e800000|100%| E|CS|TAMS 0x000000008e700000, 0x000000008e700000| Complete 
| 232|0x000000008e800000, 0x000000008e900000, 0x000000008e900000|100%| E|CS|TAMS 0x000000008e800000, 0x000000008e800000| Complete 
| 233|0x000000008e900000, 0x000000008ea00000, 0x000000008ea00000|100%| E|CS|TAMS 0x000000008e900000, 0x000000008e900000| Complete 
| 234|0x000000008ea00000, 0x000000008eb00000, 0x000000008eb00000|100%| E|CS|TAMS 0x000000008ea00000, 0x000000008ea00000| Complete 
| 235|0x000000008eb00000, 0x000000008ec00000, 0x000000008ec00000|100%| E|CS|TAMS 0x000000008eb00000, 0x000000008eb00000| Complete 
| 236|0x000000008ec00000, 0x000000008ed00000, 0x000000008ed00000|100%| E|CS|TAMS 0x000000008ec00000, 0x000000008ec00000| Complete 
| 237|0x000000008ed00000, 0x000000008ee00000, 0x000000008ee00000|100%| E|CS|TAMS 0x000000008ed00000, 0x000000008ed00000| Complete 
| 238|0x000000008ee00000, 0x000000008ef00000, 0x000000008ef00000|100%| E|CS|TAMS 0x000000008ee00000, 0x000000008ee00000| Complete 
| 239|0x000000008ef00000, 0x000000008f000000, 0x000000008f000000|100%| E|CS|TAMS 0x000000008ef00000, 0x000000008ef00000| Complete 
| 240|0x000000008f000000, 0x000000008f100000, 0x000000008f100000|100%| E|CS|TAMS 0x000000008f000000, 0x000000008f000000| Complete 
| 241|0x000000008f100000, 0x000000008f200000, 0x000000008f200000|100%| E|CS|TAMS 0x000000008f100000, 0x000000008f100000| Complete 
| 242|0x000000008f200000, 0x000000008f300000, 0x000000008f300000|100%| E|CS|TAMS 0x000000008f200000, 0x000000008f200000| Complete 
| 243|0x000000008f300000, 0x000000008f400000, 0x000000008f400000|100%| E|CS|TAMS 0x000000008f300000, 0x000000008f300000| Complete 
| 244|0x000000008f400000, 0x000000008f500000, 0x000000008f500000|100%| E|CS|TAMS 0x000000008f400000, 0x000000008f400000| Complete 
| 245|0x000000008f500000, 0x000000008f600000, 0x000000008f600000|100%| E|CS|TAMS 0x000000008f500000, 0x000000008f500000| Complete 
| 246|0x000000008f600000, 0x000000008f700000, 0x000000008f700000|100%| E|CS|TAMS 0x000000008f600000, 0x000000008f600000| Complete 
| 247|0x000000008f700000, 0x000000008f800000, 0x000000008f800000|100%| E|CS|TAMS 0x000000008f700000, 0x000000008f700000| Complete 
| 248|0x000000008f800000, 0x000000008f900000, 0x000000008f900000|100%| E|CS|TAMS 0x000000008f800000, 0x000000008f800000| Complete 
| 249|0x000000008f900000, 0x000000008fa00000, 0x000000008fa00000|100%| E|CS|TAMS 0x000000008f900000, 0x000000008f900000| Complete 
| 250|0x000000008fa00000, 0x000000008fb00000, 0x000000008fb00000|100%| E|CS|TAMS 0x000000008fa00000, 0x000000008fa00000| Complete 
| 251|0x000000008fb00000, 0x000000008fc00000, 0x000000008fc00000|100%| E|CS|TAMS 0x000000008fb00000, 0x000000008fb00000| Complete 
| 252|0x000000008fc00000, 0x000000008fd00000, 0x000000008fd00000|100%| E|CS|TAMS 0x000000008fc00000, 0x000000008fc00000| Complete 
| 253|0x000000008fd00000, 0x000000008fe00000, 0x000000008fe00000|100%| E|CS|TAMS 0x000000008fd00000, 0x000000008fd00000| Complete 

Card table byte_map: [0x00000211213e0000,0x00000211217e0000] _byte_map_base: 0x0000021120fe0000

Marking Bits (Prev, Next): (CMBitMap*) 0x000002110d719cf8, (CMBitMap*) 0x000002110d719d30
 Prev Bits: [0x0000021121be0000, 0x0000021123be0000)
 Next Bits: [0x0000021123be0000, 0x0000021125be0000)

Polling page: 0x000002110d660000

Metaspace:

Usage:
  Non-class:     77.79 MB capacity,    76.36 MB ( 98%) used,     1.18 MB (  2%) free+waste,   261.44 KB ( <1%) overhead. 
      Class:     12.14 MB capacity,    11.33 MB ( 93%) used,   708.03 KB (  6%) free+waste,   118.31 KB ( <1%) overhead. 
       Both:     89.93 MB capacity,    87.69 MB ( 98%) used,     1.87 MB (  2%) free+waste,   379.75 KB ( <1%) overhead. 

Virtual space:
  Non-class space:       78.00 MB reserved,      78.00 MB (100%) committed 
      Class space:        1.00 GB reserved,      12.20 MB (  1%) committed 
             Both:        1.08 GB reserved,      90.20 MB (  8%) committed 

Chunk freelists:
   Non-Class:  20.00 KB
       Class:  19.00 KB
        Both:  39.00 KB

MaxMetaspaceSize: 17179869184.00 GB
CompressedClassSpaceSize: 1.00 GB

CodeHeap 'non-profiled nmethods': size=120000Kb used=5842Kb max_used=5842Kb free=114157Kb
 bounds [0x0000021119050000, 0x0000021119610000, 0x0000021120580000]
CodeHeap 'profiled nmethods': size=120000Kb used=21811Kb max_used=21811Kb free=98188Kb
 bounds [0x0000021111b20000, 0x0000021113070000, 0x0000021119050000]
CodeHeap 'non-nmethods': size=5760Kb used=2299Kb max_used=2331Kb free=3460Kb
 bounds [0x0000021111580000, 0x00000211117f0000, 0x0000021111b20000]
 total_blobs=11125 nmethods=10222 adapters=814
 compilation: enabled
              stopped_count=0, restarted_count=0
 full_count=0

Compilation events (20 events):
Event: 17.575 Thread 0x0000021128f2f800 10279       3       com.android.tools.r8.graph.T::a (54 bytes)
Event: 17.575 Thread 0x0000021128f2f800 nmethod 10279 0x0000021113067190 code [0x0000021113067360, 0x0000021113067668]
Event: 17.576 Thread 0x0000021128f2f800 10280       3       com.android.tools.r8.graph.c0::F (16 bytes)
Event: 17.576 Thread 0x0000021128f2f800 nmethod 10280 0x0000021113067790 code [0x0000021113067940, 0x0000021113067a88]
Event: 17.577 Thread 0x0000021128f2f800 10281       3       com.android.tools.r8.graph.c0::<init> (21 bytes)
Event: 17.578 Thread 0x0000021128f2f800 nmethod 10281 0x0000021113067b10 code [0x0000021113067d00, 0x0000021113068128]
Event: 17.578 Thread 0x0000021128f2f800 10282       3       com.android.tools.r8.graph.T::c (23 bytes)
Event: 17.579 Thread 0x0000021128f2f800 nmethod 10282 0x0000021113068310 code [0x0000021113068520, 0x0000021113068b18]
Event: 17.579 Thread 0x0000021128f2f800 10283       3       com.android.tools.r8.internal.Ye::c (23 bytes)
Event: 17.579 Thread 0x0000021128f2f800 nmethod 10283 0x0000021113068d90 code [0x0000021113068f60, 0x0000021113069158]
Event: 17.579 Thread 0x0000021128f2f800 10284       3       com.android.tools.r8.internal.Ye::d (140 bytes)
Event: 17.579 Thread 0x0000021128f2f800 nmethod 10284 0x0000021113069210 code [0x00000211130693e0, 0x00000211130699b8]
Event: 17.581 Thread 0x0000021128f2f800 10285       3       com.android.tools.r8.graph.h::equals (22 bytes)
Event: 17.581 Thread 0x0000021128f2f800 nmethod 10285 0x0000021113069a90 code [0x0000021113069c60, 0x0000021113069ea8]
Event: 17.583 Thread 0x0000021128f2f800 10286       3       com.android.tools.r8.graph.b0::<init> (5 bytes)
Event: 17.583 Thread 0x0000021128f2f800 nmethod 10286 0x0000021113069f90 code [0x000002111306a160, 0x000002111306a3d8]
Event: 17.583 Thread 0x0000021128f2f800 10287       3       com.android.tools.r8.graph.T::d (134 bytes)
Event: 17.583 Thread 0x0000021128f2f800 nmethod 10287 0x000002111306a510 code [0x000002111306a700, 0x000002111306ab88]
Event: 17.586 Thread 0x0000021128f2f800 10288       3       com.android.tools.r8.graph.d0::r0 (22 bytes)
Event: 17.586 Thread 0x0000021128f2f800 nmethod 10288 0x000002111306ad10 code [0x000002111306aec0, 0x000002111306b038]

GC Heap History (20 events):
Event: 1.145 GC heap before
{Heap before GC invocations=0 (full 0):
 garbage-first heap   total 260096K, used 29696K [0x0000000080000000, 0x0000000100000000)
  region size 1024K, 24 young (24576K), 0 survivors (0K)
 Metaspace       used 10163K, capacity 10405K, committed 10624K, reserved 1058816K
  class space    used 1062K, capacity 1107K, committed 1152K, reserved 1048576K
}
Event: 1.151 GC heap after
{Heap after GC invocations=1 (full 0):
 garbage-first heap   total 260096K, used 9592K [0x0000000080000000, 0x0000000100000000)
  region size 1024K, 3 young (3072K), 3 survivors (3072K)
 Metaspace       used 10163K, capacity 10405K, committed 10624K, reserved 1058816K
  class space    used 1062K, capacity 1107K, committed 1152K, reserved 1048576K
}
Event: 3.937 GC heap before
{Heap before GC invocations=1 (full 0):
 garbage-first heap   total 260096K, used 106872K [0x0000000080000000, 0x0000000100000000)
  region size 1024K, 98 young (100352K), 3 survivors (3072K)
 Metaspace       used 20576K, capacity 21104K, committed 21248K, reserved 1067008K
  class space    used 2509K, capacity 2690K, committed 2816K, reserved 1048576K
}
Event: 3.949 GC heap after
{Heap after GC invocations=2 (full 0):
 garbage-first heap   total 260096K, used 17264K [0x0000000080000000, 0x0000000100000000)
  region size 1024K, 11 young (11264K), 11 survivors (11264K)
 Metaspace       used 20576K, capacity 21104K, committed 21248K, reserved 1067008K
  class space    used 2509K, capacity 2690K, committed 2816K, reserved 1048576K
}
Event: 4.295 GC heap before
{Heap before GC invocations=3 (full 0):
 garbage-first heap   total 260096K, used 43888K [0x0000000080000000, 0x0000000100000000)
  region size 1024K, 37 young (37888K), 11 survivors (11264K)
 Metaspace       used 23150K, capacity 23743K, committed 23936K, reserved 1071104K
  class space    used 2939K, capacity 3147K, committed 3200K, reserved 1048576K
}
Event: 4.305 GC heap after
{Heap after GC invocations=4 (full 0):
 garbage-first heap   total 260096K, used 17946K [0x0000000080000000, 0x0000000100000000)
  region size 1024K, 2 young (2048K), 2 survivors (2048K)
 Metaspace       used 23150K, capacity 23743K, committed 23936K, reserved 1071104K
  class space    used 2939K, capacity 3147K, committed 3200K, reserved 1048576K
}
Event: 6.131 GC heap before
{Heap before GC invocations=4 (full 0):
 garbage-first heap   total 260096K, used 102938K [0x0000000080000000, 0x0000000100000000)
  region size 1024K, 86 young (88064K), 2 survivors (2048K)
 Metaspace       used 35083K, capacity 35838K, committed 35840K, reserved 1081344K
  class space    used 4546K, capacity 4864K, committed 4864K, reserved 1048576K
}
Event: 6.145 GC heap after
{Heap after GC invocations=5 (full 0):
 garbage-first heap   total 260096K, used 22104K [0x0000000080000000, 0x0000000100000000)
  region size 1024K, 6 young (6144K), 6 survivors (6144K)
 Metaspace       used 35083K, capacity 35838K, committed 35840K, reserved 1081344K
  class space    used 4546K, capacity 4864K, committed 4864K, reserved 1048576K
}
Event: 8.288 GC heap before
{Heap before GC invocations=6 (full 0):
 garbage-first heap   total 260096K, used 140888K [0x0000000080000000, 0x0000000100000000)
  region size 1024K, 119 young (121856K), 6 survivors (6144K)
 Metaspace       used 44260K, capacity 45305K, committed 45568K, reserved 1089536K
  class space    used 5679K, capacity 6070K, committed 6144K, reserved 1048576K
}
Event: 8.303 GC heap after
{Heap after GC invocations=7 (full 0):
 garbage-first heap   total 260096K, used 28649K [0x0000000080000000, 0x0000000100000000)
  region size 1024K, 12 young (12288K), 12 survivors (12288K)
 Metaspace       used 44260K, capacity 45305K, committed 45568K, reserved 1089536K
  class space    used 5679K, capacity 6070K, committed 6144K, reserved 1048576K
}
Event: 11.561 GC heap before
{Heap before GC invocations=7 (full 0):
 garbage-first heap   total 260096K, used 167913K [0x0000000080000000, 0x0000000100000000)
  region size 1024K, 145 young (148480K), 12 survivors (12288K)
 Metaspace       used 58394K, capacity 59881K, committed 59904K, reserved 1101824K
  class space    used 7376K, capacity 7923K, committed 7936K, reserved 1048576K
}
Event: 11.581 GC heap after
{Heap after GC invocations=8 (full 0):
 garbage-first heap   total 260096K, used 43925K [0x0000000080000000, 0x0000000100000000)
  region size 1024K, 18 young (18432K), 18 survivors (18432K)
 Metaspace       used 58394K, capacity 59881K, committed 59904K, reserved 1101824K
  class space    used 7376K, capacity 7923K, committed 7936K, reserved 1048576K
}
Event: 11.611 GC heap before
{Heap before GC invocations=8 (full 0):
 garbage-first heap   total 260096K, used 43925K [0x0000000080000000, 0x0000000100000000)
  region size 1024K, 19 young (19456K), 18 survivors (18432K)
 Metaspace       used 58646K, capacity 60101K, committed 60160K, reserved 1101824K
  class space    used 7409K, capacity 7931K, committed 7936K, reserved 1048576K
}
Event: 11.642 GC heap after
{Heap after GC invocations=9 (full 0):
 garbage-first heap   total 260096K, used 45223K [0x0000000080000000, 0x0000000100000000)
  region size 1024K, 2 young (2048K), 2 survivors (2048K)
 Metaspace       used 58646K, capacity 60101K, committed 60160K, reserved 1101824K
  class space    used 7409K, capacity 7931K, committed 7936K, reserved 1048576K
}
Event: 13.661 GC heap before
{Heap before GC invocations=10 (full 0):
 garbage-first heap   total 260096K, used 190631K [0x0000000080000000, 0x0000000100000000)
  region size 1024K, 144 young (147456K), 2 survivors (2048K)
 Metaspace       used 70937K, capacity 72608K, committed 72780K, reserved 1112064K
  class space    used 9161K, capacity 9768K, committed 9804K, reserved 1048576K
}
Event: 13.682 GC heap after
{Heap after GC invocations=11 (full 0):
 garbage-first heap   total 260096K, used 54225K [0x0000000080000000, 0x0000000100000000)
  region size 1024K, 11 young (11264K), 11 survivors (11264K)
 Metaspace       used 70937K, capacity 72608K, committed 72780K, reserved 1112064K
  class space    used 9161K, capacity 9768K, committed 9804K, reserved 1048576K
}
Event: 15.872 GC heap before
{Heap before GC invocations=12 (full 0):
 garbage-first heap   total 260096K, used 193489K [0x0000000080000000, 0x0000000100000000)
  region size 1024K, 148 young (151552K), 11 survivors (11264K)
 Metaspace       used 81768K, capacity 83988K, committed 84172K, reserved 1122304K
  class space    used 10608K, capacity 11430K, committed 11468K, reserved 1048576K
}
Event: 15.894 GC heap after
{Heap after GC invocations=13 (full 0):
 garbage-first heap   total 260096K, used 65277K [0x0000000080000000, 0x0000000100000000)
  region size 1024K, 11 young (11264K), 11 survivors (11264K)
 Metaspace       used 81768K, capacity 83988K, committed 84172K, reserved 1122304K
  class space    used 10608K, capacity 11430K, committed 11468K, reserved 1048576K
}
Event: 17.036 GC heap before
{Heap before GC invocations=13 (full 0):
 garbage-first heap   total 260096K, used 198397K [0x0000000080000000, 0x0000000100000000)
  region size 1024K, 142 young (145408K), 11 survivors (11264K)
 Metaspace       used 84401K, capacity 86703K, committed 86860K, reserved 1124352K
  class space    used 10892K, capacity 11727K, committed 11852K, reserved 1048576K
}
Event: 17.059 GC heap after
{Heap after GC invocations=14 (full 0):
 garbage-first heap   total 260096K, used 73119K [0x0000000080000000, 0x0000000100000000)
  region size 1024K, 8 young (8192K), 8 survivors (8192K)
 Metaspace       used 84401K, capacity 86703K, committed 86860K, reserved 1124352K
  class space    used 10892K, capacity 11727K, committed 11852K, reserved 1048576K
}

Deoptimization events (20 events):
Event: 17.081 Thread 0x000002112b36e800 DEOPT PACKING pc=0x00000211195c1c00 sp=0x00000011785fe710
Event: 17.081 Thread 0x000002112b36e800 DEOPT UNPACKING pc=0x00000211115a78af sp=0x00000011785fe6a8 mode 2
Event: 17.334 Thread 0x000002112a00d800 DEOPT PACKING pc=0x0000021112fb8388 sp=0x0000001179efd9b0
Event: 17.335 Thread 0x000002112a00d800 DEOPT UNPACKING pc=0x00000211115a76ce sp=0x0000001179efceb8 mode 0
Event: 17.446 Thread 0x000002112a014000 Uncommon trap: trap_request=0xffffff4d fr.pc=0x0000021119082d40 relative=0x00000000000007e0
Event: 17.446 Thread 0x000002112a014000 Uncommon trap: reason=unstable_if action=reinterpret pc=0x0000021119082d40 method=java.util.zip.ZipFile$Source.getEntryPos([BZ)I @ 105 c2
Event: 17.446 Thread 0x000002112a014000 DEOPT PACKING pc=0x0000021119082d40 sp=0x0000001179ffa490
Event: 17.446 Thread 0x000002112a014000 DEOPT UNPACKING pc=0x00000211115a78af sp=0x0000001179ffa430 mode 2
Event: 17.519 Thread 0x000002112a014000 Uncommon trap: trap_request=0xffffff4d fr.pc=0x00000211195222dc relative=0x00000000000001fc
Event: 17.519 Thread 0x000002112a014000 Uncommon trap: reason=unstable_if action=reinterpret pc=0x00000211195222dc method=com.google.common.collect.MapMakerInternalMap$Segment.getEntry(Ljava/lang/Object;I)Lcom/google/common/collect/MapMakerInternalMap$InternalEntry; @ 63 c2
Event: 17.519 Thread 0x000002112a014000 DEOPT PACKING pc=0x00000211195222dc sp=0x0000001179ff8c70
Event: 17.519 Thread 0x000002112a014000 DEOPT UNPACKING pc=0x00000211115a78af sp=0x0000001179ff8c28 mode 2
Event: 17.519 Thread 0x000002112a014000 Uncommon trap: trap_request=0xffffff4d fr.pc=0x0000021119530958 relative=0x0000000000001a18
Event: 17.519 Thread 0x000002112a014000 Uncommon trap: reason=unstable_if action=reinterpret pc=0x0000021119530958 method=com.google.common.collect.MapMakerInternalMap$Segment.put(Ljava/lang/Object;ILjava/lang/Object;Z)Ljava/lang/Object; @ 92 c2
Event: 17.519 Thread 0x000002112a014000 DEOPT PACKING pc=0x0000021119530958 sp=0x0000001179ff8cb0
Event: 17.519 Thread 0x000002112a014000 DEOPT UNPACKING pc=0x00000211115a78af sp=0x0000001179ff8c58 mode 2
Event: 17.533 Thread 0x000002112a00f800 Uncommon trap: trap_request=0xffffffcc fr.pc=0x000002111960443c relative=0x000000000000017c
Event: 17.533 Thread 0x000002112a00f800 Uncommon trap: reason=intrinsic_or_type_checked_inlining action=make_not_entrant pc=0x000002111960443c method=java.util.ArrayList$SubList.toArray([Ljava/lang/Object;)[Ljava/lang/Object; @ 58 c2
Event: 17.533 Thread 0x000002112a00f800 DEOPT PACKING pc=0x000002111960443c sp=0x0000001179dfc780
Event: 17.533 Thread 0x000002112a00f800 DEOPT UNPACKING pc=0x00000211115a78af sp=0x0000001179dfc740 mode 2

Classes redefined (0 events):
No events

Internal exceptions (20 events):
Event: 16.643 Thread 0x000002112a012000 Exception <a 'java/lang/NoSuchMethodError'{0x000000008afb6be8}: <clinit>> (0x000000008afb6be8) thrown at [./src/hotspot/share/prims/jni.cpp, line 1362]
Event: 16.644 Thread 0x000002112a012000 Exception <a 'java/lang/NoSuchMethodError'{0x000000008afb8168}: <clinit>> (0x000000008afb8168) thrown at [./src/hotspot/share/prims/jni.cpp, line 1362]
Event: 16.644 Thread 0x000002112a012000 Exception <a 'java/lang/NoSuchMethodError'{0x000000008afba8c8}: <clinit>> (0x000000008afba8c8) thrown at [./src/hotspot/share/prims/jni.cpp, line 1362]
Event: 16.646 Thread 0x000002112a012000 Exception <a 'java/lang/NoSuchMethodError'{0x000000008afd3d28}: <clinit>> (0x000000008afd3d28) thrown at [./src/hotspot/share/prims/jni.cpp, line 1362]
Event: 16.646 Thread 0x000002112a012000 Exception <a 'java/lang/NoSuchMethodError'{0x000000008afd5208}: <clinit>> (0x000000008afd5208) thrown at [./src/hotspot/share/prims/jni.cpp, line 1362]
Event: 16.676 Thread 0x000002112a012000 Exception <a 'sun/nio/fs/WindowsException'{0x000000008ad86b98}> (0x000000008ad86b98) thrown at [./src/hotspot/share/prims/jni.cpp, line 615]
Event: 16.676 Thread 0x000002112a012000 Exception <a 'sun/nio/fs/WindowsException'{0x000000008ad87a20}> (0x000000008ad87a20) thrown at [./src/hotspot/share/prims/jni.cpp, line 615]
Event: 16.677 Thread 0x000002112a012000 Exception <a 'sun/nio/fs/WindowsException'{0x000000008ad87de8}> (0x000000008ad87de8) thrown at [./src/hotspot/share/prims/jni.cpp, line 615]
Event: 16.677 Thread 0x000002112a012000 Exception <a 'sun/nio/fs/WindowsException'{0x000000008ad88c50}> (0x000000008ad88c50) thrown at [./src/hotspot/share/prims/jni.cpp, line 615]
Event: 16.677 Thread 0x000002112a012000 Exception <a 'sun/nio/fs/WindowsException'{0x000000008ad88f30}> (0x000000008ad88f30) thrown at [./src/hotspot/share/prims/jni.cpp, line 615]
Event: 16.677 Thread 0x000002112a012000 Exception <a 'sun/nio/fs/WindowsException'{0x000000008ad89db0}> (0x000000008ad89db0) thrown at [./src/hotspot/share/prims/jni.cpp, line 615]
Event: 16.678 Thread 0x000002112a012000 Exception <a 'sun/nio/fs/WindowsException'{0x000000008ad8a030}> (0x000000008ad8a030) thrown at [./src/hotspot/share/prims/jni.cpp, line 615]
Event: 16.678 Thread 0x000002112a012000 Exception <a 'sun/nio/fs/WindowsException'{0x000000008ad8ae80}> (0x000000008ad8ae80) thrown at [./src/hotspot/share/prims/jni.cpp, line 615]
Event: 16.696 Thread 0x000002112a012000 Exception <a 'java/lang/NoSuchMethodError'{0x000000008ab0fbe8}: <clinit>> (0x000000008ab0fbe8) thrown at [./src/hotspot/share/prims/jni.cpp, line 1362]
Event: 16.699 Thread 0x000002112a012000 Exception <a 'java/lang/NoSuchMethodError'{0x000000008ab45d78}: <clinit>> (0x000000008ab45d78) thrown at [./src/hotspot/share/prims/jni.cpp, line 1362]
Event: 16.702 Thread 0x000002112a012000 Exception <a 'java/lang/NoSuchMethodError'{0x000000008ab780d8}: <clinit>> (0x000000008ab780d8) thrown at [./src/hotspot/share/prims/jni.cpp, line 1362]
Event: 16.703 Thread 0x000002112a012000 Exception <a 'java/lang/NoSuchMethodError'{0x000000008ab8ac30}: <clinit>> (0x000000008ab8ac30) thrown at [./src/hotspot/share/prims/jni.cpp, line 1362]
Event: 16.940 Thread 0x000002112c3aa800 Exception <a 'java/lang/NoSuchMethodError'{0x0000000088d31dd0}: 'int java.lang.invoke.DirectMethodHandle$Holder.invokeSpecial(java.lang.Object, java.lang.Object, java.lang.Object, java.lang.Object, java.lang.Object)'> (0x0000000088d31dd0) thrown at [./src/hotspot/share/interpreter/linkResolver.cpp, line 773]
Event: 17.081 Thread 0x000002112b36e800 Implicit null exception at 0x00000211195c17d2 to 0x00000211195c1bd8
Event: 17.502 Thread 0x000002112a014000 Exception <a 'sun/nio/fs/WindowsException'{0x000000008badccd0}> (0x000000008badccd0) thrown at [./src/hotspot/share/prims/jni.cpp, line 615]

Events (20 events):
Event: 17.588 loading class com/android/tools/r8/graph/T$d
Event: 17.588 loading class com/android/tools/r8/graph/T$d done
Event: 17.588 loading class java/lang/ProcessBuilder
Event: 17.588 loading class com/android/tools/r8/graph/T$e
Event: 17.588 loading class com/android/tools/r8/graph/T$e done
Event: 17.589 loading class com/android/tools/r8/graph/T$g
Event: 17.589 loading class com/android/tools/r8/graph/T$g done
Event: 17.589 loading class java/lang/ProcessBuilder done
Event: 17.589 loading class java/lang/ProcessImpl
Event: 17.589 loading class com/android/tools/r8/graph/T$f
Event: 17.589 loading class com/android/tools/r8/graph/T$f done
Event: 17.589 loading class com/android/tools/r8/graph/T$u
Event: 17.589 loading class com/android/tools/r8/graph/T$u done
Event: 17.589 loading class java/lang/ProcessImpl done
Event: 17.590 loading class com/android/tools/r8/graph/T$x
Event: 17.590 loading class com/android/tools/r8/graph/T$x done
Event: 17.590 loading class com/android/tools/r8/graph/T$y
Event: 17.590 loading class com/android/tools/r8/graph/T$y done
Event: 17.590 loading class com/android/tools/r8/graph/T$z
Event: 17.590 loading class com/android/tools/r8/graph/T$z done


Dynamic libraries:
0x00007ff77ac50000 - 0x00007ff77ac5a000 	D:\Android\AndroidStudio\jre\bin\java.exe
0x00007ffb437d0000 - 0x00007ffb439c5000 	C:\WINDOWS\SYSTEM32\ntdll.dll
0x00007ffb42050000 - 0x00007ffb4210e000 	C:\WINDOWS\System32\KERNEL32.DLL
0x00007ffb41200000 - 0x00007ffb414c8000 	C:\WINDOWS\System32\KERNELBASE.dll
0x00007ffb40f10000 - 0x00007ffb41010000 	C:\WINDOWS\System32\ucrtbase.dll
0x00007ffb22860000 - 0x00007ffb22879000 	D:\Android\AndroidStudio\jre\bin\jli.dll
0x00007ffb22800000 - 0x00007ffb22817000 	D:\Android\AndroidStudio\jre\bin\VCRUNTIME140.dll
0x00007ffb419c0000 - 0x00007ffb41b61000 	C:\WINDOWS\System32\USER32.dll
0x00007ffb40ee0000 - 0x00007ffb40f02000 	C:\WINDOWS\System32\win32u.dll
0x00007ffb41990000 - 0x00007ffb419bb000 	C:\WINDOWS\System32\GDI32.dll
0x00007ffb41500000 - 0x00007ffb4160d000 	C:\WINDOWS\System32\gdi32full.dll
0x00007ffb41670000 - 0x00007ffb4170d000 	C:\WINDOWS\System32\msvcp_win.dll
0x00007ffb2a4e0000 - 0x00007ffb2a77a000 	C:\WINDOWS\WinSxS\amd64_microsoft.windows.common-controls_6595b64144ccf1df_6.0.19041.1110_none_60b5254171f9507e\COMCTL32.dll
0x00007ffb42f20000 - 0x00007ffb42fbe000 	C:\WINDOWS\System32\msvcrt.dll
0x00007ffb43440000 - 0x00007ffb43470000 	C:\WINDOWS\System32\IMM32.DLL
0x0000000070d40000 - 0x0000000070d4a000 	D:\360\360Safe\safemon\SafeWrapper.dll
0x00007ffb418e0000 - 0x00007ffb4198c000 	C:\WINDOWS\System32\ADVAPI32.dll
0x00007ffb435b0000 - 0x00007ffb4364b000 	C:\WINDOWS\System32\sechost.dll
0x00007ffb42570000 - 0x00007ffb4269a000 	C:\WINDOWS\System32\RPCRT4.dll
0x00007ffb2a190000 - 0x00007ffb2a222000 	D:\360\360Safe\safemon\libzdtp64.dll
0x00007ffb41870000 - 0x00007ffb418c5000 	C:\WINDOWS\System32\SHLWAPI.dll
0x00007ffb40a60000 - 0x00007ffb40a6a000 	C:\WINDOWS\SYSTEM32\VERSION.dll
0x00007ffb0c7d0000 - 0x00007ffb0c86d000 	D:\Android\AndroidStudio\jre\bin\msvcp140.dll
0x00007ffafe390000 - 0x00007ffafee5f000 	D:\Android\AndroidStudio\jre\bin\server\jvm.dll
0x00007ffb418d0000 - 0x00007ffb418d8000 	C:\WINDOWS\System32\PSAPI.DLL
0x00007ffb2a780000 - 0x00007ffb2a7a7000 	C:\WINDOWS\SYSTEM32\WINMM.dll
0x00007ffb1b820000 - 0x00007ffb1b829000 	C:\WINDOWS\SYSTEM32\WSOCK32.dll
0x00007ffb43720000 - 0x00007ffb4378b000 	C:\WINDOWS\System32\WS2_32.dll
0x00007ffb3f6f0000 - 0x00007ffb3f702000 	C:\WINDOWS\SYSTEM32\kernel.appcore.dll
0x00007ffb3a850000 - 0x00007ffb3a861000 	D:\Android\AndroidStudio\jre\bin\verify.dll
0x00007ffb3f300000 - 0x00007ffb3f4e4000 	C:\WINDOWS\SYSTEM32\DBGHELP.DLL
0x00007ffb2b050000 - 0x00007ffb2b07c000 	C:\WINDOWS\SYSTEM32\dbgcore.DLL
0x00007ffb41010000 - 0x00007ffb41092000 	C:\WINDOWS\System32\bcryptPrimitives.dll
0x00007ffb3a820000 - 0x00007ffb3a849000 	D:\Android\AndroidStudio\jre\bin\java.dll
0x00007ffb39b20000 - 0x00007ffb39b2b000 	D:\Android\AndroidStudio\jre\bin\jimage.dll
0x00007ffb39b00000 - 0x00007ffb39b18000 	D:\Android\AndroidStudio\jre\bin\zip.dll
0x00007ffb427d0000 - 0x00007ffb42f14000 	C:\WINDOWS\System32\SHELL32.dll
0x00007ffb3ea90000 - 0x00007ffb3f224000 	C:\WINDOWS\SYSTEM32\windows.storage.dll
0x00007ffb41c90000 - 0x00007ffb41fe5000 	C:\WINDOWS\System32\combase.dll
0x00007ffb408c0000 - 0x00007ffb408ee000 	C:\WINDOWS\SYSTEM32\Wldp.dll
0x00007ffb42120000 - 0x00007ffb421cd000 	C:\WINDOWS\System32\SHCORE.dll
0x00007ffb40e20000 - 0x00007ffb40e3f000 	C:\WINDOWS\SYSTEM32\profapi.dll
0x00007ffb39ae0000 - 0x00007ffb39afa000 	D:\Android\AndroidStudio\jre\bin\net.dll
0x00007ffb2f9e0000 - 0x00007ffb2faec000 	C:\WINDOWS\SYSTEM32\WINHTTP.dll
0x00007ffb40620000 - 0x00007ffb4068a000 	C:\WINDOWS\system32\mswsock.dll
0x00007ffb39ac0000 - 0x00007ffb39ad4000 	D:\Android\AndroidStudio\jre\bin\nio.dll
0x00007ffb22820000 - 0x00007ffb22847000 	C:\Users\14185\.gradle\native\8bec1ad78214c89d9ad589b4d07fe93259594b29d510b10fafb7a158f7737e5d\windows-amd64\native-platform.dll
0x00007ffb03e80000 - 0x00007ffb03fbd000 	C:\Users\14185\.gradle\native\53dbd7edfb1c66fb8903c78663c9afc45aea4f116125fa6feffd364cf09443e8\windows-amd64\native-platform-file-events.dll
0x00007ffb39ab0000 - 0x00007ffb39aba000 	D:\Android\AndroidStudio\jre\bin\management.dll
0x00007ffb39aa0000 - 0x00007ffb39aac000 	D:\Android\AndroidStudio\jre\bin\management_ext.dll
0x00007ffb40810000 - 0x00007ffb40828000 	C:\WINDOWS\SYSTEM32\CRYPTSP.dll
0x00007ffb3ff30000 - 0x00007ffb3ff64000 	C:\WINDOWS\system32\rsaenh.dll
0x00007ffb414d0000 - 0x00007ffb414f7000 	C:\WINDOWS\System32\bcrypt.dll
0x00007ffb40da0000 - 0x00007ffb40dce000 	C:\WINDOWS\SYSTEM32\USERENV.dll
0x00007ffb40830000 - 0x00007ffb4083c000 	C:\WINDOWS\SYSTEM32\CRYPTBASE.dll
0x00007ffb402c0000 - 0x00007ffb402fb000 	C:\WINDOWS\SYSTEM32\IPHLPAPI.DLL
0x00007ffb42110000 - 0x00007ffb42118000 	C:\WINDOWS\System32\NSI.dll
0x00007ffb36be0000 - 0x00007ffb36bf7000 	C:\WINDOWS\SYSTEM32\dhcpcsvc6.DLL
0x00007ffb36dd0000 - 0x00007ffb36ded000 	C:\WINDOWS\SYSTEM32\dhcpcsvc.DLL
0x00007ffb40300000 - 0x00007ffb403cb000 	C:\WINDOWS\SYSTEM32\DNSAPI.dll

dbghelp: loaded successfully - version: 4.0.5 - missing functions: none
symbol engine: initialized successfully - sym options: 0x614 - pdb path: .;D:\Android\AndroidStudio\jre\bin;C:\WINDOWS\SYSTEM32;C:\WINDOWS\WinSxS\amd64_microsoft.windows.common-controls_6595b64144ccf1df_6.0.19041.1110_none_60b5254171f9507e;D:\360\360Safe\safemon;D:\Android\AndroidStudio\jre\bin\server;C:\Users\14185\.gradle\native\8bec1ad78214c89d9ad589b4d07fe93259594b29d510b10fafb7a158f7737e5d\windows-amd64;C:\Users\14185\.gradle\native\53dbd7edfb1c66fb8903c78663c9afc45aea4f116125fa6feffd364cf09443e8\windows-amd64

VM Arguments:
jvm_args: --add-opens=java.base/java.util=ALL-UNNAMED --add-opens=java.base/java.lang=ALL-UNNAMED --add-opens=java.base/java.lang.invoke=ALL-UNNAMED --add-opens=java.base/java.util=ALL-UNNAMED --add-opens=java.prefs/java.util.prefs=ALL-UNNAMED --add-opens=java.prefs/java.util.prefs=ALL-UNNAMED --add-opens=java.base/java.nio.charset=ALL-UNNAMED --add-opens=java.base/java.net=ALL-UNNAMED --add-opens=java.base/java.util.concurrent.atomic=ALL-UNNAMED -Xmx2048m -Dfile.encoding=UTF-8 -Duser.country=CN -Duser.language=zh -Duser.variant 
java_command: org.gradle.launcher.daemon.bootstrap.GradleDaemon 7.0.2
java_class_path (initial): C:\Users\14185\.gradle\wrapper\dists\gradle-7.0.2-bin\857tjihv64xamwrf0h14cai3r\gradle-7.0.2\lib\gradle-launcher-7.0.2.jar
Launcher Type: SUN_STANDARD

[Global flags]
     intx CICompilerCount                          = 4                                         {product} {ergonomic}
     uint ConcGCThreads                            = 2                                         {product} {ergonomic}
     uint G1ConcRefinementThreads                  = 8                                         {product} {ergonomic}
   size_t G1HeapRegionSize                         = 1048576                                   {product} {ergonomic}
    uintx GCDrainStackTargetSize                   = 64                                        {product} {ergonomic}
   size_t InitialHeapSize                          = 266338304                                 {product} {ergonomic}
   size_t MarkStackSize                            = 4194304                                   {product} {ergonomic}
   size_t MaxHeapSize                              = 2147483648                                {product} {command line}
   size_t MaxNewSize                               = 1287651328                                {product} {ergonomic}
   size_t MinHeapDeltaBytes                        = 1048576                                   {product} {ergonomic}
    uintx NonNMethodCodeHeapSize                   = 5836300                                {pd product} {ergonomic}
    uintx NonProfiledCodeHeapSize                  = 122910970                              {pd product} {ergonomic}
    uintx ProfiledCodeHeapSize                     = 122910970                              {pd product} {ergonomic}
    uintx ReservedCodeCacheSize                    = 251658240                              {pd product} {ergonomic}
     bool SegmentedCodeCache                       = true                                      {product} {ergonomic}
     bool UseCompressedClassPointers               = true                                 {lp64_product} {ergonomic}
     bool UseCompressedOops                        = true                                 {lp64_product} {ergonomic}
     bool UseG1GC                                  = true                                      {product} {ergonomic}
     bool UseLargePagesIndividualAllocation        = false                                  {pd product} {ergonomic}

Logging:
Log output configuration:
 #0: stdout all=warning uptime,level,tags
 #1: stderr all=off uptime,level,tags

Environment Variables:
JAVA_HOME=D:\JDK
PATH=C:\Program Files\PlasticSCM5\server;C:\Program Files\PlasticSCM5\client;C:\Program Files\Common Files\Oracle\Java\javapath;C:\windows\system32;C:\windows;C:\windows\System32\Wbem;C:\windows\System32\WindowsPowerShell\v1.0\;C:\windows\System32\OpenSSH\;C:\Program Files (x86)\NVIDIA Corporation\PhysX\Common;C:\WINDOWS\system32;C:\WINDOWS;C:\WINDOWS\System32\Wbem;C:\WINDOWS\System32\WindowsPowerShell\v1.0\;C:\WINDOWS\System32\OpenSSH\;"D:\JDK\bin;";C:\Program Files\Microsoft SQL Server\Client SDK\ODBC\130\Tools\Binn\;C:\Program Files (x86)\Microsoft SQL Server\130\Tools\Binn\;C:\Program Files\Microsoft SQL Server\130\Tools\Binn\;C:\Program Files\Microsoft SQL Server\130\DTS\Binn\;C:\Program Files (x86)\Microsoft SQL Server\150\DTS\Binn\;D:\Microsoft VS Code\bin;C:\Users\14185\AppData\Local\Programs\Python\Python39\;D:\Dev-Cpp\devcpp.exe
USERNAME=14185
OS=Windows_NT
PROCESSOR_IDENTIFIER=Intel64 Family 6 Model 142 Stepping 12, GenuineIntel



---------------  S Y S T E M  ---------------

OS: Windows 10 , 64 bit Build 19041 (10.0.19041.1348)
OS uptime: 0 days 0:02 hours

CPU:total 8 (initial active 8) (4 cores per cpu, 2 threads per core) family 6 model 142 stepping 12 microcode 0xca, cmov, cx8, fxsr, mmx, sse, sse2, sse3, ssse3, sse4.1, sse4.2, popcnt, avx, avx2, aes, clmul, erms, 3dnowpref, lzcnt, ht, tsc, tscinvbit, bmi1, bmi2, adx, fma

Memory: 4k page, system-wide physical 16221M (7640M free)
TotalPageFile size 24925M (AvailPageFile size 15105M)
current process WorkingSet (physical memory assigned to process): 510M, peak: 510M
current process commit charge ("private bytes"): 567M, peak: 567M

vm_info: OpenJDK 64-Bit Server VM (11.0.10+0-b96-7249189) for windows-amd64 JRE (11.0.10+0-b96-7249189), built on Mar 31 2021 21:44:00 by "builder" with MS VC++ 14.0 (VS2015)

END.
